 
                                                                                                                                                                                                                                                                
 
Variable Importance

                                                                                                        Ratio of
                                              Number of                                               Validation
                                              Splitting                            Validation        to Training
Variable Name                 Label             Rules           Importance         Importance         Importance

REP_Age                Replacement: Age           3                 1.0000             1.0000             1.0000
AffluenceGrade                                    6                 0.6471             0.6401             0.9892
REP_Gender             Replacement: Gender        2                 0.5662             0.5536             0.9779
MobileApplications                                3                 0.2524             0.2702             1.0706
NightRepairProducts                               2                 0.1760             0.0579             0.3289
DayCareProducts                                   1                 0.1527             0.1066             0.6984
FacebookLike                                      1                 0.1093             0.1424             1.3029
LotionProducts                                    1                 0.0916             0.0000             0.0000
 
                                                                                                                                                                                                                                                                
 
Tree Leaf Report

                                 Training
Node               Training       Percent     Validation     Validation
 Id     Depth    Observations        1       Observations     Percent 1

  6       2          6692          0.12          6630           0.12   
 17       4           638          0.19           657           0.20   
 23       4           620          0.85           587           0.81   
 28       4           272          0.18           278           0.20   
 64       6           223          0.43           214           0.37   
 59       5           216          0.74           207           0.72   
 66       6           178          0.66           207           0.58   
 31       4           176          0.41           186           0.40   
 42       5           175          0.27           176           0.35   
 65       6           171          0.63           192           0.61   
 45       5           164          0.77           168           0.80   
 37       5           132          0.58           148           0.49   
 20       4            91          0.82           101           0.68   
 36       5            62          0.35            64           0.45   
 58       5            48          0.31            44           0.41   
 67       6            42          0.38            41           0.46   
 19       4            41          0.88            43           0.79   
 32       5            41          0.27            43           0.35   
 33       5            22          0.91            27           0.96   
 29       4            12          0.83             6           0.83   
 
                                                                                               
 
 
Fit Statistics

Target=TargetBuy Target Label=' '

   Fit
Statistics    Statistics Label                 Train    Validation

  _NOBS_      Sum of Frequencies            10016.00     10019.00 
  _MISC_      Misclassification Rate            0.16         0.18 
  _MAX_       Maximum Absolute Error            0.91         0.91 
  _SSE_       Sum of Squared Errors          2591.51      2744.67 
  _ASE_       Average Squared Error             0.13         0.14 
  _RASE_      Root Average Squared Error        0.36         0.37 
  _DIV_       Divisor for ASE               20032.00     20038.00 
  _DFT_       Total Degrees of Freedom      10016.00          .   
 
                                                                                               
 
 
Classification Table

Data Role=TRAIN Target Variable=TargetBuy Target Label=' '

                       Target        Outcome     Frequency       Total
Target    Outcome    Percentage    Percentage      Count      Percentage

  0          0         85.1237       94.7845        7124        71.1262 
  1          0         14.8763       49.8000        1245        12.4301 
  0          1         23.8009        5.2155         392         3.9137 
  1          1         76.1991       50.2000        1255        12.5300 


Data Role=VALIDATE Target Variable=TargetBuy Target Label=' '

                       Target        Outcome     Frequency       Total
Target    Outcome    Percentage    Percentage      Count      Percentage

  0          0         84.4714       93.6411        7039        70.2565 
  1          0         15.5286       51.7186        1294        12.9155 
  0          1         28.3511        6.3589         478         4.7709 
  1          1         71.6489       48.2814        1208        12.0571 
 
                                                                                               
 
 
Event Classification Table

Data Role=TRAIN Target=TargetBuy Target Label=' '

  False       True        False       True
Negative    Negative    Positive    Positive

  1245        7124         392        1255  


Data Role=VALIDATE Target=TargetBuy Target Label=' '

  False       True        False       True
Negative    Negative    Positive    Positive

  1294        7039         478        1208  
 
                                                                                               
 
 
Assessment Score Rankings

Data Role=TRAIN Target Variable=TargetBuy Target Label=' '

                                                                                    Mean
                            Cumulative       %      Cumulative     Number of     Posterior
Depth      Gain     Lift       Lift      Response   % Response   Observations   Probability

   5    242.503   3.42503     3.42503     85.4890     85.4890         501         0.85489  
  10    232.874   3.23246     3.32874     80.6823     83.0857         501         0.80682  
  15    212.006   2.70270     3.12006     67.4596     77.8770         501         0.67460  
  20    181.204   1.88795     2.81204     47.1234     70.1886         501         0.47123  
  25    148.354   1.16691     2.48354     29.1261     61.9892         500         0.29126  
  30    119.720   0.76611     2.19720     19.1223     54.8423         501         0.19122  
  35     97.528   0.64418     1.97528     16.0787     49.3031         501         0.16079  
  40     78.767   0.47476     1.78767     11.8500     44.6203         501         0.11850  
  45     64.176   0.47476     1.64176     11.8500     40.9783         501         0.11850  
  50     52.524   0.47476     1.52524     11.8500     38.0702         500         0.11850  
  55     42.971   0.47476     1.42971     11.8500     35.6856         501         0.11850  
  60     35.010   0.47476     1.35010     11.8500     33.6987         501         0.11850  
  65     28.275   0.47476     1.28275     11.8500     32.0175         501         0.11850  
  70     22.502   0.47476     1.22502     11.8500     30.5765         501         0.11850  
  75     17.508   0.47476     1.17508     11.8500     29.3301         500         0.11850  
  80     13.129   0.47476     1.13129     11.8500     28.2372         501         0.11850  
  85      9.266   0.47476     1.09266     11.8500     27.2729         501         0.11850  
  90      5.832   0.47476     1.05832     11.8500     26.4158         501         0.11850  
  95      2.760   0.47476     1.02760     11.8500     25.6489         501         0.11850  
 100      0.000   0.47476     1.00000     11.8500     24.9601         500         0.11850  


Data Role=VALIDATE Target Variable=TargetBuy Target Label=' '

                                                                                    Mean
                            Cumulative       %      Cumulative     Number of     Posterior
Depth      Gain     Lift       Lift      Response   % Response   Observations   Probability

   5    228.479   3.28479     3.28479     82.0295     82.0295         501         0.85559  
  10    218.803   3.09127     3.18803     77.1970     79.6132         501         0.80193  
  15    196.930   2.53184     2.96930     63.2265     74.1510         501         0.67023  
  20    165.436   1.70956     2.65436     42.6920     66.2862         501         0.48602  
  25    141.914   1.47825     2.41914     36.9157     60.4121         501         0.30868  
  30    115.106   0.81063     2.15106     20.2435     53.7174         501         0.19122  
  35     94.844   0.73272     1.94844     18.2978     48.6574         501         0.16999  
  40     76.604   0.48922     1.76604     12.2172     44.1024         501         0.11850  
  45     62.417   0.48922     1.62417     12.2172     40.5596         501         0.11850  
  50     51.067   0.48922     1.51067     12.2172     37.7254         501         0.11850  
  55     41.781   0.48922     1.41781     12.2172     35.4064         501         0.11850  
  60     34.043   0.48922     1.34043     12.2172     33.4740         501         0.11850  
  65     27.495   0.48922     1.27495     12.2172     31.8389         501         0.11850  
  70     21.883   0.48922     1.21883     12.2172     30.4373         501         0.11850  
  75     17.019   0.48922     1.17019     12.2172     29.2226         501         0.11850  
  80     12.763   0.48922     1.12763     12.2172     28.1598         501         0.11850  
  85      9.008   0.48922     1.09008     12.2172     27.2220         501         0.11850  
  90      5.670   0.48922     1.05670     12.2172     26.3884         501         0.11850  
  95      2.683   0.48922     1.02683     12.2172     25.6425         501         0.11850  
 100      0.000   0.48922     1.00000     12.2172     24.9726         500         0.11850  
 
                                                                                               
 
 
Assessment Score Distribution

Data Role=TRAIN Target Variable=TargetBuy Target Label=' '

 Posterior     Number                     Mean
Probability      of      Number of     Posterior
   Range       Events    Nonevents    Probability    Percentage

 0.90-0.95        20           2        0.90909         0.2196 
 0.85-0.90        36           5        0.87805         0.4093 
 0.80-0.85       612         111        0.84647         7.2185 
 0.75-0.80       126          38        0.76829         1.6374 
 0.70-0.75       160          56        0.74074         2.1565 
 0.65-0.70       117          61        0.65730         1.7772 
 0.60-0.65       107          64        0.62573         1.7073 
 0.55-0.60        77          55        0.58333         1.3179 
 0.40-0.45       169         230        0.42356         3.9836 
 0.35-0.40        38          66        0.36538         1.0383 
 0.30-0.35        15          33        0.31250         0.4792 
 0.25-0.30        58         158        0.26852         2.1565 
 0.15-0.20       172         738        0.18901         9.0855 
 0.10-0.15       793        5899        0.11850        66.8131 


Data Role=VALIDATE Target Variable=TargetBuy Target Label=' '

 Posterior     Number                     Mean
Probability      of      Number of     Posterior
   Range       Events    Nonevents    Probability    Percentage

 0.90-0.95        26           1        0.90909         0.2695 
 0.85-0.90        34           9        0.87805         0.4292 
 0.80-0.85       552         142        0.84610         6.9268 
 0.75-0.80       135          33        0.76829         1.6768 
 0.70-0.75       150          57        0.74074         2.0661 
 0.65-0.70       121          86        0.65730         2.0661 
 0.60-0.65       118          74        0.62573         1.9164 
 0.55-0.60        72          76        0.58333         1.4772 
 0.40-0.45       153         247        0.42318         3.9924 
 0.35-0.40        48          57        0.36504         1.0480 
 0.30-0.35        18          26        0.31250         0.4392 
 0.25-0.30        76         143        0.26852         2.1858 
 0.15-0.20       189         746        0.18902         9.3323 
 0.10-0.15       810        5820        0.11850        66.1743 
