*------------------------------------------------------------*
* Score Log
Date:                May 09, 2018
Time:                11:38:54
*------------------------------------------------------------*
12369  *------------------------------------------------------------*;
12370  * Stat2: Scoring DATA data;
12371  *------------------------------------------------------------*;
12372  data EMWS1.Stat2_TRAIN
12373  / view=EMWS1.Stat2_TRAIN
12374  ;
12375  set EMWS1.Clus_TRAIN
12376  ;
12377  run;

NOTE: DATA STEP view saved on file EMWS1.STAT2_TRAIN.
NOTE: A stored DATA STEP view cannot run under a different operating system.
NOTE: View EMWS1.CLUS_TRAIN.VIEW used (Total process time):
      real time           0.25 seconds
      cpu time            0.23 seconds
      
NOTE: DATA statement used (Total process time):
      real time           0.25 seconds
      cpu time            0.23 seconds
      

12378  quit;

12379  *------------------------------------------------------------*;
12380  * Stat2: Computing metadata for TRAIN data;
12381  *------------------------------------------------------------*;

NOTE: View EMWS1.STAT2_TRAIN.VIEW used (Total process time):
      real time           0.25 seconds
      cpu time            0.24 seconds
      
NOTE: View EMWS1.STAT2_TRAIN.VIEW used (Total process time):
      real time           0.28 seconds
      cpu time            0.28 seconds
      
