*------------------------------------------------------------*
* Training Log
Date:                May 09, 2018
Time:                11:38:43
*------------------------------------------------------------*
11406  proc freq data=EMWS1.Stat2_VariableSet noprint;
11407  table ROLE*LEVEL/out=WORK.Stat2META;
11408  run;

NOTE: There were 30 observations read from the data set EMWS1.STAT2_VARIABLESET.
NOTE: The data set WORK.STAT2META has 8 observations and 4 variables.
NOTE: PROCEDURE FREQ used (Total process time):
      real time           0.06 seconds
      cpu time            0.06 seconds
      

11409  proc print data=WORK.Stat2META label noobs;
11410  var ROLE LEVEL COUNT;
11411  label ROLE = "%sysfunc(sasmsg(sashelp.dmine, meta_role_vlabel, NOQUOTE))" LEVEL = "%sysfunc(sasmsg(sashelp.dmine, meta_level_vlabel, NOQUOTE))" COUNT = "%sysfunc(sasmsg(sashelp.dmine, rpt_count_vlabel, NOQUOTE))";
11412  title9 ' ';
11413  title10 "%sysfunc(sasmsg(sashelp.dmine, rpt_varSummary_title  , NOQUOTE))";
11414  run;

NOTE: There were 8 observations read from the data set WORK.STAT2META.
NOTE: The PROCEDURE PRINT printed page 1.
NOTE: PROCEDURE PRINT used (Total process time):
      real time           0.04 seconds
      cpu time            0.04 seconds
      

11415  title10;

11416  data WORK.M2WEXEZP;
11417  set WORK.M2WEXEZP;
11418  where((role in('TARGET' 'FREQ' 'INPUT') and use in('D','Y')) or (role = 'REJECTED' and use = 'Y'));
11419  if ROLE = 'REJECTED' then role = 'INPUT';
11420  run;

NOTE: There were 19 observations read from the data set WORK.M2WEXEZP.
      WHERE (role in ('FREQ', 'INPUT', 'TARGET') and use in ('D', 'Y')) or ((role='REJECTED') and (use='Y'));
NOTE: The data set WORK.M2WEXEZP has 19 observations and 21 variables.
NOTE: DATA statement used (Total process time):
      real time           0.01 seconds
      cpu time            0.01 seconds
      

11421  *------------------------------------------------------------*;
11422  * Stat2: Determining Analysis Variables;
11423  *------------------------------------------------------------*;
11424  *------------------------------------------------------------*;
11425  * Stat2: Creating Macros for Variable Selection;
11426  *------------------------------------------------------------*;
11427  *------------------------------------------------------------* ;
11428  * Stat2: Interval Input Variables Macro ;
11429  *------------------------------------------------------------* ;
11430  %macro INTINPUTS;
11431      AffluenceGrade CleanserProducts DayCareProducts LotionProducts
11432     NightRepairProducts REP_Age REP_LoyaltyTime TimeSinceLastPurchase TotalSpend
11433  %mend INTINPUTS;
11434  *------------------------------------------------------------*;
11435  * Stat2: Creating Macros for Variable Selection;
11436  *------------------------------------------------------------*;
11437  *------------------------------------------------------------* ;
11438  * Stat2: Binary and Nominal Input Variables Macro ;
11439  *------------------------------------------------------------* ;
11440  %macro NOMINPUTS;
11441      CampaignViewedEmail FacebookLike LoyaltyClass MobileApplications
11442     PreviousCampaign REP_AdvertisementZone REP_ClusterGroup REP_Gender REP_Region
11443  %mend NOMINPUTS;
11444  *------------------------------------------------------------*;
11445  * Stat2: Creating Macros for Variable Selection;
11446  *------------------------------------------------------------*;
11447  *------------------------------------------------------------* ;
11448  * Stat2: Ordinal Input Variables Macro ;
11449  *------------------------------------------------------------* ;
11450  %macro ORDINPUTS;
11451  
11452  %mend ORDINPUTS;
11453  data work.EM_Stat2_tree / view=work.EM_Stat2_tree;
11454  set EMWS1.Clus_TRAIN(obs=100000 keep=%INTINPUTS %ORDINPUTS %NOMINPUTS TargetBuy);
11455  run;

NOTE: DATA STEP view saved on file WORK.EM_STAT2_TREE.
NOTE: A stored DATA STEP view cannot run under a different operating system.
NOTE: View EMWS1.CLUS_TRAIN.VIEW used (Total process time):
      real time           0.23 seconds
      cpu time            0.21 seconds
      
NOTE: DATA statement used (Total process time):
      real time           0.28 seconds
      cpu time            0.26 seconds
      

11456  proc arbor data=EMWS1.Clus_TRAIN(obs=100000 keep=%INTINPUTS %ORDINPUTS %NOMINPUTS TargetBuy) Criterion=GINI Leafsize=5 Mincatsize = 5 Maxbranch=5 Maxdepth=1 Padjust= NONE NORULELIMIT MAXRULES=18 MAXSURRS=0 Missing=USEINSEARCH Exhaustive=5000;
WARNING: PADJUST and PVAR options are ignored with this splitting criterion.
11457  input %INTINPUTS / level = interval;
11458  input %NOMINPUTS / level=nominal;
11459  target TargetBuy / level=BINARY;
11460  Performance Disk NodeSize=10000;
11461  Assess NoValidata measure=MISC;
NOTE: 1443237 kilobytes of physical memory.
NOTE: Will use 20035 out of 20035 training cases.
NOTE: Using memory pool with 265019392 bytes.
NOTE: Passed training data 2 times.
NOTE: Training used 4737784 bytes of work memory.
NOTE: The subtree sequence contains 2 subtrees. The largest has 6 nodes and 5 leaves.
NOTE: Using subtree with 6 nodes and 5 leaves.
11462  SUBTREE BEST;
NOTE: Using subtree with 6 nodes and 5 leaves.
11463  save RULES=WORK.Stat2_RULE;
NOTE: The data set WORK.STAT2_RULE has 154 observations and 6 variables.
11464  run;

11465  quit;

NOTE: There were 23000 observations read from the data set SUPERMKT.SUPERMARKETCAMPAIGN.
NOTE: There were 23000 observations read from the data set EMWS1.IDS2_DATA.
NOTE: There were 23000 observations read from the data set EMWS1.REPL_TRAIN.
NOTE: View EMWS1.CLUS_TRAIN.VIEW used (Total process time):
      real time           0.89 seconds
      cpu time            0.84 seconds
      
NOTE: There were 20035 observations read from the data set EMWS1.FILTER_TRAIN.
NOTE: There were 20035 observations read from the data set EMWS1.CLUS_TRAIN.
NOTE: PROCEDURE ARBOR used (Total process time):
      real time           0.93 seconds
      cpu time            0.89 seconds
      

11466  data WORK.Stat2_RULE(keep=Target Name Rank Numeric_Value StatVar rename=(numeric_value=Worth));
11467  label Target = "%sysfunc(sasmsg(sashelp.dmine, rpt_target_vlabel,      NOQUOTE))" Name = "%sysfunc(sasmsg(sashelp.dmine, rpt_variable_vlabel,    NOQUOTE))" Rank = "%sysfunc(sasmsg(sashelp.dmine, rpt_importance_vlabel,  NOQUOTE))" Numeric_Value =
11468     "%sysfunc(sasmsg(sashelp.dmine, rpt_worth_vlabel,       NOQUOTE))" StatVar = "%sysfunc(sasmsg(sashelp.dmine, rpt_analysisVar_vlabel, NOQUOTE))";
11469  length Target $32 Name $32;
11470  retain TARGET "TargetBuy" Name;
11471  format STATVAR 6.0;
11472  set WORK.Stat2_RULE;
11473  where stat in('VARIABLE','WORTH');
11474  if stat = 'VARIABLE' then Name = character_value;
11475  else do;
11476  if _N_<= 2*1000 then STATVAR=1;
11477  else STATVAR=0;
11478  output;
11479  end;
11480  run;

NOTE: There were 36 observations read from the data set WORK.STAT2_RULE.
      WHERE stat in ('VARIABLE', 'WORTH');
NOTE: The data set WORK.STAT2_RULE has 18 observations and 5 variables.
NOTE: DATA statement used (Total process time):
      real time           0.04 seconds
      cpu time            0.03 seconds
      

11481  proc append base=EMWS1.Stat2_WORTH data=WORK.Stat2_RULE force;
11482  run;

NOTE: Appending WORK.STAT2_RULE to EMWS1.STAT2_WORTH.
NOTE: BASE data set does not exist. DATA file is being copied to BASE file.
NOTE: There were 18 observations read from the data set WORK.STAT2_RULE.
NOTE: The data set EMWS1.STAT2_WORTH has 18 observations and 5 variables.
NOTE: PROCEDURE APPEND used (Total process time):
      real time           0.01 seconds
      cpu time            0.01 seconds
      

11483  *------------------------------------------------------------*;
11484  * Stat2: Counting Levels;
11485  *------------------------------------------------------------*;
11486  proc sql;
11487  create view WORK.Stat2_distinct as select distinct No from EMWS1.Clus_TRAIN(obs=100000);
NOTE: SQL view WORK.STAT2_DISTINCT has been defined.
11488  quit;
NOTE: PROCEDURE SQL used (Total process time):
      real time           0.01 seconds
      cpu time            0.01 seconds
      

11489  proc sql;
11490  reset noprint;
11491  select count(*) into :_tmpcount from WORK.Stat2_distinct;
NOTE: There were 23000 observations read from the data set SUPERMKT.SUPERMARKETCAMPAIGN.
NOTE: There were 23000 observations read from the data set EMWS1.IDS2_DATA.
NOTE: There were 23000 observations read from the data set EMWS1.REPL_TRAIN.
NOTE: View EMWS1.CLUS_TRAIN.VIEW used (Total process time):
      real time           0.32 seconds
      cpu time            0.32 seconds
      
NOTE: There were 20035 observations read from the data set EMWS1.FILTER_TRAIN.
11492  quit;
NOTE: PROCEDURE SQL used (Total process time):
      real time           0.37 seconds
      cpu time            0.37 seconds
      

11493  proc sql;
11494  create view WORK.Stat2_distinct as select distinct TargetBuy from EMWS1.Clus_TRAIN(obs=100000);
NOTE: SQL view WORK.STAT2_DISTINCT has been defined.
11495  quit;
NOTE: PROCEDURE SQL used (Total process time):
      real time           0.00 seconds
      cpu time            0.00 seconds
      

11496  proc sql;
11497  reset noprint;
11498  select count(*) into :_tmpcount from WORK.Stat2_distinct;
NOTE: There were 23000 observations read from the data set SUPERMKT.SUPERMARKETCAMPAIGN.
NOTE: There were 23000 observations read from the data set EMWS1.IDS2_DATA.
NOTE: There were 23000 observations read from the data set EMWS1.REPL_TRAIN.
NOTE: View EMWS1.CLUS_TRAIN.VIEW used (Total process time):
      real time           0.36 seconds
      cpu time            0.34 seconds
      
NOTE: There were 20035 observations read from the data set EMWS1.FILTER_TRAIN.
11499  quit;
NOTE: PROCEDURE SQL used (Total process time):
      real time           0.37 seconds
      cpu time            0.35 seconds
      

11500  proc sql;
11501  create view WORK.Stat2_distinct as select distinct _SEGMENT_ from EMWS1.Clus_TRAIN(obs=100000);
NOTE: SQL view WORK.STAT2_DISTINCT has been defined.
11502  quit;
NOTE: PROCEDURE SQL used (Total process time):
      real time           0.00 seconds
      cpu time            0.00 seconds
      

11503  proc sql;
11504  reset noprint;
11505  select count(*) into :_tmpcount from WORK.Stat2_distinct;
NOTE: There were 23000 observations read from the data set SUPERMKT.SUPERMARKETCAMPAIGN.
NOTE: There were 23000 observations read from the data set EMWS1.IDS2_DATA.
NOTE: There were 23000 observations read from the data set EMWS1.REPL_TRAIN.
NOTE: View EMWS1.CLUS_TRAIN.VIEW used (Total process time):
      real time           0.34 seconds
      cpu time            0.34 seconds
      
NOTE: There were 20035 observations read from the data set EMWS1.FILTER_TRAIN.
11506  quit;
NOTE: PROCEDURE SQL used (Total process time):
      real time           0.37 seconds
      cpu time            0.37 seconds
      

11507  proc sort data=WORK.Stat2_count NOTHREADS;
11508  by NAME ROLE DATA;
11509  run;

NOTE: There were 3 observations read from the data set WORK.STAT2_COUNT.
NOTE: The data set WORK.STAT2_COUNT has 3 observations and 4 variables.
NOTE: PROCEDURE SORT used (Total process time):
      real time           0.01 seconds
      cpu time            0.01 seconds
      

11510  proc print data=WORK.Stat2_count(obs=500) label noobs;
11511  label NAME = "%sysfunc(sasmsg(sashelp.dmine, rpt_variable_vlabel,    NOQUOTE))" COUNT = "%sysfunc(sasmsg(sashelp.dmine, rpt_count_vlabel,       NOQUOTE))" ROLE = "%sysfunc(sasmsg(sashelp.dmine, meta_role_vlabel,       NOQUOTE))";
11512  var NAME ROLE COUNT;
11513  title9 "%sysfunc(sasmsg(sashelp.dmine, rpt_varLevels_title, NOQUOTE))";
11514  title10 "%sysfunc(sasmsg(sashelp.dmine, rpt_maxObsPrinted_title, NOQUOTE))";
11515  run;

NOTE: There were 3 observations read from the data set WORK.STAT2_COUNT.
NOTE: The PROCEDURE PRINT printed page 2.
NOTE: PROCEDURE PRINT used (Total process time):
      real time           0.03 seconds
      cpu time            0.03 seconds
      

11516  title9;
11517  title10;

11518  proc sort data=EMWS1.Stat2_WORTH nodupkey out=WORK.Stat2_SELVAR(keep=Name StatVar);
11519  by NAME;
11520  where statvar=1;
11521  run;

NOTE: There were 18 observations read from the data set EMWS1.STAT2_WORTH.
      WHERE statvar=1;
NOTE: 0 observations with duplicate key values were deleted.
NOTE: The data set WORK.STAT2_SELVAR has 18 observations and 2 variables.
NOTE: PROCEDURE SORT used (Total process time):
      real time           0.00 seconds
      cpu time            0.00 seconds
      

11522  proc sort data=EMWS1.Stat2_WORTH;
11523  by Rank;
11524  where statvar=1;
11525  run;

NOTE: There were 18 observations read from the data set EMWS1.STAT2_WORTH.
      WHERE statvar=1;
NOTE: The data set EMWS1.STAT2_WORTH has 18 observations and 5 variables.
NOTE: PROCEDURE SORT used (Total process time):
      real time           0.01 seconds
      cpu time            0.01 seconds
      

11526  proc sort data=WORK.M24GLEPW;
11527  by name;
11528  run;

NOTE: There were 30 observations read from the data set WORK.M24GLEPW.
NOTE: The data set WORK.M24GLEPW has 30 observations and 21 variables.
NOTE: PROCEDURE SORT used (Total process time):
      real time           0.01 seconds
      cpu time            0.01 seconds
      

11529  data WORK.Stat2_analysisMeta;
11530  merge WORK.M24GLEPW WORK.Stat2_SELVAR(in=_a);
11531  by name;
11532  if _a then STATVAR = 1;
11533  else if ROLE in('INPUT', 'REJECTED') and REPORT ne 'Y' then delete;
11534  if REPORT eq 'Y' then STATVAR = 1;
11535  run;

NOTE: There were 30 observations read from the data set WORK.M24GLEPW.
NOTE: There were 18 observations read from the data set WORK.STAT2_SELVAR.
NOTE: The data set WORK.STAT2_ANALYSISMETA has 21 observations and 22 variables.
NOTE: DATA statement used (Total process time):
      real time           0.01 seconds
      cpu time            0.01 seconds
      

11536  data WORK.M197XFOW;
11537  set WORK.M197XFOW;
11538  where(use = 'Y' or Report='Y' or (role in('TARGET' 'FREQ' 'PREDICT' 'RESIDUAL' 'INPUT') and use = 'D'));
11539  if ROLE = 'SEGMENT' then delete;
11540  else if ROLE ^in('FREQ','TARGET') then role = 'INPUT';
11541  run;

NOTE: There were 19 observations read from the data set WORK.M197XFOW.
      WHERE (use='Y') or (Report='Y') or (role in ('FREQ', 'INPUT', 'PREDICT', 'RESIDUAL', 'TARGET') and (use='D'));
NOTE: The data set WORK.M197XFOW has 19 observations and 22 variables.
NOTE: DATA statement used (Total process time):
      real time           0.03 seconds
      cpu time            0.03 seconds
      

11542  data WORK.M27XFIP3;
11543  set WORK.M27XFIP3;
11544  where(use = 'Y' or Report='Y' or (role in('SEGMENT', 'TARGET' 'FREQ' 'PREDICT' 'RESIDUAL' 'INPUT') and use = 'D'));
11545  if ROLE ne 'FREQ' then role = 'INPUT';
11546  run;

NOTE: There were 20 observations read from the data set WORK.M27XFIP3.
      WHERE (use='Y') or (Report='Y') or (role in ('FREQ', 'INPUT', 'PREDICT', 'RESIDUAL', 'SEGMENT', 'TARGET') and (use='D'));
NOTE: The data set WORK.M27XFIP3 has 20 observations and 22 variables.
NOTE: DATA statement used (Total process time):
      real time           0.01 seconds
      cpu time            0.01 seconds
      

11547  *------------------------------------------------------------*;
11548  * Stat2: Computing Statistics for Interval Variables;
11549  *------------------------------------------------------------*;
11550  proc dmdb data=EMWS1.Clus_TRAIN(obs=100000) nonorm maxlevel=513
11551  varout=work._DMDBVAR(RENAME=(NAME=VARIABLE))
11552  classout=WORK.Stat2CLASS(drop=NMISSPERCENT rename=(NAME=VARIABLE FREQUENCY=COUNT FREQPERCENT=PERCENT))
11553  ;
11554  var
11555  AffluenceGrade CleanserProducts DayCareProducts LotionProducts
11556  NightRepairProducts REP_Age REP_LoyaltyTime TimeSinceLastPurchase TotalSpend
11557  ;
11558  class
11559  CampaignViewedEmail FacebookLike LoyaltyClass MobileApplications
11560  PreviousCampaign REP_AdvertisementZone REP_ClusterGroup REP_Gender REP_Region
11561  TargetBuy _SEGMENT_
11562  ;
11563  ;
11564  run;

NOTE: Records processed = 20035   Memory used = 511K.
NOTE: There were 23000 observations read from the data set SUPERMKT.SUPERMARKETCAMPAIGN.
NOTE: There were 23000 observations read from the data set EMWS1.IDS2_DATA.
NOTE: There were 23000 observations read from the data set EMWS1.REPL_TRAIN.
NOTE: View EMWS1.CLUS_TRAIN.VIEW used (Total process time):
      real time           0.37 seconds
      cpu time            0.37 seconds
      
NOTE: There were 20035 observations read from the data set EMWS1.FILTER_TRAIN.
NOTE: There were 20035 observations read from the data set EMWS1.CLUS_TRAIN.
NOTE: The data set WORK._DMDBVAR has 9 observations and 9 variables.
NOTE: The data set WORK.STAT2CLASS has 49 observations and 8 variables.
NOTE: PROCEDURE DMDB used (Total process time):
      real time           0.40 seconds
      cpu time            0.40 seconds
      

11565  proc stdize data = EMWS1.Clus_TRAIN(obs=100000) out=_null_ outstat=work._STDIZE add=0 fuzz=1E-14 initial=MAD vardef=df method=STD mult=1 pctlmtd=ORD_STAT pctldef=2 pctlpts=(0 5 50 95 100);
11566  var
11567  AffluenceGrade CleanserProducts DayCareProducts LotionProducts
11568  NightRepairProducts REP_Age REP_LoyaltyTime TimeSinceLastPurchase TotalSpend
11569  ;
11570  run;

NOTE: INITIAL= will be ignored.
NOTE: There were 23000 observations read from the data set SUPERMKT.SUPERMARKETCAMPAIGN.
NOTE: There were 23000 observations read from the data set EMWS1.IDS2_DATA.
NOTE: There were 23000 observations read from the data set EMWS1.REPL_TRAIN.
NOTE: View EMWS1.CLUS_TRAIN.VIEW used (Total process time):
      real time           0.46 seconds
      cpu time            0.42 seconds
      
NOTE: There were 20035 observations read from the data set EMWS1.FILTER_TRAIN.
NOTE: There were 20035 observations read from the data set EMWS1.CLUS_TRAIN.
NOTE: The data set WORK._STDIZE has 13 observations and 10 variables.
NOTE: PROCEDURE STDIZE used (Total process time):
      real time           0.48 seconds
      cpu time            0.43 seconds
      

11571  proc transpose data=work._STDIZE out=work._TRANSSTDIZE(drop=_LABEL_ rename=(_NAME_=VARIABLE));
11572  id _type_;
11573  where _TYPE_='P50';
11574  run;

NOTE: There were 1 observations read from the data set WORK._STDIZE.
      WHERE _TYPE_='P50';
NOTE: The data set WORK._TRANSSTDIZE has 9 observations and 2 variables.
NOTE: PROCEDURE TRANSPOSE used (Total process time):
      real time           0.03 seconds
      cpu time            0.03 seconds
      

11575  proc sort data=work._TRANSSTDIZE;
11576  by VARIABLE;
11577  run;

NOTE: There were 9 observations read from the data set WORK._TRANSSTDIZE.
NOTE: The data set WORK._TRANSSTDIZE has 9 observations and 2 variables.
NOTE: PROCEDURE SORT used (Total process time):
      real time           0.01 seconds
      cpu time            0.01 seconds
      

11578  proc sort data=work._DMDBVAR;
11579  by VARIABLE;
11580  run;

NOTE: There were 9 observations read from the data set WORK._DMDBVAR.
NOTE: The data set WORK._DMDBVAR has 9 observations and 9 variables.
NOTE: PROCEDURE SORT used (Total process time):
      real time           0.00 seconds
      cpu time            0.00 seconds
      

11581  data WORK.Stat2INTERVAL;
11582  merge work._TRANSSTDIZE work._DMDBVAR;
11583  format N NMISS 8. MIN MAX P50 MEAN STD SKEWNESS KURTOSIS BEST8.3;
11584  by VARIABLE;
11585  run;

WARNING: Multiple lengths were specified for the BY variable VARIABLE by input data sets. This might cause unexpected results.
NOTE: There were 9 observations read from the data set WORK._TRANSSTDIZE.
NOTE: There were 9 observations read from the data set WORK._DMDBVAR.
NOTE: The data set WORK.STAT2INTERVAL has 9 observations and 10 variables.
NOTE: DATA statement used (Total process time):
      real time           0.00 seconds
      cpu time            0.00 seconds
      

11586  proc sort data=WORK.Stat2CLASS;
11587  by Variable Level;
11588  run;

NOTE: There were 49 observations read from the data set WORK.STAT2CLASS.
NOTE: The data set WORK.STAT2CLASS has 49 observations and 8 variables.
NOTE: PROCEDURE SORT used (Total process time):
      real time           0.00 seconds
      cpu time            0.00 seconds
      

NOTE: There were 13 observations read from the data set WORK._STDIZE.
NOTE: The data set EMWS1.STAT2_TRAINPCTLS has 13 observations and 10 variables.
11589  data colorindex;
11590  retain LevelIndex 0;
11591  set WORK.Stat2CLASS(keep=Variable Level);
11592  by variable level;
11593  if first.variable then LevelIndex = 0;
11594  if first.level then LevelIndex + 1;
11595  run;

NOTE: There were 49 observations read from the data set WORK.STAT2CLASS.
NOTE: The data set WORK.COLORINDEX has 49 observations and 3 variables.
NOTE: DATA statement used (Total process time):
      real time           0.01 seconds
      cpu time            0.01 seconds
      

11596  data WORK.Stat2CLASS;
11597  merge WORK.Stat2CLASS(in=_a) colorindex;
11598  by variable level;
11599  if _a then output;
11600  run;

NOTE: There were 49 observations read from the data set WORK.STAT2CLASS.
NOTE: There were 49 observations read from the data set WORK.COLORINDEX.
NOTE: The data set WORK.STAT2CLASS has 49 observations and 9 variables.
NOTE: DATA statement used (Total process time):
      real time           0.01 seconds
      cpu time            0.01 seconds
      

11601  data WORK.Stat2INTERVAL;
11602  length DATAROLE $20;
11603  retain DATAROLE "TRAIN";
11604  length Target $32 TargetValue $32;
11605  label Target = "%sysfunc(sasmsg(sashelp.dmine, rpt_target_vlabel, NOQUOTE))" TargetValue = "%sysfunc(sasmsg(sashelp.dmine, rpt_targetlevel_vlabel, NOQUOTE))";
11606  retain Target '_OVERALL_';
11607  set WORK.Stat2INTERVAL;
11608  run;

NOTE: Variable TargetValue is uninitialized.
NOTE: There were 9 observations read from the data set WORK.STAT2INTERVAL.
NOTE: The data set WORK.STAT2INTERVAL has 9 observations and 13 variables.
NOTE: DATA statement used (Total process time):
      real time           0.01 seconds
      cpu time            0.01 seconds
      

11609  proc append base=EMWS1.Stat2_INTERVAL data=WORK.Stat2INTERVAL force;
11610  run;

NOTE: Appending WORK.STAT2INTERVAL to EMWS1.STAT2_INTERVAL.
NOTE: BASE data set does not exist. DATA file is being copied to BASE file.
NOTE: There were 9 observations read from the data set WORK.STAT2INTERVAL.
NOTE: The data set EMWS1.STAT2_INTERVAL has 9 observations and 13 variables.
NOTE: PROCEDURE APPEND used (Total process time):
      real time           0.00 seconds
      cpu time            0.00 seconds
      

11611  data WORK.Stat2CLASS;
11612  length DATAROLE $20;
11613  retain DATAROLE "TRAIN";
11614  length Target $32 TargetValue $32;
11615  label Target = "%sysfunc(sasmsg(sashelp.dmine, rpt_target_vlabel, NOQUOTE))" TargetValue = "%sysfunc(sasmsg(sashelp.dmine, rpt_targetlevel_vlabel, NOQUOTE))";
11616  retain Target '_OVERALL_';
11617  set WORK.Stat2CLASS;
11618  run;

NOTE: Variable TargetValue is uninitialized.
NOTE: There were 49 observations read from the data set WORK.STAT2CLASS.
NOTE: The data set WORK.STAT2CLASS has 49 observations and 12 variables.
NOTE: DATA statement used (Total process time):
      real time           0.01 seconds
      cpu time            0.01 seconds
      

11619  proc append base=EMWS1.Stat2_CLASS data=WORK.Stat2CLASS force;
11620  run;

NOTE: Appending WORK.STAT2CLASS to EMWS1.STAT2_CLASS.
NOTE: BASE data set does not exist. DATA file is being copied to BASE file.
NOTE: There were 49 observations read from the data set WORK.STAT2CLASS.
NOTE: The data set EMWS1.STAT2_CLASS has 49 observations and 12 variables.
NOTE: PROCEDURE APPEND used (Total process time):
      real time           0.01 seconds
      cpu time            0.01 seconds
      

11621  data WORK.M0XYP0JF;
11622  set WORK.M0XYP0JF;
11623  where(use = 'Y' or Report='Y' or (role in('TARGET' 'FREQ' 'PREDICT' 'RESIDUAL' 'INPUT') and use = 'D'));
11624  if ROLE = 'SEGMENT' or (ROLE = 'TARGET' and LEVEL ne 'INTERVAL') then delete;
11625  else if ROLE ne 'FREQ' then role = 'INPUT';
11626  run;

NOTE: There were 19 observations read from the data set WORK.M0XYP0JF.
      WHERE (use='Y') or (Report='Y') or (role in ('FREQ', 'INPUT', 'PREDICT', 'RESIDUAL', 'TARGET') and (use='D'));
NOTE: The data set WORK.M0XYP0JF has 18 observations and 22 variables.
NOTE: DATA statement used (Total process time):
      real time           0.03 seconds
      cpu time            0.03 seconds
      

11627  proc freq data=EMWS1.Clus_TRAIN noprint;
11628  table
11629  TargetBuy / out=EMWS1.Stat2_BYVAR(drop=COUNT PERCENT) missing;
11630  run;

NOTE: There were 23000 observations read from the data set SUPERMKT.SUPERMARKETCAMPAIGN.
NOTE: There were 23000 observations read from the data set EMWS1.IDS2_DATA.
NOTE: There were 23000 observations read from the data set EMWS1.REPL_TRAIN.
NOTE: View EMWS1.CLUS_TRAIN.VIEW used (Total process time):
      real time           0.35 seconds
      cpu time            0.34 seconds
      
NOTE: There were 20035 observations read from the data set EMWS1.FILTER_TRAIN.
NOTE: There were 20035 observations read from the data set EMWS1.CLUS_TRAIN.
NOTE: The data set EMWS1.STAT2_BYVAR has 2 observations and 1 variables.
NOTE: PROCEDURE FREQ used (Total process time):
      real time           0.39 seconds
      cpu time            0.36 seconds
      

11631  data WORK.STATEXPLORE_DATA / view=WORK.STATEXPLORE_DATA;
11632  set EMWS1.Clus_TRAIN;
11633  where left(trim(put(TargetBuy,BEST12.))) ="0";
11634  run;

NOTE: DATA STEP view saved on file WORK.STATEXPLORE_DATA.
NOTE: A stored DATA STEP view cannot run under a different operating system.
NOTE: View EMWS1.CLUS_TRAIN.VIEW used (Total process time):
      real time           0.26 seconds
      cpu time            0.25 seconds
      
NOTE: DATA statement used (Total process time):
      real time           0.29 seconds
      cpu time            0.28 seconds
      

11635  *------------------------------------------------------------*;
11636  * Stat2: Computing Statistics for Interval Variables;
11637  *------------------------------------------------------------*;
11638  proc dmdb data=WORK.STATEXPLORE_DATA(obs=100000) nonorm maxlevel=513
11639  varout=work._DMDBVAR(RENAME=(NAME=VARIABLE))
11640  classout=WORK.Stat2CLASS(drop=NMISSPERCENT rename=(NAME=VARIABLE FREQUENCY=COUNT FREQPERCENT=PERCENT))
11641  ;
11642  var
11643  AffluenceGrade CleanserProducts DayCareProducts LotionProducts
11644  NightRepairProducts REP_Age REP_LoyaltyTime TimeSinceLastPurchase TotalSpend
11645  ;
11646  class
11647  CampaignViewedEmail FacebookLike LoyaltyClass MobileApplications
11648  PreviousCampaign REP_AdvertisementZone REP_ClusterGroup REP_Gender REP_Region
11649  ;
11650  ;
11651  run;

NOTE: Records processed = 15033   Memory used = 511K.
NOTE: There were 23000 observations read from the data set SUPERMKT.SUPERMARKETCAMPAIGN.
NOTE: There were 23000 observations read from the data set EMWS1.IDS2_DATA.
NOTE: There were 23000 observations read from the data set EMWS1.REPL_TRAIN.
NOTE: There were 20035 observations read from the data set EMWS1.FILTER_TRAIN.
NOTE: View WORK.STATEXPLORE_DATA.VIEW used (Total process time):
      real time           0.43 seconds
      cpu time            0.42 seconds
      
NOTE: There were 15033 observations read from the data set EMWS1.CLUS_TRAIN.
      WHERE LEFT(TRIM(PUT(TargetBuy, BEST12.)))='0';
NOTE: There were 15033 observations read from the data set WORK.STATEXPLORE_DATA.
NOTE: The data set WORK._DMDBVAR has 9 observations and 9 variables.
NOTE: The data set WORK.STAT2CLASS has 42 observations and 8 variables.
NOTE: PROCEDURE DMDB used (Total process time):
      real time           0.46 seconds
      cpu time            0.45 seconds
      

11652  proc stdize data = WORK.STATEXPLORE_DATA(obs=100000) out=_null_ outstat=work._STDIZE add=0 fuzz=1E-14 initial=MAD vardef=df method=STD mult=1 pctlmtd=ORD_STAT pctldef=2 pctlpts=(0 5 50 95 100);
11653  var
11654  AffluenceGrade CleanserProducts DayCareProducts LotionProducts
11655  NightRepairProducts REP_Age REP_LoyaltyTime TimeSinceLastPurchase TotalSpend
11656  ;
11657  run;

NOTE: INITIAL= will be ignored.
NOTE: There were 23000 observations read from the data set SUPERMKT.SUPERMARKETCAMPAIGN.
NOTE: There were 23000 observations read from the data set EMWS1.IDS2_DATA.
NOTE: There were 23000 observations read from the data set EMWS1.REPL_TRAIN.
NOTE: There were 20035 observations read from the data set EMWS1.FILTER_TRAIN.
NOTE: View WORK.STATEXPLORE_DATA.VIEW used (Total process time):
      real time           0.51 seconds
      cpu time            0.51 seconds
      
NOTE: There were 15033 observations read from the data set EMWS1.CLUS_TRAIN.
      WHERE LEFT(TRIM(PUT(TargetBuy, BEST12.)))='0';
NOTE: There were 15033 observations read from the data set WORK.STATEXPLORE_DATA.
NOTE: The data set WORK._STDIZE has 13 observations and 10 variables.
NOTE: PROCEDURE STDIZE used (Total process time):
      real time           0.54 seconds
      cpu time            0.53 seconds
      

11658  proc transpose data=work._STDIZE out=work._TRANSSTDIZE(drop=_LABEL_ rename=(_NAME_=VARIABLE));
11659  id _type_;
11660  where _TYPE_='P50';
11661  run;

NOTE: There were 1 observations read from the data set WORK._STDIZE.
      WHERE _TYPE_='P50';
NOTE: The data set WORK._TRANSSTDIZE has 9 observations and 2 variables.
NOTE: PROCEDURE TRANSPOSE used (Total process time):
      real time           0.01 seconds
      cpu time            0.01 seconds
      

11662  proc sort data=work._TRANSSTDIZE;
11663  by VARIABLE;
11664  run;

NOTE: There were 9 observations read from the data set WORK._TRANSSTDIZE.
NOTE: The data set WORK._TRANSSTDIZE has 9 observations and 2 variables.
NOTE: PROCEDURE SORT used (Total process time):
      real time           0.01 seconds
      cpu time            0.01 seconds
      

11665  proc sort data=work._DMDBVAR;
11666  by VARIABLE;
11667  run;

NOTE: There were 9 observations read from the data set WORK._DMDBVAR.
NOTE: The data set WORK._DMDBVAR has 9 observations and 9 variables.
NOTE: PROCEDURE SORT used (Total process time):
      real time           0.01 seconds
      cpu time            0.00 seconds
      

11668  data WORK.Stat2INTERVAL;
11669  merge work._TRANSSTDIZE work._DMDBVAR;
11670  format N NMISS 8. MIN MAX P50 MEAN STD SKEWNESS KURTOSIS BEST8.3;
11671  by VARIABLE;
11672  run;

WARNING: Multiple lengths were specified for the BY variable VARIABLE by input data sets. This might cause unexpected results.
NOTE: There were 9 observations read from the data set WORK._TRANSSTDIZE.
NOTE: There were 9 observations read from the data set WORK._DMDBVAR.
NOTE: The data set WORK.STAT2INTERVAL has 9 observations and 10 variables.
NOTE: DATA statement used (Total process time):
      real time           0.01 seconds
      cpu time            0.01 seconds
      

11673  proc sort data=WORK.Stat2CLASS;
11674  by Variable Level;
11675  run;

NOTE: There were 42 observations read from the data set WORK.STAT2CLASS.
NOTE: The data set WORK.STAT2CLASS has 42 observations and 8 variables.
NOTE: PROCEDURE SORT used (Total process time):
      real time           0.01 seconds
      cpu time            0.01 seconds
      

11676  data WORK.Stat2CLASS;
11677  merge WORK.Stat2CLASS(in=_a) colorindex;
11678  by variable level;
11679  if _a then output;
11680  run;

NOTE: There were 42 observations read from the data set WORK.STAT2CLASS.
NOTE: There were 49 observations read from the data set WORK.COLORINDEX.
NOTE: The data set WORK.STAT2CLASS has 42 observations and 9 variables.
NOTE: DATA statement used (Total process time):
      real time           0.01 seconds
      cpu time            0.01 seconds
      

11681  data WORK.Stat2INTERVAL;
11682  length DATAROLE $20;
11683  retain DATAROLE "TRAIN";
11684  length Target $32 TargetValue $32;
11685  label Target = "%sysfunc(sasmsg(sashelp.dmine, rpt_target_vlabel, NOQUOTE))" TargetValue = "%sysfunc(sasmsg(sashelp.dmine, rpt_targetlevel_vlabel, NOQUOTE))";
11686  Target = "TargetBuy";
11687  TargetValue = '0';
11688  set WORK.Stat2INTERVAL;
11689  run;

NOTE: There were 9 observations read from the data set WORK.STAT2INTERVAL.
NOTE: The data set WORK.STAT2INTERVAL has 9 observations and 13 variables.
NOTE: DATA statement used (Total process time):
      real time           0.01 seconds
      cpu time            0.01 seconds
      

11690  proc append base=EMWS1.Stat2_INTERVAL data=WORK.Stat2INTERVAL force;
11691  run;

NOTE: Appending WORK.STAT2INTERVAL to EMWS1.STAT2_INTERVAL.
NOTE: There were 9 observations read from the data set WORK.STAT2INTERVAL.
NOTE: 9 observations added.
NOTE: The data set EMWS1.STAT2_INTERVAL has 18 observations and 13 variables.
NOTE: PROCEDURE APPEND used (Total process time):
      real time           0.00 seconds
      cpu time            0.00 seconds
      

11692  data WORK.Stat2CLASS;
11693  length DATAROLE $20;
11694  retain DATAROLE "TRAIN";
11695  length Target $32 TargetValue $32;
11696  label Target = "%sysfunc(sasmsg(sashelp.dmine, rpt_target_vlabel, NOQUOTE))" TargetValue = "%sysfunc(sasmsg(sashelp.dmine, rpt_targetlevel_vlabel, NOQUOTE))";
11697  Target = "TargetBuy";
11698  TargetValue = '0';
11699  set WORK.Stat2CLASS;
11700  run;

NOTE: There were 42 observations read from the data set WORK.STAT2CLASS.
NOTE: The data set WORK.STAT2CLASS has 42 observations and 12 variables.
NOTE: DATA statement used (Total process time):
      real time           0.01 seconds
      cpu time            0.01 seconds
      

11701  proc append base=EMWS1.Stat2_CLASS data=WORK.Stat2CLASS force;
11702  run;

NOTE: Appending WORK.STAT2CLASS to EMWS1.STAT2_CLASS.
NOTE: There were 42 observations read from the data set WORK.STAT2CLASS.
NOTE: 42 observations added.
NOTE: The data set EMWS1.STAT2_CLASS has 91 observations and 12 variables.
NOTE: PROCEDURE APPEND used (Total process time):
      real time           0.00 seconds
      cpu time            0.00 seconds
      

11703  data WORK.STATEXPLORE_DATA / view=WORK.STATEXPLORE_DATA;
11704  set EMWS1.Clus_TRAIN;
11705  where left(trim(put(TargetBuy,BEST12.))) ="1";
11706  run;

NOTE: DATA STEP view saved on file WORK.STATEXPLORE_DATA.
NOTE: A stored DATA STEP view cannot run under a different operating system.
NOTE: View EMWS1.CLUS_TRAIN.VIEW used (Total process time):
      real time           0.23 seconds
      cpu time            0.24 seconds
      
NOTE: DATA statement used (Total process time):
      real time           0.25 seconds
      cpu time            0.26 seconds
      

11707  *------------------------------------------------------------*;
11708  * Stat2: Computing Statistics for Interval Variables;
11709  *------------------------------------------------------------*;
11710  proc dmdb data=WORK.STATEXPLORE_DATA(obs=100000) nonorm maxlevel=513
11711  varout=work._DMDBVAR(RENAME=(NAME=VARIABLE))
11712  classout=WORK.Stat2CLASS(drop=NMISSPERCENT rename=(NAME=VARIABLE FREQUENCY=COUNT FREQPERCENT=PERCENT))
11713  ;
11714  var
11715  AffluenceGrade CleanserProducts DayCareProducts LotionProducts
11716  NightRepairProducts REP_Age REP_LoyaltyTime TimeSinceLastPurchase TotalSpend
11717  ;
11718  class
11719  CampaignViewedEmail FacebookLike LoyaltyClass MobileApplications
11720  PreviousCampaign REP_AdvertisementZone REP_ClusterGroup REP_Gender REP_Region
11721  ;
11722  ;
11723  run;

NOTE: Records processed = 5002   Memory used = 511K.
NOTE: There were 23000 observations read from the data set SUPERMKT.SUPERMARKETCAMPAIGN.
NOTE: There were 23000 observations read from the data set EMWS1.IDS2_DATA.
NOTE: There were 23000 observations read from the data set EMWS1.REPL_TRAIN.
NOTE: There were 20035 observations read from the data set EMWS1.FILTER_TRAIN.
NOTE: View WORK.STATEXPLORE_DATA.VIEW used (Total process time):
      real time           0.43 seconds
      cpu time            0.43 seconds
      
NOTE: There were 5002 observations read from the data set EMWS1.CLUS_TRAIN.
      WHERE LEFT(TRIM(PUT(TargetBuy, BEST12.)))='1';
NOTE: There were 5002 observations read from the data set WORK.STATEXPLORE_DATA.
NOTE: The data set WORK._DMDBVAR has 9 observations and 9 variables.
NOTE: The data set WORK.STAT2CLASS has 42 observations and 8 variables.
NOTE: PROCEDURE DMDB used (Total process time):
      real time           0.46 seconds
      cpu time            0.46 seconds
      

11724  proc stdize data = WORK.STATEXPLORE_DATA(obs=100000) out=_null_ outstat=work._STDIZE add=0 fuzz=1E-14 initial=MAD vardef=df method=STD mult=1 pctlmtd=ORD_STAT pctldef=2 pctlpts=(0 5 50 95 100);
11725  var
11726  AffluenceGrade CleanserProducts DayCareProducts LotionProducts
11727  NightRepairProducts REP_Age REP_LoyaltyTime TimeSinceLastPurchase TotalSpend
11728  ;
11729  run;

NOTE: INITIAL= will be ignored.
NOTE: There were 23000 observations read from the data set SUPERMKT.SUPERMARKETCAMPAIGN.
NOTE: There were 23000 observations read from the data set EMWS1.IDS2_DATA.
NOTE: There were 23000 observations read from the data set EMWS1.REPL_TRAIN.
NOTE: There were 20035 observations read from the data set EMWS1.FILTER_TRAIN.
NOTE: View WORK.STATEXPLORE_DATA.VIEW used (Total process time):
      real time           0.45 seconds
      cpu time            0.43 seconds
      
NOTE: There were 5002 observations read from the data set EMWS1.CLUS_TRAIN.
      WHERE LEFT(TRIM(PUT(TargetBuy, BEST12.)))='1';
NOTE: There were 5002 observations read from the data set WORK.STATEXPLORE_DATA.
NOTE: The data set WORK._STDIZE has 13 observations and 10 variables.
NOTE: PROCEDURE STDIZE used (Total process time):
      real time           0.48 seconds
      cpu time            0.46 seconds
      

11730  proc transpose data=work._STDIZE out=work._TRANSSTDIZE(drop=_LABEL_ rename=(_NAME_=VARIABLE));
11731  id _type_;
11732  where _TYPE_='P50';
11733  run;

NOTE: There were 1 observations read from the data set WORK._STDIZE.
      WHERE _TYPE_='P50';
NOTE: The data set WORK._TRANSSTDIZE has 9 observations and 2 variables.
NOTE: PROCEDURE TRANSPOSE used (Total process time):
      real time           0.01 seconds
      cpu time            0.01 seconds
      

11734  proc sort data=work._TRANSSTDIZE;
11735  by VARIABLE;
11736  run;

NOTE: There were 9 observations read from the data set WORK._TRANSSTDIZE.
NOTE: The data set WORK._TRANSSTDIZE has 9 observations and 2 variables.
NOTE: PROCEDURE SORT used (Total process time):
      real time           0.01 seconds
      cpu time            0.01 seconds
      

11737  proc sort data=work._DMDBVAR;
11738  by VARIABLE;
11739  run;

NOTE: There were 9 observations read from the data set WORK._DMDBVAR.
NOTE: The data set WORK._DMDBVAR has 9 observations and 9 variables.
NOTE: PROCEDURE SORT used (Total process time):
      real time           0.01 seconds
      cpu time            0.01 seconds
      

11740  data WORK.Stat2INTERVAL;
11741  merge work._TRANSSTDIZE work._DMDBVAR;
11742  format N NMISS 8. MIN MAX P50 MEAN STD SKEWNESS KURTOSIS BEST8.3;
11743  by VARIABLE;
11744  run;

WARNING: Multiple lengths were specified for the BY variable VARIABLE by input data sets. This might cause unexpected results.
NOTE: There were 9 observations read from the data set WORK._TRANSSTDIZE.
NOTE: There were 9 observations read from the data set WORK._DMDBVAR.
NOTE: The data set WORK.STAT2INTERVAL has 9 observations and 10 variables.
NOTE: DATA statement used (Total process time):
      real time           0.01 seconds
      cpu time            0.01 seconds
      

11745  proc sort data=WORK.Stat2CLASS;
11746  by Variable Level;
11747  run;

NOTE: There were 42 observations read from the data set WORK.STAT2CLASS.
NOTE: The data set WORK.STAT2CLASS has 42 observations and 8 variables.
NOTE: PROCEDURE SORT used (Total process time):
      real time           0.01 seconds
      cpu time            0.01 seconds
      

11748  data WORK.Stat2CLASS;
11749  merge WORK.Stat2CLASS(in=_a) colorindex;
11750  by variable level;
11751  if _a then output;
11752  run;

NOTE: There were 42 observations read from the data set WORK.STAT2CLASS.
NOTE: There were 49 observations read from the data set WORK.COLORINDEX.
NOTE: The data set WORK.STAT2CLASS has 42 observations and 9 variables.
NOTE: DATA statement used (Total process time):
      real time           0.01 seconds
      cpu time            0.01 seconds
      

11753  data WORK.Stat2INTERVAL;
11754  length DATAROLE $20;
11755  retain DATAROLE "TRAIN";
11756  length Target $32 TargetValue $32;
11757  label Target = "%sysfunc(sasmsg(sashelp.dmine, rpt_target_vlabel, NOQUOTE))" TargetValue = "%sysfunc(sasmsg(sashelp.dmine, rpt_targetlevel_vlabel, NOQUOTE))";
11758  Target = "TargetBuy";
11759  TargetValue = '1';
11760  set WORK.Stat2INTERVAL;
11761  run;

NOTE: There were 9 observations read from the data set WORK.STAT2INTERVAL.
NOTE: The data set WORK.STAT2INTERVAL has 9 observations and 13 variables.
NOTE: DATA statement used (Total process time):
      real time           0.01 seconds
      cpu time            0.01 seconds
      

11762  proc append base=EMWS1.Stat2_INTERVAL data=WORK.Stat2INTERVAL force;
11763  run;

NOTE: Appending WORK.STAT2INTERVAL to EMWS1.STAT2_INTERVAL.
NOTE: There were 9 observations read from the data set WORK.STAT2INTERVAL.
NOTE: 9 observations added.
NOTE: The data set EMWS1.STAT2_INTERVAL has 27 observations and 13 variables.
NOTE: PROCEDURE APPEND used (Total process time):
      real time           0.00 seconds
      cpu time            0.00 seconds
      

11764  data WORK.Stat2CLASS;
11765  length DATAROLE $20;
11766  retain DATAROLE "TRAIN";
11767  length Target $32 TargetValue $32;
11768  label Target = "%sysfunc(sasmsg(sashelp.dmine, rpt_target_vlabel, NOQUOTE))" TargetValue = "%sysfunc(sasmsg(sashelp.dmine, rpt_targetlevel_vlabel, NOQUOTE))";
11769  Target = "TargetBuy";
11770  TargetValue = '1';
11771  set WORK.Stat2CLASS;
11772  run;

NOTE: There were 42 observations read from the data set WORK.STAT2CLASS.
NOTE: The data set WORK.STAT2CLASS has 42 observations and 12 variables.
NOTE: DATA statement used (Total process time):
      real time           0.01 seconds
      cpu time            0.01 seconds
      

11773  proc append base=EMWS1.Stat2_CLASS data=WORK.Stat2CLASS force;
11774  run;

NOTE: Appending WORK.STAT2CLASS to EMWS1.STAT2_CLASS.
NOTE: There were 42 observations read from the data set WORK.STAT2CLASS.
NOTE: 42 observations added.
NOTE: The data set EMWS1.STAT2_CLASS has 133 observations and 12 variables.
NOTE: PROCEDURE APPEND used (Total process time):
      real time           0.00 seconds
      cpu time            0.00 seconds
      

11775  proc sort data=EMWS1.Stat2_VariableSet out=tempVariable(keep=name label role rename=(name=variable));
11776  by name;
11777  run;

NOTE: There were 30 observations read from the data set EMWS1.STAT2_VARIABLESET.
NOTE: The data set WORK.TEMPVARIABLE has 30 observations and 3 variables.
NOTE: PROCEDURE SORT used (Total process time):
      real time           0.00 seconds
      cpu time            0.00 seconds
      

11778  proc sort data=EMWS1.Stat2_CLASS;
11779  by Variable;
11780  run;

NOTE: There were 133 observations read from the data set EMWS1.STAT2_CLASS.
NOTE: The data set EMWS1.STAT2_CLASS has 133 observations and 12 variables.
NOTE: PROCEDURE SORT used (Total process time):
      real time           0.00 seconds
      cpu time            0.00 seconds
      

11781  data EMWS1.Stat2_CLASS;
11782  merge EMWS1.Stat2_CLASS(in=_a) tempVariable;
11783  by variable;
11784  if label = '' then label=Variable;
11785  if _a then output;
11786  run;

WARNING: Multiple lengths were specified for the BY variable VARIABLE by input data sets. This might cause unexpected results.
NOTE: There were 133 observations read from the data set EMWS1.STAT2_CLASS.
NOTE: There were 30 observations read from the data set WORK.TEMPVARIABLE.
NOTE: The data set EMWS1.STAT2_CLASS has 133 observations and 14 variables.
NOTE: DATA statement used (Total process time):
      real time           0.01 seconds
      cpu time            0.01 seconds
      

11787  proc sort data=EMWS1.Stat2_INTERVAL NOTHREADS;
11788  by DATAROLE
11789  Target TargetValue
11790  ;
11791  run;

NOTE: There were 27 observations read from the data set EMWS1.STAT2_INTERVAL.
NOTE: The data set EMWS1.STAT2_INTERVAL has 27 observations and 13 variables.
NOTE: PROCEDURE SORT used (Total process time):
      real time           0.01 seconds
      cpu time            0.01 seconds
      

11792  run;
11793  proc sort data=EMWS1.Stat2_VariableSet out=tempVariable(keep=name label role rename=(name=variable));
11794  by name;
11795  run;

NOTE: There were 30 observations read from the data set EMWS1.STAT2_VARIABLESET.
NOTE: The data set WORK.TEMPVARIABLE has 30 observations and 3 variables.
NOTE: PROCEDURE SORT used (Total process time):
      real time           0.03 seconds
      cpu time            0.03 seconds
      

11796  proc sort data=EMWS1.Stat2_INTERVAL;
11797  by Variable;
11798  run;

NOTE: There were 27 observations read from the data set EMWS1.STAT2_INTERVAL.
NOTE: The data set EMWS1.STAT2_INTERVAL has 27 observations and 13 variables.
NOTE: PROCEDURE SORT used (Total process time):
      real time           0.01 seconds
      cpu time            0.01 seconds
      

11799  data EMWS1.Stat2_INTERVAL;
11800  merge EMWS1.Stat2_INTERVAL(in=_a) tempVariable;
11801  by variable;
11802  if label = '' then label=Variable;
11803  if _a then output;
11804  run;

WARNING: Multiple lengths were specified for the BY variable VARIABLE by input data sets. This might cause unexpected results.
NOTE: There were 27 observations read from the data set EMWS1.STAT2_INTERVAL.
NOTE: There were 30 observations read from the data set WORK.TEMPVARIABLE.
NOTE: The data set EMWS1.STAT2_INTERVAL has 27 observations and 15 variables.
NOTE: DATA statement used (Total process time):
      real time           0.01 seconds
      cpu time            0.01 seconds
      

11805  proc datasets library=EMWS1 nolist;
11806  modify Stat2_INTERVAL;
11807  label DATAROLE = "%sysfunc(sasmsg(sashelp.dmine, rpt_datarole_vlabel, NOQUOTE))";
11808  label Variable = "%sysfunc(sasmsg(sashelp.dmine, rpt_variable_vlabel, NOQUOTE))";
11809  label MEAN = "%sysfunc(sasmsg(sashelp.dmine, rpt_mean_vlabel,    NOQUOTE))";
11810  label N = "%sysfunc(sasmsg(sashelp.dmine, rpt_nonMiss_vlabel, NOQUOTE))";
11811  label STD = "%sysfunc(sasmsg(sashelp.dmine, rpt_std_vlabel,     NOQUOTE))";
11812  label NMISS = "%sysfunc(sasmsg(sashelp.dmine, rpt_missing_vlabel, NOQUOTE))";
11813  label p50 = "%sysfunc(sasmsg(sashelp.dmine, rpt_median_vlabel, NOQUOTE))";
11814  label MIN = "%sysfunc(sasmsg(sashelp.dmine, rpt_minimum_vlabel, NOQUOTE))";
11815  label MAX = "%sysfunc(sasmsg(sashelp.dmine, rpt_maximum_vlabel, NOQUOTE))";
11816  label SKEWNESS = "%sysfunc(sasmsg(sashelp.dmine, rpt_skewness_vlabel, NOQUOTE))";
11817  label KURTOSIS = "%sysfunc(sasmsg(sashelp.dmine, rpt_kurtosis_vlabel, NOQUOTE))";
11818  label TARGET = "%sysfunc(sasmsg(sashelp.dmine, rpt_target_vlabel,   NOQUOTE))" TARGETVALUE = "%sysfunc(sasmsg(sashelp.dmine, rpt_targetLevel_vlabel,   NOQUOTE))";
11819  run;

NOTE: MODIFY was successful for EMWS1.STAT2_INTERVAL.DATA.

NOTE: PROCEDURE DATASETS used (Total process time):
      real time           0.14 seconds
      cpu time            0.14 seconds
      

11820  proc sort data=EMWS1.Stat2_CLASS NOTHREADS;
11821  by DATAROLE ROLE Variable descending COUNT;
11822  run;

NOTE: There were 133 observations read from the data set EMWS1.STAT2_CLASS.
NOTE: The data set EMWS1.STAT2_CLASS has 133 observations and 14 variables.
NOTE: PROCEDURE SORT used (Total process time):
      real time           0.00 seconds
      cpu time            0.00 seconds
      

11823  data WORK.Stat2CLASS(keep=DATAROLE Variable ROLE Numcat Nmiss Mode ModePct Mode2 Mode2Pct);
11824  set EMWS1.Stat2_CLASS;
11825  length Mode Mode2 $32;
11826  retain NMiss 0 ModePct 0 Mode2Pct 0 Mode '' Mode2 '';
11827  by DATAROLE ROLE Variable;
11828  if first.DATAROLE or first.variable then do;
11829  Numcat = 1;
11830  NMiss = 0;
11831  Mode = strip(LEVEL);
11832  ModePct = PERCENT;
11833  Mode2 = '';
11834  Mode2Pct = 0;
11835  end;
11836  else Numcat +1;
11837  if Numcat =2 then do;
11838  Mode2 = strip(LEVEL);
11839  Mode2Pct = PERCENT;
11840  end;
11841  if NRAW=. and CRAW='' then NMiss= COUNT;
11842  if last.DATAROLE or last.variable then output;
11843  where TARGET='_OVERALL_';
11844  run;

NOTE: There were 49 observations read from the data set EMWS1.STAT2_CLASS.
      WHERE TARGET='_OVERALL_';
NOTE: The data set WORK.STAT2CLASS has 11 observations and 9 variables.
NOTE: DATA statement used (Total process time):
      real time           0.00 seconds
      cpu time            0.00 seconds
      

11845  %let _cn = %sysfunc(getoption(CENTER));
11846  %let _nb = %sysfunc(getoption(NUMBER));
11847  options nonumber nocenter;
11848  title;
11849  title9 ' ';
11850  proc print data=WORK.Stat2CLASS(obs=500) label noobs;
11851  var DATAROLE VARIABLE ROLE NUMCAT NMISS Mode ModePct Mode2 Mode2Pct;
11852  label DATAROLE = "%sysfunc(sasmsg(sashelp.dmine, rpt_datarole_vlabel, NOQUOTE))" ROLE = "%sysfunc(sasmsg(sashelp.dmine, meta_role_vlabel, NOQUOTE))" NUMCAT = "%sysfunc(sasmsg(sashelp.dmine, rpt_numcat_vlabel,   NOQUOTE))" NMISS =
11853     "%sysfunc(sasmsg(sashelp.dmine, rpt_missing_vlabel,  NOQUOTE))" MODE = "%sysfunc(sasmsg(sashelp.dmine, rpt_mode_vlabel,     NOQUOTE))" MODEPCT = "%sysfunc(sasmsg(sashelp.dmine, rpt_modepct_vlabel,  NOQUOTE))" MODE2 =
11854     "%sysfunc(sasmsg(sashelp.dmine, rpt_mode2_vlabel,     NOQUOTE))" MODE2PCT = "%sysfunc(sasmsg(sashelp.dmine, rpt_mode2pct_vlabel, NOQUOTE))";
11855  format ModePct Mode2Pct 5.2;
11856  by DATAROLE;
11857  title9 "%sysfunc(sasmsg(sashelp.dmine, rpt_classStats_title,     NOQUOTE))";
11858  title10 "%sysfunc(sasmsg(sashelp.dmine, rpt_maxObsPrinted_title,  NOQUOTE))";
11859  run;

NOTE: There were 11 observations read from the data set WORK.STAT2CLASS.
NOTE: The PROCEDURE PRINT printed page 3.
NOTE: PROCEDURE PRINT used (Total process time):
      real time           0.06 seconds
      cpu time            0.06 seconds
      

11860  proc print data=EMWS1.Stat2_CLASS(obs=500) noobs label;
11861  var DATAROLE VARIABLE ROLE LEVEL COUNT PERCENT;
11862  where ROLE in('TARGET', 'SEGMENT');
11863  by DATAROLE;
11864  label DATAROLE = "%sysfunc(sasmsg(sashelp.dmine,  rpt_datarole_vlabel, NOQUOTE))" ROLE = "%sysfunc(sasmsg(sashelp.dmine, meta_role_vlabel,          NOQUOTE))" LEVEL = "%sysfunc(sasmsg(sashelp.dmine, rpt_level_vlabel,          NOQUOTE))" COUNT =
11865     "%sysfunc(sasmsg(sashelp.dmine, rpt_count_vlabel,          NOQUOTE))" PERCENT = "%sysfunc(sasmsg(sashelp.dmine, rpt_percent_vlabel,        NOQUOTE))";
11866  title9 "%sysfunc(sasmsg(sashelp.dmine, rpt_classTargetSegmentDist_title, NOQUOTE))";
11867  title10 "%sysfunc(sasmsg(sashelp.dmine, rpt_maxObsPrinted_title,          NOQUOTE))";
11868  run;

NOTE: There were 7 observations read from the data set EMWS1.STAT2_CLASS.
      WHERE ROLE in ('SEGMENT', 'TARGET');
NOTE: The PROCEDURE PRINT printed page 4.
NOTE: PROCEDURE PRINT used (Total process time):
      real time           0.03 seconds
      cpu time            0.03 seconds
      

11869  title9;
11870  title10;
11871  options &_cn &_nb;

11872  data WORK.Stat2INTERVALSUMMARY;
11873  set EMWS1.Stat2_INTERVAL;
11874  length ROLE $32;
11875  where TARGET='_OVERALL_';
11876  if Variable = "AffluenceGrade" then ROLE="INPUT";
11877  else
11878  if Variable = "CleanserProducts" then ROLE="INPUT";
11879  else
11880  if Variable = "DayCareProducts" then ROLE="INPUT";
11881  else
11882  if Variable = "LotionProducts" then ROLE="INPUT";
11883  else
11884  if Variable = "NightRepairProducts" then ROLE="INPUT";
11885  else
11886  if Variable = "REP_Age" then ROLE="INPUT";
11887  else
11888  if Variable = "REP_LoyaltyTime" then ROLE="INPUT";
11889  else
11890  if Variable = "TimeSinceLastPurchase" then ROLE="INPUT";
11891  else
11892  if Variable = "TotalSpend" then ROLE="INPUT";
11893  run;

NOTE: There were 9 observations read from the data set EMWS1.STAT2_INTERVAL.
      WHERE TARGET='_OVERALL_';
NOTE: The data set WORK.STAT2INTERVALSUMMARY has 9 observations and 15 variables.
NOTE: DATA statement used (Total process time):
      real time           0.01 seconds
      cpu time            0.01 seconds
      

11894  proc sort data=WORK.Stat2INTERVALSUMMARY NOTHREADS;
11895  by DATAROLE ROLE Variable;
11896  run;

NOTE: There were 9 observations read from the data set WORK.STAT2INTERVALSUMMARY.
NOTE: The data set WORK.STAT2INTERVALSUMMARY has 9 observations and 15 variables.
NOTE: PROCEDURE SORT used (Total process time):
      real time           0.01 seconds
      cpu time            0.01 seconds
      

11897  %let _cn = %sysfunc(getoption(CENTER));
11898  %let _nb = %sysfunc(getoption(NUMBER));
11899  options nonumber nocenter;
11900  title;
11901  proc print data=WORK.Stat2INTERVALSUMMARY(obs=500) label noobs;
11902  var Variable ROLE MEAN STD N NMISS MIN P50 MAX SKEWNESS KURTOSIS;
11903  by DATAROLE;
11904  title9 "%sysfunc(sasmsg(sashelp.dmine, rpt_intervalStats_title, NOQUOTE))";
11905  title10 "%sysfunc(sasmsg(sashelp.dmine, rpt_maxObsPrinted_title, NOQUOTE))";
11906  run;

NOTE: There were 9 observations read from the data set WORK.STAT2INTERVALSUMMARY.
NOTE: The PROCEDURE PRINT printed page 5.
NOTE: PROCEDURE PRINT used (Total process time):
      real time           0.01 seconds
      cpu time            0.01 seconds
      

11907  title9;
11908  title10;
11909  options &_cn &_nb;

11910  proc sort data=EMWS1.Stat2_CLASS NOTHREADS;
11911  by DATAROLE DATAROLE Target TargetValue Variable descending COUNT;
11912  run;

NOTE: There were 133 observations read from the data set EMWS1.STAT2_CLASS.
NOTE: Duplicate BY variable(s) specified. Duplicates will be ignored.
NOTE: The data set EMWS1.STAT2_CLASS has 133 observations and 14 variables.
NOTE: PROCEDURE SORT used (Total process time):
      real time           0.00 seconds
      cpu time            0.00 seconds
      

11913  data WORK.Stat2CLASS(keep=DATAROLE Target TargetValue DATAROLE Variable Numcat NMiss Mode ModePct Mode2 Mode2Pct );
11914  set EMWS1.Stat2_CLASS;
11915  length Mode Mode2 $32;
11916  retain NMiss 0 ModePct 0 Mode2Pct 0 Mode '' Mode2 '';
11917  by DATAROLE DATAROLE Target TargetValue Variable;
11918  if first.datarole or first.variable then do;
11919  Numcat = 1;
11920  NMiss = 0;
11921  Mode = LEVEL;
11922  ModePct = PERCENT;
11923  Mode2 = '';
11924  Mode2Pct = 0;
11925  end;
11926  else Numcat +1;
11927  if Numcat =2 then do;
11928  Mode2 = LEVEL;
11929  Mode2Pct = PERCENT;
11930  end;
11931  if NRAW=. and CRAW='' then NMiss= COUNT;
11932  if last.datarole or last.variable then output;
11933  where ROLE ^in('TARGET', 'SEGMENT');
11934  run;

NOTE: There were 126 observations read from the data set EMWS1.STAT2_CLASS.
      WHERE ROLE not in ('SEGMENT', 'TARGET');
NOTE: The data set WORK.STAT2CLASS has 27 observations and 10 variables.
NOTE: DATA statement used (Total process time):
      real time           0.01 seconds
      cpu time            0.01 seconds
      

11935  proc sort data=WORK.Stat2CLASS NOTHREADS;
11936  by DATAROLE
11937  VARIABLE Target TargetValue;
11938  run;

NOTE: There were 27 observations read from the data set WORK.STAT2CLASS.
NOTE: The data set WORK.STAT2CLASS has 27 observations and 10 variables.
NOTE: PROCEDURE SORT used (Total process time):
      real time           0.01 seconds
      cpu time            0.01 seconds
      

11939  %let _cn = %sysfunc(getoption(CENTER));
11940  %let _nb = %sysfunc(getoption(NUMBER));
11941  options nonumber nocenter;
11942  title;
11943  title9 ' ';
11944  proc print data=WORK.Stat2CLASS(obs=500) label noobs;
11945  label DATAROLE = "%sysfunc(sasmsg(sashelp.dmine, rpt_datarole_vlabel, NOQUOTE))" NUMCAT = "%sysfunc(sasmsg(sashelp.dmine, rpt_numcat_vlabel,   NOQUOTE))" NMISS = "%sysfunc(sasmsg(sashelp.dmine, rpt_missing_vlabel,  NOQUOTE))" MODE =
11946     "%sysfunc(sasmsg(sashelp.dmine, rpt_mode_vlabel,     NOQUOTE))" MODEPCT = "%sysfunc(sasmsg(sashelp.dmine, rpt_modepct_vlabel,  NOQUOTE))" MODE2 = "%sysfunc(sasmsg(sashelp.dmine, rpt_mode2_vlabel,     NOQUOTE))" MODE2PCT =
11947     "%sysfunc(sasmsg(sashelp.dmine, rpt_mode2pct_vlabel, NOQUOTE))";
11948  format ModePct Mode2Pct 5.2;
11949  by DATAROLE;
11950  label TARGET = "%sysfunc(sasmsg(sashelp.dmine, rpt_target_vlabel,   NOQUOTE))" TARGETVALUE = "%sysfunc(sasmsg(sashelp.dmine, rpt_targetLevel_vlabel,   NOQUOTE))";
11951  var Target TargetValue NumCat NMiss Mode ModePct Mode2 Mode2Pct;
11952  by DATAROLE VARIABLE;
11953  title9 "Class Variable Summary Statistics by Class Target";
11954  title10 "%sysfunc(sasmsg(sashelp.dmine, rpt_maxObsPrinted_title, NOQUOTE))";
11955  run;

NOTE: There were 27 observations read from the data set WORK.STAT2CLASS.
NOTE: The PROCEDURE PRINT printed page 6.
NOTE: PROCEDURE PRINT used (Total process time):
      real time           0.04 seconds
      cpu time            0.04 seconds
      

11956  title9;
11957  title10;
11958  options &_cn &_nb;

11959  proc sort data=EMWS1.Stat2_INTERVAL NOTHREADS;
11960  by DATAROLE Variable
11961  Target
11962  TargetValue
11963  ;
11964  run;

NOTE: There were 27 observations read from the data set EMWS1.STAT2_INTERVAL.
NOTE: The data set EMWS1.STAT2_INTERVAL has 27 observations and 15 variables.
NOTE: PROCEDURE SORT used (Total process time):
      real time           0.00 seconds
      cpu time            0.00 seconds
      

11965  %let _cn = %sysfunc(getoption(CENTER));
11966  %let _nb = %sysfunc(getoption(NUMBER));
11967  options nonumber nocenter;
11968  title;
11969  proc print data=EMWS1.Stat2_INTERVAL(obs=500) label noobs;
11970  by DATAROLE Variable
11971  ;
11972  title9 "Interval Variable Summary Statistics by Class Target";
11973  title10 "%sysfunc(sasmsg(sashelp.dmine, rpt_maxObsPrinted_title, NOQUOTE))";
11974  run;

NOTE: There were 27 observations read from the data set EMWS1.STAT2_INTERVAL.
NOTE: The PROCEDURE PRINT printed page 7.
NOTE: PROCEDURE PRINT used (Total process time):
      real time           0.01 seconds
      cpu time            0.01 seconds
      

11975  title9;
11976  title10;
11977  options &_cn &_nb;

11978  *------------------------------------------------------------*;
11979  * Stat2: Computing Chi-Square Statistics;
11980  *------------------------------------------------------------*;
11981  ods listing close;
11982  ods output chisq=WORK.TEMPCHISQUARE;
11983  ods output crosstabFreqs=WORK.TEMPCROSSTAB;
11984  proc freq data=EMWS1.Clus_TRAIN(obs=100000) order=formatted addnames;
11985  table TargetBuy*CampaignViewedEmail /missing chisq outexpect sparse;
11986  table TargetBuy*FacebookLike /missing chisq outexpect sparse;
11987  table TargetBuy*LoyaltyClass /missing chisq outexpect sparse;
11988  table TargetBuy*MobileApplications /missing chisq outexpect sparse;
11989  table TargetBuy*PreviousCampaign /missing chisq outexpect sparse;
11990  table TargetBuy*REP_AdvertisementZone /missing chisq outexpect sparse;
11991  table TargetBuy*REP_ClusterGroup /missing chisq outexpect sparse;
11992  table TargetBuy*REP_Gender /missing chisq outexpect sparse;
11993  table TargetBuy*REP_Region /missing chisq outexpect sparse;
11994  ;
11995  run;

NOTE: There were 23000 observations read from the data set SUPERMKT.SUPERMARKETCAMPAIGN.
NOTE: There were 23000 observations read from the data set EMWS1.IDS2_DATA.
NOTE: There were 23000 observations read from the data set EMWS1.REPL_TRAIN.
NOTE: View EMWS1.CLUS_TRAIN.VIEW used (Total process time):
      real time           0.51 seconds
      cpu time            0.46 seconds
      
NOTE: There were 20035 observations read from the data set EMWS1.FILTER_TRAIN.
NOTE: The data set WORK.TEMPCROSSTAB has 153 observations and 20 variables.
NOTE: The data set WORK.TEMPCHISQUARE has 58 observations and 8 variables.
NOTE: There were 20035 observations read from the data set EMWS1.CLUS_TRAIN.
NOTE: PROCEDURE FREQ used (Total process time):
      real time           0.57 seconds
      cpu time            0.53 seconds
      

11996  quit;
11997  ods listing;
11998  data WORK.Stat2CHI2(keep=TARGET INPUT CRAMERV CHIMEASURE PROBCHI CHIDF rename=(PROBCHI=PROB CHIDF=DF));
11999  length TARGET INPUT $32;
12000  label Target = "%sysfunc(sasmsg(sashelp.dmine, rpt_target_vlabel ,      NOQUOTE))" INPUT = "%sysfunc(sasmsg(sashelp.dmine, rpt_input_vlabel ,       NOQUOTE))" CRAMERV = "%sysfunc(sasmsg(sashelp.dmine, rpt_cramerv_vlabel ,     NOQUOTE))" CORRVALUE =
12001     "%sysfunc(sasmsg(sashelp.dmine, rpt_correlation_vlabel , NOQUOTE))" PROBCHI = "%sysfunc(sasmsg(sashelp.dmine, rpt_probchi_vlabel ,     NOQUOTE))" CHIMEASURE = "%sysfunc(sasmsg(sashelp.dmine, rpt_chisquare_vlabel,    NOQUOTE))" CHIDF =
12002     "%sysfunc(sasmsg(sashelp.dmine, rpt_df_vlabel ,          NOQUOTE))";
12003  retain CHIMEASURE CHIDF PROBCHI;
12004  format PROBCHI PVALUE6.4 CHIMEASURE 10.4;
12005  set WORK.TEMPCHISQUARE;
12006  Target = strip(RowVariable);
12007  Input = strip(ColVariable);
12008  where StatisticId in('_CRAMV_','_PCHI_');
12009  if StatisticId = '_PCHI_' then do;
12010  PROBCHI = Prob;
12011  CHIMEASURE = VALUE;
12012  CHIDF = DF;
12013  end;
12014  else do;
12015  CRAMERV = abs(VALUE);
12016  OUTPUT;
12017  end;
12018  run;

NOTE: Variable CORRVALUE is uninitialized.
NOTE: There were 18 observations read from the data set WORK.TEMPCHISQUARE.
      WHERE StatisticId in ('_CRAMV_', '_PCHI_');
NOTE: The data set WORK.STAT2CHI2 has 9 observations and 6 variables.
NOTE: DATA statement used (Total process time):
      real time           0.03 seconds
      cpu time            0.03 seconds
      

12019  proc sort data=WORK.TEMPCROSSTAB;
12020  by RowVariable ColVariable _Type_;
12021  where _Type_ in('11','00');
12022  run;

NOTE: There were 93 observations read from the data set WORK.TEMPCROSSTAB.
      WHERE _Type_ in ('00', '11');
NOTE: The data set WORK.TEMPCROSSTAB has 93 observations and 20 variables.
NOTE: PROCEDURE SORT used (Total process time):
      real time           0.01 seconds
      cpu time            0.01 seconds
      

12023  data WORK.Stat2CHI(keep=YVAR XVAR X Y XTEXT YTEXT COUNT CHISQUARE LOGCHISQUARE);
12024  retain N;
12025  dsid = open("WORK.TEMPCROSSTAB");
12026  rowvarnum = varnum(dsid, 'RowVariable');
12027  colvarnum = varnum(dsid, 'ColVariable');
12028  freqnum = varnum(dsid, 'FREQUENCY');
12029  rownum = varnum(dsid, 'RowPercent');
12030  colnum = varnum(dsid, 'ColPercent');
12031  typenum = varnum(dsid, '_TYPE_');
12032  length YVAR XVAR $32 YTEXT $32 XTEXT $32;
12033  do while(^fetch(dsid));
12034  COUNT = getvarn(dsid, freqnum);
12035  YVAR = (getvarc(dsid, rowvarnum));
12036  XVAR = strip(getvarc(dsid, colvarnum));
12037  ynum = varnum(dsid, YVAR);
12038  ytype = vartype(dsid, ynum);
12039  yformat = varfmt(dsid, ynum);
12040  if yformat eq '' then yformat = 'best12.';
12041  Y=.;
12042  if ytype = 'N' then do;
12043  Y = getvarn(dsid, ynum);
12044  YTEXT = left(putn(Y, yformat));
12045  end;
12046  else YTEXT = getvarc(dsid, ynum);
12047  xnum = varnum(dsid, XVAR);
12048  xtype = vartype(dsid, xnum);
12049  xformat = varfmt(dsid, xnum);
12050  if xformat eq '' then xformat = 'best12.';
12051  X=.;
12052  if xtype = 'N' then do;
12053  X = getvarn(dsid, xnum);
12054  XTEXT = left(putn(X, xformat));
12055  end;
12056  else XTEXT = getvarc(dsid, xnum);
12057  if getvarc(dsid, typenum)= '00' then N= count;
12058  else do;
12059  EXP = (getvarn(dsid,rownum)/100)*(getvarn(dsid,colnum)/100)*N;
12060  if exp >0 then do;
12061  CHISQUARE=(EXP-count)**2/(EXP);
12062  if chisquare>0 then LOGCHISQUARE = log(CHISQUARE);
12063  OUTPUT;
12064  end;
12065  end;
12066  end;
12067  dsid = close(dsid);
12068  run;

NOTE: The data set WORK.STAT2CHI has 84 observations and 9 variables.
NOTE: DATA statement used (Total process time):
      real time           0.03 seconds
      cpu time            0.03 seconds
      

12069  data WORK.Stat2CHI;
12070  length DATAROLE $20;
12071  retain DATAROLE "TRAIN";
12072  SegmentVar = "";
12073  SegmentValue = "";
12074  SegmentId = "_OVERALL_";
12075  set WORK.Stat2CHI;
12076  run;

NOTE: There were 84 observations read from the data set WORK.STAT2CHI.
NOTE: The data set WORK.STAT2CHI has 84 observations and 13 variables.
NOTE: DATA statement used (Total process time):
      real time           0.00 seconds
      cpu time            0.00 seconds
      

12077  proc append base=EMWS1.Stat2_CHI2 data=WORK.Stat2CHI force;
12078  run;

NOTE: Appending WORK.STAT2CHI to EMWS1.STAT2_CHI2.
NOTE: BASE data set does not exist. DATA file is being copied to BASE file.
NOTE: There were 84 observations read from the data set WORK.STAT2CHI.
NOTE: The data set EMWS1.STAT2_CHI2 has 84 observations and 13 variables.
NOTE: PROCEDURE APPEND used (Total process time):
      real time           0.01 seconds
      cpu time            0.01 seconds
      

12079  data WORK.Stat2CHI2;
12080  length DATAROLE $20;
12081  retain DATAROLE "TRAIN";
12082  SegmentVar = "";
12083  SegmentValue = "";
12084  SegmentId = "_OVERALL_";
12085  set WORK.Stat2CHI2;
12086  run;

NOTE: There were 9 observations read from the data set WORK.STAT2CHI2.
NOTE: The data set WORK.STAT2CHI2 has 9 observations and 10 variables.
NOTE: DATA statement used (Total process time):
      real time           0.03 seconds
      cpu time            0.03 seconds
      

12087  proc append base=EMWS1.Stat2_CHIMEASURE data=WORK.Stat2CHI2 force;
12088  run;

NOTE: Appending WORK.STAT2CHI2 to EMWS1.STAT2_CHIMEASURE.
NOTE: BASE data set does not exist. DATA file is being copied to BASE file.
NOTE: There were 9 observations read from the data set WORK.STAT2CHI2.
NOTE: The data set EMWS1.STAT2_CHIMEASURE has 9 observations and 10 variables.
NOTE: PROCEDURE APPEND used (Total process time):
      real time           0.01 seconds
      cpu time            0.00 seconds
      

12089  proc sort data=EMWS1.Stat2_VariableSet out=tempVariable(keep=name label role rename=(label=XLabel name=XVAR));
12090  by name;
12091  run;

NOTE: There were 30 observations read from the data set EMWS1.STAT2_VARIABLESET.
NOTE: The data set WORK.TEMPVARIABLE has 30 observations and 3 variables.
NOTE: PROCEDURE SORT used (Total process time):
      real time           0.03 seconds
      cpu time            0.03 seconds
      

12092  proc sort data=EMWS1.Stat2_CHI2;
12093  by XVAR;
12094  run;

NOTE: There were 84 observations read from the data set EMWS1.STAT2_CHI2.
NOTE: The data set EMWS1.STAT2_CHI2 has 84 observations and 13 variables.
NOTE: PROCEDURE SORT used (Total process time):
      real time           0.01 seconds
      cpu time            0.01 seconds
      

12095  data EMWS1.Stat2_CHI2;
12096  merge EMWS1.Stat2_CHI2(in=_a) tempVariable;
12097  by XVAR;
12098  if XLabel = '' then XLabel=XVAR;
12099  if _a then output;
12100  run;

WARNING: Multiple lengths were specified for the BY variable XVAR by input data sets. This might cause unexpected results.
NOTE: There were 84 observations read from the data set EMWS1.STAT2_CHI2.
NOTE: There were 30 observations read from the data set WORK.TEMPVARIABLE.
NOTE: The data set EMWS1.STAT2_CHI2 has 84 observations and 15 variables.
NOTE: DATA statement used (Total process time):
      real time           0.03 seconds
      cpu time            0.03 seconds
      

12101  proc datasets library=EMWS1 nolist;
12102  modify Stat2_CHI2;
12103  label DATAROLE = "%sysfunc(sasmsg(sashelp.dmine,  rpt_datarole_vlabel, NOQUOTE))";
12104  label SEGMENTVAR = "%sysfunc(sasmsg(sashelp.dmine, rpt_segment_vlabel,      NOQUOTE))";
12105  label SEGMENTID = "%sysfunc(sasmsg(sashelp.dmine, rpt_segmentnamevalue_vlabel,      NOQUOTE))";
12106  label SegmentValue= "%sysfunc(sasmsg(sashelp.dmine, rpt_segmentid_vlabel, NOQUOTE))";
12107  label YVAR = "%sysfunc(sasmsg(sashelp.dmine, rpt_target_vlabel,         NOQUOTE))";
12108  label XVAR = "%sysfunc(sasmsg(sashelp.dmine, rpt_input_vlabel,          NOQUOTE))";
12109  label X = "%sysfunc(sasmsg(sashelp.dmine, rpt_inputNumValue_vlabel,  NOQUOTE))";
12110  label Y = "%sysfunc(sasmsg(sashelp.dmine, rpt_targetNumValue_vlabel, NOQUOTE))";
12111  label XTEXT = "%sysfunc(sasmsg(sashelp.dmine, rpt_inputFmtValue_vlabel,  NOQUOTE))";
12112  label YTEXT = "%sysfunc(sasmsg(sashelp.dmine, rpt_targetFmtValue_vlabel, NOQUOTE))";
12113  label COUNT = "%sysfunc(sasmsg(sashelp.dmine, rpt_count_vlabel,          NOQUOTE))";
12114  label CHISQUARE = "%sysfunc(sasmsg(sashelp.dmine, rpt_chiSquare_vlabel,      NOQUOTE))";
12115  label LOGCHISQUARE = "%sysfunc(sasmsg(sashelp.dmine, rpt_logChiSquare_vlabel,   NOQUOTE))";
12116  run;

NOTE: MODIFY was successful for EMWS1.STAT2_CHI2.DATA.

NOTE: PROCEDURE DATASETS used (Total process time):
      real time           0.14 seconds
      cpu time            0.14 seconds
      

12117  proc sort data=EMWS1.Stat2_VariableSet out=tempVariable(keep=name label role rename=(name=INPUT));
12118  by name;
12119  run;

NOTE: There were 30 observations read from the data set EMWS1.STAT2_VARIABLESET.
NOTE: The data set WORK.TEMPVARIABLE has 30 observations and 3 variables.
NOTE: PROCEDURE SORT used (Total process time):
      real time           0.01 seconds
      cpu time            0.01 seconds
      

12120  proc sort data=EMWS1.Stat2_CHIMEASURE;
12121  by INPUT;
12122  run;

NOTE: There were 9 observations read from the data set EMWS1.STAT2_CHIMEASURE.
NOTE: The data set EMWS1.STAT2_CHIMEASURE has 9 observations and 10 variables.
NOTE: PROCEDURE SORT used (Total process time):
      real time           0.01 seconds
      cpu time            0.01 seconds
      

12123  data EMWS1.Stat2_CHIMEASURE;
12124  merge EMWS1.Stat2_CHIMEASURE(in=_a) tempVariable;
12125  by INPUT;
12126  if label = '' then label=INPUT;
12127  if _a then output;
12128  run;

WARNING: Multiple lengths were specified for the BY variable INPUT by input data sets. This might cause unexpected results.
NOTE: There were 9 observations read from the data set EMWS1.STAT2_CHIMEASURE.
NOTE: There were 30 observations read from the data set WORK.TEMPVARIABLE.
NOTE: The data set EMWS1.STAT2_CHIMEASURE has 9 observations and 12 variables.
NOTE: DATA statement used (Total process time):
      real time           0.01 seconds
      cpu time            0.01 seconds
      

12129  proc sort data=EMWS1.Stat2_CHIMEASURE NOTHREADS;
12130  by DATAROLE TARGET descending CRAMERV;
12131  run;

NOTE: There were 9 observations read from the data set EMWS1.STAT2_CHIMEASURE.
NOTE: The data set EMWS1.STAT2_CHIMEASURE has 9 observations and 12 variables.
NOTE: PROCEDURE SORT used (Total process time):
      real time           0.01 seconds
      cpu time            0.01 seconds
      

12132  data EMWS1.Stat2_CHIMEASURE;
12133  set EMWS1.Stat2_CHIMEASURE;
12134  label ORDEREDINPUTS = "%sysfunc(sasmsg(sashelp.dmine, rpt_orderedInput_vlabel  , NOQUOTE))" DATAROLE = "%sysfunc(sasmsg(sashelp.dmine,  rpt_datarole_vlabel, NOQUOTE))" SEGMENTID =
12135     "%sysfunc(sasmsg(sashelp.dmine, rpt_segmentnamevalue_vlabel,       NOQUOTE))" SegmentValue = "%sysfunc(sasmsg(sashelp.dmine, rpt_segmentid_vlabel, NOQUOTE))" SEGMENTVAR = "%sysfunc(sasmsg(sashelp.dmine, rpt_segment_vlabel,      NOQUOTE))";
12136  format ORDEREDINPUTS 5.0;
12137  retain ORDEREDINPUTS 0;
12138  if first.DATAROLE or first.SEGMENTID or first.TARGET then ORDEREDINPUTS=1;
12139  else ORDEREDINPUTS+1;
12140  by DATAROLE SEGMENTID TARGET;
12141  run;

NOTE: There were 9 observations read from the data set EMWS1.STAT2_CHIMEASURE.
NOTE: The data set EMWS1.STAT2_CHIMEASURE has 9 observations and 13 variables.
NOTE: DATA statement used (Total process time):
      real time           0.04 seconds
      cpu time            0.04 seconds
      

12142  %let _cn = %sysfunc(getoption(CENTER));
12143  %let _nb = %sysfunc(getoption(NUMBER));
12144  options nonumber nocenter;
12145  title;
12146  proc print data=EMWS1.Stat2_CHIMEASURE(obs=500) label noobs;
12147  var INPUT CHIMEASURE DF PROB;
12148  label INPUT = "%sysfunc(sasmsg(sashelp.dmine, rpt_input_vlabel ,       NOQUOTE))" CHIMEASURE = "%sysfunc(sasmsg(sashelp.dmine, rpt_chisquare_vlabel,    NOQUOTE))" PROB = "%sysfunc(sasmsg(sashelp.dmine, rpt_probchi_vlabel ,     NOQUOTE))" DF =
12149     "%sysfunc(sasmsg(sashelp.dmine, rpt_df_vlabel ,          NOQUOTE))";
12150  by DATAROLE TARGET;
12151  title9 "%sysfunc(sasmsg(sashelp.dmine, rpt_chisquareStats_title, NOQUOTE))";
12152  title10 "%sysfunc(sasmsg(sashelp.dmine, rpt_maxObsPrinted_title,  NOQUOTE))";
12153  run;

NOTE: There were 9 observations read from the data set EMWS1.STAT2_CHIMEASURE.
NOTE: The PROCEDURE PRINT printed page 8.
NOTE: PROCEDURE PRINT used (Total process time):
      real time           0.01 seconds
      cpu time            0.01 seconds
      

12154  title10;
12155  options &_cn &_nb;
12156  proc sort data=EMWS1.Stat2_CHIMEASURE out=trainChimeasure;
12157  by TARGET descending CramerV;
12158  where DATAROLE='TRAIN';
12159  run;

NOTE: There were 9 observations read from the data set EMWS1.STAT2_CHIMEASURE.
      WHERE DATAROLE='TRAIN';
NOTE: The data set WORK.TRAINCHIMEASURE has 9 observations and 13 variables.
NOTE: PROCEDURE SORT used (Total process time):
      real time           0.01 seconds
      cpu time            0.01 seconds
      

12160  data trainChimeasure;
12161  set trainchimeasure;
12162  by TARGET;
12163  retain groupcount 0;
12164  if first.Target then groupcount =1;
12165  else groupcount + 1;
12166  if groupcount<21 then Plot=1;
12167  else Plot = 0;
12168  keep Target Input GroupCount Plot;
12169  run;

NOTE: There were 9 observations read from the data set WORK.TRAINCHIMEASURE.
NOTE: The data set WORK.TRAINCHIMEASURE has 9 observations and 4 variables.
NOTE: DATA statement used (Total process time):
      real time           0.03 seconds
      cpu time            0.03 seconds
      

12170  proc sort data=trainChiMeasure;
12171  by TARGET INPUT;
12172  run;

NOTE: There were 9 observations read from the data set WORK.TRAINCHIMEASURE.
NOTE: The data set WORK.TRAINCHIMEASURE has 9 observations and 4 variables.
NOTE: PROCEDURE SORT used (Total process time):
      real time           0.01 seconds
      cpu time            0.01 seconds
      

12173  proc sort data=EMWS1.Stat2_CHIMEASURE;
12174  by TARGET INPUT;
12175  run;

NOTE: There were 9 observations read from the data set EMWS1.STAT2_CHIMEASURE.
NOTE: The data set EMWS1.STAT2_CHIMEASURE has 9 observations and 13 variables.
NOTE: PROCEDURE SORT used (Total process time):
      real time           0.01 seconds
      cpu time            0.01 seconds
      

12176  data EMWS1.Stat2_CHIMEASURE;
12177  merge EMWS1.Stat2_CHIMEASURE trainchimeasure;
12178  by TARGET INPUT;
12179  label DATAROLE = "%sysfunc(sasmsg(sashelp.dmine,  rpt_datarole_vlabel, NOQUOTE))" Plot = "%sysfunc(sasmsg(sashelp.dmine, rpt_plot_vlabel,  NOQUOTE))" groupcount = "%sysfunc(sasmsg(sashelp.dmine, rpt_group_vlabel, NOQUOTE))";
12180  run;

NOTE: There were 9 observations read from the data set EMWS1.STAT2_CHIMEASURE.
NOTE: There were 9 observations read from the data set WORK.TRAINCHIMEASURE.
NOTE: The data set EMWS1.STAT2_CHIMEASURE has 9 observations and 15 variables.
NOTE: DATA statement used (Total process time):
      real time           0.04 seconds
      cpu time            0.04 seconds
      

12181  proc sort data=EMWS1.Stat2_CLASS(drop=CRAW NRAW) NOTHREADS;
12182  by DATAROLE TARGET VARIABLE LEVEL;
12183  where TARGET ne '_OVERALL_';
12184  run;

NOTE: There were 84 observations read from the data set EMWS1.STAT2_CLASS.
      WHERE TARGET not = '_OVERALL_';
NOTE: The data set EMWS1.STAT2_CLASS has 84 observations and 12 variables.
NOTE: PROCEDURE SORT used (Total process time):
      real time           0.03 seconds
      cpu time            0.01 seconds
      

12185  data WORK.Stat2tempDs(keep=DATAROLE target VARIABLE nobs);
12186  retain nobs;
12187  set EMWS1.Stat2_CLASS;
12188  by DATAROLE target VARIABLE;
12189  if first.DATAROLE or first.variable then nobs=count;
12190  else nobs = nobs + count;
12191  if last.DATAROLE or last.variable then output;
12192  run;

NOTE: There were 84 observations read from the data set EMWS1.STAT2_CLASS.
NOTE: The data set WORK.STAT2TEMPDS has 9 observations and 4 variables.
NOTE: DATA statement used (Total process time):
      real time           0.01 seconds
      cpu time            0.01 seconds
      

12193  data EMWS1.Stat2_CLASS(drop=NOBS);
12194  merge EMWS1.Stat2_CLASS(where=(TARGET ne '_OVERALL_') rename=(PERCENT=WITHINPCT)) WORK.Stat2tempDs;
12195  label percent = "%sysfunc(sasmsg(sashelp.dmine, rpt_percent_vlabel,         NOQUOTE))" withinpct = "%sysfunc(sasmsg(sashelp.dmine, rpt_percentwithin_vlabel, NOQUOTE))";
12196  by DATAROLE TARGET VARIABLE;
12197  if NOBS>0 then PERCENT=COUNT/NOBS;
12198  run;

NOTE: There were 84 observations read from the data set EMWS1.STAT2_CLASS.
      WHERE TARGET not = '_OVERALL_';
NOTE: There were 9 observations read from the data set WORK.STAT2TEMPDS.
NOTE: The data set EMWS1.STAT2_CLASS has 84 observations and 13 variables.
NOTE: DATA statement used (Total process time):
      real time           0.04 seconds
      cpu time            0.04 seconds
      

12199  proc sort data=EMWS1.Stat2_CHIMEASURE out=WORK.Stat2cutoff(RENAME=(INPUT=VARIABLE) keep=DATAROLE TARGET INPUT PLOT);
12200  by DATAROLE TARGET INPUT;
12201  run;

NOTE: There were 9 observations read from the data set EMWS1.STAT2_CHIMEASURE.
NOTE: The data set WORK.STAT2CUTOFF has 9 observations and 4 variables.
NOTE: PROCEDURE SORT used (Total process time):
      real time           0.01 seconds
      cpu time            0.01 seconds
      

12202  data EMWS1.Stat2_CLASS;
12203  drop groupcount;
12204  retain groupcount 0;
12205  merge EMWS1.Stat2_CLASS(in=_a) WORK.Stat2cutoff;
12206  if _a then do;
12207  plot=1;
12208  groupcount+1;
12209  end;
12210  if groupcount>21 then plot=0;
12211  by DATAROLE Target Variable;
12212  if PERCENT eq . or plot = . then delete;
12213  label DATAROLE = "%sysfunc(sasmsg(sashelp.dmine,  rpt_datarole_vlabel, NOQUOTE))" LEVEL = "%sysfunc(sasmsg(sashelp.dmine, rpt_level_vlabel,          NOQUOTE))" TYPE = "%sysfunc(sasmsg(sashelp.dmine, rpt_type_vlabel,           NOQUOTE))" COUNT =
12214     "%sysfunc(sasmsg(sashelp.dmine, rpt_count_vlabel,          NOQUOTE))" ROLE = "%sysfunc(sasmsg(sashelp.dmine, meta_role_vlabel,          NOQUOTE))" LEVELINDEX = "%sysfunc(sasmsg(sashelp.dmine, rpt_levelIndex_vlabel,     NOQUOTE))";
12215  run;

NOTE: There were 84 observations read from the data set EMWS1.STAT2_CLASS.
NOTE: There were 9 observations read from the data set WORK.STAT2CUTOFF.
NOTE: The data set EMWS1.STAT2_CLASS has 84 observations and 14 variables.
NOTE: DATA statement used (Total process time):
      real time           0.04 seconds
      cpu time            0.03 seconds
      

12216  proc sort data=EMWS1.Stat2_CHIMEASURE;
12217  by DATAROLE ORDEREDINPUTS;
12218  run;

NOTE: There were 9 observations read from the data set EMWS1.STAT2_CHIMEASURE.
NOTE: The data set EMWS1.STAT2_CHIMEASURE has 9 observations and 15 variables.
NOTE: PROCEDURE SORT used (Total process time):
      real time           0.01 seconds
      cpu time            0.01 seconds
      

12219  data WORK.Stat2INTERVALPLOT(drop=TARGET N MIN NMISS P50 MAX TARGETVALUE rename=(Mean=OMean));
12220  set EMWS1.Stat2_INTERVAL;
12221  where TARGET='_OVERALL_';
12222  run;

NOTE: There were 9 observations read from the data set EMWS1.STAT2_INTERVAL.
      WHERE TARGET='_OVERALL_';
NOTE: The data set WORK.STAT2INTERVALPLOT has 9 observations and 8 variables.
NOTE: DATA statement used (Total process time):
      real time           0.01 seconds
      cpu time            0.01 seconds
      

12223  data EMWS1.Stat2_INTERVAL(drop=OMean);
12224  merge EMWS1.Stat2_INTERVAL(where=(TARGET ne '_OVERALL_')) WORK.Stat2INTERVALPLOT;
12225  by DATAROLE Variable;
12226  if OMean ne 0 then ScaleDevMean = (Mean - OMean)/OMean;
12227  run;

NOTE: There were 18 observations read from the data set EMWS1.STAT2_INTERVAL.
      WHERE TARGET not = '_OVERALL_';
NOTE: There were 9 observations read from the data set WORK.STAT2INTERVALPLOT.
NOTE: The data set EMWS1.STAT2_INTERVAL has 18 observations and 16 variables.
NOTE: DATA statement used (Total process time):
      real time           0.01 seconds
      cpu time            0.01 seconds
      

12228  proc sort data=EMWS1.Stat2_INTERVAL NOTHREADS;
12229  by DATAROLE Variable Target;
12230  run;

NOTE: There were 18 observations read from the data set EMWS1.STAT2_INTERVAL.
NOTE: The data set EMWS1.STAT2_INTERVAL has 18 observations and 16 variables.
NOTE: PROCEDURE SORT used (Total process time):
      real time           0.01 seconds
      cpu time            0.01 seconds
      

12231  data WORK.Stat2MAXINTERVAL(keep=DATAROLE Target Variable MaxDev);
12232  set EMWS1.Stat2_INTERVAL;
12233  if first.DATAROLE or first.Variable then MaxDev = abs(ScaleDevMean);
12234  else if abs(ScaleDevMean)>MaxDev then MaxDev = abs(ScaleDevMean);
12235  if last.datarole or last.variable or last.target then output;
12236  by DATAROLE Variable Target;
12237  run;

NOTE: There were 18 observations read from the data set EMWS1.STAT2_INTERVAL.
NOTE: The data set WORK.STAT2MAXINTERVAL has 9 observations and 4 variables.
NOTE: DATA statement used (Total process time):
      real time           0.01 seconds
      cpu time            0.01 seconds
      

12238  data EMWS1.Stat2_INTERVAL;
12239  merge EMWS1.Stat2_INTERVAL WORK.Stat2MAXINTERVAL;
12240  label LevelId = "%sysfunc(sasmsg(sashelp.dmine, rpt_levelId_vlabel,             NOQUOTE))" Variable = "%sysfunc(sasmsg(sashelp.dmine, rpt_variable_vlabel,            NOQUOTE))" MaxDev =
12241     "%sysfunc(sasmsg(sashelp.dmine, rpt_maxdev_vlabel,              NOQUOTE))" ScaleDevMean = "%sysfunc(sasmsg(sashelp.dmine, rpt_scaledMeanDeviation_vlabel, NOQUOTE))";
12242  format LevelId best3.;
12243  retain LevelId 0;
12244  by DATAROLE Variable Target;
12245  if first.DATAROLE or first.Target then LevelId=1;
12246  else LevelId + 1;
12247  run;

NOTE: There were 18 observations read from the data set EMWS1.STAT2_INTERVAL.
NOTE: There were 9 observations read from the data set WORK.STAT2MAXINTERVAL.
NOTE: The data set EMWS1.STAT2_INTERVAL has 18 observations and 18 variables.
NOTE: DATA statement used (Total process time):
      real time           0.03 seconds
      cpu time            0.03 seconds
      

12248  proc sort data=EMWS1.Stat2_INTERVAL NOTHREADS;
12249  by DATAROLE Target descending MaxDev Variable LevelId;
12250  run;

NOTE: There were 18 observations read from the data set EMWS1.STAT2_INTERVAL.
NOTE: The data set EMWS1.STAT2_INTERVAL has 18 observations and 18 variables.
NOTE: PROCEDURE SORT used (Total process time):
      real time           0.01 seconds
      cpu time            0.01 seconds
      

12251  proc sort data=WORK.M24GLEPW;
12252  by name;
12253  run;

NOTE: Input data set is already sorted, no sorting done.
NOTE: PROCEDURE SORT used (Total process time):
      real time           0.00 seconds
      cpu time            0.00 seconds
      

12254  proc sort data=EMWS1.Stat2_WORTH;
12255  by NAME;
12256  run;

NOTE: There were 18 observations read from the data set EMWS1.STAT2_WORTH.
NOTE: The data set EMWS1.STAT2_WORTH has 18 observations and 5 variables.
NOTE: PROCEDURE SORT used (Total process time):
      real time           0.01 seconds
      cpu time            0.01 seconds
      

12257  data EMWS1.Stat2_WORTH;
12258  merge EMWS1.Stat2_WORTH(in=_a) WORK.M24GLEPW(Keep=NAME LABEL REPORT);
12259  by NAME;
12260  if REPORT = 'Y' then plot = 1;
12261  if LABEL = "" then LABEL = NAME;
12262  if _a then output;
12263  drop report;
12264  run;

WARNING: Multiple lengths were specified for the BY variable Name by input data sets. This might cause unexpected results.
NOTE: There were 18 observations read from the data set EMWS1.STAT2_WORTH.
NOTE: There were 30 observations read from the data set WORK.M24GLEPW.
NOTE: The data set EMWS1.STAT2_WORTH has 18 observations and 7 variables.
NOTE: DATA statement used (Total process time):
      real time           0.01 seconds
      cpu time            0.01 seconds
      

12265  proc sort data=EMWS1.Stat2_WORTH;
12266  by rank;
12267  run;

NOTE: There were 18 observations read from the data set EMWS1.STAT2_WORTH.
NOTE: The data set EMWS1.STAT2_WORTH has 18 observations and 7 variables.
NOTE: PROCEDURE SORT used (Total process time):
      real time           0.01 seconds
      cpu time            0.00 seconds
      

