*------------------------------------------------------------*
* Training Log
Date:                May 09, 2018
Time:                14:55:51
*------------------------------------------------------------*
11405  proc freq data=EMWS1.Part2_VariableSet noprint;
11406  table ROLE*LEVEL/out=WORK.Part2META;
11407  run;

NOTE: There were 27 observations read from the data set EMWS1.PART2_VARIABLESET.
NOTE: The data set WORK.PART2META has 7 observations and 4 variables.
NOTE: PROCEDURE FREQ used (Total process time):
      real time           0.06 seconds
      cpu time            0.04 seconds
      

11408  proc print data=WORK.Part2META label noobs;
11409  var ROLE LEVEL COUNT;
11410  label ROLE = "%sysfunc(sasmsg(sashelp.dmine, meta_role_vlabel, NOQUOTE))" LEVEL = "%sysfunc(sasmsg(sashelp.dmine, meta_level_vlabel, NOQUOTE))" COUNT = "%sysfunc(sasmsg(sashelp.dmine, rpt_count_vlabel, NOQUOTE))";
11411  title9 ' ';
11412  title10 "%sysfunc(sasmsg(sashelp.dmine, rpt_varSummary_title  , NOQUOTE))";
11413  run;

NOTE: There were 7 observations read from the data set WORK.PART2META.
NOTE: The PROCEDURE PRINT printed page 1.
NOTE: PROCEDURE PRINT used (Total process time):
      real time           0.03 seconds
      cpu time            0.03 seconds
      

11414  title10;

11422  *------------------------------------------------------------*;
11423  * Part2: Determine number of observations;
11424  *------------------------------------------------------------*;
11425  proc sql;
11426  reset noprint;
11427  select count(*) into :_tmpa from EMWS1.Filter_TRAIN
11428  ;
NOTE: There were 23000 observations read from the data set SUPERMKT.SUPERMARKETCAMPAIGN.
NOTE: There were 23000 observations read from the data set EMWS1.IDS2_DATA.
NOTE: View EMWS1.FILTER_TRAIN.VIEW used (Total process time):
      real time           0.23 seconds
      cpu time            0.23 seconds
      
NOTE: There were 23000 observations read from the data set EMWS1.REPL_TRAIN.
11429  quit;
NOTE: PROCEDURE SQL used (Total process time):
      real time           0.25 seconds
      cpu time            0.25 seconds
      

trainPct=50 validatePct=50 testPct=0 
NOTE: View EMWS1.FILTER_TRAIN.VIEW used (Total process time):
      real time           0.15 seconds
      cpu time            0.12 seconds
      
11430  *------------------------------------------------------------*;
11431  * Part2: Retrieving stratification variable(s) levels;
11432  *------------------------------------------------------------*;
11433  proc freq data=EMWS1.Filter_TRAIN noprint;
11434  format
11435  TargetBuy BEST12.0
11436  ;
11437  table
11438  TargetBuy
11439  /out=WORK.Part2_FREQ(drop=percent);
11440  run;

NOTE: There were 23000 observations read from the data set SUPERMKT.SUPERMARKETCAMPAIGN.
NOTE: There were 23000 observations read from the data set EMWS1.IDS2_DATA.
NOTE: View EMWS1.FILTER_TRAIN.VIEW used (Total process time):
      real time           0.25 seconds
      cpu time            0.25 seconds
      
NOTE: There were 23000 observations read from the data set EMWS1.REPL_TRAIN.
NOTE: There were 4224 observations read from the data set EMWS1.FILTER_TRAIN.
NOTE: The data set WORK.PART2_FREQ has 2 observations and 2 variables.
NOTE: PROCEDURE FREQ used (Total process time):
      real time           0.25 seconds
      cpu time            0.25 seconds
      

11441  proc sort data=WORK.Part2_FREQ;
11442  by descending count;
11443  run;

NOTE: There were 2 observations read from the data set WORK.PART2_FREQ.
NOTE: The data set WORK.PART2_FREQ has 2 observations and 2 variables.
NOTE: PROCEDURE SORT used (Total process time):
      real time           0.01 seconds
      cpu time            0.00 seconds
      

11444  * Part2: Retrieving levels that meet minimum requirement;
11445  data WORK.Part2_FREQ2(keep = count);
11446  set WORK.Part2_FREQ;
11447  where (.01 * 50 * count) >= 3;
11448  run;

NOTE: There were 2 observations read from the data set WORK.PART2_FREQ.
      WHERE (0.5*count)>=3;
NOTE: The data set WORK.PART2_FREQ2 has 2 observations and 1 variables.
NOTE: DATA statement used (Total process time):
      real time           0.01 seconds
      cpu time            0.01 seconds
      

11449  *------------------------------------------------------------*;
11450  * Part2: Create stratified partitioning;
11451  *------------------------------------------------------------*;
11452  data
11453  EMWS1.Part2_TRAIN(label="")
11454  EMWS1.Part2_VALIDATE(label="")
11455  ;
11456  retain _seed_ 12345;
11457  drop _seed_ _genvalue_;
11458  call ranuni(_seed_, _genvalue_);
11459  label _dataobs_ = "%sysfunc(sasmsg(sashelp.dmine, sample_dataobs_vlabel, NOQUOTE))";
11460  _dataobs_ = _N_;
11461  drop _c00:;
11462  set EMWS1.Filter_TRAIN;
11463  length _Pformat1 $58;
11464  drop _Pformat1;
11465  _Pformat1 = strip(put(TargetBuy, BEST12.0));
11466  if
11467  _Pformat1 = '0'
11468  then do;
11469  if (2694+1-_C000003)*_genvalue_ <= (1347 - _C000001) then do;
11470  _C000001 + 1;
11471  output EMWS1.Part2_TRAIN;
11472  end;
11473  else do;
11474  _C000002 + 1;
11475  output EMWS1.Part2_VALIDATE;
11476  end;
11477  _C000003+1;
11478  end;
11479  else if
11480  _Pformat1 = '1'
11481  then do;
11482  if (1530+1-_C000006)*_genvalue_ <= (765 - _C000004) then do;
11483  _C000004 + 1;
11484  output EMWS1.Part2_TRAIN;
11485  end;
11486  else do;
11487  _C000005 + 1;
11488  output EMWS1.Part2_VALIDATE;
11489  end;
11490  _C000006+1;
11491  end;
11492  run;

NOTE: There were 23000 observations read from the data set SUPERMKT.SUPERMARKETCAMPAIGN.
NOTE: There were 23000 observations read from the data set EMWS1.IDS2_DATA.
NOTE: View EMWS1.FILTER_TRAIN.VIEW used (Total process time):
      real time           0.23 seconds
      cpu time            0.23 seconds
      
NOTE: There were 23000 observations read from the data set EMWS1.REPL_TRAIN.
NOTE: There were 4224 observations read from the data set EMWS1.FILTER_TRAIN.
NOTE: The data set EMWS1.PART2_TRAIN has 2111 observations and 28 variables.
NOTE: The data set EMWS1.PART2_VALIDATE has 2113 observations and 28 variables.
NOTE: DATA statement used (Total process time):
      real time           0.26 seconds
      cpu time            0.26 seconds
      

11493  data _tempNobs;
11494  length Type $8 Table $32 Nobs 8;
11495  label type= "%sysfunc(sasmsg(sashelp.dmine, meta_type_vlabel,    NOQUOTE))" table = "%sysfunc(sasmsg(sashelp.dmine, meta_dataset_vlabel, NOQUOTE))" nobs = "%sysfunc(sasmsg(sashelp.dmine,  rpt_numObs_vlabel,   NOQUOTE))";
11496  type='DATA';
11497  table="EMWS1.Filter_TRAIN";
11498  Nobs=4224;
11499  output;
11500  type='TRAIN';
11501  table="EMWS1.Part2_TRAIN";
11502  Nobs=2111;
11503  output;
11504  type='VALIDATE';
11505  table="EMWS1.Part2_VALIDATE";
11506  Nobs=2113;
11507  output;
11508  run;

NOTE: The data set WORK._TEMPNOBS has 3 observations and 3 variables.
NOTE: DATA statement used (Total process time):
      real time           0.03 seconds
      cpu time            0.03 seconds
      

11509  %let _cn = %sysfunc(getoption(CENTER));
11510  %let _nb = %sysfunc(getoption(NUMBER));
11511  options nonumber nocenter;
11512  proc print data=_tempNobs noobs label;
11513  title9 ' ';
11514  title10 "%sysfunc(sasmsg(sashelp.dmine, rpt_partitionSummary_title, NOQUOTE))";
11515  run;

NOTE: There were 3 observations read from the data set WORK._TEMPNOBS.
NOTE: The PROCEDURE PRINT printed page 2.
NOTE: PROCEDURE PRINT used (Total process time):
      real time           0.01 seconds
      cpu time            0.01 seconds
      

11516  title10;
11517  options &_cn &_nb;
11518  run;

