*------------------------------------------------------------*
* Score Log
Date:                May 09, 2018
Time:                14:56:44
*------------------------------------------------------------*
NOTE: This SAS session is using a registry in WORK.  All changes will be lost at the end of this session.
11812  filename emflow "D:\Nida\Data mining\datamining\BOGO\Workspaces\EMWS1\Neural3\EMFLOWSCORE.sas";
11813  *------------------------------------------------------------*;
11814  * Neural3: Scoring DATA data;
11815  *------------------------------------------------------------*;
11816  data EMWS1.Neural3_TRAIN
11817  / view=EMWS1.Neural3_TRAIN
11818  ;
11819  set EMWS1.Impt3_TRAIN
11820  ;
11821  %inc emflow;
12733  run;

NOTE: DATA STEP view saved on file EMWS1.NEURAL3_TRAIN.
NOTE: A stored DATA STEP view cannot run under a different operating system.
NOTE: View EMWS1.IMPT3_TRAIN.VIEW used (Total process time):
      real time           0.10 seconds
      cpu time            0.11 seconds
      
NOTE: DATA statement used (Total process time):
      real time           0.12 seconds
      cpu time            0.12 seconds
      

12734  quit;
12735  filename emflow;
NOTE: Fileref EMFLOW has been deassigned.

12736  filename emflow "D:\Nida\Data mining\datamining\BOGO\Workspaces\EMWS1\Neural3\EMFLOWSCORE.sas";
12737  *------------------------------------------------------------*;
12738  * Neural3: Scoring VALIDATE data;
12739  *------------------------------------------------------------*;
12740  data EMWS1.Neural3_VALIDATE
12741  / view=EMWS1.Neural3_VALIDATE
12742  ;
12743  set EMWS1.Impt3_VALIDATE
12744  ;
12745  %inc emflow;
13657  run;

NOTE: DATA STEP view saved on file EMWS1.NEURAL3_VALIDATE.
NOTE: A stored DATA STEP view cannot run under a different operating system.
NOTE: View EMWS1.IMPT3_VALIDATE.VIEW used (Total process time):
      real time           0.09 seconds
      cpu time            0.09 seconds
      
NOTE: DATA statement used (Total process time):
      real time           0.13 seconds
      cpu time            0.14 seconds
      

13658  quit;
13659  filename emflow;
NOTE: Fileref EMFLOW has been deassigned.

13660  *------------------------------------------------------------*;
13661  * Neural3: Computing metadata for TRAIN data;
13662  *------------------------------------------------------------*;

NOTE: View EMWS1.NEURAL3_TRAIN.VIEW used (Total process time):
      real time           0.11 seconds
      cpu time            0.10 seconds
      
14015  data WORK.MODELTEMP_INFO;
14016  set EMWS1.Neural3_EMINFO;
14017  where DATA='Neural3' and KEY ^in('DECDATA', 'DECMETA', 'IMPORTANCE', 'MODEL');
14018  run;

NOTE: There were 0 observations read from the data set EMWS1.NEURAL3_EMINFO.
      WHERE (DATA='Neural3') and KEY not in ('DECDATA', 'DECMETA', 'IMPORTANCE', 'MODEL');
NOTE: The data set WORK.MODELTEMP_INFO has 0 observations and 3 variables.
NOTE: DATA statement used (Total process time):
      real time           0.00 seconds
      cpu time            0.00 seconds
      

14019  data EMWS1.Neural3_EMINFO;
14020  length TARGET KEY $32 DATA $43;
14021  input TARGET KEY DATA $;
14022  cards;

NOTE: The data set EMWS1.NEURAL3_EMINFO has 3 observations and 3 variables.
NOTE: DATA statement used (Total process time):
      real time           0.00 seconds
      cpu time            0.00 seconds
      

14026  run;
14027  data EMWS1.Neural3_EMINFO;
14028  set EMWS1.Neural3_EMINFO WORK.MODELTEMP_INFO;
14029  run;

NOTE: There were 3 observations read from the data set EMWS1.NEURAL3_EMINFO.
NOTE: There were 0 observations read from the data set WORK.MODELTEMP_INFO.
NOTE: The data set EMWS1.NEURAL3_EMINFO has 3 observations and 3 variables.
NOTE: DATA statement used (Total process time):
      real time           0.01 seconds
      cpu time            0.01 seconds
      

14030  proc sort data = EMWS1.Neural3_EMINFO NOTHREADS;
14031  by TARGET KEY;
14032  run;

NOTE: There were 3 observations read from the data set EMWS1.NEURAL3_EMINFO.
NOTE: The data set EMWS1.NEURAL3_EMINFO has 3 observations and 3 variables.
NOTE: PROCEDURE SORT used (Total process time):
      real time           0.01 seconds
      cpu time            0.01 seconds
      

14033  proc sort data = EMWS1.Ids2_EMINFO OUT=WORK.SORTEDEMINFO NOTHREADS;
14034  by TARGET KEY;
14035  run;

NOTE: There were 3 observations read from the data set EMWS1.IDS2_EMINFO.
NOTE: The data set WORK.SORTEDEMINFO has 3 observations and 3 variables.
NOTE: PROCEDURE SORT used (Total process time):
      real time           0.01 seconds
      cpu time            0.01 seconds
      

14036  proc sort data = EMWS1.Neural3_EMINFO OUT=WORK.TEMP_INFO NOTHREADS;
14037  by TARGET KEY;
14038  run;

NOTE: Input data set is already sorted; it has been copied to the output data set.
NOTE: There were 3 observations read from the data set EMWS1.NEURAL3_EMINFO.
NOTE: The data set WORK.TEMP_INFO has 3 observations and 3 variables.
NOTE: PROCEDURE SORT used (Total process time):
      real time           0.01 seconds
      cpu time            0.01 seconds
      

14039  data EMWS1.Neural3_EMINFO;
14040  merge WORK.SORTEDEMINFO WORK.TEMP_INFO;
14041  by TARGET KEY;
14042  run;

NOTE: There were 3 observations read from the data set WORK.SORTEDEMINFO.
NOTE: There were 3 observations read from the data set WORK.TEMP_INFO.
NOTE: The data set EMWS1.NEURAL3_EMINFO has 4 observations and 3 variables.
NOTE: DATA statement used (Total process time):
      real time           0.01 seconds
      cpu time            0.01 seconds
      

14043  proc datasets lib=work nolist;
14044  delete TEMP_INFO SORTEDEMINFO;
14045  run;

NOTE: Deleting WORK.TEMP_INFO (memtype=DATA).
NOTE: Deleting WORK.SORTEDEMINFO (memtype=DATA).
14046  quit;

NOTE: PROCEDURE DATASETS used (Total process time):
      real time           0.01 seconds
      cpu time            0.01 seconds
      

NOTE: View EMWS1.NEURAL3_TRAIN.VIEW used (Total process time):
      real time           0.10 seconds
      cpu time            0.10 seconds
      
NOTE: View EMWS1.NEURAL3_VALIDATE.VIEW used (Total process time):
      real time           0.10 seconds
      cpu time            0.11 seconds
      
