 
                                                                                               
 
 
Fit Statistics

Target=TargetBuy Target Label=' '

   Fit
Statistics    Statistics Label                    Train    Validation

 _AIC_        Akaike's Information Criterion    2161.99          .   
 _ASE_        Average Squared Error                0.10         0.11 
 _AVERR_      Average Error Function               0.34         0.37 
 _DFE_        Degrees of Freedom for Error      3102.00          .   
 _DFM_        Model Degrees of Freedom             9.00          .   
 _DFT_        Total Degrees of Freedom          3111.00          .   
 _DIV_        Divisor for ASE                   6222.00      6226.00 
 _ERR_        Error Function                    2143.99      2286.67 
 _FPE_        Final Prediction Error               0.10          .   
 _MAX_        Maximum Absolute Error               0.99         1.00 
 _MSE_        Mean Square Error                    0.10         0.11 
 _NOBS_       Sum of Frequencies                3111.00      3113.00 
 _NW_         Number of Estimate Weights           9.00          .   
 _RASE_       Root Average Sum of Squares          0.32         0.33 
 _RFPE_       Root Final Prediction Error          0.32          .   
 _RMSE_       Root Mean Squared Error              0.32         0.33 
 _SBC_        Schwarz's Bayesian Criterion      2216.37          .   
 _SSE_        Sum of Squared Errors              648.24       694.66 
 _SUMW_       Sum of Case Weights Times Freq    6222.00      6226.00 
 _MISC_       Misclassification Rate               0.14         0.15 
 
                                                                                               
 
 
Classification Table

Data Role=TRAIN Target Variable=TargetBuy Target Label=' '

                       Target        Outcome     Frequency       Total
Target    Outcome    Percentage    Percentage      Count      Percentage

  0          0         87.6307       96.3903        2430        78.1099 
  1          0         12.3693       58.1356         343        11.0254 
  0          1         26.9231        3.6097          91         2.9251 
  1          1         73.0769       41.8644         247         7.9396 


Data Role=VALIDATE Target Variable=TargetBuy Target Label=' '

                       Target        Outcome     Frequency       Total
Target    Outcome    Percentage    Percentage      Count      Percentage

  0          0         86.7168       96.0349        2422        77.8028 
  1          0         13.2832       62.7750         371        11.9178 
  0          1         31.2500        3.9651         100         3.2123 
  1          1         68.7500       37.2250         220         7.0671 
 
                                                                                               
 
 
Event Classification Table

Data Role=TRAIN Target=TargetBuy Target Label=' '

  False       True        False       True
Negative    Negative    Positive    Positive

   343        2430         91          247  


Data Role=VALIDATE Target=TargetBuy Target Label=' '

  False       True        False       True
Negative    Negative    Positive    Positive

   371        2422         100         220  
 
                                                                                               
 
 
Assessment Score Rankings

Data Role=TRAIN Target Variable=TargetBuy Target Label=' '

                                                                                    Mean
                            Cumulative       %      Cumulative     Number of     Posterior
Depth      Gain     Lift       Lift      Response   % Response   Observations   Probability

   5    363.067   4.63067     4.63067     87.8205     87.8205         156         0.81943  
  10    293.776   3.24485     3.93776     61.5385     74.6795         156         0.60920  
  15    248.891   2.58541     3.48891     49.0323     66.1670         155         0.46202  
  20    197.076   1.41962     2.97076     26.9231     56.3403         156         0.36468  
  25    173.810   1.80299     2.73810     34.1935     51.9280         155         0.29402  
  30    147.837   1.18302     2.47837     22.4359     47.0021         156         0.23980  
  35    123.214   0.74841     2.23214     14.1935     42.3324         155         0.19011  
  40    106.256   0.87881     2.06256     16.6667     39.1165         156         0.15669  
  45     87.187   0.34019     1.87187      6.4516     35.5000         155         0.13106  
  50     72.826   0.43941     1.72826      8.3333     32.7763         156         0.10835  
  55     61.082   0.43941     1.61082      8.3333     30.5491         156         0.08984  
  60     50.533   0.34019     1.50533      6.4516     28.5485         155         0.07493  
  65     42.574   0.47321     1.42574      8.9744     27.0391         156         0.06230  
  70     34.848   0.34019     1.34848      6.4516     25.5739         155         0.05130  
  75     27.869   0.30420     1.27869      5.7692     24.2502         156         0.04087  
  80     21.389   0.23813     1.21389      4.5161     23.0213         155         0.03182  
  85     15.425   0.20280     1.15425      3.8462     21.8904         156         0.02531  
  90     10.354   0.23813     1.10354      4.5161     20.9286         155         0.01889  
  95      5.065   0.10140     1.05065      1.9231     19.9256         156         0.01293  
 100      0.000   0.03402     1.00000      0.6452     18.9650         155         0.00656  


Data Role=VALIDATE Target Variable=TargetBuy Target Label=' '

                                                                                    Mean
                            Cumulative       %      Cumulative     Number of     Posterior
Depth      Gain     Lift       Lift      Response   % Response   Observations   Probability

   5    352.451   4.52451     4.52451     85.8974     85.8974         156         0.82929  
  10    264.662   2.76873     3.64662     52.5641     69.2308         156         0.59962  
  15    225.966   2.48075     3.25966     47.0968     61.8844         155         0.44242  
  20    184.081   1.58696     2.84081     30.1282     53.9326         156         0.35024  
  25    156.944   1.48566     2.56944     28.2051     48.7805         156         0.28202  
  30    131.222   1.01949     2.31222     19.3548     43.8972         155         0.22510  
  35    110.210   0.84413     2.10210     16.0256     39.9083         156         0.18347  
  40     94.038   0.81036     1.94038     15.3846     36.8379         156         0.15045  
  45     80.090   0.67966     1.80090     12.9032     34.1899         155         0.12602  
  50     69.150   0.70907     1.69150     13.4615     32.1130         156         0.10642  
  55     57.744   0.43895     1.57744      8.3333     29.9475         156         0.08936  
  60     49.448   0.57771     1.49448     10.9677     28.3726         155         0.07434  
  65     40.792   0.37142     1.40792      7.0513     26.7292         156         0.06126  
  70     33.617   0.40518     1.33617      7.6923     25.3670         156         0.05047  
  75     27.003   0.33983     1.27003      6.4516     24.1113         155         0.04011  
  80     20.952   0.30389     1.20952      5.7692     22.9627         156         0.03124  
  85     14.819   0.16883     1.14819      3.2051     21.7983         156         0.02386  
  90      9.971   0.27186     1.09971      5.1613     20.8779         155         0.01771  
  95      4.528   0.06753     1.04528      1.2821     19.8445         156         0.01160  
 100      0.000   0.13593     1.00000      2.5806     18.9849         155         0.00594  
 
                                                                                               
 
 
Assessment Score Distribution

Data Role=TRAIN Target Variable=TargetBuy Target Label=' '

 Posterior     Number                     Mean
Probability      of      Number of     Posterior
   Range       Events    Nonevents    Probability    Percentage

 0.95-1.00       15           0         0.97178         0.4822 
 0.90-0.95       20           1         0.93148         0.6750 
 0.85-0.90       17           0         0.88224         0.5464 
 0.80-0.85       23           1         0.82167         0.7715 
 0.75-0.80       29           6         0.77757         1.1250 
 0.70-0.75       27          10         0.72633         1.1893 
 0.65-0.70       29          11         0.67930         1.2858 
 0.60-0.65       32          23         0.62590         1.7679 
 0.55-0.60       30          17         0.57657         1.5108 
 0.50-0.55       25          22         0.52277         1.5108 
 0.45-0.50       33          36         0.47306         2.2179 
 0.40-0.45       32          37         0.42402         2.2179 
 0.35-0.40       29          70         0.37409         3.1823 
 0.30-0.35       31          79         0.32350         3.5358 
 0.25-0.30       44          99         0.27353         4.5966 
 0.20-0.25       28         121         0.22369         4.7895 
 0.15-0.20       38         189         0.17221         7.2967 
 0.10-0.15       26         312         0.12373        10.8647 
 0.05-0.10       45         536         0.07238        18.6757 
 0.00-0.05       37         951         0.02415        31.7583 


Data Role=VALIDATE Target Variable=TargetBuy Target Label=' '

 Posterior     Number                     Mean
Probability      of      Number of     Posterior
   Range       Events    Nonevents    Probability    Percentage

 0.95-1.00       23           0         0.97451         0.7388 
 0.90-0.95       19           1         0.92964         0.6425 
 0.85-0.90       17           1         0.87513         0.5782 
 0.80-0.85       25           5         0.82332         0.9637 
 0.75-0.80       19           6         0.77523         0.8031 
 0.70-0.75       25           5         0.71993         0.9637 
 0.65-0.70       26          16         0.67512         1.3492 
 0.60-0.65       23          26         0.62204         1.5740 
 0.55-0.60       24          17         0.57440         1.3171 
 0.50-0.55       19          23         0.52781         1.3492 
 0.45-0.50       29          26         0.47303         1.7668 
 0.40-0.45       30          40         0.42620         2.2486 
 0.35-0.40       31          64         0.37645         3.0517 
 0.30-0.35       36          80         0.32436         3.7263 
 0.25-0.30       34          95         0.27437         4.1439 
 0.20-0.25       30         128         0.22280         5.0755 
 0.15-0.20       38         187         0.17384         7.2278 
 0.10-0.15       47         321         0.12288        11.8214 
 0.05-0.10       54         519         0.07254        18.4067 
 0.00-0.05       42         962         0.02360        32.2518 
