*------------------------------------------------------------*
* Score Log
Date:                May 07, 2018
Time:                13:57:48
*------------------------------------------------------------*
11952  *------------------------------------------------------------*;
11953  * Plot: Scoring DATA data;
11954  *------------------------------------------------------------*;
11955  data EMWS1.Plot_TRAIN
11956  / view=EMWS1.Plot_TRAIN
11957  ;
11958  set EMWS1.Repl_TRAIN
11959  ;
11960  run;

NOTE: DATA STEP view saved on file EMWS1.PLOT_TRAIN.
NOTE: A stored DATA STEP view cannot run under a different operating system.
NOTE: View EMWS1.REPL_TRAIN.VIEW used (Total process time):
      real time           0.15 seconds
      cpu time            0.12 seconds
      
NOTE: DATA statement used (Total process time):
      real time           0.15 seconds
      cpu time            0.12 seconds
      

11961  quit;

11962  *------------------------------------------------------------*;
11963  * Plot: Computing metadata for TRAIN data;
11964  *------------------------------------------------------------*;

NOTE: View EMWS1.PLOT_TRAIN.VIEW used (Total process time):
      real time           0.14 seconds
      cpu time            0.14 seconds
      
NOTE: View EMWS1.PLOT_TRAIN.VIEW used (Total process time):
      real time           0.15 seconds
      cpu time            0.15 seconds
      
