*------------------------------------------------------------*
* Training Log
Date:                May 09, 2018
Time:                16:12:43
*------------------------------------------------------------*
11405  proc freq data=EMWS4.Impt10_VariableSet noprint;
11406  table ROLE*LEVEL/out=WORK.Impt10META;
11407  run;

NOTE: There were 28 observations read from the data set EMWS4.IMPT10_VARIABLESET.
NOTE: The data set WORK.IMPT10META has 6 observations and 4 variables.
NOTE: PROCEDURE FREQ used (Total process time):
      real time           0.06 seconds
      cpu time            0.03 seconds
      

11408  proc print data=WORK.Impt10META label noobs;
11409  var ROLE LEVEL COUNT;
11410  label ROLE = "%sysfunc(sasmsg(sashelp.dmine, meta_role_vlabel, NOQUOTE))" LEVEL = "%sysfunc(sasmsg(sashelp.dmine, meta_level_vlabel, NOQUOTE))" COUNT = "%sysfunc(sasmsg(sashelp.dmine, rpt_count_vlabel, NOQUOTE))";
11411  title9 ' ';
11412  title10 "%sysfunc(sasmsg(sashelp.dmine, rpt_varSummary_title  , NOQUOTE))";
11413  run;

NOTE: There were 6 observations read from the data set WORK.IMPT10META.
NOTE: The PROCEDURE PRINT printed page 1.
NOTE: PROCEDURE PRINT used (Total process time):
      real time           0.01 seconds
      cpu time            0.01 seconds
      

11414  title10;

11432  data WORK.Impt10_TREEINPUTS;
11433  set WORK.M0VX3MOD;
11434  if ROLE ne 'FREQ' then do;
11435  if ((ROLE in('TARGET','REJECTED') and useTree='D') or useTree='N') then delete;
11436  ROLE = 'INPUT';
11437  end;
11438  run;

NOTE: There were 19 observations read from the data set WORK.M0VX3MOD.
NOTE: The data set WORK.IMPT10_TREEINPUTS has 18 observations and 23 variables.
NOTE: DATA statement used (Total process time):
      real time           0.00 seconds
      cpu time            0.00 seconds
      

11439  data WORK.M0VX3MOD;
11440  set WORK.M0VX3MOD;
11441  if METHOD in("TREE", "TREESURR") then role = 'TARGET';
11442  else if (role = 'REJECTED') then role = 'INPUT';
11443  run;

NOTE: There were 19 observations read from the data set WORK.M0VX3MOD.
NOTE: The data set WORK.M0VX3MOD has 19 observations and 23 variables.
NOTE: DATA statement used (Total process time):
      real time           0.01 seconds
      cpu time            0.01 seconds
      

11444  *------------------------------------------------------------* ;
11445  * Impt10: DMDBClass Macro ;
11446  *------------------------------------------------------------* ;
11447  %macro DMDBClass;
11448      CampaignViewedEmail(ASC) FacebookLike(ASC) LoyaltyClass(ASC)
11449     MobileApplications(ASC) PreviousCampaign(ASC) REP_AdvertisementZone(ASC)
11450     REP_ClusterGroup(ASC) REP_Gender(ASC) REP_Region(ASC) TargetBuy(DESC)
11451  %mend DMDBClass;
11452  *------------------------------------------------------------* ;
11453  * Impt10: DMDBVar Macro ;
11454  *------------------------------------------------------------* ;
11455  %macro DMDBVar;
11456      AffluenceGrade CleanserProducts DayCareProducts LotionProducts
11457     NightRepairProducts REP_Age REP_LoyaltyTime TimeSinceLastPurchase TotalSpend
11458  %mend DMDBVar;
11459  *------------------------------------------------------------*;
11460  * Impt10: Create DMDB;
11461  *------------------------------------------------------------*;
11462  proc dmdb batch data=EMWS4.Part11_TRAIN
11463  dmdbcat=WORK.Impt10_DMDB
11464  classout=WORK.Impt10_DMDBCLASSOUT
11465  varout=WORK.IMPUTE_2EI9AST_DMDBVAROUT
11466  maxlevel = 513
11467  ;
11468  class %DMDBClass;
11469  var %DMDBVar;
11470  target
11471  TargetBuy
11472  ;
11473  run;

NOTE: Records processed = 188   Memory used = 511K.
NOTE: There were 188 observations read from the data set EMWS4.PART11_TRAIN.
NOTE: The data set WORK.IMPT10_DMDBCLASSOUT has 43 observations and 9 variables.
NOTE: The data set WORK.IMPUTE_2EI9AST_DMDBVAROUT has 9 observations and 9 variables.
NOTE: PROCEDURE DMDB used (Total process time):
      real time           0.03 seconds
      cpu time            0.03 seconds
      

11474  quit;
11475  *--- end code ---*;

11476  proc sort data=WORK.Impt10_DMDBCLASSOUT;
11477  by NAME;
11478  run;

NOTE: There were 43 observations read from the data set WORK.IMPT10_DMDBCLASSOUT.
NOTE: The data set WORK.IMPT10_DMDBCLASSOUT has 43 observations and 9 variables.
NOTE: PROCEDURE SORT used (Total process time):
      real time           0.03 seconds
      cpu time            0.03 seconds
      

11479  data WORK.Impt10_DMDBCLASSOUT;
11480  retain missFlag;
11481  set WORK.Impt10_DMDBCLASSOUT;
11482  by NAME;
11483  output;
11484  if first.name then missflag = 0;
11485  if (TYPE='C' and CRAW='') or (TYPE='N' and NRAW=.) then missflag = 1;
11486  if last.name and ^missFlag then do;
11487  if type = 'C' then do;
11488  LEVEL= '';
11489  CRAW = '';
11490  NRAW = .;
11491  end;
11492  else do;
11493  LEVEL='.';
11494  CRAW = '.';
11495  NRAW= .;
11496  end;
11497  FREQUENCY = 0;
11498  FREQPERCENT = 0;
11499  NMISSPERCENT = 0;
11500  output;
11501  end;
11502  run;

NOTE: There were 43 observations read from the data set WORK.IMPT10_DMDBCLASSOUT.
NOTE: The data set WORK.IMPT10_DMDBCLASSOUT has 53 observations and 10 variables.
NOTE: DATA statement used (Total process time):
      real time           0.01 seconds
      cpu time            0.01 seconds
      

11503  data WORK.Impt10_MISS(KEEP=NAME NMISS PERCENTMISS);
11504  length NAME $32;
11505  set
11506  WORK.Impt10_DMDBCLASSOUT(rename=(freqpercent=PERCENTMISS frequency=NMISS) where=((TYPE='C' and CRAW='') or (TYPE='N' and NRAW=.)))
11507  WORK.IMPUTE_2EI9AST_DMDBVAROUT
11508  ;
11509  if (NMISS ne . and N ne .) then PERCENTMISS = (NMISS/(NMISS+N))*100;
11510  run;

NOTE: There were 10 observations read from the data set WORK.IMPT10_DMDBCLASSOUT.
      WHERE ((TYPE='C') and (CRAW=' ')) or ((TYPE='N') and (NRAW=.));
NOTE: There were 9 observations read from the data set WORK.IMPUTE_2EI9AST_DMDBVAROUT.
NOTE: The data set WORK.IMPT10_MISS has 19 observations and 3 variables.
NOTE: DATA statement used (Total process time):
      real time           0.03 seconds
      cpu time            0.01 seconds
      

11511  proc sort data=WORK.M0X2_I1Q NOTHREADS;
11512  by NAME;
11513  run;

NOTE: There were 19 observations read from the data set WORK.M0X2_I1Q.
NOTE: The data set WORK.M0X2_I1Q has 19 observations and 23 variables.
NOTE: PROCEDURE SORT used (Total process time):
      real time           0.03 seconds
      cpu time            0.03 seconds
      

11514  proc sort data=WORK.Impt10_MISS NOTHREADS;
11515  by NAME;
11516  run;

NOTE: There were 19 observations read from the data set WORK.IMPT10_MISS.
NOTE: The data set WORK.IMPT10_MISS has 19 observations and 3 variables.
NOTE: PROCEDURE SORT used (Total process time):
      real time           0.01 seconds
      cpu time            0.01 seconds
      

11517  data WORK.M0X2_I1Q;
11518  merge WORK.M0X2_I1Q WORK.Impt10_MISS(in=_b);
11519  by NAME;
11520  if _b then output;
11521  run;

NOTE: There were 19 observations read from the data set WORK.M0X2_I1Q.
NOTE: There were 19 observations read from the data set WORK.IMPT10_MISS.
NOTE: The data set WORK.M0X2_I1Q has 19 observations and 25 variables.
NOTE: DATA statement used (Total process time):
      real time           0.03 seconds
      cpu time            0.03 seconds
      

11522  data WORK.M0X2_I1Q;
11523  set WORK.M0X2_I1Q;
11524  if 0<PERCENTMISS<50 and method ne 'NONE' then IMPUTE = 1;
11525  else IMPUTE = 0;
11526  run;

NOTE: There were 19 observations read from the data set WORK.M0X2_I1Q.
NOTE: The data set WORK.M0X2_I1Q has 19 observations and 26 variables.
NOTE: DATA statement used (Total process time):
      real time           0.03 seconds
      cpu time            0.03 seconds
      

11527  proc dmdb data=WORK.M0X2_I1Q outtable=WORK.NEWNAMES nameserver;
11528  names NAME;
11529  prefix M_ IMP_;
11530  where IMPUTE=1;
11531  run;

NOTE: There were 0 observations read from the data set WORK.M0X2_I1Q.
      WHERE IMPUTE=1;
NOTE: The data set WORK.NEWNAMES has 0 observations and 3 variables.
NOTE: PROCEDURE DMDB used (Total process time):
      real time           0.03 seconds
      cpu time            0.03 seconds
      

11532  data WORK.M0X2_I1Q;
11533  merge WORK.M0X2_I1Q WORK.NEWNAMES;
11534  by NAME;
11535  run;

NOTE: There were 19 observations read from the data set WORK.M0X2_I1Q.
NOTE: There were 0 observations read from the data set WORK.NEWNAMES.
NOTE: The data set WORK.M0X2_I1Q has 19 observations and 28 variables.
NOTE: DATA statement used (Total process time):
      real time           0.01 seconds
      cpu time            0.01 seconds
      

11536  proc dmdb data=WORK.M0X2_I1Q outtable=WORK.NEWNAMES nameserver;
11537  names NAME;
11538  prefix M_;
11539  where IMPUTE=0;
11540  run;

NOTE: There were 19 observations read from the data set WORK.M0X2_I1Q.
      WHERE IMPUTE=0;
NOTE: The data set WORK.NEWNAMES has 19 observations and 2 variables.
NOTE: PROCEDURE DMDB used (Total process time):
      real time           0.01 seconds
      cpu time            0.01 seconds
      

11541  data WORK.M0X2_I1Q;
11542  merge WORK.M0X2_I1Q WORK.NEWNAMES;
11543  by NAME;
11544  run;

NOTE: There were 19 observations read from the data set WORK.M0X2_I1Q.
NOTE: There were 19 observations read from the data set WORK.NEWNAMES.
NOTE: The data set WORK.M0X2_I1Q has 19 observations and 28 variables.
NOTE: DATA statement used (Total process time):
      real time           0.03 seconds
      cpu time            0.03 seconds
      

11545  data WORK.Impt10;
11546  run;

NOTE: The data set WORK.IMPT10 has 1 observations and 0 variables.
NOTE: DATA statement used (Total process time):
      real time           0.01 seconds
      cpu time            0.01 seconds
      

11547  data EMWS4.Impt10_META;
11548  set WORK.M0X2_I1Q;
11549  VALUE = .;
11550  run;

NOTE: There were 19 observations read from the data set WORK.M0X2_I1Q.
NOTE: The data set EMWS4.IMPT10_META has 19 observations and 29 variables.
NOTE: DATA statement used (Total process time):
      real time           0.00 seconds
      cpu time            0.00 seconds
      

11551  proc print data=EMWS4.Impt10_META(obs=500) label noobs;
11552  label NAME = "%sysfunc(sasmsg(sashelp.dmine, meta_name_vlabel,          NOQUOTE))" LABEL = "%sysfunc(sasmsg(sashelp.dmine, meta_label_vlabel,         NOQUOTE))" PERCENTMISS = "%sysfunc(sasmsg(sashelp.dmine, rpt_percentmissing_vlabel, NOQUOTE))";
11553  var NAME LABEL PERCENTMISS;
11554  where IMP eq '' and PERCENTMISS>50;
11555  title9 "%sysfunc(sasmsg(sashelp.dmine, rpt_rejectedsummary_title, NOQUOTE))";
11556  title10 "%sysfunc(sasmsg(sashelp.dmine, rpt_numberobs_title,         NOQUOTE))";
11557  run;

NOTE: No observations were selected from data set EMWS4.IMPT10_META.
NOTE: There were 0 observations read from the data set EMWS4.IMPT10_META.
      WHERE (IMP=' ') and (PERCENTMISS>50);
NOTE: PROCEDURE PRINT used (Total process time):
      real time           0.03 seconds
      cpu time            0.03 seconds
      

