*------------------------------------------------------------*
* Score Log
Date:                May 09, 2018
Time:                16:18:15
*------------------------------------------------------------*
11799  filename emflow "D:\Nida\Data mining\datamining\BOGO\Workspaces\EMWS4\Reg12\EMFLOWSCORE.sas";
11800  *------------------------------------------------------------*;
11801  * Reg12: Scoring DATA data;
11802  *------------------------------------------------------------*;
11803  data EMWS4.Reg12_TRAIN
11804  / view=EMWS4.Reg12_TRAIN
11805  ;
11806  set EMWS4.Impt11_TRAIN
11807  ;
11808  %inc emflow;
12407  run;

NOTE: DATA STEP view saved on file EMWS4.REG12_TRAIN.
NOTE: A stored DATA STEP view cannot run under a different operating system.
NOTE: View EMWS4.IMPT11_TRAIN.VIEW used (Total process time):
      real time           0.15 seconds
      cpu time            0.14 seconds
      
NOTE: DATA statement used (Total process time):
      real time           0.15 seconds
      cpu time            0.14 seconds
      

12408  quit;
12409  filename emflow;
NOTE: Fileref EMFLOW has been deassigned.

12410  filename emflow "D:\Nida\Data mining\datamining\BOGO\Workspaces\EMWS4\Reg12\EMFLOWSCORE.sas";
12411  *------------------------------------------------------------*;
12412  * Reg12: Scoring VALIDATE data;
12413  *------------------------------------------------------------*;
12414  data EMWS4.Reg12_VALIDATE
12415  / view=EMWS4.Reg12_VALIDATE
12416  ;
12417  set EMWS4.Impt11_VALIDATE
12418  ;
12419  %inc emflow;
13018  run;

NOTE: DATA STEP view saved on file EMWS4.REG12_VALIDATE.
NOTE: A stored DATA STEP view cannot run under a different operating system.
NOTE: View EMWS4.IMPT11_VALIDATE.VIEW used (Total process time):
      real time           0.06 seconds
      cpu time            0.06 seconds
      
NOTE: DATA statement used (Total process time):
      real time           0.07 seconds
      cpu time            0.07 seconds
      

13019  quit;
13020  filename emflow;
NOTE: Fileref EMFLOW has been deassigned.

13021  *------------------------------------------------------------*;
13022  * Reg12: Computing metadata for TRAIN data;
13023  *------------------------------------------------------------*;

NOTE: View EMWS4.REG12_TRAIN.VIEW used (Total process time):
      real time           0.07 seconds
      cpu time            0.07 seconds
      
13368  data EMWS4.Reg12_EMINFO;
13369  length TARGET KEY $32 DATA $43;
13370  input TARGET KEY DATA $;
13371  cards;

NOTE: The data set EMWS4.REG12_EMINFO has 3 observations and 3 variables.
NOTE: DATA statement used (Total process time):
      real time           0.00 seconds
      cpu time            0.00 seconds
      

13375  run;
13376  proc sort data = EMWS4.Reg12_EMINFO NOTHREADS;
13377  by TARGET KEY;
13378  run;

NOTE: There were 3 observations read from the data set EMWS4.REG12_EMINFO.
NOTE: The data set EMWS4.REG12_EMINFO has 3 observations and 3 variables.
NOTE: PROCEDURE SORT used (Total process time):
      real time           0.01 seconds
      cpu time            0.01 seconds
      

13379  proc sort data = EMWS4.Ids_EMINFO OUT=WORK.SORTEDEMINFO NOTHREADS;
13380  by TARGET KEY;
13381  run;

NOTE: There were 3 observations read from the data set EMWS4.IDS_EMINFO.
NOTE: The data set WORK.SORTEDEMINFO has 3 observations and 3 variables.
NOTE: PROCEDURE SORT used (Total process time):
      real time           0.01 seconds
      cpu time            0.01 seconds
      

13382  proc sort data = EMWS4.Reg12_EMINFO OUT=WORK.TEMP_INFO NOTHREADS;
13383  by TARGET KEY;
13384  run;

NOTE: Input data set is already sorted; it has been copied to the output data set.
NOTE: There were 3 observations read from the data set EMWS4.REG12_EMINFO.
NOTE: The data set WORK.TEMP_INFO has 3 observations and 3 variables.
NOTE: PROCEDURE SORT used (Total process time):
      real time           0.01 seconds
      cpu time            0.01 seconds
      

13385  data EMWS4.Reg12_EMINFO;
13386  merge WORK.SORTEDEMINFO WORK.TEMP_INFO;
13387  by TARGET KEY;
13388  run;

NOTE: There were 3 observations read from the data set WORK.SORTEDEMINFO.
NOTE: There were 3 observations read from the data set WORK.TEMP_INFO.
NOTE: The data set EMWS4.REG12_EMINFO has 4 observations and 3 variables.
NOTE: DATA statement used (Total process time):
      real time           0.01 seconds
      cpu time            0.00 seconds
      

13389  proc datasets lib=work nolist;
13390  delete TEMP_INFO SORTEDEMINFO;
13391  run;

NOTE: Deleting WORK.TEMP_INFO (memtype=DATA).
NOTE: Deleting WORK.SORTEDEMINFO (memtype=DATA).
13392  quit;

NOTE: PROCEDURE DATASETS used (Total process time):
      real time           0.01 seconds
      cpu time            0.01 seconds
      

NOTE: View EMWS4.REG12_TRAIN.VIEW used (Total process time):
      real time           0.15 seconds
      cpu time            0.15 seconds
      
NOTE: View EMWS4.REG12_VALIDATE.VIEW used (Total process time):
      real time           0.09 seconds
      cpu time            0.09 seconds
      
