*------------------------------------------------------------*
* Report Log
Date:                May 09, 2018
Time:                16:13:19
*------------------------------------------------------------*
13430  data EMWS4.Reg11_EMOUTFIT;
13431  length TARGET $32;
13432  set EMWS4.Reg11_EMESTIMATE end=eof;
13433  where (_TYPE_='PARMS');
13434  drop _TYPE_--TotalSpend;
13435  if eof then do;
13436  TARGET = "TargetBuy";
13437  output;
13438  end;
13439  run;

NOTE: There were 1 observations read from the data set EMWS4.REG11_EMESTIMATE.
      WHERE _TYPE_='PARMS';
NOTE: The data set EMWS4.REG11_EMOUTFIT has 1 observations and 33 variables.
NOTE: DATA statement used (Total process time):
      real time           0.01 seconds
      cpu time            0.01 seconds
      

13440  data EMWS4.Reg11_EMOUTFIT;
13441  set EMWS4.Reg11_EMOUTFIT;
13442  length TargetLabel $200;
13443  label targetLabel = "%sysfunc(sasmsg(sashelp.dmine, meta_targetlabel_vlabel, NOQUOTE))";
13444  run;

NOTE: Variable TargetLabel is uninitialized.
NOTE: There were 1 observations read from the data set EMWS4.REG11_EMOUTFIT.
NOTE: The data set EMWS4.REG11_EMOUTFIT has 1 observations and 34 variables.
NOTE: DATA statement used (Total process time):
      real time           0.01 seconds
      cpu time            0.01 seconds
      

13445  proc sort data=EMWS4.Reg11_EMREPORTFIT nothreads;
13446  by TARGET;
13447  run;

NOTE: There were 20 observations read from the data set EMWS4.REG11_EMREPORTFIT.
NOTE: The data set EMWS4.REG11_EMREPORTFIT has 20 observations and 7 variables.
NOTE: PROCEDURE SORT used (Total process time):
      real time           0.01 seconds
      cpu time            0.01 seconds
      

13448  %let _EMwarndup = 0;
13449  %let _EMtargetdup =;
13450  %let _EMASEtargetdup =;
13451  data _null_;
13452  set EMWS4.Reg11_EMOUTFIT;
13453  if .<_ASE_<0.000001 then do;
13454  call symput('_EMwarndup', '1');
13455  call symput('_EMtargetdup', target);
13456  call symput('_EMASEtargetdup', put(_ASE_, best.));
13457  end;
13458  run;

NOTE: There were 1 observations read from the data set EMWS4.REG11_EMOUTFIT.
NOTE: DATA statement used (Total process time):
      real time           0.00 seconds
      cpu time            0.00 seconds
      

13459  proc sort data=EMWS4.Impt10_CMeta_TRAIN out=WORK.SUBSETINMETA;
13460  by NAME;
13461  run;

NOTE: There were 31 observations read from the data set EMWS4.IMPT10_CMETA_TRAIN.
NOTE: The data set WORK.SUBSETINMETA has 31 observations and 20 variables.
NOTE: PROCEDURE SORT used (Total process time):
      real time           0.00 seconds
      cpu time            0.00 seconds
      

13462  proc sort data=EMWS4.Reg11_VariableSet out=WORK.SUBSETVARSET(keep=NAME REPORT);
13463  by NAME;
13464  run;

NOTE: There were 28 observations read from the data set EMWS4.REG11_VARIABLESET.
NOTE: The data set WORK.SUBSETVARSET has 28 observations and 2 variables.
NOTE: PROCEDURE SORT used (Total process time):
      real time           0.00 seconds
      cpu time            0.00 seconds
      

13465  data WORK.ASSESS_META;
13466  merge WORK.SUBSETINMETA WORK.SUBSETVARSET;
13467  by NAME;
13468  run;

NOTE: There were 31 observations read from the data set WORK.SUBSETINMETA.
NOTE: There were 28 observations read from the data set WORK.SUBSETVARSET.
NOTE: The data set WORK.ASSESS_META has 31 observations and 20 variables.
NOTE: DATA statement used (Total process time):
      real time           0.00 seconds
      cpu time            0.00 seconds
      

13469  data EM_temp_assessMeta;
13470  set EMWS4.Reg11_CMeta_TRAIN;
13471  where role in('DECISION', 'PREDICT', 'RESIDUAL', 'CLASSIFICATION', 'ASSESS', 'COST');
13472  run;

NOTE: There were 8 observations read from the data set EMWS4.REG11_CMETA_TRAIN.
      WHERE role in ('ASSESS', 'CLASSIFICATION', 'COST', 'DECISION', 'PREDICT', 'RESIDUAL');
NOTE: The data set WORK.EM_TEMP_ASSESSMETA has 8 observations and 21 variables.
NOTE: DATA statement used (Total process time):
      real time           0.01 seconds
      cpu time            0.01 seconds
      

13473  data EM_temp_assessdata;
13474  set EMWS4.Reg11_TRAIN(keep=
13475  F_TargetBuy
13476  I_TargetBuy
13477  P_TargetBuy0
13478  P_TargetBuy1
13479  R_TargetBuy0
13480  R_TargetBuy1
13481  U_TargetBuy
13482  _WARN_
13483  TargetBuy
13484  );
13485  run;

NOTE: There were 188 observations read from the data set EMWS4.PART11_TRAIN.
NOTE: View EMWS4.REG11_TRAIN.VIEW used (Total process time):
      real time           0.13 seconds
      cpu time            0.14 seconds
      
NOTE: There were 188 observations read from the data set EMWS4.IMPT10_TRAIN.
NOTE: There were 188 observations read from the data set EMWS4.REG11_TRAIN.
NOTE: The data set WORK.EM_TEMP_ASSESSDATA has 188 observations and 9 variables.
NOTE: DATA statement used (Total process time):
      real time           0.15 seconds
      cpu time            0.15 seconds
      
















17766  data EM_temp_assessMeta;
17767  set EMWS4.Reg11_CMeta_TRAIN;
17768  where role in('DECISION', 'PREDICT', 'RESIDUAL', 'CLASSIFICATION', 'ASSESS', 'COST');
17769  run;

NOTE: There were 8 observations read from the data set EMWS4.REG11_CMETA_TRAIN.
      WHERE role in ('ASSESS', 'CLASSIFICATION', 'COST', 'DECISION', 'PREDICT', 'RESIDUAL');
NOTE: The data set WORK.EM_TEMP_ASSESSMETA has 8 observations and 21 variables.
NOTE: DATA statement used (Total process time):
      real time           0.01 seconds
      cpu time            0.01 seconds
      

17770  data EM_temp_assessdata;
17771  set EMWS4.Reg11_VALIDATE(keep=
17772  F_TargetBuy
17773  I_TargetBuy
17774  P_TargetBuy0
17775  P_TargetBuy1
17776  R_TargetBuy0
17777  R_TargetBuy1
17778  U_TargetBuy
17779  _WARN_
17780  TargetBuy
17781  );
17782  run;

NOTE: There were 189 observations read from the data set EMWS4.PART11_VALIDATE.
NOTE: View EMWS4.REG11_VALIDATE.VIEW used (Total process time):
      real time           0.14 seconds
      cpu time            0.14 seconds
      
NOTE: There were 189 observations read from the data set EMWS4.IMPT10_VALIDATE.
NOTE: There were 189 observations read from the data set EMWS4.REG11_VALIDATE.
NOTE: The data set WORK.EM_TEMP_ASSESSDATA has 189 observations and 9 variables.
NOTE: DATA statement used (Total process time):
      real time           0.15 seconds
      cpu time            0.15 seconds
      
















22072  %let _cn = %sysfunc(getoption(CENTER));
22073  options nocenter;
22074  proc print data=EMWS4.Reg11_EMREPORTFIT noobs label;
22075  var STAT LABEL TRAIN
22076  VALIDATE
22077  ;
22078  by TARGET TARGETLABEL;
22079  title9 ' ';
22080  title10 "%sysfunc(sasmsg(sashelp.dmine, rpt_fitstat_title  , NOQUOTE))";
22081  run;

NOTE: There were 20 observations read from the data set EMWS4.REG11_EMREPORTFIT.
NOTE: The PROCEDURE PRINT printed page 6.
NOTE: PROCEDURE PRINT used (Total process time):
      real time           0.01 seconds
      cpu time            0.01 seconds
      

22082  title10;
22083  options &_cn;

22084  proc sort data=EMWS4.Reg11_EMCLASSIFICATION nothreads;
22085  by DATAROLE TARGET TARGETLABEL;
22086  run;

NOTE: There were 8 observations read from the data set EMWS4.REG11_EMCLASSIFICATION.
NOTE: The data set EMWS4.REG11_EMCLASSIFICATION has 8 observations and 12 variables.
NOTE: PROCEDURE SORT used (Total process time):
      real time           0.01 seconds
      cpu time            0.01 seconds
      

22087  %let _cn = %sysfunc(getoption(CENTER));
22088  options nocenter;
22089  proc print data=EMWS4.Reg11_EMCLASSIFICATION noobs label;
22090  var from into pct_row pct_col count percent
22091  ;
22092  by DATAROLE TARGET TARGETLABEL;
22093  label FROM = "%sysfunc(sasmsg(sashelp.dmine, rpt_target_vlabel ,     NOQUOTE))";
22094  label INTO = "%sysfunc(sasmsg(sashelp.dmine, rpt_outcome_vlabel ,    NOQUOTE))";
22095  label PCT_ROW = "%sysfunc(sasmsg(sashelp.dmine, rpt_targetpct_vlabel ,  NOQUOTE))";
22096  label PCT_COL = "%sysfunc(sasmsg(sashelp.dmine, rpt_outcomepct_vlabel , NOQUOTE))";
22097  label COUNT = "%sysfunc(sasmsg(sashelp.dmine, rpt_count_vlabel ,      NOQUOTE))";
22098  label PERCENT = "%sysfunc(sasmsg(sashelp.dmine, rpt_totalpct_vlabel ,   NOQUOTE))";
22099  where _TYPE_='PREDICTION';
22100  title9 ' ';
22101  title10 "%sysfunc(sasmsg(sashelp.dmine, rpt_classification_title    , NOQUOTE))";
22102  run;

NOTE: There were 8 observations read from the data set EMWS4.REG11_EMCLASSIFICATION.
      WHERE _TYPE_='PREDICTION';
NOTE: The PROCEDURE PRINT printed page 7.
NOTE: PROCEDURE PRINT used (Total process time):
      real time           0.06 seconds
      cpu time            0.06 seconds
      

22103  title9;
22104  title10;
22105  options &_cn;

22106  %let _cn = %sysfunc(getoption(CENTER));
22107  options nocenter;
22108  data EMWS4.Reg11_EMEVENTREPORT;
22109  length DATAROLE TARGET $32 TARGETLABEL $200 FALSENEVENT TRUENEVENT FALSEEVENT TRUEEVENT
22109! 8;
22110  label DATAROLE = "%sysfunc(sasmsg(sashelp.dmine, rpt_datarole_vlabel ,    NOQUOTE))"
22110! TARGET = "%sysfunc(sasmsg(sashelp.dmine, rpt_target_vlabel ,      NOQUOTE))" TARGETLABEL
22110!  = "%sysfunc(sasmsg(sashelp.dmine, meta_targetlabel_vlabel, NOQUOTE))" FALSEEVENT
22111  = "%sysfunc(sasmsg(sashelp.dmine, rpt_falseevent_vlabel ,  NOQUOTE))" FALSENEVENT =
22111! "%sysfunc(sasmsg(sashelp.dmine, rpt_falsenevent_vlabel , NOQUOTE))" TRUEEVENT =
22111! "%sysfunc(sasmsg(sashelp.dmine, rpt_trueevent_vlabel ,   NOQUOTE))" TRUENEVENT =
22112     "%sysfunc(sasmsg(sashelp.dmine, rpt_truenevent_vlabel ,  NOQUOTE))";
22113  FALSEEVENT=0;
22114  FALSENEVENT=0;
22115  TRUEEVENT=0;
22116  TRUENEVENT=0;
22117  set EMWS4.Reg11_EMEVENTREPORT;
22118  run;

NOTE: There were 2 observations read from the data set EMWS4.REG11_EMEVENTREPORT.
NOTE: The data set EMWS4.REG11_EMEVENTREPORT has 2 observations and 7 variables.
NOTE: DATA statement used (Total process time):
      real time           0.04 seconds
      cpu time            0.04 seconds
      

22119  proc print data=EMWS4.Reg11_EMEVENTREPORT noobs label;
22120  title9 ' ';
22121  title10 "%sysfunc(sasmsg(sashelp.dmine, rpt_eventtable_title    , NOQUOTE))";
22122  by notsorted DATAROLE notsorted TARGET notsorted TARGETLABEL;
22123  run;

NOTE: There were 2 observations read from the data set EMWS4.REG11_EMEVENTREPORT.
NOTE: The PROCEDURE PRINT printed page 8.
NOTE: PROCEDURE PRINT used (Total process time):
      real time           0.01 seconds
      cpu time            0.01 seconds
      

22124  title10;
22125  options &_cn;

22126  proc datasets library=EMWS4 nolist;
22127  modify Reg11_EMRANK;
22128  label target = "%sysfunc(sasmsg(sashelp.dmine, rpt_targetvar_vlabel ,   NOQUOTE))";
22129  label datarole = "%sysfunc(sasmsg(sashelp.dmine, rpt_datarole_vlabel ,    NOQUOTE))";
22130  run;

NOTE: MODIFY was successful for EMWS4.REG11_EMRANK.DATA.
22131  quit;

NOTE: PROCEDURE DATASETS used (Total process time):
      real time           0.09 seconds
      cpu time            0.09 seconds
      

22132  %let _cn = %sysfunc(getoption(CENTER));
22133  options nocenter;
22134  proc print data=EMWS4.Reg11_EMRANK label noobs;
22135  var
22136  decile gain lift liftc resp respc N _meanP_;
22137  by
22138  notsorted DATAROLE
22139  notsorted TARGET
22140  notsorted TARGETLABEL
22141  ;
22142  title9 ' ';
22143  title10 "%sysfunc(sasmsg(sashelp.dmine, rpt_scoreranking_title , NOQUOTE))";
22144  run;

NOTE: There were 40 observations read from the data set EMWS4.REG11_EMRANK.
NOTE: The PROCEDURE PRINT printed page 9.
NOTE: PROCEDURE PRINT used (Total process time):
      real time           0.01 seconds
      cpu time            0.01 seconds
      

22145  title10;
22146  options &_cn;

22147  proc datasets library=EMWS4 nolist;
22148  modify Reg11_EMSCOREDIST;
22149  label target = "%sysfunc(sasmsg(sashelp.dmine, rpt_targetvar_vlabel ,      NOQUOTE))";
22150  label datarole = "%sysfunc(sasmsg(sashelp.dmine, rpt_datarole_vlabel ,    NOQUOTE))";
22151  run;

NOTE: MODIFY was successful for EMWS4.REG11_EMSCOREDIST.DATA.
22152  quit;

NOTE: PROCEDURE DATASETS used (Total process time):
      real time           0.10 seconds
      cpu time            0.11 seconds
      

