*------------------------------------------------------------*
* Score Log
Date:                May 09, 2018
Time:                16:13:17
*------------------------------------------------------------*
11798  filename emflow "D:\Nida\Data mining\datamining\BOGO\Workspaces\EMWS4\Reg11\EMFLOWSCORE.sas";
11799  *------------------------------------------------------------*;
11800  * Reg11: Scoring DATA data;
11801  *------------------------------------------------------------*;
11802  data EMWS4.Reg11_TRAIN
11803  / view=EMWS4.Reg11_TRAIN
11804  ;
11805  set EMWS4.Impt10_TRAIN
11806  ;
11807  %inc emflow;
12406  run;

NOTE: DATA STEP view saved on file EMWS4.REG11_TRAIN.
NOTE: A stored DATA STEP view cannot run under a different operating system.
NOTE: View EMWS4.IMPT10_TRAIN.VIEW used (Total process time):
      real time           0.12 seconds
      cpu time            0.11 seconds
      
NOTE: DATA statement used (Total process time):
      real time           0.13 seconds
      cpu time            0.12 seconds
      

12407  quit;
12408  filename emflow;
NOTE: Fileref EMFLOW has been deassigned.

12409  filename emflow "D:\Nida\Data mining\datamining\BOGO\Workspaces\EMWS4\Reg11\EMFLOWSCORE.sas";
12410  *------------------------------------------------------------*;
12411  * Reg11: Scoring VALIDATE data;
12412  *------------------------------------------------------------*;
12413  data EMWS4.Reg11_VALIDATE
12414  / view=EMWS4.Reg11_VALIDATE
12415  ;
12416  set EMWS4.Impt10_VALIDATE
12417  ;
12418  %inc emflow;
13017  run;

NOTE: DATA STEP view saved on file EMWS4.REG11_VALIDATE.
NOTE: A stored DATA STEP view cannot run under a different operating system.
NOTE: View EMWS4.IMPT10_VALIDATE.VIEW used (Total process time):
      real time           0.09 seconds
      cpu time            0.09 seconds
      
NOTE: DATA statement used (Total process time):
      real time           0.11 seconds
      cpu time            0.11 seconds
      

13018  quit;
13019  filename emflow;
NOTE: Fileref EMFLOW has been deassigned.

13020  *------------------------------------------------------------*;
13021  * Reg11: Computing metadata for TRAIN data;
13022  *------------------------------------------------------------*;

NOTE: View EMWS4.REG11_TRAIN.VIEW used (Total process time):
      real time           0.09 seconds
      cpu time            0.09 seconds
      
13375  data WORK.MODELTEMP_INFO;
13376  set EMWS4.Reg11_EMINFO;
13377  where DATA='Reg11' and KEY ^in('DECDATA', 'DECMETA', 'IMPORTANCE', 'MODEL');
13378  run;

NOTE: There were 0 observations read from the data set EMWS4.REG11_EMINFO.
      WHERE (DATA='Reg11') and KEY not in ('DECDATA', 'DECMETA', 'IMPORTANCE', 'MODEL');
NOTE: The data set WORK.MODELTEMP_INFO has 0 observations and 3 variables.
NOTE: DATA statement used (Total process time):
      real time           0.01 seconds
      cpu time            0.01 seconds
      

13379  data EMWS4.Reg11_EMINFO;
13380  length TARGET KEY $32 DATA $43;
13381  input TARGET KEY DATA $;
13382  cards;

NOTE: The data set EMWS4.REG11_EMINFO has 3 observations and 3 variables.
NOTE: DATA statement used (Total process time):
      real time           0.01 seconds
      cpu time            0.01 seconds
      

13386  run;
13387  data EMWS4.Reg11_EMINFO;
13388  set EMWS4.Reg11_EMINFO WORK.MODELTEMP_INFO;
13389  run;

NOTE: There were 3 observations read from the data set EMWS4.REG11_EMINFO.
NOTE: There were 0 observations read from the data set WORK.MODELTEMP_INFO.
NOTE: The data set EMWS4.REG11_EMINFO has 3 observations and 3 variables.
NOTE: DATA statement used (Total process time):
      real time           0.01 seconds
      cpu time            0.01 seconds
      

13390  proc sort data = EMWS4.Reg11_EMINFO NOTHREADS;
13391  by TARGET KEY;
13392  run;

NOTE: There were 3 observations read from the data set EMWS4.REG11_EMINFO.
NOTE: The data set EMWS4.REG11_EMINFO has 3 observations and 3 variables.
NOTE: PROCEDURE SORT used (Total process time):
      real time           0.01 seconds
      cpu time            0.01 seconds
      

13393  proc sort data = EMWS4.Ids_EMINFO OUT=WORK.SORTEDEMINFO NOTHREADS;
13394  by TARGET KEY;
13395  run;

NOTE: There were 3 observations read from the data set EMWS4.IDS_EMINFO.
NOTE: The data set WORK.SORTEDEMINFO has 3 observations and 3 variables.
NOTE: PROCEDURE SORT used (Total process time):
      real time           0.01 seconds
      cpu time            0.00 seconds
      

13396  proc sort data = EMWS4.Reg11_EMINFO OUT=WORK.TEMP_INFO NOTHREADS;
13397  by TARGET KEY;
13398  run;

NOTE: Input data set is already sorted; it has been copied to the output data set.
NOTE: There were 3 observations read from the data set EMWS4.REG11_EMINFO.
NOTE: The data set WORK.TEMP_INFO has 3 observations and 3 variables.
NOTE: PROCEDURE SORT used (Total process time):
      real time           0.01 seconds
      cpu time            0.01 seconds
      

13399  data EMWS4.Reg11_EMINFO;
13400  merge WORK.SORTEDEMINFO WORK.TEMP_INFO;
13401  by TARGET KEY;
13402  run;

NOTE: There were 3 observations read from the data set WORK.SORTEDEMINFO.
NOTE: There were 3 observations read from the data set WORK.TEMP_INFO.
NOTE: The data set EMWS4.REG11_EMINFO has 4 observations and 3 variables.
NOTE: DATA statement used (Total process time):
      real time           0.01 seconds
      cpu time            0.01 seconds
      

13403  proc datasets lib=work nolist;
13404  delete TEMP_INFO SORTEDEMINFO;
13405  run;

NOTE: Deleting WORK.TEMP_INFO (memtype=DATA).
NOTE: Deleting WORK.SORTEDEMINFO (memtype=DATA).
13406  quit;

NOTE: PROCEDURE DATASETS used (Total process time):
      real time           0.03 seconds
      cpu time            0.03 seconds
      

NOTE: View EMWS4.REG11_TRAIN.VIEW used (Total process time):
      real time           0.09 seconds
      cpu time            0.09 seconds
      
NOTE: View EMWS4.REG11_VALIDATE.VIEW used (Total process time):
      real time           0.09 seconds
      cpu time            0.09 seconds
      
