*------------------------------------------------------------*
* Training Log
Date:                May 09, 2018
Time:                16:13:14
*------------------------------------------------------------*
11405  proc freq data=EMWS4.Reg11_VariableSet noprint;
11406  table ROLE*LEVEL/out=WORK.Reg11META;
11407  run;

NOTE: There were 28 observations read from the data set EMWS4.REG11_VARIABLESET.
NOTE: The data set WORK.REG11META has 6 observations and 4 variables.
NOTE: PROCEDURE FREQ used (Total process time):
      real time           0.06 seconds
      cpu time            0.06 seconds
      

11408  proc print data=WORK.Reg11META label noobs;
11409  var ROLE LEVEL COUNT;
11410  label ROLE = "%sysfunc(sasmsg(sashelp.dmine, meta_role_vlabel, NOQUOTE))" LEVEL = "%sysfunc(sasmsg(sashelp.dmine, meta_level_vlabel, NOQUOTE))" COUNT = "%sysfunc(sasmsg(sashelp.dmine, rpt_count_vlabel, NOQUOTE))";
11411  title9 ' ';
11412  title10 "%sysfunc(sasmsg(sashelp.dmine, rpt_varSummary_title  , NOQUOTE))";
11413  run;

NOTE: There were 6 observations read from the data set WORK.REG11META.
NOTE: The PROCEDURE PRINT printed page 1.
NOTE: PROCEDURE PRINT used (Total process time):
      real time           0.04 seconds
      cpu time            0.04 seconds
      

11414  title10;

11415  %let EMNORLEN = %DMNORLEN;
EMWS4.Impt10_TRAIN EMWS4.Impt10_TRAIN 
EMWS4.Impt10_TRAIN EMWS4.Impt10_TRAIN EMWS4 Impt10_TRAIN 
EMWS4.Impt10_TRAIN EMWS4.Impt10_TRAIN 
EMWS4.Impt10_TRAIN EMWS4.Impt10_TRAIN EMWS4 Impt10_TRAIN 
Executing  SASHELP.EMCORE.EMINFOITERATOR.SCL _INIT >> 
Executing  SASHELP.EMCORE.EMINFOITERATOR.SCL setMetaData >> 
Executing  SASHELP.EMCORE.EMINFOITERATOR.SCL next >> 
Executing  SASHELP.EMCORE.EMINFOITERATOR.SCL next >> 
Executing  SASHELP.EMCORE.EMINFOITERATOR.SCL setMetaData >> 
Executing  SASHELP.EMCORE.EMINFOITERATOR.SCL next >> 
Executing  SASHELP.EMCORE.EMINFOITERATOR.SCL next >> 
Executing  SASHELP.EMCORE.EMINFOITERATOR.SCL _term >> 
11444  data WORK.Reg11_EVENT(KEEP=VARIABLE LABEL LEVEL EVENT NUMLEVELS ORDER);
11445  length ORDER $20;
11446  label VARIABLE = "%sysfunc(sasmsg(sashelp.dmine, rpt_target_vlabel,  NOQUOTE))" EVENT = "%sysfunc(sasmsg(sashelp.dmine, assmt_event_vlabel, NOQUOTE))" NUMLEVELS = "%sysfunc(sasmsg(sashelp.dmine, rpt_numcat_vlabel, NOQUOTE))" LEVEL =
11447     "%sysfunc(sasmsg(sashelp.dmine, meta_level_vlabel, NOQUOTE))" ORDER = "%sysfunc(sasmsg(sashelp.dmine, meta_order_vlabel, NOQUOTE))" LABEL = "%sysfunc(sasmsg(sashelp.dmine, meta_label_vlabel, NOQUOTE))";
11448  set EMWS4.IDS_TARGETBUY_DM( where=(_TYPE_="TARGET"));
11449  NumLevels=2;
11450  select(upcase(ORDER));
11451  when('DESC') ORDER = 'Descending';
11452  when('ASC') ORDER = 'Ascending';
11453  when('FMTDESC') ORDER = 'Formatted Descending';
11454  when('FMTASC') ORDER = 'Formatted Ascending';
11455  otherwise ORDER = 'Descending';
11456  end;
11457  output;
11458  run;

NOTE: There were 1 observations read from the data set EMWS4.IDS_TARGETBUY_DM.
      WHERE _TYPE_='TARGET';
NOTE: The data set WORK.REG11_EVENT has 1 observations and 6 variables.
NOTE: DATA statement used (Total process time):
      real time           0.03 seconds
      cpu time            0.04 seconds
      

11459  title9 ' ';
11460  proc print data=WORK.Reg11_EVENT noobs label;
11461  var VARIABLE EVENT LEVEL NUMLEVELS ORDER LABEL;
11462  title9 ' ';
11463  title10 "%sysfunc(sasmsg(sashelp.dmine, rpt_modelEvent_title  , NOQUOTE))";
11464  run;

NOTE: There were 1 observations read from the data set WORK.REG11_EVENT.
NOTE: The PROCEDURE PRINT printed page 2.
NOTE: PROCEDURE PRINT used (Total process time):
      real time           0.00 seconds
      cpu time            0.00 seconds
      

11465  title10;

"No decisions defined for target "TargetBuy"." 
11466  proc print data = EMWS4.Ids_TargetBuy_DM noobs label;
11467  var _type_ variable label;
11468  where _type_ ^in('MATRIX', 'DECISION', 'TRAINPRIOR', 'DATAPRIOR', 'DECPRIOR');
11469  label _TYPE_ = "%sysfunc(sasmsg(sashelp.dmine, rpt_type_vlabel,     NOQUOTE))" VARIABLE = "%sysfunc(sasmsg(sashelp.dmine, rpt_variable_vlabel, NOQUOTE))" LABEL = "%sysfunc(sasmsg(sashelp.dmine, meta_label_vlabel, NOQUOTE))";
11470  title9 ' ';
11471  title10 "%sysfunc(sasmsg(sashelp.dmine, rpt_predDecVars_title  , NOQUOTE))";
11472  run;

NOTE: There were 7 observations read from the data set EMWS4.IDS_TARGETBUY_DM.
      WHERE _type_ not in ('DATAPRIOR', 'DECISION', 'DECPRIOR', 'MATRIX', 'TRAINPRIOR');
NOTE: The PROCEDURE PRINT printed page 3.
NOTE: PROCEDURE PRINT used (Total process time):
      real time           0.01 seconds
      cpu time            0.01 seconds
      

11473  title10;

11483  data WORK.M2L41R79;
11484  set WORK.M2L41R79 end=eof;
11485  output;
11486  if eof then do;
11487  NAME="";
11488  ROLE="COST";
11489  LEVEL="INTERVAL";
11490  TYPE="N";
11491  output;
11492  end;
11493  run;

NOTE: There were 19 observations read from the data set WORK.M2L41R79.
NOTE: The data set WORK.M2L41R79 has 20 observations and 21 variables.
NOTE: DATA statement used (Total process time):
      real time           0.01 seconds
      cpu time            0.01 seconds
      

NOTE: There were 2 observations read from the data set EMWS4.IDS_TARGETBUY_DD.
NOTE: The data set WORK.TARGETBUY has 2 observations and 7 variables.
NOTE: There were 2 observations read from the data set EMWS4.IDS_TARGETBUY_DD.
NOTE: The data set WORK.TARGETBUY has 2 observations and 7 variables.
11494  *------------------------------------------------------------*;
11495  * Reg11: Create decision matrix;
11496  *------------------------------------------------------------*;
11497  data WORK.TargetBuy;
11498    length   TargetBuy                        $  32
11499             COUNT                                8
11500             DATAPRIOR                            8
11501             TRAINPRIOR                           8
11502             DECPRIOR                             8
11503             DECISION1                            8
11504             DECISION2                            8
11505             ;
11506  
11507    label    COUNT="Level Counts"
11508             DATAPRIOR="Data Proportions"
11509             TRAINPRIOR="Training Proportions"
11510             DECPRIOR="Decision Priors"
11511             DECISION1="1"
11512             DECISION2="0"
11513             ;
11514    format   COUNT 10.
11515             ;
11516  TargetBuy="1"; COUNT=5799; DATAPRIOR=0.2521304347826; TRAINPRIOR=0.2521304347826; DECPRIOR=.; DECISION1=1; DECISION2=0;
11517  output;
11518  TargetBuy="0"; COUNT=17201; DATAPRIOR=0.74786956521739; TRAINPRIOR=0.74786956521739; DECPRIOR=.; DECISION1=0; DECISION2=1;
11519  output;
11520  ;
11521  run;

NOTE: The data set WORK.TARGETBUY has 2 observations and 7 variables.
NOTE: DATA statement used (Total process time):
      real time           0.01 seconds
      cpu time            0.01 seconds
      

11522  proc datasets lib=work nolist;
11523  modify TargetBuy(type=PROFIT label=TargetBuy);
11524  label DECISION1= '1';
11525  label DECISION2= '0';
11526  run;

NOTE: MODIFY was successful for WORK.TARGETBUY.DATA.
11527  quit;

NOTE: PROCEDURE DATASETS used (Total process time):
      real time           0.01 seconds
      cpu time            0.01 seconds
      

11528  data EM_DMREG / view=EM_DMREG;
11529  set EMWS4.Impt10_TRAIN(keep=
11530  AffluenceGrade CampaignViewedEmail CleanserProducts DayCareProducts
11531  FacebookLike LotionProducts LoyaltyClass MobileApplications NightRepairProducts
11532  PreviousCampaign REP_AdvertisementZone REP_Age REP_ClusterGroup REP_Gender
11533  REP_LoyaltyTime REP_Region TargetBuy TimeSinceLastPurchase TotalSpend );
11534  run;

NOTE: DATA STEP view saved on file WORK.EM_DMREG.
NOTE: A stored DATA STEP view cannot run under a different operating system.
NOTE: View EMWS4.IMPT10_TRAIN.VIEW used (Total process time):
      real time           0.07 seconds
      cpu time            0.07 seconds
      
NOTE: DATA statement used (Total process time):
      real time           0.07 seconds
      cpu time            0.07 seconds
      

11535  *------------------------------------------------------------* ;
11536  * Reg11: DMDBClass Macro ;
11537  *------------------------------------------------------------* ;
11538  %macro DMDBClass;
11539      CampaignViewedEmail(ASC) FacebookLike(ASC) LoyaltyClass(ASC)
11540     MobileApplications(ASC) PreviousCampaign(ASC) REP_AdvertisementZone(ASC)
11541     REP_ClusterGroup(ASC) REP_Gender(ASC) REP_Region(ASC) TargetBuy(DESC)
11542  %mend DMDBClass;
11543  *------------------------------------------------------------* ;
11544  * Reg11: DMDBVar Macro ;
11545  *------------------------------------------------------------* ;
11546  %macro DMDBVar;
11547      AffluenceGrade CleanserProducts DayCareProducts LotionProducts
11548     NightRepairProducts REP_Age REP_LoyaltyTime TimeSinceLastPurchase TotalSpend
11549  %mend DMDBVar;
11550  *------------------------------------------------------------*;
11551  * Reg11: Create DMDB;
11552  *------------------------------------------------------------*;
11553  proc dmdb batch data=WORK.EM_DMREG
11554  dmdbcat=WORK.Reg11_DMDB
11555  maxlevel = 513
11556  ;
11557  class %DMDBClass;
11558  var %DMDBVar;
11559  target
11560  TargetBuy
11561  ;
11562  run;

NOTE: Records processed = 188   Memory used = 511K.
NOTE: There were 188 observations read from the data set EMWS4.PART11_TRAIN.
NOTE: View WORK.EM_DMREG.VIEW used (Total process time):
      real time           0.12 seconds
      cpu time            0.11 seconds
      
NOTE: There were 188 observations read from the data set EMWS4.IMPT10_TRAIN.
NOTE: There were 188 observations read from the data set WORK.EM_DMREG.
NOTE: PROCEDURE DMDB used (Total process time):
      real time           0.14 seconds
      cpu time            0.12 seconds
      

11563  quit;
11564  *--- end code ---*;

11565  *------------------------------------------------------------*;
11566  * Reg11: Run DMREG procedure;
11567  *------------------------------------------------------------*;
11568  proc dmreg data=EM_DMREG dmdbcat=WORK.Reg11_DMDB
11569  validata = EMWS4.Impt10_VALIDATE
11570  outest = EMWS4.Reg11_EMESTIMATE
11571  outterms = EMWS4.Reg11_OUTTERMS
11572  outmap= EMWS4.Reg11_MAPDS namelen=200
11573  ;
11574  class
11575  TargetBuy
11576  CampaignViewedEmail
11577  FacebookLike
11578  LoyaltyClass
11579  MobileApplications
11580  PreviousCampaign
11581  REP_AdvertisementZone
11582  REP_ClusterGroup
11583  REP_Gender
11584  REP_Region
11585  ;
11586  model TargetBuy =
11587  AffluenceGrade
11588  CampaignViewedEmail
11589  CleanserProducts
11590  DayCareProducts
11591  FacebookLike
11592  LotionProducts
11593  LoyaltyClass
11594  MobileApplications
11595  NightRepairProducts
11596  PreviousCampaign
11597  REP_AdvertisementZone
11598  REP_Age
11599  REP_ClusterGroup
11600  REP_Gender
11601  REP_LoyaltyTime
11602  REP_Region
11603  TimeSinceLastPurchase
11604  TotalSpend
11605  /error=binomial link=LOGIT
11606  coding=DEVIATION
11607  nodesignprint
11608  ;
11609  ;
11610  code file="D:\Nida\Data mining\datamining\BOGO\Workspaces\EMWS4\Reg11\EMPUBLISHSCORE.sas"
11611  group=Reg11
11612  ;
11613  code file="D:\Nida\Data mining\datamining\BOGO\Workspaces\EMWS4\Reg11\EMFLOWSCORE.sas"
11614  group=Reg11
11615  residual
11616  ;
11617  run;


NOTE: PROC DMREG is modeling the probability that TargetBuy='1'.
NOTE: Convergence criterion (GCONV=1E-6) satisfied.
NOTE: External file D:\Nida\Data mining\datamining\BOGO\Workspaces\EMWS4\Reg11\EMPUBLISHSCORE.sas opened.
NOTE: External file D:\Nida\Data mining\datamining\BOGO\Workspaces\EMWS4\Reg11\EMFLOWSCORE.sas opened.
NOTE: View EMWS4.IMPT10_VALIDATE.VIEW used (Total process time):
      real time           0.28 seconds
      cpu time            0.28 seconds
      
NOTE: There were 189 observations read from the data set EMWS4.PART11_VALIDATE.
NOTE: There were 188 observations read from the data set EMWS4.PART11_TRAIN.
NOTE: View WORK.EM_DMREG.VIEW used (Total process time):
      real time           0.37 seconds
      cpu time            0.37 seconds
      
NOTE: There were 188 observations read from the data set EMWS4.IMPT10_TRAIN.
NOTE: There were 188 observations read from the data set WORK.EM_DMREG.
NOTE: There were 189 observations read from the data set EMWS4.IMPT10_VALIDATE.
NOTE: The data set EMWS4.REG11_EMESTIMATE has 3 observations and 76 variables.
NOTE: The data set EMWS4.REG11_OUTTERMS has 42 observations and 6 variables.
NOTE: The data set EMWS4.REG11_MAPDS has 2 observations and 43 variables.
NOTE: The PROCEDURE DMREG printed pages 4-5.
NOTE: PROCEDURE DMREG used (Total process time):
      real time           0.43 seconds
      cpu time            0.43 seconds
      

11618  quit;

11619  proc datasets lib=WORK nolist;
11620  delete Reg11_DMDB;
11621  run;

NOTE: The file WORK.REG11_DMDB (memtype=DATA) was not found, but appears on a DELETE statement.
11622  quit;

NOTE: PROCEDURE DATASETS used (Total process time):
      real time           0.00 seconds
      cpu time            0.00 seconds
      

11623  proc datasets lib=WORK nolist;
11624  delete Reg11_DMDB / memtype=catalog;
11625  run;

NOTE: Deleting WORK.REG11_DMDB (memtype=CATALOG).
11626  quit;

NOTE: PROCEDURE DATASETS used (Total process time):
      real time           0.01 seconds
      cpu time            0.01 seconds
      

11627  data WORK.ESTIMATE;
11628  length _NAME_ $32;
11629  set EMWS4.Reg11_EMESTIMATE;
11630  drop _AIC_--_VMISC_
11631  ;
11632  where _TYPE_ in('PARMS', 'T', 'P');
11633  select(_TYPE_);
11634  when('PARMS') _NAME_='Coefficient';
11635  when('T') _NAME_='tValue';
11636  when('P') _NAME_='PValue';
11637  otherwise;
11638  end;
11639  run;

NOTE: There were 3 observations read from the data set EMWS4.REG11_EMESTIMATE.
      WHERE _TYPE_ in ('P', 'PARMS', 'T');
NOTE: The data set WORK.ESTIMATE has 3 observations and 44 variables.
NOTE: DATA statement used (Total process time):
      real time           0.01 seconds
      cpu time            0.01 seconds
      

11640  proc transpose data=WORK.ESTIMATE out=WORK.ESTIMATE(rename=(_NAME_=Effect));
11641  run;

NOTE: There were 3 observations read from the data set WORK.ESTIMATE.
NOTE: The data set WORK.ESTIMATE has 42 observations and 5 variables.
NOTE: PROCEDURE TRANSPOSE used (Total process time):
      real time           0.01 seconds
      cpu time            0.00 seconds
      

11642  proc transpose data=EMWS4.Reg11_MAPDS out=WORK.MAP(rename=(_NAME_=Effect INPUT=Variable
11643  ));
11644  var 'AffluenceGrade'n--'TotalSpend'n;
11645  run;

NOTE: There were 2 observations read from the data set EMWS4.REG11_MAPDS.
NOTE: The data set WORK.MAP has 41 observations and 4 variables.
NOTE: PROCEDURE TRANSPOSE used (Total process time):
      real time           0.03 seconds
      cpu time            0.03 seconds
      

11646  proc sort data=WORK.MAP;
11647  by Effect;
11648  run;

NOTE: There were 41 observations read from the data set WORK.MAP.
NOTE: The data set WORK.MAP has 41 observations and 4 variables.
NOTE: PROCEDURE SORT used (Total process time):
      real time           0.00 seconds
      cpu time            0.00 seconds
      

11649  proc sort data=WORK.ESTIMATE;
11650  by Effect;
11651  run;

NOTE: There were 42 observations read from the data set WORK.ESTIMATE.
NOTE: The data set WORK.ESTIMATE has 42 observations and 5 variables.
NOTE: PROCEDURE SORT used (Total process time):
      real time           0.00 seconds
      cpu time            0.00 seconds
      

11652  data EMWS4.Reg11_EFFECTS(rename=(_LABEL_=EffectLabel));
11653  length Variable ClassLevel $32;
11654  merge WORK.ESTIMATE WORK.MAP;
11655  by Effect;
11656  label Effect = "%sysfunc(sasmsg(sashelp.dmine, rpt_effect_vlabel, NOQUOTE))" Variable = "%sysfunc(sasmsg(sashelp.dmine, rpt_variable_vlabel, NOQUOTE))" Sign = "%sysfunc(sasmsg(sashelp.dmine, rpt_sign_vlabel, NOQUOTE))" ClassLevel =
11657     "%sysfunc(sasmsg(sashelp.dmine, rpt_level_vlabel, NOQUOTE))" Abscoefficient = "%sysfunc(sasmsg(sashelp.dmine, rpt_abscoefficient_vlabel, NOQUOTE))" Coefficient = "%sysfunc(sasmsg(sashelp.dmine, rpt_coefficient_vlabel, NOQUOTE))" _LABEL_ =
11658     "%sysfunc(sasmsg(sashelp.dmine, rpt_effectLabel_vlabel, NOQUOTE))" CODE = "%sysfunc(sasmsg(sashelp.dmine, rpt_scorecodevar_vlabel, NOQUOTE))";
11659  label tvalue = "%sysfunc(sasmsg(sashelp.dmine, rpt_tvalue_vlabel,         NOQUOTE))" abstvalue = "%sysfunc(sasmsg(sashelp.dmine, rpt_absoluteTvalue_vlabel, NOQUOTE))" PValue = "%sysfunc(sasmsg(sashelp.dmine, rpt_pvalue_vlabel,         NOQUOTE))";
11660  abstvalue = abs(tValue);
11661  if index(Effect, 'Intercept') then do;
11662  variable = 'Intercept';
11663  classLevel = scan(_LABEL_, 2, '=');
11664  end;
11665  if ^indexc(variable, '*') then do;
11666  if length(effect)>length(variable) then classlevel = substr(Effect, length(variable)+1);
11667  end;
11668  if Effect eq '' then Effect = Variable;
11669  if coefficient < 0 then sign = '-';
11670  else sign = '+';
11671  abscoefficient = abs(coefficient);
11672  if _LABEL_ = '' then _LABEL_ = Effect;
11673  if coefficient ne . then output;
11674  run;

NOTE: Missing values were generated as a result of performing an operation on missing values.
      Each place is given by: (Number of times) at (Line):(Column).
      5 at 11660:13   
NOTE: There were 42 observations read from the data set WORK.ESTIMATE.
NOTE: There were 41 observations read from the data set WORK.MAP.
NOTE: The data set EMWS4.REG11_EFFECTS has 42 observations and 11 variables.
NOTE: DATA statement used (Total process time):
      real time           0.06 seconds
      cpu time            0.04 seconds
      

11675  proc sort data =EMWS4.Reg11_EFFECTS;
11676  by
11677  descending abstvalue;
11678  run;

NOTE: There were 42 observations read from the data set EMWS4.REG11_EFFECTS.
NOTE: The data set EMWS4.REG11_EFFECTS has 42 observations and 11 variables.
NOTE: PROCEDURE SORT used (Total process time):
      real time           0.01 seconds
      cpu time            0.01 seconds
      

11679  data EMWS4.Reg11_EFFECTS;
11680  set EMWS4.Reg11_EFFECTS;
11681  format TEffectNum 3.;
11682  label TEffectNum = "%sysfunc(sasmsg(sashelp.dmine, rpt_teffectnum_vlabel, NOQUOTE))";
11683  retain TEffectNum;
11684  TEffectNum = _N_;
11685  run;

NOTE: There were 42 observations read from the data set EMWS4.REG11_EFFECTS.
NOTE: The data set EMWS4.REG11_EFFECTS has 42 observations and 12 variables.
NOTE: DATA statement used (Total process time):
      real time           0.00 seconds
      cpu time            0.00 seconds
      

11686  proc sort data =EMWS4.Reg11_EFFECTS;
11687  by
11688  descending absCoefficient;
11689  run;

NOTE: There were 42 observations read from the data set EMWS4.REG11_EFFECTS.
NOTE: The data set EMWS4.REG11_EFFECTS has 42 observations and 12 variables.
NOTE: PROCEDURE SORT used (Total process time):
      real time           0.00 seconds
      cpu time            0.00 seconds
      

11690  data EMWS4.Reg11_EFFECTS;
11691  set EMWS4.Reg11_EFFECTS;
11692  format EffectNum 3.;
11693  label EffectNum = "%sysfunc(sasmsg(sashelp.dmine, rpt_effectnum_vlabel, NOQUOTE))";
11694  retain EffectNum;
11695  EffectNum = _N_;
11696  run;

NOTE: There were 42 observations read from the data set EMWS4.REG11_EFFECTS.
NOTE: The data set EMWS4.REG11_EFFECTS has 42 observations and 13 variables.
NOTE: DATA statement used (Total process time):
      real time           0.01 seconds
      cpu time            0.01 seconds
      

