*------------------------------------------------------------*
* Report Log
Date:                May 09, 2018
Time:                14:44:00
*------------------------------------------------------------*
17517  %let EMEXCEPTIONSTRING=;
17518  *------------------------------------------------------------*;
17519  * REPORT: Prof;
17520  *------------------------------------------------------------*;
17521  %let EM_ACTION = REPORT;
17522  %let syscc = 0;
17523  %macro main;
17524     %if %sysfunc(indexw(&EM_DEBUG, _ALL_)) or %sysfunc(indexw(&EM_DEBUG, SOURCE)) %then %do;
17525         options MPRINT;
17526     %end;
17527  
17528     filename temp catalog 'sashelp.emexpl.profile_macros.source';
17529     %include temp;
17530     filename temp;
17531  
17532     /* Initialize property macro variables */
17533     %SetProperties;
17534  
17535     %if %upcase(&EM_ACTION) = CREATE %then %do;
17536  
17537         filename temp catalog 'sashelp.emexpl.profile_create.source';
17538         %include temp;
17539         filename temp;
17540         %create;
17541     %end;
17542     %else
17543     %if %upcase(&EM_ACTION) = TRAIN %then %do;
17544  
17545         filename temp catalog 'sashelp.emexpl.profile_train.source';
17546         %include temp;
17547         filename temp;
17548         %train;
17549     %end;
17550  %mend main;
17551  
17552  %main;
NOTE: %INCLUDE (level 1) file TEMP is file SASHELP.EMEXPL.PROFILE_MACROS.SOURCE.
17553 +%macro SetProperties;
17554 +   %em_checkmacro(name=EM_PROPERTY_PROFILEALL,         global=Y, value=N);
17555 +   %em_checkmacro(name=EM_PROPERTY_USEREPORTVARS,      global=Y, value=Y);
17556 +   %em_checkmacro(name=EM_PROPERTY_OTHERPERCENTCUTOFF, global=Y, value=95);
17557 +   %em_checkmacro(name=EM_PROPERTY_TARGETROLE,         global=Y, value=NONE);
17558 +   %em_checkmacro(name=EM_PROPERTY_NUMHISTBARS,        global=Y, value=8);
17559 +   %em_checkmacro(name=EM_PROPERTY_MINWORTH,           global=Y, value=0.01);
17560 +   %em_checkmacro(name=EM_PROPERTY_MAXDEPTH,           global=Y, value=1);
17561 +   %em_checkmacro(name=EM_PROPERTY_MAXNUMREPORT,       global=Y, value=10);
17562 +   %em_checkmacro(name=EM_PROPERTY_MAXNUMINPUT,        global=Y, value=10);
17563 +   %em_checkmacro(name=EM_PROPERTY_PRINTWORTH,         global=Y, value=Y);
17564 +%mend SetProperties;
17565 +
17566 +
17567 +%macro makeVarMacros(level= );
17568 +
17569 +    %let numvars = 0;
17570 +    %let where   = '';
17571 +
17572 +    %if (%upcase(&EM_PROPERTY_TARGETROLE) eq INPUT) %then
17573 +        %let where = (ROLE = 'REJECTED' and LEVEL="&level" and USE='Y') or (ROLE in('INPUT', 'TARGET') and LEVEL="&level"  and USE in('Y', 'D'));
17574 +    %else
17575 +        %let where = (ROLE = 'REJECTED' and LEVEL="&level" and USE='Y') or (ROLE ='INPUT' and LEVEL="&level" and USE in('Y', 'D'));
17576 +
17577 +    %if &level = INTERVAL %then %do;
17578 +        %let numvars = %eval( &EM_NUM_INTERVAL_INPUT + &EM_NUM_INTERVAL_REJECTED);
17579 +        %if (%upcase(&EM_PROPERTY_TARGETROLE) eq INPUT) %then
17580 +             %let numvars = %eval(&numvars + &EM_NUM_INTERVAL_TARGET);
17581 +    %end;
17582 +    %else %do;
17583 +        %if &level = NOMINAL %then %do;
17584 +            %let numvars = %eval(&EM_NUM_BINARY_INPUT + &EM_NUM_NOMINAL_INPUT +  &EM_NUM_BINARY_REJECTED + &EM_NUM_NOMINAL_REJECTED);
17585 +             %if (%upcase(&EM_PROPERTY_TARGETROLE) eq INPUT) %then %do;
17586 +                 %let numvars = %eval(&numvars + &EM_NUM_BINARY_TARGET + &EM_NUM_NOMINAL_TARGET);
17587 +                 %let where = (ROLE = 'REJECTED' and LEVEL in('NOMINAL', 'BINARY') and USE='Y') or (ROLE in('INPUT', 'TARGET') and LEVEL in('NOMINAL', 'BINARY') and USE in('Y', 'D'));
17588 +             %end;
17589 +             %else
17590 +                 %let where = (ROLE = 'REJECTED' and LEVEL in('NOMINAL', 'BINARY') and USE='Y') or (ROLE ='INPUT' and LEVEL in("NOMINAL", "BINARY") and USE in('Y', 'D'));
17591 +
17592 +        %end;
17593 +        %else %do;
17594 +            %let numvars = %eval(&EM_NUM_ORDINAL_INPUT + &EM_NUM_ORDINAL_REJECTED);
17595 +            %if (%upcase(&EM_PROPERTY_TARGETROLE) eq INPUT) %then
17596 +                %let numvars = %eval(&numvars + &EM_NUM_ORDINAL_TARGET);
17597 +        %end;
17598 +    %end;
17599 +
17600 +    %if &numvars>0 %then %do;
17601 +         %let numloop = %sysfunc(ceil(&numvars/10000));
17602 +         %let loopcount = 0;
17603 +
17604 +         %do %while((&numloop - &loopcount) > 0);
17605 +             %let first = %eval((&loopcount*10000) + 1);
17606 +             %let last  = %eval(&first + 10000);
17607 +             %let loopcount = %eval(&loopcount +1);
17608 +             %let centry = &EM_LIB..&EM_NODEID._MACS.&LEVEL._&loopcount..SOURCE;
17609 +             filename X catalog "&centry";
17610 +             data _null_;
17611 +                length _STRING_ $80;
17612 +                retain _STRING_ ;
17613 +                file X;
17614 +                set &EM_DATA_VARIABLESET(firstobs=&first obs=&last) end=eof;
17615 +
17616 +                where &where;
17617 +
17618 +                if _N_=1 then
17619 +                   put '%macro _PROFVAR;';
17620 +
17621 +                if (length(_STRING_) + length(trim(NAME))+ 1  < 80) then do;
17622 +                   _STRING_ = trim(_STRING_)!!' '!!trim(NAME);
17623 +                   if eof then do;
17624 +                      put _STRING_;
17625 +                      put '%mend _PROFVAR;';
17626 +                   end;
17627 +                end;
17628 +                else do;
17629 +                   put _STRING_;
17630 +                  _string_ = TRIM(NAME);
17631 +                   if eof then do;
17632 +                      put _string_;
17633 +                      put '%mend _PROFVAR;';
17634 +                   end;
17635 +                end;
17636 +             run;
17637 +             filename X;
17638 +         %end;
17639 +    %end;
17640 +
17641 +%mend makeVarMacros;
17642 +
17643 +
NOTE: %INCLUDE (level 1) ending.
NOTE: Fileref TEMP has been deassigned.
17644  *------------------------------------------------------------*;
17645  * End REPORT: Prof;
17646  *------------------------------------------------------------*;

17647  /* Reset EM Options */
17648  options formchar="|----|+|---+=|-/\<>*";
17649  options nocenter ls=256 ps=10000;
17650  goptions reset=all device=GIF NODISPLAY;

