 
                                                                                               
 
 
Fit Statistics

Target=TargetBuy Target Label=' '

   Fit
Statistics    Statistics Label                    Train    Validation

 _AIC_        Akaike's Information Criterion    1916.31          .   
 _ASE_        Average Squared Error                0.16         0.16 
 _AVERR_      Average Error Function               0.48         0.50 
 _DFE_        Degrees of Freedom for Error      1964.00          .   
 _DFM_        Model Degrees of Freedom             8.00          .   
 _DFT_        Total Degrees of Freedom          1972.00          .   
 _DIV_        Divisor for ASE                   3944.00      3950.00 
 _ERR_        Error Function                    1900.31      1963.87 
 _FPE_        Final Prediction Error               0.16          .   
 _MAX_        Maximum Absolute Error               0.99         0.98 
 _MSE_        Mean Square Error                    0.16         0.16 
 _NOBS_       Sum of Frequencies                1972.00      1975.00 
 _NW_         Number of Estimate Weights           8.00          .   
 _RASE_       Root Average Sum of Squares          0.40         0.40 
 _RFPE_       Root Final Prediction Error          0.40          .   
 _RMSE_       Root Mean Squared Error              0.40         0.40 
 _SBC_        Schwarz's Bayesian Criterion      1961.00          .   
 _SSE_        Sum of Squared Errors              617.60       646.66 
 _SUMW_       Sum of Case Weights Times Freq    3944.00      3950.00 
 _MISC_       Misclassification Rate               0.22         0.24 
 
                                                                                               
 
 
Classification Table

Data Role=TRAIN Target Variable=TargetBuy Target Label=' '

                       Target        Outcome     Frequency       Total
Target    Outcome    Percentage    Percentage      Count      Percentage

  0          0         79.9712       87.8860        1110        56.2880 
  1          0         20.0288       39.2102         278        14.0974 
  0          1         26.1986       12.1140         153         7.7586 
  1          1         73.8014       60.7898         431        21.8560 


Data Role=VALIDATE Target Variable=TargetBuy Target Label=' '

                       Target        Outcome     Frequency       Total
Target    Outcome    Percentage    Percentage      Count      Percentage

  0          0         79.1819       85.7595        1084        54.8861 
  1          0         20.8181       40.0844         285        14.4304 
  0          1         29.7030       14.2405         180         9.1139 
  1          1         70.2970       59.9156         426        21.5696 
 
                                                                                               
 
 
Event Classification Table

Data Role=TRAIN Target=TargetBuy Target Label=' '

  False       True        False       True
Negative    Negative    Positive    Positive

   278        1110         153         431  


Data Role=VALIDATE Target=TargetBuy Target Label=' '

  False       True        False       True
Negative    Negative    Positive    Positive

   285        1084         180         426  
 
                                                                                               
 
 
Assessment Score Rankings

Data Role=TRAIN Target Variable=TargetBuy Target Label=' '

                                                                                    Mean
                            Cumulative       %      Cumulative     Number of     Posterior
Depth      Gain     Lift       Lift      Response   % Response   Observations   Probability

   5    161.281   2.61281     2.61281     93.9394     93.9394         99          0.91762  
  10    157.067   2.52853     2.57067     90.9091     92.4242         99          0.82386  
  15    145.250   2.21375     2.45250     79.5918     88.1757         98          0.74320  
  20    127.440   1.74188     2.27440     62.6263     81.7722         99          0.66245  
  25    113.822   1.58936     2.13822     57.1429     76.8763         98          0.59004  
  30    103.905   1.54521     2.03905     55.5556     73.3108         99          0.52690  
  35     88.377   0.95522     1.88377     34.3434     67.7279         99          0.46577  
  40     79.433   1.16364     1.79433     41.8367     64.5120         98          0.41377  
  45     68.825   0.84284     1.68825     30.3030     60.6982         99          0.36881  
  50     60.226   0.82306     1.60226     29.5918     57.6065         98          0.32153  
  55     51.502   0.64618     1.51502     23.2323     54.4700         99          0.28008  
  60     44.707   0.70237     1.44707     25.2525     52.0270         99          0.23915  
  65     37.984   0.56763     1.37984     20.4082     49.6100         98          0.19586  
  70     30.308   0.30904     1.30308     11.1111     46.8501         99          0.16340  
  75     24.683   0.45410     1.24683     16.3265     44.8276         98          0.13761  
  80     18.799   0.30904     1.18799     11.1111     42.7123         99          0.11486  
  85     14.440   0.44952     1.14440     16.1616     41.1449         99          0.08943  
  90      9.218   0.19867     1.09218      7.1429     39.2676         98          0.06616  
  95      4.487   0.19666     1.04487      7.0707     37.5667         99          0.04473  
 100      0.000   0.14191     1.00000      5.1020     35.9533         98          0.02152  


Data Role=VALIDATE Target Variable=TargetBuy Target Label=' '

                                                                                    Mean
                            Cumulative       %      Cumulative     Number of     Posterior
Depth      Gain     Lift       Lift      Response   % Response   Observations   Probability

   5    174.972   2.74972     2.74972     98.9899     98.9899         99          0.92900  
  10    159.540   2.44108     2.59540     87.8788     93.4343         99          0.84595  
  15    130.079   1.71156     2.30079     61.6162     82.8283         99          0.75429  
  20    115.190   1.70068     2.15190     61.2245     77.4684         98          0.67125  
  25    105.241   1.65544     2.05241     59.5960     73.8866         99          0.59906  
  30     96.271   1.51515     1.96271     54.5455     70.6577         99          0.54134  
  35     85.453   1.20651     1.85453     43.4343     66.7630         99          0.47401  
  40     74.402   0.96372     1.74402     34.6939     62.7848         98          0.41242  
  45     65.917   0.98204     1.65917     35.3535     59.7300         99          0.36223  
  50     58.007   0.86981     1.58007     31.3131     56.8826         99          0.31644  
  55     50.772   0.78563     1.50772     28.2828     54.2778         99          0.27586  
  60     43.226   0.59524     1.43226     21.4286     51.5612         98          0.24011  
  65     37.086   0.63599     1.37086     22.8956     49.3510         99          0.20633  
  70     29.951   0.37411     1.29951     13.4680     46.7824         99          0.17311  
  75     23.707   0.36476     1.23707     13.1313     44.5344         99          0.14650  
  80     18.847   0.45351     1.18847     16.3265     42.7848         98          0.12060  
  85     14.155   0.39282     1.14155     14.1414     41.0959         99          0.09256  
  90      9.049   0.22447     1.09049      8.0808     39.2576         99          0.06971  
  95      4.481   0.22447     1.04481      8.0808     37.6132         99          0.04619  
 100      0.000   0.14172     1.00000      5.1020     36.0000         98          0.02158  
 
                                                                                               
 
 
Assessment Score Distribution

Data Role=TRAIN Target Variable=TargetBuy Target Label=' '

 Posterior     Number                     Mean
Probability      of      Number of     Posterior
   Range       Events    Nonevents    Probability    Percentage

 0.95-1.00       20           0         0.96280         1.0142 
 0.90-0.95       43           3         0.92254         2.3327 
 0.85-0.90       53           3         0.87442         2.8398 
 0.80-0.85       44           8         0.82400         2.6369 
 0.75-0.80       59           4         0.77465         3.1947 
 0.70-0.75       41          17         0.72811         2.9412 
 0.65-0.70       44          24         0.67488         3.4483 
 0.60-0.65       41          28         0.62314         3.4990 
 0.55-0.60       43          35         0.57231         3.9554 
 0.50-0.55       43          31         0.52371         3.7525 
 0.45-0.50       30          55         0.47468         4.3103 
 0.40-0.45       41          59         0.42407         5.0710 
 0.35-0.40       34          76         0.37518         5.5781 
 0.30-0.35       32          70         0.32499         5.1724 
 0.25-0.30       26          97         0.27698         6.2373 
 0.20-0.25       32          84         0.22676         5.8824 
 0.15-0.20       21         137         0.17373         8.0122 
 0.10-0.15       27         175         0.12628        10.2434 
 0.05-0.10       26         191         0.07509        11.0041 
 0.00-0.05        9         166         0.03073         8.8742 


Data Role=VALIDATE Target Variable=TargetBuy Target Label=' '

 Posterior     Number                     Mean
Probability      of      Number of     Posterior
   Range       Events    Nonevents    Probability    Percentage

 0.95-1.00       24           0         0.96636         1.2152 
 0.90-0.95       55           1         0.92637         2.8354 
 0.85-0.90       58           6         0.87327         3.2405 
 0.80-0.85       52           7         0.82662         2.9873 
 0.75-0.80       28          16         0.77377         2.2278 
 0.70-0.75       38          27         0.72647         3.2911 
 0.65-0.70       37          21         0.67414         2.9367 
 0.60-0.65       42          30         0.62523         3.6456 
 0.55-0.60       52          40         0.57426         4.6582 
 0.50-0.55       40          32         0.52342         3.6456 
 0.45-0.50       32          43         0.47261         3.7975 
 0.40-0.45       27          53         0.42446         4.0506 
 0.35-0.40       35          69         0.37530         5.2658 
 0.30-0.35       36          74         0.32433         5.5696 
 0.25-0.30       37          93         0.27525         6.5823 
 0.20-0.25       33         116         0.22514         7.5443 
 0.15-0.20       25         135         0.17333         8.1013 
 0.10-0.15       28         155         0.12719         9.2658 
 0.05-0.10       25         196         0.07437        11.1899 
 0.00-0.05        7         150         0.02915         7.9494 
