 
                                                                                                                                                                                                                                                                
 
 
Variable Summary

            Measurement    Frequency
Role           Level         Count

INPUT        BINARY            4    
INPUT        INTERVAL          9    
INPUT        NOMINAL           5    
REJECTED     INTERVAL          4    
REJECTED     NOMINAL           5    
TARGET       BINARY            1    
 
                                                                                                                                                                                                                                                                
 
 
Model Events

                                     Number
                      Measurement      of
 Target      Event       Level       Levels      Order       Label

TargetBuy      1        BINARY          2      Descending         
 
                                                                                                                                                                                                                                                                
 
 
Predicted and decision variables

Type           Variable              Label

TARGET       TargetBuy                             
PREDICTED    P_TargetBuy1    Predicted: TargetBuy=1
RESIDUAL     R_TargetBuy1    Residual: TargetBuy=1 
PREDICTED    P_TargetBuy0    Predicted: TargetBuy=0
RESIDUAL     R_TargetBuy0    Residual: TargetBuy=0 
FROM         F_TargetBuy     From: TargetBuy       
INTO         I_TargetBuy     Into: TargetBuy       
 
                                                                                                                                                                                                                                                                
 
 

The DMREG Procedure

                Model Information

Training Data Set              WORK.EM_DMREG.VIEW
DMDB Catalog                   WORK.REG4_DMDB    
Target Variable                TargetBuy         
Target Measurement Level       Ordinal           
Number of Target Categories    2                 
Error                          MBernoulli        
Link Function                  Logit             
Number of Model Parameters     39                
Number of Observations         1972              


          Target Profile
 
 Ordered     Target         Total
   Value     Buy        Frequency

       1     1                709
       2     0               1263




Stepwise Selection Procedure


Step 0: Intercept entered.
 
                                                                                                                                                                                                                                                                
 
 

The DMREG Procedure

Newton-Raphson Ridge Optimization

Without Parameter Scaling

Parameter Estimates               1

                                             Optimization Start

Active Constraints                                  0  Objective Function                       1288.0104135
Max Abs Gradient Element                  6.96887E-13                                                       

                                            Optimization Results

Iterations                                          0  Function Calls                                      3
Hessian Calls                                       1  Active Constraints                                  0
Objective Function                       1288.0104135  Max Abs Gradient Element                  6.96887E-13
Ridge                                               0  Actual Over Pred Change                             0

Convergence criterion (ABSGCONV=0.00001) satisfied.                                               


     Likelihood Ratio Test for Global Null Hypothesis: BETA=0
 
     -2 Log Likelihood          Likelihood
  Intercept     Intercept &          Ratio
       Only      Covariates     Chi-Square       DF     Pr > ChiSq

   2576.021        2576.021         0.0000        0          .    




                                       Analysis of Maximum Likelihood Estimates
 
                                                      Standard          Wald                  Standardized
Parameter                           DF    Estimate       Error    Chi-Square    Pr > ChiSq        Estimate    Exp(Est)

Intercept                            1     -0.5774      0.0469        151.38        <.0001                       0.561




Step 1: Effect AffluenceGrade entered.
 
                                                                                                                                                                                                                                                                
 
 

The DMREG Procedure

Newton-Raphson Ridge Optimization

Without Parameter Scaling

Parameter Estimates               2

                                             Optimization Start

Active Constraints                                  0  Objective Function                       1288.0104135
Max Abs Gradient Element                 118.52479153                                                       


                                                                                                        Ratio
                                                                                                      Between
                                                                                                       Actual
                                                                 Objective     Max Abs                    and
                     Function         Active        Objective     Function    Gradient              Predicted
Iter     Restarts       Calls    Constraints         Function       Change     Element     Ridge       Change

   1            0           2              0             1168        120.3     23.9166         0        1.025
   2            0           3              0             1166       1.4828      0.6617         0        1.022
   3            0           4              0             1166      0.00176    0.000780         0        1.001
   4            0           5              0             1166     3.128E-9    1.305E-9         0        0.998

                                            Optimization Results

Iterations                                          4  Function Calls                                      7
Hessian Calls                                       5  Active Constraints                                  0
Objective Function                       1166.2424883  Max Abs Gradient Element                 1.3045367E-9
Ridge                                               0  Actual Over Pred Change                   0.998478745

Convergence criterion (GCONV=1E-6) satisfied.                                                     


     Likelihood Ratio Test for Global Null Hypothesis: BETA=0
 
     -2 Log Likelihood          Likelihood
  Intercept     Intercept &          Ratio
       Only      Covariates     Chi-Square       DF     Pr > ChiSq

   2576.021        2332.485       243.5359        1         <.0001


               Type 3 Analysis of Effects
 
                                       Wald
Effect                     DF    Chi-Square    Pr > ChiSq

AffluenceGrade              1      206.6467        <.0001


                                       Analysis of Maximum Likelihood Estimates
 
                                                      Standard          Wald                  Standardized
Parameter                           DF    Estimate       Error    Chi-Square    Pr > ChiSq        Estimate    Exp(Est)

Intercept                            1     -2.7611      0.1631        286.45        <.0001                       0.063
AffluenceGrade                       1      0.2408      0.0167        206.65        <.0001          0.4340       1.272


                   Odds Ratio Estimates
                             
                                                     Point
Effect                                            Estimate

AffluenceGrade                                       1.272


Step 2: Effect REP_Age entered.
 
                                                                                                                                                                                                                                                                
 
 

The DMREG Procedure

Newton-Raphson Ridge Optimization

Without Parameter Scaling

Parameter Estimates               3

                                             Optimization Start

Active Constraints                                  0  Objective Function                       1288.0104135
Max Abs Gradient Element                 133.46151032                                                       


                                                                                                        Ratio
                                                                                                      Between
                                                                                                       Actual
                                                                 Objective     Max Abs                    and
                     Function         Active        Objective     Function    Gradient              Predicted
Iter     Restarts       Calls    Constraints         Function       Change     Element     Ridge       Change

   1            0           2              0             1089        199.2     36.0406         0        1.049
   2            0           3              0             1083       5.7202      2.3812         0        1.051
   3            0           4              0             1083       0.0376      0.0164         0        1.005
   4            0           5              0             1083     2.162E-6    8.975E-7         0        1.000

                                            Optimization Results

Iterations                                          4  Function Calls                                      7
Hessian Calls                                       5  Active Constraints                                  0
Objective Function                       1083.0625181  Max Abs Gradient Element                 8.9745047E-7
Ridge                                               0  Actual Over Pred Change                  1.0000385805

Convergence criterion (GCONV=1E-6) satisfied.                                                     


     Likelihood Ratio Test for Global Null Hypothesis: BETA=0
 
     -2 Log Likelihood          Likelihood
  Intercept     Intercept &          Ratio
       Only      Covariates     Chi-Square       DF     Pr > ChiSq

   2576.021        2166.125       409.8958        2         <.0001


               Type 3 Analysis of Effects
 
                                       Wald
Effect                     DF    Chi-Square    Pr > ChiSq

AffluenceGrade              1      176.6919        <.0001
REP_Age                     1      151.2480        <.0001


                                       Analysis of Maximum Likelihood Estimates
 
                                                      Standard          Wald                  Standardized
Parameter                           DF    Estimate       Error    Chi-Square    Pr > ChiSq        Estimate    Exp(Est)

Intercept                            1     -0.0294      0.2646          0.01        0.9116                       0.971
AffluenceGrade                       1      0.2323      0.0175        176.69        <.0001          0.4186       1.261
REP_Age                              1     -0.0500     0.00407        151.25        <.0001         -0.3729       0.951


                   Odds Ratio Estimates
                             
                                                     Point
Effect                                            Estimate

AffluenceGrade                                       1.261
REP_Age                                              0.951


Step 3: Effect REP_Gender entered.
 
                                                                                                                                                                                                                                                                
 
 

The DMREG Procedure

Newton-Raphson Ridge Optimization

Without Parameter Scaling

Parameter Estimates               4

                                             Optimization Start

Active Constraints                                  0  Objective Function                       1288.0104135
Max Abs Gradient Element                 246.72109533                                                       


                                                                                                        Ratio
                                                                                                      Between
                                                                                                       Actual
                                                                 Objective     Max Abs                    and
                     Function         Active        Objective     Function    Gradient              Predicted
Iter     Restarts       Calls    Constraints         Function       Change     Element     Ridge       Change

   1            0           2              0             1024        264.4     46.9918         0        1.071
   2            0           3              0             1009      14.1057      5.6684         0        1.089
   3            0           4              0             1009       0.3075      0.1474         0        1.018
   4            0           5              0             1009     0.000221    0.000115         0        1.001

                                            Optimization Results

Iterations                                          4  Function Calls                                      7
Hessian Calls                                       5  Active Constraints                                  0
Objective Function                       1009.1661397  Max Abs Gradient Element                 0.0001146534
Ridge                                               0  Actual Over Pred Change                  1.0005074595

Convergence criterion (GCONV=1E-6) satisfied.                                                     


     Likelihood Ratio Test for Global Null Hypothesis: BETA=0
 
     -2 Log Likelihood          Likelihood
  Intercept     Intercept &          Ratio
       Only      Covariates     Chi-Square       DF     Pr > ChiSq

   2576.021        2018.332       557.6885        3         <.0001


               Type 3 Analysis of Effects
 
                                       Wald
Effect                     DF    Chi-Square    Pr > ChiSq

AffluenceGrade              1      165.5720        <.0001
REP_Age                     1      142.1042        <.0001
REP_Gender                  1      125.5485        <.0001


                                       Analysis of Maximum Likelihood Estimates
 
                                                      Standard          Wald                  Standardized
Parameter                           DF    Estimate       Error    Chi-Square    Pr > ChiSq        Estimate    Exp(Est)

Intercept                            1     -0.4318      0.2780          2.41        0.1203                       0.649
AffluenceGrade                       1      0.2349      0.0183        165.57        <.0001          0.4233       1.265
REP_Age                              1     -0.0500     0.00419        142.10        <.0001         -0.3726       0.951
REP_Gender            F              1      0.7668      0.0684        125.55        <.0001                       2.153


                   Odds Ratio Estimates
                             
                                                     Point
Effect                                            Estimate

AffluenceGrade                                       1.265
REP_Age                                              0.951
REP_Gender            F vs M                         4.635


Step 4: Effect MobileApplications entered.
 
                                                                                                                                                                                                                                                                
 
 

The DMREG Procedure

Newton-Raphson Ridge Optimization

Without Parameter Scaling

Parameter Estimates               5

                                             Optimization Start

Active Constraints                                  0  Objective Function                       1288.0104135
Max Abs Gradient Element                 246.72109533                                                       


                                                                                                        Ratio
                                                                                                      Between
                                                                                                       Actual
                                                                 Objective     Max Abs                    and
                     Function         Active        Objective     Function    Gradient              Predicted
Iter     Restarts       Calls    Constraints         Function       Change     Element     Ridge       Change

   1            0           2              0             1004        283.9     48.7133         0        1.076
   2            0           3              0        987.15466      16.9400      6.4037         0        1.098
   3            0           4              0        986.70724       0.4474      0.1985         0        1.021
   4            0           5              0        986.70678     0.000466    0.000221         0        1.001

                                            Optimization Results

Iterations                                          4  Function Calls                                      7
Hessian Calls                                       5  Active Constraints                                  0
Objective Function                       986.70677774  Max Abs Gradient Element                 0.0002209487
Ridge                                               0  Actual Over Pred Change                  1.0007309781

Convergence criterion (GCONV=1E-6) satisfied.                                                     


     Likelihood Ratio Test for Global Null Hypothesis: BETA=0
 
     -2 Log Likelihood          Likelihood
  Intercept     Intercept &          Ratio
       Only      Covariates     Chi-Square       DF     Pr > ChiSq

   2576.021        1973.414       602.6073        4         <.0001


               Type 3 Analysis of Effects
 
                                       Wald
Effect                     DF    Chi-Square    Pr > ChiSq

AffluenceGrade              1      158.1232        <.0001
MobileApplications          1       44.1659        <.0001
REP_Age                     1      137.0738        <.0001
REP_Gender                  1      125.3096        <.0001


                                       Analysis of Maximum Likelihood Estimates
 
                                                      Standard          Wald                  Standardized
Parameter                           DF    Estimate       Error    Chi-Square    Pr > ChiSq        Estimate    Exp(Est)

Intercept                            1     -0.4239      0.2818          2.26        0.1325                       0.654
AffluenceGrade                       1      0.2331      0.0185        158.12        <.0001          0.4201       1.262
MobileApplications    0              1     -0.3688      0.0555         44.17        <.0001                       0.692
REP_Age                              1     -0.0498     0.00425        137.07        <.0001         -0.3715       0.951
REP_Gender            F              1      0.7730      0.0691        125.31        <.0001                       2.166


                   Odds Ratio Estimates
                             
                                                     Point
Effect                                            Estimate

AffluenceGrade                                       1.262
MobileApplications    0 vs 1                         0.478
REP_Age                                              0.951
REP_Gender            F vs M                         4.693


Step 5: Effect PreviousCampaign entered.
 
                                                                                                                                                                                                                                                                
 
 

The DMREG Procedure

Newton-Raphson Ridge Optimization

Without Parameter Scaling

Parameter Estimates               6

                                             Optimization Start

Active Constraints                                  0  Objective Function                       1288.0104135
Max Abs Gradient Element                 246.72109533                                                       


                                                                                                        Ratio
                                                                                                      Between
                                                                                                       Actual
                                                                 Objective     Max Abs                    and
                     Function         Active        Objective     Function    Gradient              Predicted
Iter     Restarts       Calls    Constraints         Function       Change     Element     Ridge       Change

   1            0           2              0        987.67771        300.3     49.6630         0        1.079
   2            0           3              0        968.47357      19.2041      6.9371         0        1.104
   3            0           4              0        967.89296       0.5806      0.2460         0        1.024
   4            0           5              0        967.89216     0.000801    0.000363         0        1.001

                                            Optimization Results

Iterations                                          4  Function Calls                                      7
Hessian Calls                                       5  Active Constraints                                  0
Objective Function                       967.89215831  Max Abs Gradient Element                  0.000362653
Ridge                                               0  Actual Over Pred Change                  1.0009695036

Convergence criterion (GCONV=1E-6) satisfied.                                                     


     Likelihood Ratio Test for Global Null Hypothesis: BETA=0
 
     -2 Log Likelihood          Likelihood
  Intercept     Intercept &          Ratio
       Only      Covariates     Chi-Square       DF     Pr > ChiSq

   2576.021        1935.784       640.2365        5         <.0001


               Type 3 Analysis of Effects
 
                                       Wald
Effect                     DF    Chi-Square    Pr > ChiSq

AffluenceGrade              1      156.7882        <.0001
MobileApplications          1       47.8890        <.0001
PreviousCampaign            1       36.9908        <.0001
REP_Age                     1      136.3585        <.0001
REP_Gender                  1      119.2375        <.0001


                                       Analysis of Maximum Likelihood Estimates
 
                                                      Standard          Wald                  Standardized
Parameter                           DF    Estimate       Error    Chi-Square    Pr > ChiSq        Estimate    Exp(Est)

Intercept                            1     -0.4017      0.2852          1.98        0.1590                       0.669
AffluenceGrade                       1      0.2349      0.0188        156.79        <.0001          0.4234       1.265
MobileApplications    0              1     -0.3898      0.0563         47.89        <.0001                       0.677
PreviousCampaign      0              1     -0.3429      0.0564         36.99        <.0001                       0.710
REP_Age                              1     -0.0503     0.00431        136.36        <.0001         -0.3750       0.951
REP_Gender            F              1      0.7618      0.0698        119.24        <.0001                       2.142


                   Odds Ratio Estimates
                             
                                                     Point
Effect                                            Estimate

AffluenceGrade                                       1.265
MobileApplications    0 vs 1                         0.459
PreviousCampaign      0 vs 1                         0.504
REP_Age                                              0.951
REP_Gender            F vs M                         4.588


Step 6: Effect NightRepairProducts entered.
 
                                                                                                                                                                                                                                                                
 
 

The DMREG Procedure

Newton-Raphson Ridge Optimization

Without Parameter Scaling

Parameter Estimates               7

                                             Optimization Start

Active Constraints                                  0  Objective Function                       1288.0104135
Max Abs Gradient Element                 246.72109533                                                       


                                                                                                        Ratio
                                                                                                      Between
                                                                                                       Actual
                                                                 Objective     Max Abs                    and
                     Function         Active        Objective     Function    Gradient              Predicted
Iter     Restarts       Calls    Constraints         Function       Change     Element     Ridge       Change

   1            0           2              0        977.67040        310.3     49.9836         0        1.081
   2            0           3              0        956.93522      20.7352      7.2542         0        1.108
   3            0           4              0        956.25409       0.6811      0.2798         0        1.026
   4            0           5              0        956.25298      0.00111    0.000489         0        1.001
   5            0           6              0        956.25298     3.319E-9    1.516E-9         0        1.000

                                            Optimization Results

Iterations                                          5  Function Calls                                      8
Hessian Calls                                       6  Active Constraints                                  0
Objective Function                       956.25297677  Max Abs Gradient Element                 1.5159817E-9
Ridge                                               0  Actual Over Pred Change                   0.999929188

Convergence criterion (GCONV=1E-6) satisfied.                                                     


     Likelihood Ratio Test for Global Null Hypothesis: BETA=0
 
     -2 Log Likelihood          Likelihood
  Intercept     Intercept &          Ratio
       Only      Covariates     Chi-Square       DF     Pr > ChiSq

   2576.021        1912.506       663.5149        6         <.0001


               Type 3 Analysis of Effects
 
                                       Wald
Effect                     DF    Chi-Square    Pr > ChiSq

AffluenceGrade              1      157.1453        <.0001
MobileApplications          1       47.5001        <.0001
NightRepairProducts         1       22.9534        <.0001
PreviousCampaign            1       38.0713        <.0001
REP_Age                     1      134.3986        <.0001
REP_Gender                  1      119.5581        <.0001


                                       Analysis of Maximum Likelihood Estimates
 
                                                      Standard          Wald                  Standardized
Parameter                           DF    Estimate       Error    Chi-Square    Pr > ChiSq        Estimate    Exp(Est)

Intercept                            1     -0.7539      0.2967          6.46        0.0110                       0.471
AffluenceGrade                       1      0.2373      0.0189        157.15        <.0001          0.4277       1.268
MobileApplications    0              1     -0.3912      0.0568         47.50        <.0001                       0.676
NightRepairProducts                  1      0.3268      0.0682         22.95        <.0001          0.1489       1.387
PreviousCampaign      0              1     -0.3508      0.0568         38.07        <.0001                       0.704
REP_Age                              1     -0.0503     0.00434        134.40        <.0001         -0.3752       0.951
REP_Gender            F              1      0.7687      0.0703        119.56        <.0001                       2.157


                   Odds Ratio Estimates
                             
                                                     Point
Effect                                            Estimate

AffluenceGrade                                       1.268
MobileApplications    0 vs 1                         0.457
NightRepairProducts                                  1.387
PreviousCampaign      0 vs 1                         0.496
REP_Age                                              0.951
REP_Gender            F vs M                         4.653


Step 7: Effect DayCareProducts entered.
 
                                                                                                                                                                                                                                                                
 
 

The DMREG Procedure

Newton-Raphson Ridge Optimization

Without Parameter Scaling

Parameter Estimates               8

                                             Optimization Start

Active Constraints                                  0  Objective Function                       1288.0104135
Max Abs Gradient Element                 246.72109533                                                       


                                                                                                        Ratio
                                                                                                      Between
                                                                                                       Actual
                                                                 Objective     Max Abs                    and
                     Function         Active        Objective     Function    Gradient              Predicted
Iter     Restarts       Calls    Constraints         Function       Change     Element     Ridge       Change

   1            0           2              0        972.86167        315.1     50.9909         0        1.082
   2            0           3              0        950.92967      21.9320      7.6590         0        1.111
   3            0           4              0        950.15578       0.7739      0.3172         0        1.028
   4            0           5              0        950.15432      0.00145    0.000638         0        1.001
   5            0           6              0        950.15432     5.761E-9    2.601E-9         0        1.000

                                            Optimization Results

Iterations                                          5  Function Calls                                      8
Hessian Calls                                       6  Active Constraints                                  0
Objective Function                       950.15432409  Max Abs Gradient Element                   2.60136E-9
Ridge                                               0  Actual Over Pred Change                  1.0001702293

Convergence criterion (GCONV=1E-6) satisfied.                                                     


     Likelihood Ratio Test for Global Null Hypothesis: BETA=0
 
     -2 Log Likelihood          Likelihood
  Intercept     Intercept &          Ratio
       Only      Covariates     Chi-Square       DF     Pr > ChiSq

   2576.021        1900.309       675.7122        7         <.0001


               Type 3 Analysis of Effects
 
                                       Wald
Effect                     DF    Chi-Square    Pr > ChiSq

AffluenceGrade              1      154.4184        <.0001
DayCareProducts             1       12.0743        0.0005
MobileApplications          1       47.4880        <.0001
NightRepairProducts         1       22.0917        <.0001
PreviousCampaign            1       40.0346        <.0001
REP_Age                     1      137.2438        <.0001
REP_Gender                  1      119.9911        <.0001


                                       Analysis of Maximum Likelihood Estimates
 
                                                      Standard          Wald                  Standardized
Parameter                           DF    Estimate       Error    Chi-Square    Pr > ChiSq        Estimate    Exp(Est)

Intercept                            1     -0.9739      0.3043         10.25        0.0014                       0.378
AffluenceGrade                       1      0.2364      0.0190        154.42        <.0001          0.4260       1.267
DayCareProducts                      1      0.1802      0.0519         12.07        0.0005          0.1089       1.197
MobileApplications    0              1     -0.3926      0.0570         47.49        <.0001                       0.675
NightRepairProducts                  1      0.3221      0.0685         22.09        <.0001          0.1467       1.380
PreviousCampaign      0              1     -0.3617      0.0572         40.03        <.0001                       0.696
REP_Age                              1     -0.0512     0.00437        137.24        <.0001         -0.3819       0.950
REP_Gender            F              1      0.7729      0.0706        119.99        <.0001                       2.166


                   Odds Ratio Estimates
                             
                                                     Point
Effect                                            Estimate

AffluenceGrade                                       1.267
DayCareProducts                                      1.197
MobileApplications    0 vs 1                         0.456
NightRepairProducts                                  1.380
PreviousCampaign      0 vs 1                         0.485
REP_Age                                              0.950
REP_Gender            F vs M                         4.692


NOTE: No (additional) effects met the 0.02 significance level for entry into the model.


                               Summary of Stepwise Selection
 
                  Effect                   Number         Score          Wald
    Step    Entered                  DF        In    Chi-Square    Chi-Square    Pr > ChiSq

       1    AffluenceGrade            1         1      234.6028                      <.0001
       2    REP_Age                   1         2      163.0142                      <.0001
       3    REP_Gender                1         3      137.7822                      <.0001
       4    MobileApplications        1         4       44.9683                      <.0001
       5    PreviousCampaign          1         5       37.5782                      <.0001
       6    NightRepairProducts       1         6       23.2004                      <.0001
       7    DayCareProducts           1         7       12.1472                      0.0005


The selected model is the model trained in the last step (Step 7). It consists of the following effects:

Intercept  AffluenceGrade  DayCareProducts  MobileApplications  NightRepairProducts  PreviousCampaign  REP_Age  REP_Gender  


     Likelihood Ratio Test for Global Null Hypothesis: BETA=0
 
     -2 Log Likelihood          Likelihood
  Intercept     Intercept &          Ratio
       Only      Covariates     Chi-Square       DF     Pr > ChiSq

   2576.021        1900.309       675.7122        7         <.0001


               Type 3 Analysis of Effects
 
                                       Wald
Effect                     DF    Chi-Square    Pr > ChiSq

AffluenceGrade              1      154.4184        <.0001
DayCareProducts             1       12.0743        0.0005
MobileApplications          1       47.4880        <.0001
NightRepairProducts         1       22.0917        <.0001
PreviousCampaign            1       40.0346        <.0001
REP_Age                     1      137.2438        <.0001
REP_Gender                  1      119.9911        <.0001


                                       Analysis of Maximum Likelihood Estimates
 
                                                      Standard          Wald                  Standardized
Parameter                           DF    Estimate       Error    Chi-Square    Pr > ChiSq        Estimate    Exp(Est)

Intercept                            1     -0.9739      0.3043         10.25        0.0014                       0.378
AffluenceGrade                       1      0.2364      0.0190        154.42        <.0001          0.4260       1.267
DayCareProducts                      1      0.1802      0.0519         12.07        0.0005          0.1089       1.197
MobileApplications    0              1     -0.3926      0.0570         47.49        <.0001                       0.675
NightRepairProducts                  1      0.3221      0.0685         22.09        <.0001          0.1467       1.380
PreviousCampaign      0              1     -0.3617      0.0572         40.03        <.0001                       0.696
REP_Age                              1     -0.0512     0.00437        137.24        <.0001         -0.3819       0.950
REP_Gender            F              1      0.7729      0.0706        119.99        <.0001                       2.166


                   Odds Ratio Estimates
                             
                                                     Point
Effect                                            Estimate

AffluenceGrade                                       1.267
DayCareProducts                                      1.197
MobileApplications    0 vs 1                         0.456
NightRepairProducts                                  1.380
PreviousCampaign      0 vs 1                         0.485
REP_Age                                              0.950
REP_Gender            F vs M                         4.692
