 
                                                                                                                                                                                                                                                                
 
 

The FREQ Procedure

                         Target
 
                                 Cumulative    Cumulative
FROM    Frequency     Percent     Frequency      Percent
---------------------------------------------------------
0       75.22498       75.22      75.22498        75.22  
1       24.77502       24.78           100       100.00  
 
                                                                                               
 
 
Fit Statistics

Target=TargetBuy Target Label=Organics Purchase Indicator

   Fit
Statistics    Statistics Label                      Train    Validation

 _DFT_        Total Degrees of Freedom           11112.00          .   
 _DFE_        Degrees of Freedom for Error       11006.00          .   
 _DFM_        Model Degrees of Freedom             106.00          .   
 _NW_         Number of Estimated Weights          106.00          .   
 _AIC_        Akaike's Information Criterion      9566.75          .   
 _SBC_        Schwarz's Bayesian Criterion       10342.22          .   
 _ASE_        Average Squared Error                  0.13         0.13 
 _MAX_        Maximum Absolute Error                 0.98         0.99 
 _DIV_        Divisor for ASE                    22224.00     22222.00 
 _NOBS_       Sum of Frequencies                 11112.00     11111.00 
 _RASE_       Root Average Squared Error             0.37         0.37 
 _SSE_        Sum of Squared Errors               2973.12      2988.01 
 _SUMW_       Sum of Case Weights Times Freq     22224.00     22222.00 
 _FPE_        Final Prediction Error                 0.14          .   
 _MSE_        Mean Squared Error                     0.14         0.13 
 _RFPE_       Root Final Prediction Error            0.37          .   
 _RMSE_       Root Mean Squared Error                0.37         0.37 
 _AVERR_      Average Error Function                 0.42         0.42 
 _ERR_        Error Function                      9354.75      9401.41 
 _MISC_       Misclassification Rate                 0.23         0.23 
 _WRONG_      Number of Wrong Classifications     2501.00      2507.00 
 _PROF_       Total Profit for TargetBuy          2788.69      2901.38 
 _APROF_      Average Profit for TargetBuy           0.25         0.26 
 
                                                                                               
 
 
Classification Table

Data Role=TRAIN Target Variable=TargetBuy Target Label=Organics Purchase Indicator

                                                                            Adjusted Percent
                                                                                   of
                       Target        Outcome     Frequency       Total      Predict/Decision
Target    Outcome    Percentage    Percentage      Count      Percentage        Variable

  0          0         77.0602       99.7847        8341        75.0630          94.7954    
  0          1          6.2500        0.2153          18         0.1620           0.2046    
  1          0         22.9398       90.1925        2483        22.3452           4.5096    
  1          1         93.7500        9.8075         270         2.4298           0.4904    


Data Role=VALIDATE Target Variable=TargetBuy Target Label=Organics Purchase Indicator

                                                                            Adjusted Percent
                                                                                   of
                       Target        Outcome     Frequency       Total      Predict/Decision
Target    Outcome    Percentage    Percentage      Count      Percentage        Variable

  0          0         77.0425       99.7248        8336        75.0248          94.7471    
  0          1          7.9038        0.2752          23         0.2070           0.2614    
  1          0         22.9575       90.2616        2484        22.3562           4.5118    
  1          1         92.0962        9.7384         268         2.4120           0.4868    
 
                                                                                               
 
 
Decision Table

Data Role=TRAIN Target Variable=TargetBuy Target Label=Organics Purchase Indicator

                                                                            Adjusted Percent
                                                                                   of
                       Target        Outcome     Frequency       Total      Predict/Decision
Target    Outcome    Percentage    Percentage      Count      Percentage        Variable

  0          0         85.4331       89.3169        7466        67.1886          84.8511    
  0          1         37.6317       10.6831         893         8.0364          10.1489    
  1          0         14.5669       46.2405        1273        11.4561           2.3120    
  1          1         62.3683       53.7595        1480        13.3189           2.6880    


Data Role=VALIDATE Target Variable=TargetBuy Target Label=Organics Purchase Indicator

                                                                            Adjusted Percent
                                                                                   of
                       Target        Outcome     Frequency       Total      Predict/Decision
Target    Outcome    Percentage    Percentage      Count      Percentage        Variable

  0          0         85.7405       89.4844        7480        67.3207          85.0178    
  0          1         36.8245       10.5156         879         7.9111           9.9907    
  1          0         14.2595       45.2035        1244        11.1961           2.2596    
  1          1         63.1755       54.7965        1508        13.5721           2.7391    
 
                                                                                               
 
 
Event Classification Table

Data Role=TRAIN Target=TargetBuy Target Label=Organics Purchase Indicator

  False       True        False       True
Negative    Negative    Positive    Positive

  2483        8341         18          270  


Data Role=VALIDATE Target=TargetBuy Target Label=Organics Purchase Indicator

  False       True        False       True
Negative    Negative    Positive    Positive

  2484        8336         23          268  
 
                                                                                               
 
 
Assessment Score Rankings

Data Role=TRAIN Target Variable=TargetBuy Target Label=Organics Purchase Indicator

                                                                                    Mean
                            Cumulative       %      Cumulative     Number of     Posterior
Depth      Gain     Lift       Lift      Response   % Response   Observations   Probability

   5    604.582   7.04582     7.04582     35.2291     35.2291       555.682       0.35295  
  10    384.129   2.63675     4.84129     13.1837     24.2064       555.679       0.14955  
  15    280.372   1.72868     3.80372      8.6434     19.0186       555.709       0.09458  
  20    224.106   1.55378     3.24106      7.7689     16.2053       555.917       0.06925  
  25    178.455   0.95863     2.78455      4.7932     13.9228       555.786       0.05507  
  30    147.366   0.91662     2.47366      4.5831     12.3683       554.838       0.04667  
  35    124.664   0.88562     2.24664      4.4281     11.2332       556.030       0.04051  
  40    106.838   0.82072     2.06838      4.1036     10.3419       555.740       0.03548  
  45     89.764   0.53067     1.89764      2.6534      9.4882       555.245       0.03109  
  50     76.302   0.55188     1.76302      2.7594      8.8151       555.850       0.02722  
  55     64.769   0.49410     1.64769      2.4705      8.2384       555.498       0.02352  
  60     54.485   0.41394     1.54485      2.0697      7.7242       555.804       0.02038  
  65     45.240   0.34178     1.45240      1.7089      7.2620       555.049       0.01730  
  70     37.028   0.30459     1.37028      1.5230      6.8514       556.565       0.01432  
  75     29.214   0.19643     1.29214      0.9822      6.4607       554.801       0.01177  
  80     22.357   0.19599     1.22357      0.9799      6.1179       556.064       0.00965  
  85     16.107   0.15998     1.16107      0.7999      5.8054       555.055       0.00768  
  90     10.343   0.12351     1.10343      0.6175      5.5172       555.572       0.00600  
  95      4.949   0.07980     1.04949      0.3990      5.2474       556.361       0.00445  
 100      0.000   0.05821     1.00000      0.2910      5.0000       554.755       0.00298  


Data Role=VALIDATE Target Variable=TargetBuy Target Label=Organics Purchase Indicator

                                                                                    Mean
                            Cumulative       %      Cumulative     Number of     Posterior
Depth      Gain     Lift       Lift      Response   % Response   Observations   Probability

   5    550.732   6.50732     6.50732     32.5366     32.5366       555.918       0.35950  
  10    385.088   3.19482     4.85088     15.9741     24.2544       556.046       0.15483  
  15    292.790   2.07956     3.92790     10.3978     19.6395       555.264       0.09386  
  20    227.345   1.30865     3.27345      6.5433     16.3672       555.333       0.06680  
  25    179.645   0.88710     2.79645      4.4355     13.9822       555.252       0.05419  
  30    146.714   0.82100     2.46714      4.1050     12.3357       555.698       0.04637  
  35    124.645   0.92266     2.24645      4.6133     11.2322       555.736       0.04081  
  40    106.661   0.80706     2.06661      4.0353     10.3331       555.294       0.03579  
  45     90.240   0.58866     1.90240      2.9433      9.5120       555.552       0.03153  
  50     75.649   0.44330     1.75649      2.2165      8.7824       555.566       0.02752  
  55     63.779   0.45062     1.63779      2.2531      8.1889       555.505       0.02376  
  60     54.004   0.46504     1.54004      2.3252      7.7002       555.646       0.02030  
  65     44.771   0.34113     1.44771      1.7057      7.2386       556.265       0.01739  
  70     36.472   0.28389     1.36472      1.4195      6.8236       554.650       0.01455  
  75     29.117   0.26162     1.29117      1.3081      6.4559       555.570       0.01182  
  80     22.498   0.23247     1.22498      1.1623      6.1249       555.763       0.00953  
  85     16.187   0.15255     1.16187      0.7627      5.8094       555.805       0.00748  
  90     10.422   0.12361     1.10422      0.6181      5.5211       555.260       0.00587  
  95      4.876   0.05085     1.04876      0.2543      5.2438       555.767       0.00442  
 100      0.000   0.07273     1.00000      0.3637      5.0000       555.110       0.00301  
 
                                                                                               
 
 
Assessment Score Distribution

Data Role=TRAIN Target Variable=TargetBuy Target Label=Organics Purchase Indicator

 Posterior      Number                     Mean
Probability       of      Number of     Posterior
   Range        Events    Nonevents    Probability    Percentage

 0.85-0.90       7.467        0.00       0.87847         0.0672 
 0.80-0.85       7.871        0.00       0.82712         0.0708 
 0.75-0.80       3.835        1.26       0.77745         0.0459 
 0.70-0.75       4.844        1.26       0.72319         0.0550 
 0.65-0.70       5.247        1.26       0.67572         0.0586 
 0.60-0.65       6.256        5.05       0.63130         0.1018 
 0.55-0.60       9.889        3.79       0.57249         0.1231 
 0.50-0.55       9.082       10.10       0.52231         0.1726 
 0.45-0.50      13.925       21.47       0.47145         0.3185 
 0.40-0.45      11.907       23.99       0.41920         0.3231 
 0.35-0.40      21.393       31.57       0.37391         0.4766 
 0.30-0.35      27.851       60.62       0.32324         0.7962 
 0.25-0.30      31.887       77.04       0.27350         0.9802 
 0.20-0.25      34.107      122.50       0.22554         1.4093 
 0.15-0.20      37.538      213.43       0.17270         2.2585 
 0.10-0.15      55.096      420.54       0.12235         4.2804 
 0.05-0.10     101.110     1425.79       0.06863        13.7410 
 0.00-0.05     166.297     8136.73       0.01982        74.7212 


Data Role=VALIDATE Target Variable=TargetBuy Target Label=Organics Purchase Indicator

 Posterior      Number                     Mean
Probability       of      Number of     Posterior
   Range        Events    Nonevents    Probability    Percentage

 0.85-0.90       8.882        0.00       0.87704         0.0799 
 0.80-0.85       6.056        0.00       0.82960         0.0545 
 0.75-0.80       5.451        3.79       0.77384         0.0832 
 0.70-0.75       4.441        2.53       0.72800         0.0627 
 0.65-0.70       4.239        1.26       0.67226         0.0495 
 0.60-0.65       6.056        3.79       0.63186         0.0886 
 0.55-0.60       8.479        7.58       0.56995         0.1445 
 0.50-0.55      10.497       10.10       0.52001         0.1854 
 0.45-0.50      14.333       20.20       0.47432         0.3108 
 0.40-0.45      11.103       22.73       0.42320         0.3045 
 0.35-0.40      20.187       37.88       0.37483         0.5226 
 0.30-0.35      23.417       49.25       0.32288         0.6540 
 0.25-0.30      31.492      107.33       0.27363         1.2495 
 0.20-0.25      34.722      141.43       0.22473         1.5854 
 0.15-0.20      45.219      196.99       0.17282         2.1799 
 0.10-0.15      54.707      397.77       0.12174         4.0723 
 0.05-0.10      97.908     1363.79       0.06758        13.1554 
 0.00-0.05     168.361     8189.03       0.02010        75.2173 
