*------------------------------------------------------------*
* Score Log
Date:                May 09, 2018
Time:                17:32:36
*------------------------------------------------------------*
NOTE: This SAS session is using a registry in WORK.  All changes will be lost at the end of this session.
11829  data work.outkey;
11830  set EMWS5.Neural_OUTKEY;
11831  if upcase(ROLE) in('HIDDEN', 'STANDARD');
11832  run;

NOTE: There were 52 observations read from the data set EMWS5.NEURAL_OUTKEY.
NOTE: The data set WORK.OUTKEY has 7 observations and 8 variables.
NOTE: DATA statement used (Total process time):
      real time           0.01 seconds
      cpu time            0.00 seconds
      

11833  filename emflow "D:\Nida\Data mining\datamining\BOGO\Workspaces\EMWS5\Neural\EMFLOWSCORE.sas";
11834  *------------------------------------------------------------*;
11835  * Neural: Scoring DATA data;
11836  *------------------------------------------------------------*;
11837  data EMWS5.Neural_TRAIN
11838  / view=EMWS5.Neural_TRAIN
11839  ;
11840  set EMWS5.Impt_TRAIN
11841  ;
11842  %inc emflow;
12573  run;

NOTE: DATA STEP view saved on file EMWS5.NEURAL_TRAIN.
NOTE: A stored DATA STEP view cannot run under a different operating system.
NOTE: View EMWS5.IMPT_TRAIN.VIEW used (Total process time):
      real time           0.09 seconds
      cpu time            0.09 seconds
      
NOTE: DATA statement used (Total process time):
      real time           0.12 seconds
      cpu time            0.12 seconds
      

12574  quit;
12575  filename emflow;
NOTE: Fileref EMFLOW has been deassigned.

12576  filename emflow "D:\Nida\Data mining\datamining\BOGO\Workspaces\EMWS5\Neural\EMFLOWSCORE.sas";
12577  *------------------------------------------------------------*;
12578  * Neural: Scoring VALIDATE data;
12579  *------------------------------------------------------------*;
12580  data EMWS5.Neural_VALIDATE
12581  / view=EMWS5.Neural_VALIDATE
12582  ;
12583  set EMWS5.Impt_VALIDATE
12584  ;
12585  %inc emflow;
13316  run;

NOTE: DATA STEP view saved on file EMWS5.NEURAL_VALIDATE.
NOTE: A stored DATA STEP view cannot run under a different operating system.
NOTE: View EMWS5.IMPT_VALIDATE.VIEW used (Total process time):
      real time           0.06 seconds
      cpu time            0.06 seconds
      
NOTE: DATA statement used (Total process time):
      real time           0.09 seconds
      cpu time            0.09 seconds
      

13317  quit;
13318  filename emflow;
NOTE: Fileref EMFLOW has been deassigned.

13319  *------------------------------------------------------------*;
13320  * Neural: Computing metadata for TRAIN data;
13321  *------------------------------------------------------------*;

NOTE: View EMWS5.NEURAL_TRAIN.VIEW used (Total process time):
      real time           0.10 seconds
      cpu time            0.10 seconds
      
13678  data WORK.MODELTEMP_INFO;
13679  set EMWS5.Neural_EMINFO;
13680  where DATA='Neural' and KEY ^in('DECDATA', 'DECMETA', 'IMPORTANCE', 'MODEL');
13681  run;

NOTE: There were 0 observations read from the data set EMWS5.NEURAL_EMINFO.
      WHERE (DATA='Neural') and KEY not in ('DECDATA', 'DECMETA', 'IMPORTANCE', 'MODEL');
NOTE: The data set WORK.MODELTEMP_INFO has 0 observations and 3 variables.
NOTE: DATA statement used (Total process time):
      real time           0.00 seconds
      cpu time            0.00 seconds
      

13682  data EMWS5.Neural_EMINFO;
13683  length TARGET KEY $32 DATA $43;
13684  input TARGET KEY DATA $;
13685  cards;

NOTE: The data set EMWS5.NEURAL_EMINFO has 3 observations and 3 variables.
NOTE: DATA statement used (Total process time):
      real time           0.00 seconds
      cpu time            0.00 seconds
      

13689  run;
13690  data EMWS5.Neural_EMINFO;
13691  set EMWS5.Neural_EMINFO WORK.MODELTEMP_INFO;
13692  run;

NOTE: There were 3 observations read from the data set EMWS5.NEURAL_EMINFO.
NOTE: There were 0 observations read from the data set WORK.MODELTEMP_INFO.
NOTE: The data set EMWS5.NEURAL_EMINFO has 3 observations and 3 variables.
NOTE: DATA statement used (Total process time):
      real time           0.01 seconds
      cpu time            0.01 seconds
      

13693  proc sort data = EMWS5.Neural_EMINFO NOTHREADS;
13694  by TARGET KEY;
13695  run;

NOTE: There were 3 observations read from the data set EMWS5.NEURAL_EMINFO.
NOTE: The data set EMWS5.NEURAL_EMINFO has 3 observations and 3 variables.
NOTE: PROCEDURE SORT used (Total process time):
      real time           0.00 seconds
      cpu time            0.00 seconds
      

13696  proc sort data = EMWS5.Ids_EMINFO OUT=WORK.SORTEDEMINFO NOTHREADS;
13697  by TARGET KEY;
13698  run;

NOTE: There were 3 observations read from the data set EMWS5.IDS_EMINFO.
NOTE: The data set WORK.SORTEDEMINFO has 3 observations and 3 variables.
NOTE: PROCEDURE SORT used (Total process time):
      real time           0.01 seconds
      cpu time            0.01 seconds
      

13699  proc sort data = EMWS5.Neural_EMINFO OUT=WORK.TEMP_INFO NOTHREADS;
13700  by TARGET KEY;
13701  run;

NOTE: Input data set is already sorted; it has been copied to the output data set.
NOTE: There were 3 observations read from the data set EMWS5.NEURAL_EMINFO.
NOTE: The data set WORK.TEMP_INFO has 3 observations and 3 variables.
NOTE: PROCEDURE SORT used (Total process time):
      real time           0.01 seconds
      cpu time            0.01 seconds
      

13702  data EMWS5.Neural_EMINFO;
13703  merge WORK.SORTEDEMINFO WORK.TEMP_INFO;
13704  by TARGET KEY;
13705  run;

NOTE: There were 3 observations read from the data set WORK.SORTEDEMINFO.
NOTE: There were 3 observations read from the data set WORK.TEMP_INFO.
NOTE: The data set EMWS5.NEURAL_EMINFO has 4 observations and 3 variables.
NOTE: DATA statement used (Total process time):
      real time           0.01 seconds
      cpu time            0.01 seconds
      

13706  proc datasets lib=work nolist;
13707  delete TEMP_INFO SORTEDEMINFO;
13708  run;

NOTE: Deleting WORK.TEMP_INFO (memtype=DATA).
NOTE: Deleting WORK.SORTEDEMINFO (memtype=DATA).
13709  quit;

NOTE: PROCEDURE DATASETS used (Total process time):
      real time           0.01 seconds
      cpu time            0.01 seconds
      

NOTE: View EMWS5.NEURAL_TRAIN.VIEW used (Total process time):
      real time           0.11 seconds
      cpu time            0.11 seconds
      
NOTE: View EMWS5.NEURAL_VALIDATE.VIEW used (Total process time):
      real time           0.07 seconds
      cpu time            0.07 seconds
      
