*------------------------------------------------------------*
* Report Log
Date:                May 09, 2018
Time:                15:14:04
*------------------------------------------------------------*
12751  data EMWS4.Reg9_EMOUTFIT;
12752  length TARGET $32;
12753  set EMWS4.Reg9_EMESTIMATE end=eof;
12754  where (_TYPE_='PARMS');
12755  drop _STEP_--TotalSpend;
12756  if eof then do;
12757  TARGET = "TargetBuy";
12758  output;
12759  end;
12760  run;

NOTE: There were 11 observations read from the data set EMWS4.REG9_EMESTIMATE.
      WHERE _TYPE_='PARMS';
NOTE: The data set EMWS4.REG9_EMOUTFIT has 1 observations and 33 variables.
NOTE: DATA statement used (Total process time):
      real time           0.01 seconds
      cpu time            0.01 seconds
      

12761  data EMWS4.Reg9_EMOUTFIT;
12762  set EMWS4.Reg9_EMOUTFIT;
12763  length TargetLabel $200;
12764  label targetLabel = "%sysfunc(sasmsg(sashelp.dmine, meta_targetlabel_vlabel, NOQUOTE))";
12765  run;

NOTE: Variable TargetLabel is uninitialized.
NOTE: There were 1 observations read from the data set EMWS4.REG9_EMOUTFIT.
NOTE: The data set EMWS4.REG9_EMOUTFIT has 1 observations and 34 variables.
NOTE: DATA statement used (Total process time):
      real time           0.01 seconds
      cpu time            0.01 seconds
      

12766  proc sort data=EMWS4.Reg9_EMREPORTFIT nothreads;
12767  by TARGET;
12768  run;

NOTE: There were 20 observations read from the data set EMWS4.REG9_EMREPORTFIT.
NOTE: The data set EMWS4.REG9_EMREPORTFIT has 20 observations and 7 variables.
NOTE: PROCEDURE SORT used (Total process time):
      real time           0.01 seconds
      cpu time            0.01 seconds
      

12769  %let _EMwarndup = 0;
12770  %let _EMtargetdup =;
12771  %let _EMASEtargetdup =;
12772  data _null_;
12773  set EMWS4.Reg9_EMOUTFIT;
12774  if .<_ASE_<0.000001 then do;
12775  call symput('_EMwarndup', '1');
12776  call symput('_EMtargetdup', target);
12777  call symput('_EMASEtargetdup', put(_ASE_, best.));
12778  end;
12779  run;

NOTE: There were 1 observations read from the data set EMWS4.REG9_EMOUTFIT.
NOTE: DATA statement used (Total process time):
      real time           0.00 seconds
      cpu time            0.00 seconds
      

12780  proc sort data=EMWS4.Impt7_CMeta_TRAIN out=WORK.SUBSETINMETA;
12781  by NAME;
12782  run;

NOTE: There were 31 observations read from the data set EMWS4.IMPT7_CMETA_TRAIN.
NOTE: The data set WORK.SUBSETINMETA has 31 observations and 20 variables.
NOTE: PROCEDURE SORT used (Total process time):
      real time           0.01 seconds
      cpu time            0.01 seconds
      

12783  proc sort data=EMWS4.Reg9_VariableSet out=WORK.SUBSETVARSET(keep=NAME REPORT);
12784  by NAME;
12785  run;

NOTE: There were 28 observations read from the data set EMWS4.REG9_VARIABLESET.
NOTE: The data set WORK.SUBSETVARSET has 28 observations and 2 variables.
NOTE: PROCEDURE SORT used (Total process time):
      real time           0.01 seconds
      cpu time            0.01 seconds
      

12786  data WORK.ASSESS_META;
12787  merge WORK.SUBSETINMETA WORK.SUBSETVARSET;
12788  by NAME;
12789  run;

NOTE: There were 31 observations read from the data set WORK.SUBSETINMETA.
NOTE: There were 28 observations read from the data set WORK.SUBSETVARSET.
NOTE: The data set WORK.ASSESS_META has 31 observations and 20 variables.
NOTE: DATA statement used (Total process time):
      real time           0.00 seconds
      cpu time            0.00 seconds
      

12790  data EM_temp_assessMeta;
12791  set EMWS4.Reg9_CMeta_TRAIN;
12792  where role in('DECISION', 'PREDICT', 'RESIDUAL', 'CLASSIFICATION', 'ASSESS', 'COST');
12793  run;

NOTE: There were 8 observations read from the data set EMWS4.REG9_CMETA_TRAIN.
      WHERE role in ('ASSESS', 'CLASSIFICATION', 'COST', 'DECISION', 'PREDICT', 'RESIDUAL');
NOTE: The data set WORK.EM_TEMP_ASSESSMETA has 8 observations and 21 variables.
NOTE: DATA statement used (Total process time):
      real time           0.01 seconds
      cpu time            0.01 seconds
      

12794  data EM_temp_assessdata;
12795  set EMWS4.Reg9_TRAIN(keep=
12796  F_TargetBuy
12797  I_TargetBuy
12798  P_TargetBuy0
12799  P_TargetBuy1
12800  R_TargetBuy0
12801  R_TargetBuy1
12802  U_TargetBuy
12803  _WARN_
12804  TargetBuy
12805  );
12806  run;

NOTE: There were 2965 observations read from the data set EMWS4.PART9_TRAIN.
NOTE: View EMWS4.REG9_TRAIN.VIEW used (Total process time):
      real time           0.12 seconds
      cpu time            0.12 seconds
      
NOTE: There were 2965 observations read from the data set EMWS4.IMPT7_TRAIN.
NOTE: There were 2965 observations read from the data set EMWS4.REG9_TRAIN.
NOTE: The data set WORK.EM_TEMP_ASSESSDATA has 2965 observations and 9 variables.
NOTE: DATA statement used (Total process time):
      real time           0.13 seconds
      cpu time            0.14 seconds
      
















17087  data EM_temp_assessMeta;
17088  set EMWS4.Reg9_CMeta_TRAIN;
17089  where role in('DECISION', 'PREDICT', 'RESIDUAL', 'CLASSIFICATION', 'ASSESS', 'COST');
17090  run;

NOTE: There were 8 observations read from the data set EMWS4.REG9_CMETA_TRAIN.
      WHERE role in ('ASSESS', 'CLASSIFICATION', 'COST', 'DECISION', 'PREDICT', 'RESIDUAL');
NOTE: The data set WORK.EM_TEMP_ASSESSMETA has 8 observations and 21 variables.
NOTE: DATA statement used (Total process time):
      real time           0.03 seconds
      cpu time            0.03 seconds
      

17091  data EM_temp_assessdata;
17092  set EMWS4.Reg9_VALIDATE(keep=
17093  F_TargetBuy
17094  I_TargetBuy
17095  P_TargetBuy0
17096  P_TargetBuy1
17097  R_TargetBuy0
17098  R_TargetBuy1
17099  U_TargetBuy
17100  _WARN_
17101  TargetBuy
17102  );
17103  run;

NOTE: There were 2968 observations read from the data set EMWS4.PART9_VALIDATE.
NOTE: View EMWS4.REG9_VALIDATE.VIEW used (Total process time):
      real time           0.12 seconds
      cpu time            0.12 seconds
      
NOTE: There were 2968 observations read from the data set EMWS4.IMPT7_VALIDATE.
NOTE: There were 2968 observations read from the data set EMWS4.REG9_VALIDATE.
NOTE: The data set WORK.EM_TEMP_ASSESSDATA has 2968 observations and 9 variables.
NOTE: DATA statement used (Total process time):
      real time           0.14 seconds
      cpu time            0.14 seconds
      
















21393  %let _cn = %sysfunc(getoption(CENTER));
21394  options nocenter;
21395  proc print data=EMWS4.Reg9_EMREPORTFIT noobs label;
21396  var STAT LABEL TRAIN
21397  VALIDATE
21398  ;
21399  by TARGET TARGETLABEL;
21400  title9 ' ';
21401  title10 "%sysfunc(sasmsg(sashelp.dmine, rpt_fitstat_title  , NOQUOTE))";
21402  run;

NOTE: There were 20 observations read from the data set EMWS4.REG9_EMREPORTFIT.
NOTE: The PROCEDURE PRINT printed page 15.
NOTE: PROCEDURE PRINT used (Total process time):
      real time           0.00 seconds
      cpu time            0.00 seconds
      

21403  title10;
21404  options &_cn;

21405  proc sort data=EMWS4.Reg9_EMCLASSIFICATION nothreads;
21406  by DATAROLE TARGET TARGETLABEL;
21407  run;

NOTE: There were 8 observations read from the data set EMWS4.REG9_EMCLASSIFICATION.
NOTE: The data set EMWS4.REG9_EMCLASSIFICATION has 8 observations and 12 variables.
NOTE: PROCEDURE SORT used (Total process time):
      real time           0.01 seconds
      cpu time            0.01 seconds
      

21408  %let _cn = %sysfunc(getoption(CENTER));
21409  options nocenter;
21410  proc print data=EMWS4.Reg9_EMCLASSIFICATION noobs label;
21411  var from into pct_row pct_col count percent
21412  ;
21413  by DATAROLE TARGET TARGETLABEL;
21414  label FROM = "%sysfunc(sasmsg(sashelp.dmine, rpt_target_vlabel ,     NOQUOTE))";
21415  label INTO = "%sysfunc(sasmsg(sashelp.dmine, rpt_outcome_vlabel ,    NOQUOTE))";
21416  label PCT_ROW = "%sysfunc(sasmsg(sashelp.dmine, rpt_targetpct_vlabel ,  NOQUOTE))";
21417  label PCT_COL = "%sysfunc(sasmsg(sashelp.dmine, rpt_outcomepct_vlabel , NOQUOTE))";
21418  label COUNT = "%sysfunc(sasmsg(sashelp.dmine, rpt_count_vlabel ,      NOQUOTE))";
21419  label PERCENT = "%sysfunc(sasmsg(sashelp.dmine, rpt_totalpct_vlabel ,   NOQUOTE))";
21420  where _TYPE_='PREDICTION';
21421  title9 ' ';
21422  title10 "%sysfunc(sasmsg(sashelp.dmine, rpt_classification_title    , NOQUOTE))";
21423  run;

NOTE: There were 8 observations read from the data set EMWS4.REG9_EMCLASSIFICATION.
      WHERE _TYPE_='PREDICTION';
NOTE: The PROCEDURE PRINT printed page 16.
NOTE: PROCEDURE PRINT used (Total process time):
      real time           0.03 seconds
      cpu time            0.03 seconds
      

21424  title9;
21425  title10;
21426  options &_cn;

21427  %let _cn = %sysfunc(getoption(CENTER));
21428  options nocenter;
21429  data EMWS4.Reg9_EMEVENTREPORT;
21430  length DATAROLE TARGET $32 TARGETLABEL $200 FALSENEVENT TRUENEVENT FALSEEVENT TRUEEVENT
21430! 8;
21431  label DATAROLE = "%sysfunc(sasmsg(sashelp.dmine, rpt_datarole_vlabel ,    NOQUOTE))"
21431! TARGET = "%sysfunc(sasmsg(sashelp.dmine, rpt_target_vlabel ,      NOQUOTE))" TARGETLABEL
21431!  = "%sysfunc(sasmsg(sashelp.dmine, meta_targetlabel_vlabel, NOQUOTE))" FALSEEVENT
21432  = "%sysfunc(sasmsg(sashelp.dmine, rpt_falseevent_vlabel ,  NOQUOTE))" FALSENEVENT =
21432! "%sysfunc(sasmsg(sashelp.dmine, rpt_falsenevent_vlabel , NOQUOTE))" TRUEEVENT =
21432! "%sysfunc(sasmsg(sashelp.dmine, rpt_trueevent_vlabel ,   NOQUOTE))" TRUENEVENT =
21433     "%sysfunc(sasmsg(sashelp.dmine, rpt_truenevent_vlabel ,  NOQUOTE))";
21434  FALSEEVENT=0;
21435  FALSENEVENT=0;
21436  TRUEEVENT=0;
21437  TRUENEVENT=0;
21438  set EMWS4.Reg9_EMEVENTREPORT;
21439  run;

NOTE: There were 2 observations read from the data set EMWS4.REG9_EMEVENTREPORT.
NOTE: The data set EMWS4.REG9_EMEVENTREPORT has 2 observations and 7 variables.
NOTE: DATA statement used (Total process time):
      real time           0.04 seconds
      cpu time            0.04 seconds
      

21440  proc print data=EMWS4.Reg9_EMEVENTREPORT noobs label;
21441  title9 ' ';
21442  title10 "%sysfunc(sasmsg(sashelp.dmine, rpt_eventtable_title    , NOQUOTE))";
21443  by notsorted DATAROLE notsorted TARGET notsorted TARGETLABEL;
21444  run;

NOTE: There were 2 observations read from the data set EMWS4.REG9_EMEVENTREPORT.
NOTE: The PROCEDURE PRINT printed page 17.
NOTE: PROCEDURE PRINT used (Total process time):
      real time           0.01 seconds
      cpu time            0.01 seconds
      

21445  title10;
21446  options &_cn;

21447  proc datasets library=EMWS4 nolist;
21448  modify Reg9_EMRANK;
21449  label target = "%sysfunc(sasmsg(sashelp.dmine, rpt_targetvar_vlabel ,   NOQUOTE))";
21450  label datarole = "%sysfunc(sasmsg(sashelp.dmine, rpt_datarole_vlabel ,    NOQUOTE))";
21451  run;

NOTE: MODIFY was successful for EMWS4.REG9_EMRANK.DATA.
21452  quit;

NOTE: PROCEDURE DATASETS used (Total process time):
      real time           0.06 seconds
      cpu time            0.06 seconds
      

21453  %let _cn = %sysfunc(getoption(CENTER));
21454  options nocenter;
21455  proc print data=EMWS4.Reg9_EMRANK label noobs;
21456  var
21457  decile gain lift liftc resp respc N _meanP_;
21458  by
21459  notsorted DATAROLE
21460  notsorted TARGET
21461  notsorted TARGETLABEL
21462  ;
21463  title9 ' ';
21464  title10 "%sysfunc(sasmsg(sashelp.dmine, rpt_scoreranking_title , NOQUOTE))";
21465  run;

NOTE: There were 40 observations read from the data set EMWS4.REG9_EMRANK.
NOTE: The PROCEDURE PRINT printed page 18.
NOTE: PROCEDURE PRINT used (Total process time):
      real time           0.01 seconds
      cpu time            0.01 seconds
      

21466  title10;
21467  options &_cn;

21468  proc datasets library=EMWS4 nolist;
21469  modify Reg9_EMSCOREDIST;
21470  label target = "%sysfunc(sasmsg(sashelp.dmine, rpt_targetvar_vlabel ,      NOQUOTE))";
21471  label datarole = "%sysfunc(sasmsg(sashelp.dmine, rpt_datarole_vlabel ,    NOQUOTE))";
21472  run;

NOTE: MODIFY was successful for EMWS4.REG9_EMSCOREDIST.DATA.
21473  quit;

NOTE: PROCEDURE DATASETS used (Total process time):
      real time           0.06 seconds
      cpu time            0.06 seconds
      

