 
                                                                                                                                                                                                                                                                
 
 
Variable Summary

            Measurement    Frequency
Role           Level         Count

INPUT        BINARY            4    
INPUT        INTERVAL          9    
INPUT        NOMINAL           5    
REJECTED     INTERVAL          4    
REJECTED     NOMINAL           5    
TARGET       BINARY            1    
 
                                                                                                                                                                                                                                                                
 
 
Model Events

                                     Number
                      Measurement      of
 Target      Event       Level       Levels      Order       Label

TargetBuy      1        BINARY          2      Descending         
 
                                                                                                                                                                                                                                                                
 
 
Predicted and decision variables

Type           Variable              Label

TARGET       TargetBuy                             
PREDICTED    P_TargetBuy1    Predicted: TargetBuy=1
RESIDUAL     R_TargetBuy1    Residual: TargetBuy=1 
PREDICTED    P_TargetBuy0    Predicted: TargetBuy=0
RESIDUAL     R_TargetBuy0    Residual: TargetBuy=0 
FROM         F_TargetBuy     From: TargetBuy       
INTO         I_TargetBuy     Into: TargetBuy       
 
                                                                                                                                                                                                                                                                
 
 

The DMREG Procedure

                Model Information

Training Data Set              WORK.EM_DMREG.VIEW
DMDB Catalog                   WORK.REG9_DMDB    
Target Variable                TargetBuy         
Target Measurement Level       Ordinal           
Number of Target Categories    2                 
Error                          MBernoulli        
Link Function                  Logit             
Number of Model Parameters     42                
Number of Observations         2965              


          Target Profile
 
 Ordered     Target         Total
   Value     Buy        Frequency

       1     1                571
       2     0               2394




Stepwise Selection Procedure


Step 0: Intercept entered.
 
                                                                                                                                                                                                                                                                
 
 

The DMREG Procedure

Newton-Raphson Ridge Optimization

Without Parameter Scaling

Parameter Estimates               1

                                             Optimization Start

Active Constraints                                  0  Objective Function                       1452.6797633
Max Abs Gradient Element                 1.603384E-12                                                       

                                            Optimization Results

Iterations                                          0  Function Calls                                      3
Hessian Calls                                       1  Active Constraints                                  0
Objective Function                       1452.6797633  Max Abs Gradient Element                 1.603384E-12
Ridge                                               0  Actual Over Pred Change                             0

Convergence criterion (ABSGCONV=0.00001) satisfied.                                               


     Likelihood Ratio Test for Global Null Hypothesis: BETA=0
 
     -2 Log Likelihood          Likelihood
  Intercept     Intercept &          Ratio
       Only      Covariates     Chi-Square       DF     Pr > ChiSq

   2905.360        2905.360         0.0000        0          .    




                                       Analysis of Maximum Likelihood Estimates
 
                                                      Standard          Wald                  Standardized
Parameter                           DF    Estimate       Error    Chi-Square    Pr > ChiSq        Estimate    Exp(Est)

Intercept                            1     -1.4333      0.0466        947.17        <.0001                       0.239




Step 1: Effect AffluenceGrade entered.
 
                                                                                                                                                                                                                                                                
 
 

The DMREG Procedure

Newton-Raphson Ridge Optimization

Without Parameter Scaling

Parameter Estimates               2

                                             Optimization Start

Active Constraints                                  0  Objective Function                       1452.6797633
Max Abs Gradient Element                 77.726626737                                                       


                                                                                                        Ratio
                                                                                                      Between
                                                                                                       Actual
                                                                 Objective     Max Abs                    and
                     Function         Active        Objective     Function    Gradient              Predicted
Iter     Restarts       Calls    Constraints         Function       Change     Element     Ridge       Change

   1            0           2              0             1333        119.9     66.5001         0        0.925
   2            0           3              0             1328       5.0328      2.2360         0        1.021
   3            0           4              0             1328      0.00732     0.00505         0        1.002
   4            0           5              0             1328     5.369E-8    3.762E-8         0        1.000

                                            Optimization Results

Iterations                                          4  Function Calls                                      7
Hessian Calls                                       5  Active Constraints                                  0
Objective Function                       1327.7117625  Max Abs Gradient Element                 3.7621576E-8
Ridge                                               0  Actual Over Pred Change                  1.0004396445

Convergence criterion (GCONV=1E-6) satisfied.                                                     


     Likelihood Ratio Test for Global Null Hypothesis: BETA=0
 
     -2 Log Likelihood          Likelihood
  Intercept     Intercept &          Ratio
       Only      Covariates     Chi-Square       DF     Pr > ChiSq

   2905.360        2655.424       249.9360        1         <.0001


               Type 3 Analysis of Effects
 
                                       Wald
Effect                     DF    Chi-Square    Pr > ChiSq

AffluenceGrade              1      221.2754        <.0001


                                       Analysis of Maximum Likelihood Estimates
 
                                                      Standard          Wald                  Standardized
Parameter                           DF    Estimate       Error    Chi-Square    Pr > ChiSq        Estimate    Exp(Est)

Intercept                            1     -3.5311      0.1569        506.33        <.0001                       0.029
AffluenceGrade                       1      0.2272      0.0153        221.28        <.0001          0.4084       1.255


                   Odds Ratio Estimates
                             
                                                     Point
Effect                                            Estimate

AffluenceGrade                                       1.255


Step 2: Effect REP_Age entered.
 
                                                                                                                                                                                                                                                                
 
 

The DMREG Procedure

Newton-Raphson Ridge Optimization

Without Parameter Scaling

Parameter Estimates               3

                                             Optimization Start

Active Constraints                                  0  Objective Function                       1452.6797633
Max Abs Gradient Element                 139.79502944                                                       


                                                                                                        Ratio
                                                                                                      Between
                                                                                                       Actual
                                                                 Objective     Max Abs                    and
                     Function         Active        Objective     Function    Gradient              Predicted
Iter     Restarts       Calls    Constraints         Function       Change     Element     Ridge       Change

   1            0           2              0             1241        211.3       106.6         0        0.950
   2            0           3              0             1227      14.8373      7.8456         0        1.057
   3            0           4              0             1226       0.1594      0.1140         0        1.011
   4            0           5              0             1226     0.000047    0.000033         0        1.000

                                            Optimization Results

Iterations                                          4  Function Calls                                      7
Hessian Calls                                       5  Active Constraints                                  0
Objective Function                       1226.3460434  Max Abs Gradient Element                 0.0000334477
Ridge                                               0  Actual Over Pred Change                  1.0002076915

Convergence criterion (GCONV=1E-6) satisfied.                                                     


     Likelihood Ratio Test for Global Null Hypothesis: BETA=0
 
     -2 Log Likelihood          Likelihood
  Intercept     Intercept &          Ratio
       Only      Covariates     Chi-Square       DF     Pr > ChiSq

   2905.360        2452.692       452.6674        2         <.0001


               Type 3 Analysis of Effects
 
                                       Wald
Effect                     DF    Chi-Square    Pr > ChiSq

AffluenceGrade              1      186.0332        <.0001
REP_Age                     1      181.0375        <.0001


                                       Analysis of Maximum Likelihood Estimates
 
                                                      Standard          Wald                  Standardized
Parameter                           DF    Estimate       Error    Chi-Square    Pr > ChiSq        Estimate    Exp(Est)

Intercept                            1     -0.5143      0.2591          3.94        0.0471                       0.598
AffluenceGrade                       1      0.2184      0.0160        186.03        <.0001          0.3926       1.244
REP_Age                              1     -0.0566     0.00421        181.04        <.0001         -0.4042       0.945


                   Odds Ratio Estimates
                             
                                                     Point
Effect                                            Estimate

AffluenceGrade                                       1.244
REP_Age                                              0.945


Step 3: Effect REP_Gender entered.
 
                                                                                                                                                                                                                                                                
 
 

The DMREG Procedure

Newton-Raphson Ridge Optimization

Without Parameter Scaling

Parameter Estimates               5

                                             Optimization Start

Active Constraints                                  0  Objective Function                       1452.6797633
Max Abs Gradient Element                 210.73794266                                                       


                                                                                                        Ratio
                                                                                                      Between
                                                                                                       Actual
                                                                 Objective     Max Abs                    and
                     Function         Active        Objective     Function    Gradient              Predicted
Iter     Restarts       Calls    Constraints         Function       Change     Element     Ridge       Change

   1            0           2              0             1180        272.9       131.7         0        0.964
   2            0           3              0             1153      26.3223     14.0936         0        1.091
   3            0           4              0             1153       0.7506      0.5289         0        1.030
   4            0           5              0             1153      0.00169     0.00126         0        1.002
   5            0           6              0             1153     1.398E-8    1.047E-8         0        1.000

                                            Optimization Results

Iterations                                          5  Function Calls                                      8
Hessian Calls                                       6  Active Constraints                                  0
Objective Function                       1152.6963467  Max Abs Gradient Element                  1.047163E-8
Ridge                                               0  Actual Over Pred Change                  1.0000625854

Convergence criterion (GCONV=1E-6) satisfied.                                                     


     Likelihood Ratio Test for Global Null Hypothesis: BETA=0
 
     -2 Log Likelihood          Likelihood
  Intercept     Intercept &          Ratio
       Only      Covariates     Chi-Square       DF     Pr > ChiSq

   2905.360        2305.393       599.9668        4         <.0001


               Type 3 Analysis of Effects
 
                                       Wald
Effect                     DF    Chi-Square    Pr > ChiSq

AffluenceGrade              1      178.9882        <.0001
REP_Age                     1      163.1838        <.0001
REP_Gender                  2      127.3582        <.0001


                                       Analysis of Maximum Likelihood Estimates
 
                                                      Standard          Wald                  Standardized
Parameter                           DF    Estimate       Error    Chi-Square    Pr > ChiSq        Estimate    Exp(Est)

Intercept                            1     -1.0364      0.2717         14.54        0.0001                       0.355
AffluenceGrade                       1      0.2203      0.0165        178.99        <.0001          0.3961       1.246
REP_Age                              1     -0.0550     0.00431        163.18        <.0001         -0.3925       0.946
REP_Gender            F              1      0.9023      0.0800        127.23        <.0001                       2.465
REP_Gender            M              1     -0.2218      0.1007          4.86        0.0275                       0.801


                   Odds Ratio Estimates
                             
                                                     Point
Effect                                            Estimate

AffluenceGrade                                       1.246
REP_Age                                              0.946
REP_Gender            F vs U                         4.868
REP_Gender            M vs U                         1.582


Step 4: Effect MobileApplications entered.
 
                                                                                                                                                                                                                                                                
 
 

The DMREG Procedure

Newton-Raphson Ridge Optimization

Without Parameter Scaling

Parameter Estimates               6

                                             Optimization Start

Active Constraints                                  0  Objective Function                       1452.6797633
Max Abs Gradient Element                 210.73794266                                                       


                                                                                                        Ratio
                                                                                                      Between
                                                                                                       Actual
                                                                 Objective     Max Abs                    and
                     Function         Active        Objective     Function    Gradient              Predicted
Iter     Restarts       Calls    Constraints         Function       Change     Element     Ridge       Change

   1            0           2              0             1162        290.4       136.7         0        0.956
   2            0           3              0             1134      28.6171     15.0387         0        1.093
   3            0           4              0             1133       0.8630      0.6012         0        1.032
   4            0           5              0             1133      0.00216     0.00158         0        1.002
   5            0           6              0             1133     2.146E-8    1.594E-8         0        1.000

                                            Optimization Results

Iterations                                          5  Function Calls                                      8
Hessian Calls                                       6  Active Constraints                                  0
Objective Function                       1132.8236089  Max Abs Gradient Element                 1.5939249E-8
Ridge                                               0  Actual Over Pred Change                  0.9998727163

Convergence criterion (GCONV=1E-6) satisfied.                                                     


     Likelihood Ratio Test for Global Null Hypothesis: BETA=0
 
     -2 Log Likelihood          Likelihood
  Intercept     Intercept &          Ratio
       Only      Covariates     Chi-Square       DF     Pr > ChiSq

   2905.360        2265.647       639.7123        5         <.0001


               Type 3 Analysis of Effects
 
                                       Wald
Effect                     DF    Chi-Square    Pr > ChiSq

AffluenceGrade              1      158.3397        <.0001
MobileApplications          1       40.8375        <.0001
REP_Age                     1      163.9574        <.0001
REP_Gender                  2      123.7670        <.0001


                                       Analysis of Maximum Likelihood Estimates
 
                                                      Standard          Wald                  Standardized
Parameter                           DF    Estimate       Error    Chi-Square    Pr > ChiSq        Estimate    Exp(Est)

Intercept                            1     -0.7134      0.2783          6.57        0.0104                       0.490
AffluenceGrade                       1      0.2095      0.0167        158.34        <.0001          0.3767       1.233
MobileApplications    0              1     -0.3759      0.0588         40.84        <.0001                       0.687
REP_Age                              1     -0.0558     0.00436        163.96        <.0001         -0.3983       0.946
REP_Gender            F              1      0.8959      0.0806        123.67        <.0001                       2.450
REP_Gender            M              1     -0.2195      0.1014          4.69        0.0304                       0.803


                   Odds Ratio Estimates
                             
                                                     Point
Effect                                            Estimate

AffluenceGrade                                       1.233
MobileApplications    0 vs 1                         0.472
REP_Age                                              0.946
REP_Gender            F vs U                         4.818
REP_Gender            M vs U                         1.579


Step 5: Effect NightRepairProducts entered.
 
                                                                                                                                                                                                                                                                
 
 

The DMREG Procedure

Newton-Raphson Ridge Optimization

Without Parameter Scaling

Parameter Estimates               7

                                             Optimization Start

Active Constraints                                  0  Objective Function                       1452.6797633
Max Abs Gradient Element                 210.73794266                                                       


                                                                                                        Ratio
                                                                                                      Between
                                                                                                       Actual
                                                                 Objective     Max Abs                    and
                     Function         Active        Objective     Function    Gradient              Predicted
Iter     Restarts       Calls    Constraints         Function       Change     Element     Ridge       Change

   1            0           2              0             1149        303.2       140.9         0        0.958
   2            0           3              0             1118      31.1556     16.3591         0        1.098
   3            0           4              0             1117       1.0463      0.7164         0        1.034
   4            0           5              0             1117      0.00307     0.00221         0        1.002
   5            0           6              0             1117     4.046E-8    2.957E-8         0        1.000

                                            Optimization Results

Iterations                                          5  Function Calls                                      8
Hessian Calls                                       6  Active Constraints                                  0
Objective Function                       1117.2713708  Max Abs Gradient Element                 2.9574297E-8
Ridge                                               0  Actual Over Pred Change                   0.999960414

Convergence criterion (GCONV=1E-6) satisfied.                                                     


     Likelihood Ratio Test for Global Null Hypothesis: BETA=0
 
     -2 Log Likelihood          Likelihood
  Intercept     Intercept &          Ratio
       Only      Covariates     Chi-Square       DF     Pr > ChiSq

   2905.360        2234.543       670.8168        6         <.0001


               Type 3 Analysis of Effects
 
                                       Wald
Effect                     DF    Chi-Square    Pr > ChiSq

AffluenceGrade              1      156.3005        <.0001
MobileApplications          1       40.3370        <.0001
NightRepairProducts         1       30.5149        <.0001
REP_Age                     1      157.6192        <.0001
REP_Gender                  2      125.3326        <.0001


                                       Analysis of Maximum Likelihood Estimates
 
                                                      Standard          Wald                  Standardized
Parameter                           DF    Estimate       Error    Chi-Square    Pr > ChiSq        Estimate    Exp(Est)

Intercept                            1     -1.1508      0.2922         15.51        <.0001                       0.316
AffluenceGrade                       1      0.2099      0.0168        156.30        <.0001          0.3773       1.233
MobileApplications    0              1     -0.3778      0.0595         40.34        <.0001                       0.685
NightRepairProducts                  1      0.3703      0.0670         30.51        <.0001          0.1656       1.448
REP_Age                              1     -0.0551     0.00439        157.62        <.0001         -0.3929       0.946
REP_Gender            F              1      0.9083      0.0812        125.27        <.0001                       2.480
REP_Gender            M              1     -0.2197      0.1019          4.65        0.0311                       0.803


                   Odds Ratio Estimates
                             
                                                     Point
Effect                                            Estimate

AffluenceGrade                                       1.233
MobileApplications    0 vs 1                         0.470
NightRepairProducts                                  1.448
REP_Age                                              0.946
REP_Gender            F vs U                         4.938
REP_Gender            M vs U                         1.598


Step 6: Effect CleanserProducts entered.
 
                                                                                                                                                                                                                                                                
 
 

The DMREG Procedure

Newton-Raphson Ridge Optimization

Without Parameter Scaling

Parameter Estimates               8

                                             Optimization Start

Active Constraints                                  0  Objective Function                       1452.6797633
Max Abs Gradient Element                 210.73794266                                                       


                                                                                                        Ratio
                                                                                                      Between
                                                                                                       Actual
                                                                 Objective     Max Abs                    and
                     Function         Active        Objective     Function    Gradient              Predicted
Iter     Restarts       Calls    Constraints         Function       Change     Element     Ridge       Change

   1            0           2              0             1146        306.9       142.3         0        0.959
   2            0           3              0             1114      32.0620     16.8200         0        1.100
   3            0           4              0             1113       1.1294      0.7710         0        1.036
   4            0           5              0             1113      0.00363     0.00261         0        1.003
   5            0           6              0             1113     5.728E-8    4.172E-8         0        1.000

                                            Optimization Results

Iterations                                          5  Function Calls                                      8
Hessian Calls                                       6  Active Constraints                                  0
Objective Function                       1112.5563493  Max Abs Gradient Element                 4.1718826E-8
Ridge                                               0  Actual Over Pred Change                  1.0000425082

Convergence criterion (GCONV=1E-6) satisfied.                                                     


     Likelihood Ratio Test for Global Null Hypothesis: BETA=0
 
     -2 Log Likelihood          Likelihood
  Intercept     Intercept &          Ratio
       Only      Covariates     Chi-Square       DF     Pr > ChiSq

   2905.360        2225.113       680.2468        7         <.0001


               Type 3 Analysis of Effects
 
                                       Wald
Effect                     DF    Chi-Square    Pr > ChiSq

AffluenceGrade              1      154.8500        <.0001
CleanserProducts            1        9.3721        0.0022
MobileApplications          1       40.9867        <.0001
NightRepairProducts         1       30.7354        <.0001
REP_Age                     1      157.3809        <.0001
REP_Gender                  2      127.3642        <.0001


                                       Analysis of Maximum Likelihood Estimates
 
                                                      Standard          Wald                  Standardized
Parameter                           DF    Estimate       Error    Chi-Square    Pr > ChiSq        Estimate    Exp(Est)

Intercept                            1     -1.3924      0.3037         21.02        <.0001                       0.248
AffluenceGrade                       1      0.2094      0.0168        154.85        <.0001          0.3765       1.233
CleanserProducts                     1      0.1176      0.0384          9.37        0.0022          0.0906       1.125
MobileApplications    0              1     -0.3822      0.0597         40.99        <.0001                       0.682
NightRepairProducts                  1      0.3729      0.0673         30.74        <.0001          0.1668       1.452
REP_Age                              1     -0.0551     0.00439        157.38        <.0001         -0.3933       0.946
REP_Gender            F              1      0.9203      0.0816        127.28        <.0001                       2.510
REP_Gender            M              1     -0.2228      0.1022          4.75        0.0293                       0.800


                   Odds Ratio Estimates
                             
                                                     Point
Effect                                            Estimate

AffluenceGrade                                       1.233
CleanserProducts                                     1.125
MobileApplications    0 vs 1                         0.466
NightRepairProducts                                  1.452
REP_Age                                              0.946
REP_Gender            F vs U                         5.042
REP_Gender            M vs U                         1.607


Step 7: Effect DayCareProducts entered.
 
                                                                                                                                                                                                                                                                
 
 

The DMREG Procedure

Newton-Raphson Ridge Optimization

Without Parameter Scaling

Parameter Estimates               9

                                             Optimization Start

Active Constraints                                  0  Objective Function                       1452.6797633
Max Abs Gradient Element                 210.73794266                                                       


                                                                                                        Ratio
                                                                                                      Between
                                                                                                       Actual
                                                                 Objective     Max Abs                    and
                     Function         Active        Objective     Function    Gradient              Predicted
Iter     Restarts       Calls    Constraints         Function       Change     Element     Ridge       Change

   1            0           2              0             1143        309.8       142.8         0        0.959
   2            0           3              0             1110      32.5787     17.0933         0        1.101
   3            0           4              0             1109       1.1788      0.8013         0        1.037
   4            0           5              0             1109      0.00394     0.00283         0        1.003
   5            0           6              0             1109     6.629E-8    4.812E-8         0        1.000

                                            Optimization Results

Iterations                                          5  Function Calls                                      8
Hessian Calls                                       6  Active Constraints                                  0
Objective Function                        1109.131036  Max Abs Gradient Element                 4.8119531E-8
Ridge                                               0  Actual Over Pred Change                  1.0000625224

Convergence criterion (GCONV=1E-6) satisfied.                                                     


     Likelihood Ratio Test for Global Null Hypothesis: BETA=0
 
     -2 Log Likelihood          Likelihood
  Intercept     Intercept &          Ratio
       Only      Covariates     Chi-Square       DF     Pr > ChiSq

   2905.360        2218.262       687.0975        8         <.0001


               Type 3 Analysis of Effects
 
                                       Wald
Effect                     DF    Chi-Square    Pr > ChiSq

AffluenceGrade              1      154.3988        <.0001
CleanserProducts            1        9.3539        0.0022
DayCareProducts             1        6.8231        0.0090
MobileApplications          1       41.8656        <.0001
NightRepairProducts         1       30.5302        <.0001
REP_Age                     1      156.0734        <.0001
REP_Gender                  2      128.4055        <.0001


                                       Analysis of Maximum Likelihood Estimates
 
                                                      Standard          Wald                  Standardized
Parameter                           DF    Estimate       Error    Chi-Square    Pr > ChiSq        Estimate    Exp(Est)

Intercept                            1     -1.5965      0.3145         25.76        <.0001                       0.203
AffluenceGrade                       1      0.2099      0.0169        154.40        <.0001          0.3773       1.234
CleanserProducts                     1      0.1176      0.0385          9.35        0.0022          0.0907       1.125
DayCareProducts                      1      0.1263      0.0483          6.82        0.0090          0.0781       1.135
MobileApplications    0              1     -0.3876      0.0599         41.87        <.0001                       0.679
NightRepairProducts                  1      0.3729      0.0675         30.53        <.0001          0.1668       1.452
REP_Age                              1     -0.0549     0.00440        156.07        <.0001         -0.3920       0.947
REP_Gender            F              1      0.9267      0.0818        128.34        <.0001                       2.526
REP_Gender            M              1     -0.2224      0.1024          4.71        0.0299                       0.801


                   Odds Ratio Estimates
                             
                                                     Point
Effect                                            Estimate

AffluenceGrade                                       1.234
CleanserProducts                                     1.125
DayCareProducts                                      1.135
MobileApplications    0 vs 1                         0.461
NightRepairProducts                                  1.452
REP_Age                                              0.947
REP_Gender            F vs U                         5.109
REP_Gender            M vs U                         1.619


Step 8: Effect LotionProducts entered.
 
                                                                                                                                                                                                                                                                
 
 

The DMREG Procedure

Newton-Raphson Ridge Optimization

Without Parameter Scaling

Parameter Estimates              10

                                             Optimization Start

Active Constraints                                  0  Objective Function                       1452.6797633
Max Abs Gradient Element                 210.73794266                                                       


                                                                                                        Ratio
                                                                                                      Between
                                                                                                       Actual
                                                                 Objective     Max Abs                    and
                     Function         Active        Objective     Function    Gradient              Predicted
Iter     Restarts       Calls    Constraints         Function       Change     Element     Ridge       Change

   1            0           2              0             1140        312.7       143.8         0        0.960
   2            0           3              0             1107      33.2178     17.4419         0        1.103
   3            0           4              0             1106       1.2304      0.8340         0        1.037
   4            0           5              0             1106      0.00424     0.00304         0        1.003
   5            0           6              0             1106     7.514E-8     5.45E-8         0        1.000

                                            Optimization Results

Iterations                                          5  Function Calls                                      8
Hessian Calls                                       6  Active Constraints                                  0
Objective Function                       1105.5680892  Max Abs Gradient Element                 5.4504898E-8
Ridge                                               0  Actual Over Pred Change                  0.9999957575

Convergence criterion (GCONV=1E-6) satisfied.                                                     


     Likelihood Ratio Test for Global Null Hypothesis: BETA=0
 
     -2 Log Likelihood          Likelihood
  Intercept     Intercept &          Ratio
       Only      Covariates     Chi-Square       DF     Pr > ChiSq

   2905.360        2211.136       694.2233        9         <.0001


               Type 3 Analysis of Effects
 
                                       Wald
Effect                     DF    Chi-Square    Pr > ChiSq

AffluenceGrade              1      153.5853        <.0001
CleanserProducts            1        9.8017        0.0017
DayCareProducts             1        7.1543        0.0075
LotionProducts              1        7.0864        0.0078
MobileApplications          1       35.9845        <.0001
NightRepairProducts         1       30.8302        <.0001
REP_Age                     1      154.9715        <.0001
REP_Gender                  2      128.3640        <.0001


                                       Analysis of Maximum Likelihood Estimates
 
                                                      Standard          Wald                  Standardized
Parameter                           DF    Estimate       Error    Chi-Square    Pr > ChiSq        Estimate    Exp(Est)

Intercept                            1     -1.4167      0.3225         19.30        <.0001                       0.243
AffluenceGrade                       1      0.2097      0.0169        153.59        <.0001          0.3771       1.233
CleanserProducts                     1      0.1208      0.0386          9.80        0.0017          0.0932       1.128
DayCareProducts                      1      0.1297      0.0485          7.15        0.0075          0.0802       1.138
LotionProducts                       1     -0.0920      0.0345          7.09        0.0078         -0.0827       0.912
MobileApplications    0              1     -0.3634      0.0606         35.98        <.0001                       0.695
NightRepairProducts                  1      0.3753      0.0676         30.83        <.0001          0.1678       1.455
REP_Age                              1     -0.0549     0.00441        154.97        <.0001         -0.3916       0.947
REP_Gender            F              1      0.9276      0.0819        128.25        <.0001                       2.528
REP_Gender            M              1     -0.2307      0.1026          5.06        0.0245                       0.794


                   Odds Ratio Estimates
                             
                                                     Point
Effect                                            Estimate

AffluenceGrade                                       1.233
CleanserProducts                                     1.128
DayCareProducts                                      1.138
LotionProducts                                       0.912
MobileApplications    0 vs 1                         0.483
NightRepairProducts                                  1.455
REP_Age                                              0.947
REP_Gender            F vs U                         5.076
REP_Gender            M vs U                         1.594


Step 9: Effect REP_LoyaltyTime entered.
 
                                                                                                                                                                                                                                                                
 
 

The DMREG Procedure

Newton-Raphson Ridge Optimization

Without Parameter Scaling

Parameter Estimates              11

                                             Optimization Start

Active Constraints                                  0  Objective Function                       1452.6797633
Max Abs Gradient Element                 210.73794266                                                       


                                                                                                        Ratio
                                                                                                      Between
                                                                                                       Actual
                                                                 Objective     Max Abs                    and
                     Function         Active        Objective     Function    Gradient              Predicted
Iter     Restarts       Calls    Constraints         Function       Change     Element     Ridge       Change

   1            0           2              0             1138        314.5       144.5         0        0.961
   2            0           3              0             1104      33.7281     17.7001         0        1.104
   3            0           4              0             1103       1.2778      0.8632         0        1.038
   4            0           5              0             1103      0.00458     0.00327         0        1.003
   5            0           6              0             1103     8.705E-8    6.298E-8         0        1.000

                                            Optimization Results

Iterations                                          5  Function Calls                                      8
Hessian Calls                                       6  Active Constraints                                  0
Objective Function                       1103.1282665  Max Abs Gradient Element                   6.29802E-8
Ridge                                               0  Actual Over Pred Change                  1.0000429297

Convergence criterion (GCONV=1E-6) satisfied.                                                     


     Likelihood Ratio Test for Global Null Hypothesis: BETA=0
 
     -2 Log Likelihood          Likelihood
  Intercept     Intercept &          Ratio
       Only      Covariates     Chi-Square       DF     Pr > ChiSq

   2905.360        2206.257       699.1030       10         <.0001


               Type 3 Analysis of Effects
 
                                       Wald
Effect                     DF    Chi-Square    Pr > ChiSq

AffluenceGrade              1      152.0898        <.0001
CleanserProducts            1        9.8771        0.0017
DayCareProducts             1        7.1049        0.0077
LotionProducts              1        6.9238        0.0085
MobileApplications          1       36.1503        <.0001
NightRepairProducts         1       30.5508        <.0001
REP_Age                     1      158.2405        <.0001
REP_Gender                  2      128.5358        <.0001
REP_LoyaltyTime             1        5.0553        0.0246


                                       Analysis of Maximum Likelihood Estimates
 
                                                      Standard          Wald                  Standardized
Parameter                           DF    Estimate       Error    Chi-Square    Pr > ChiSq        Estimate    Exp(Est)

Intercept                            1     -1.4839      0.3237         21.02        <.0001                       0.227
AffluenceGrade                       1      0.2089      0.0169        152.09        <.0001          0.3756       1.232
CleanserProducts                     1      0.1214      0.0386          9.88        0.0017          0.0936       1.129
DayCareProducts                      1      0.1294      0.0485          7.10        0.0077          0.0800       1.138
LotionProducts                       1     -0.0910      0.0346          6.92        0.0085         -0.0818       0.913
MobileApplications    0              1     -0.3645      0.0606         36.15        <.0001                       0.695
NightRepairProducts                  1      0.3738      0.0676         30.55        <.0001          0.1672       1.453
REP_Age                              1     -0.0569     0.00453        158.24        <.0001         -0.4063       0.945
REP_Gender            F              1      0.9296      0.0820        128.42        <.0001                       2.534
REP_Gender            M              1     -0.2294      0.1026          5.00        0.0254                       0.795
REP_LoyaltyTime                      1      0.0273      0.0121          5.06        0.0246          0.0702       1.028


                   Odds Ratio Estimates
                             
                                                     Point
Effect                                            Estimate

AffluenceGrade                                       1.232
CleanserProducts                                     1.129
DayCareProducts                                      1.138
LotionProducts                                       0.913
MobileApplications    0 vs 1                         0.482
NightRepairProducts                                  1.453
REP_Age                                              0.945
REP_Gender            F vs U                         5.103
REP_Gender            M vs U                         1.601
REP_LoyaltyTime                                      1.028


NOTE: No (additional) effects met the 0.05 significance level for entry into the model.


                               Summary of Stepwise Selection
 
                  Effect                   Number         Score          Wald
    Step    Entered                  DF        In    Chi-Square    Chi-Square    Pr > ChiSq

       1    AffluenceGrade            1         1      259.1758                      <.0001
       2    REP_Age                   1         2      196.8864                      <.0001
       3    REP_Gender                2         3      139.2747                      <.0001
       4    MobileApplications        1         4       41.6980                      <.0001
       5    NightRepairProducts       1         5       30.9584                      <.0001
       6    CleanserProducts          1         6        9.4131                      0.0022
       7    DayCareProducts           1         7        6.8453                      0.0089
       8    LotionProducts            1         8        7.1117                      0.0077
       9    REP_LoyaltyTime           1         9        5.0885                      0.0241


The selected model is the model trained in the last step (Step 9). It consists of the following effects:

Intercept  AffluenceGrade  CleanserProducts  DayCareProducts  LotionProducts  MobileApplications  NightRepairProducts  REP_Age  REP_Gender  REP_LoyaltyTime  


     Likelihood Ratio Test for Global Null Hypothesis: BETA=0
 
     -2 Log Likelihood          Likelihood
  Intercept     Intercept &          Ratio
       Only      Covariates     Chi-Square       DF     Pr > ChiSq

   2905.360        2206.257       699.1030       10         <.0001


               Type 3 Analysis of Effects
 
                                       Wald
Effect                     DF    Chi-Square    Pr > ChiSq

AffluenceGrade              1      152.0898        <.0001
CleanserProducts            1        9.8771        0.0017
DayCareProducts             1        7.1049        0.0077
LotionProducts              1        6.9238        0.0085
MobileApplications          1       36.1503        <.0001
NightRepairProducts         1       30.5508        <.0001
REP_Age                     1      158.2405        <.0001
REP_Gender                  2      128.5358        <.0001
REP_LoyaltyTime             1        5.0553        0.0246


                                       Analysis of Maximum Likelihood Estimates
 
                                                      Standard          Wald                  Standardized
Parameter                           DF    Estimate       Error    Chi-Square    Pr > ChiSq        Estimate    Exp(Est)

Intercept                            1     -1.4839      0.3237         21.02        <.0001                       0.227
AffluenceGrade                       1      0.2089      0.0169        152.09        <.0001          0.3756       1.232
CleanserProducts                     1      0.1214      0.0386          9.88        0.0017          0.0936       1.129
DayCareProducts                      1      0.1294      0.0485          7.10        0.0077          0.0800       1.138
LotionProducts                       1     -0.0910      0.0346          6.92        0.0085         -0.0818       0.913
MobileApplications    0              1     -0.3645      0.0606         36.15        <.0001                       0.695
NightRepairProducts                  1      0.3738      0.0676         30.55        <.0001          0.1672       1.453
REP_Age                              1     -0.0569     0.00453        158.24        <.0001         -0.4063       0.945
REP_Gender            F              1      0.9296      0.0820        128.42        <.0001                       2.534
REP_Gender            M              1     -0.2294      0.1026          5.00        0.0254                       0.795
REP_LoyaltyTime                      1      0.0273      0.0121          5.06        0.0246          0.0702       1.028


                   Odds Ratio Estimates
                             
                                                     Point
Effect                                            Estimate

AffluenceGrade                                       1.232
CleanserProducts                                     1.129
DayCareProducts                                      1.138
LotionProducts                                       0.913
MobileApplications    0 vs 1                         0.482
NightRepairProducts                                  1.453
REP_Age                                              0.945
REP_Gender            F vs U                         5.103
REP_Gender            M vs U                         1.601
REP_LoyaltyTime                                      1.028
