*------------------------------------------------------------*
* Training Log
Date:                May 09, 2018
Time:                17:31:59
*------------------------------------------------------------*
11406  proc freq data=EMWS5.Part_VariableSet noprint;
11407  table ROLE*LEVEL/out=WORK.PartMETA;
11408  run;

NOTE: There were 13 observations read from the data set EMWS5.PART_VARIABLESET.
NOTE: The data set WORK.PARTMETA has 6 observations and 4 variables.
NOTE: PROCEDURE FREQ used (Total process time):
      real time           0.04 seconds
      cpu time            0.04 seconds
      

11409  proc print data=WORK.PartMETA label noobs;
11410  var ROLE LEVEL COUNT;
11411  label ROLE = "%sysfunc(sasmsg(sashelp.dmine, meta_role_vlabel, NOQUOTE))" LEVEL = "%sysfunc(sasmsg(sashelp.dmine, meta_level_vlabel, NOQUOTE))" COUNT = "%sysfunc(sasmsg(sashelp.dmine, rpt_count_vlabel, NOQUOTE))";
11412  title9 ' ';
11413  title10 "%sysfunc(sasmsg(sashelp.dmine, rpt_varSummary_title  , NOQUOTE))";
11414  run;

NOTE: There were 6 observations read from the data set WORK.PARTMETA.
NOTE: The PROCEDURE PRINT printed page 1.
NOTE: PROCEDURE PRINT used (Total process time):
      real time           0.03 seconds
      cpu time            0.03 seconds
      

11415  title10;

trainPct=50 validatePct=50 testPct=0 
NOTE: View EMWS5.IDS_DATA.VIEW used (Total process time):
      real time           0.06 seconds
      cpu time            0.06 seconds
      
11423  *------------------------------------------------------------*;
11424  * Part: Retrieving stratification variable(s) levels;
11425  *------------------------------------------------------------*;
11426  proc freq data=EMWS5.Ids_DATA noprint;
11427  table
11428  TargetBuy
11429  /out=WORK.Part_FREQ(drop=percent);
11430  run;

NOTE: View EMWS5.IDS_DATA.VIEW used (Total process time):
      real time           0.07 seconds
      cpu time            0.07 seconds
      
NOTE: There were 22223 observations read from the data set HW2.HW2_BA8880_SUPERMARKETDATASET.
NOTE: There were 22223 observations read from the data set EMWS5.IDS_DATA.
NOTE: The data set WORK.PART_FREQ has 2 observations and 2 variables.
NOTE: PROCEDURE FREQ used (Total process time):
      real time           0.07 seconds
      cpu time            0.07 seconds
      

11431  proc sort data=WORK.Part_FREQ;
11432  by descending count;
11433  run;

NOTE: There were 2 observations read from the data set WORK.PART_FREQ.
NOTE: The data set WORK.PART_FREQ has 2 observations and 2 variables.
NOTE: PROCEDURE SORT used (Total process time):
      real time           0.00 seconds
      cpu time            0.00 seconds
      

11434  * Part: Retrieving levels that meet minimum requirement;
11435  data WORK.Part_FREQ2(keep = count);
11436  set WORK.Part_FREQ;
11437  where (.01 * 50 * count) >= 3;
11438  run;

NOTE: There were 2 observations read from the data set WORK.PART_FREQ.
      WHERE (0.5*count)>=3;
NOTE: The data set WORK.PART_FREQ2 has 2 observations and 1 variables.
NOTE: DATA statement used (Total process time):
      real time           0.00 seconds
      cpu time            0.00 seconds
      

11439  *------------------------------------------------------------*;
11440  * Part: Create stratified partitioning;
11441  *------------------------------------------------------------*;
11442  data
11443  EMWS5.Part_TRAIN(label="")
11444  EMWS5.Part_VALIDATE(label="")
11445  ;
11446  retain _seed_ 12345;
11447  drop _seed_ _genvalue_;
11448  call ranuni(_seed_, _genvalue_);
11449  label _dataobs_ = "%sysfunc(sasmsg(sashelp.dmine, sample_dataobs_vlabel, NOQUOTE))";
11450  _dataobs_ = _N_;
11451  drop _c00:;
11452  set EMWS5.Ids_DATA;
11453  if
11454  TargetBuy = 0
11455  then do;
11456  if (16718+1-_C000003)*_genvalue_ <= (8359 - _C000001) then do;
11457  _C000001 + 1;
11458  output EMWS5.Part_TRAIN;
11459  end;
11460  else do;
11461  _C000002 + 1;
11462  output EMWS5.Part_VALIDATE;
11463  end;
11464  _C000003+1;
11465  end;
11466  else if
11467  TargetBuy = 1
11468  then do;
11469  if (5505+1-_C000006)*_genvalue_ <= (2753 - _C000004) then do;
11470  _C000004 + 1;
11471  output EMWS5.Part_TRAIN;
11472  end;
11473  else do;
11474  _C000005 + 1;
11475  output EMWS5.Part_VALIDATE;
11476  end;
11477  _C000006+1;
11478  end;
11479  run;

NOTE: View EMWS5.IDS_DATA.VIEW used (Total process time):
      real time           0.07 seconds
      cpu time            0.07 seconds
      
NOTE: There were 22223 observations read from the data set HW2.HW2_BA8880_SUPERMARKETDATASET.
NOTE: There were 22223 observations read from the data set EMWS5.IDS_DATA.
NOTE: The data set EMWS5.PART_TRAIN has 11112 observations and 14 variables.
NOTE: The data set EMWS5.PART_VALIDATE has 11111 observations and 14 variables.
NOTE: DATA statement used (Total process time):
      real time           0.07 seconds
      cpu time            0.07 seconds
      

11480  data _tempNobs;
11481  length Type $8 Table $32 Nobs 8;
11482  label type= "%sysfunc(sasmsg(sashelp.dmine, meta_type_vlabel,    NOQUOTE))" table = "%sysfunc(sasmsg(sashelp.dmine, meta_dataset_vlabel, NOQUOTE))" nobs = "%sysfunc(sasmsg(sashelp.dmine,  rpt_numObs_vlabel,   NOQUOTE))";
11483  type='DATA';
11484  table="EMWS5.Ids_DATA";
11485  Nobs=22223;
11486  output;
11487  type='TRAIN';
11488  table="EMWS5.Part_TRAIN";
11489  Nobs=11112;
11490  output;
11491  type='VALIDATE';
11492  table="EMWS5.Part_VALIDATE";
11493  Nobs=11111;
11494  output;
11495  run;

NOTE: The data set WORK._TEMPNOBS has 3 observations and 3 variables.
NOTE: DATA statement used (Total process time):
      real time           0.01 seconds
      cpu time            0.01 seconds
      

11496  %let _cn = %sysfunc(getoption(CENTER));
11497  %let _nb = %sysfunc(getoption(NUMBER));
11498  options nonumber nocenter;
11499  proc print data=_tempNobs noobs label;
11500  title9 ' ';
11501  title10 "%sysfunc(sasmsg(sashelp.dmine, rpt_partitionSummary_title, NOQUOTE))";
11502  run;

NOTE: There were 3 observations read from the data set WORK._TEMPNOBS.
NOTE: The PROCEDURE PRINT printed page 2.
NOTE: PROCEDURE PRINT used (Total process time):
      real time           0.01 seconds
      cpu time            0.01 seconds
      

11503  title10;
11504  options &_cn &_nb;
11505  run;

