*------------------------------------------------------------*
* Report Log
Date:                May 09, 2018
Time:                15:16:32
*------------------------------------------------------------*
17478  %let EMEXCEPTIONSTRING=;
17479  *------------------------------------------------------------*;
17480  * REPORT: Prof2;
17481  *------------------------------------------------------------*;
17482  %let EM_ACTION = REPORT;
17483  %let syscc = 0;
17484  %macro main;
17485     %if %sysfunc(indexw(&EM_DEBUG, _ALL_)) or %sysfunc(indexw(&EM_DEBUG, SOURCE)) %then %do;
17486         options MPRINT;
17487     %end;
17488  
17489     filename temp catalog 'sashelp.emexpl.profile_macros.source';
17490     %include temp;
17491     filename temp;
17492  
17493     /* Initialize property macro variables */
17494     %SetProperties;
17495  
17496     %if %upcase(&EM_ACTION) = CREATE %then %do;
17497  
17498         filename temp catalog 'sashelp.emexpl.profile_create.source';
17499         %include temp;
17500         filename temp;
17501         %create;
17502     %end;
17503     %else
17504     %if %upcase(&EM_ACTION) = TRAIN %then %do;
17505  
17506         filename temp catalog 'sashelp.emexpl.profile_train.source';
17507         %include temp;
17508         filename temp;
17509         %train;
17510     %end;
17511  %mend main;
17512  
17513  %main;
NOTE: %INCLUDE (level 1) file TEMP is file SASHELP.EMEXPL.PROFILE_MACROS.SOURCE.
17514 +%macro SetProperties;
17515 +   %em_checkmacro(name=EM_PROPERTY_PROFILEALL,         global=Y, value=N);
17516 +   %em_checkmacro(name=EM_PROPERTY_USEREPORTVARS,      global=Y, value=Y);
17517 +   %em_checkmacro(name=EM_PROPERTY_OTHERPERCENTCUTOFF, global=Y, value=95);
17518 +   %em_checkmacro(name=EM_PROPERTY_TARGETROLE,         global=Y, value=NONE);
17519 +   %em_checkmacro(name=EM_PROPERTY_NUMHISTBARS,        global=Y, value=8);
17520 +   %em_checkmacro(name=EM_PROPERTY_MINWORTH,           global=Y, value=0.01);
17521 +   %em_checkmacro(name=EM_PROPERTY_MAXDEPTH,           global=Y, value=1);
17522 +   %em_checkmacro(name=EM_PROPERTY_MAXNUMREPORT,       global=Y, value=10);
17523 +   %em_checkmacro(name=EM_PROPERTY_MAXNUMINPUT,        global=Y, value=10);
17524 +   %em_checkmacro(name=EM_PROPERTY_PRINTWORTH,         global=Y, value=Y);
17525 +%mend SetProperties;
17526 +
17527 +
17528 +%macro makeVarMacros(level= );
17529 +
17530 +    %let numvars = 0;
17531 +    %let where   = '';
17532 +
17533 +    %if (%upcase(&EM_PROPERTY_TARGETROLE) eq INPUT) %then
17534 +        %let where = (ROLE = 'REJECTED' and LEVEL="&level" and USE='Y') or (ROLE in('INPUT', 'TARGET') and LEVEL="&level"  and USE in('Y', 'D'));
17535 +    %else
17536 +        %let where = (ROLE = 'REJECTED' and LEVEL="&level" and USE='Y') or (ROLE ='INPUT' and LEVEL="&level" and USE in('Y', 'D'));
17537 +
17538 +    %if &level = INTERVAL %then %do;
17539 +        %let numvars = %eval( &EM_NUM_INTERVAL_INPUT + &EM_NUM_INTERVAL_REJECTED);
17540 +        %if (%upcase(&EM_PROPERTY_TARGETROLE) eq INPUT) %then
17541 +             %let numvars = %eval(&numvars + &EM_NUM_INTERVAL_TARGET);
17542 +    %end;
17543 +    %else %do;
17544 +        %if &level = NOMINAL %then %do;
17545 +            %let numvars = %eval(&EM_NUM_BINARY_INPUT + &EM_NUM_NOMINAL_INPUT +  &EM_NUM_BINARY_REJECTED + &EM_NUM_NOMINAL_REJECTED);
17546 +             %if (%upcase(&EM_PROPERTY_TARGETROLE) eq INPUT) %then %do;
17547 +                 %let numvars = %eval(&numvars + &EM_NUM_BINARY_TARGET + &EM_NUM_NOMINAL_TARGET);
17548 +                 %let where = (ROLE = 'REJECTED' and LEVEL in('NOMINAL', 'BINARY') and USE='Y') or (ROLE in('INPUT', 'TARGET') and LEVEL in('NOMINAL', 'BINARY') and USE in('Y', 'D'));
17549 +             %end;
17550 +             %else
17551 +                 %let where = (ROLE = 'REJECTED' and LEVEL in('NOMINAL', 'BINARY') and USE='Y') or (ROLE ='INPUT' and LEVEL in("NOMINAL", "BINARY") and USE in('Y', 'D'));
17552 +
17553 +        %end;
17554 +        %else %do;
17555 +            %let numvars = %eval(&EM_NUM_ORDINAL_INPUT + &EM_NUM_ORDINAL_REJECTED);
17556 +            %if (%upcase(&EM_PROPERTY_TARGETROLE) eq INPUT) %then
17557 +                %let numvars = %eval(&numvars + &EM_NUM_ORDINAL_TARGET);
17558 +        %end;
17559 +    %end;
17560 +
17561 +    %if &numvars>0 %then %do;
17562 +         %let numloop = %sysfunc(ceil(&numvars/10000));
17563 +         %let loopcount = 0;
17564 +
17565 +         %do %while((&numloop - &loopcount) > 0);
17566 +             %let first = %eval((&loopcount*10000) + 1);
17567 +             %let last  = %eval(&first + 10000);
17568 +             %let loopcount = %eval(&loopcount +1);
17569 +             %let centry = &EM_LIB..&EM_NODEID._MACS.&LEVEL._&loopcount..SOURCE;
17570 +             filename X catalog "&centry";
17571 +             data _null_;
17572 +                length _STRING_ $80;
17573 +                retain _STRING_ ;
17574 +                file X;
17575 +                set &EM_DATA_VARIABLESET(firstobs=&first obs=&last) end=eof;
17576 +
17577 +                where &where;
17578 +
17579 +                if _N_=1 then
17580 +                   put '%macro _PROFVAR;';
17581 +
17582 +                if (length(_STRING_) + length(trim(NAME))+ 1  < 80) then do;
17583 +                   _STRING_ = trim(_STRING_)!!' '!!trim(NAME);
17584 +                   if eof then do;
17585 +                      put _STRING_;
17586 +                      put '%mend _PROFVAR;';
17587 +                   end;
17588 +                end;
17589 +                else do;
17590 +                   put _STRING_;
17591 +                  _string_ = TRIM(NAME);
17592 +                   if eof then do;
17593 +                      put _string_;
17594 +                      put '%mend _PROFVAR;';
17595 +                   end;
17596 +                end;
17597 +             run;
17598 +             filename X;
17599 +         %end;
17600 +    %end;
17601 +
17602 +%mend makeVarMacros;
17603 +
17604 +
NOTE: %INCLUDE (level 1) ending.
NOTE: Fileref TEMP has been deassigned.
17605  *------------------------------------------------------------*;
17606  * End REPORT: Prof2;
17607  *------------------------------------------------------------*;

17608  /* Reset EM Options */
17609  options formchar="|----|+|---+=|-/\<>*";
17610  options nocenter ls=256 ps=10000;
17611  goptions reset=all device=GIF NODISPLAY;

