 
                                                                                                                                                                                                                                                                
 
 
Variable Summary

          Measurement    Frequency
 Role        Level         Count

TARGET      BINARY           1    
 
                                                                                               
 
 







Fit Statistics
Model Selection based on Valid: Misclassification Rate (_VMISC_)

                                                            Train:                      Valid:
                                              Valid:       Average        Train:       Average
Selected  Model                         Misclassification  Squared  Misclassification  Squared
 Model    Node     Model Description           Rate         Error          Rate         Error

   Y      Reg5   Regression (cluster1)       0.15130       0.10419       0.13950       0.11157
          Reg9   Regression (Cluster4)       0.15802       0.11280       0.14334       0.12200
          Reg3   Stepwise Regression         0.17237       0.12356       0.16753       0.12671
          Reg11  Regression (11)             0.17401       0.12505       0.16836       0.12767
          Reg7   Regression (Cluster2)       0.19720       0.13040       0.18554       0.14291
          Reg8   Regression (Cluster3)       0.20489       0.14027       0.19098       0.14696
 
                                                                                               
 
 







Fit Statistics Table
Target: TargetBuy

Data Role=Train

Statistics

Train: Bin-Based Two-Way Kolmogorov-Smirnov Probability Cutoff
Train: Kolmogorov-Smirnov Statistic                           
Train: Akaike's Information Criterion                         
Train: Average Squared Error                                  
Train: Roc Index                                              
Train: Average Error Function                                 
Train: Cumulative Percent Captured Response                   
Train: Percent Captured Response                              
Selection Criterion: Valid: Misclassification Rate            
Train: Degrees of Freedom for Error                           
Train: Model Degrees of Freedom                               
Train: Total Degrees of Freedom                               
Train: Divisor for ASE                                        
Train: Error Function                                         
Train: Final Prediction Error                                 
Train: Gain                                                   
Train: Gini Coefficient                                       
Train: Bin-Based Two-Way Kolmogorov-Smirnov Statistic         
Train: Kolmogorov-Smirnov Probability Cutoff                  
Train: Cumulative Lift                                        
Train: Lift                                                   
Train: Maximum Absolute Error                                 
Train: Misclassification Rate                                 
Train: Mean Square Error                                      
Train: Sum of Frequencies                                     
Train: Number of Estimate Weights                             
Train: Root Average Sum of Squares                            
Train: Cumulative Percent Response                            
Train: Percent Response                                       
Train: Root Final Prediction Error                            
Train: Root Mean Squared Error                                
Train: Schwarz's Bayesian Criterion                           
Train: Sum of Squared Errors                                  
Train: Sum of Case Weights Times Freq                         

   Reg5       Reg9        Reg3       Reg11       Reg7       Reg8

   0.24       0.30        0.34        0.34       0.47       0.36
   0.55       0.48        0.53        0.52       0.62       0.46
2161.99    2228.26     7987.31     7586.62    1543.01    1862.26
   0.10       0.11        0.12        0.13       0.13       0.14
   0.84       0.81        0.84        0.84       0.89       0.81
   0.34       0.37        0.40        0.40       0.41       0.44
  39.49      38.53       34.24       33.93      23.27      31.12
  16.27      16.46       15.08       14.92      11.57      13.44
   0.15       0.16        0.17        0.17       0.20       0.20
3102.00    2954.00    10002.00     9312.00    1839.00    2070.00
   9.00      11.00       14.00       37.00      15.00      14.00
3111.00    2965.00    10016.00     9349.00    1854.00    2084.00
6222.00    5930.00    20032.00    18698.00    3708.00    4168.00
2143.99    2206.26     7959.31     7512.62    1513.01    1834.26
   0.10       0.11        0.12        0.13       0.13       0.14
 293.78     284.64      242.26      239.24     131.95     210.34
   0.69       0.63        0.68        0.67       0.78       0.62
   0.55       0.48        0.52        0.52       0.61       0.46
   0.22       0.26        0.30        0.30       0.44       0.33
   3.94       3.85        3.42        3.39       2.32       3.10
   3.24       3.30        3.01        2.99       2.31       2.69
   0.99       0.99        0.99        0.99       0.98       0.99
   0.14       0.14        0.17        0.17       0.19       0.19
   0.10       0.11        0.12        0.13       0.13       0.14
3111.00    2965.00    10016.00     9349.00    1854.00    2084.00
   9.00      11.00       14.00       37.00      15.00      14.00
   0.32       0.34        0.35        0.35       0.36       0.37
  74.68      74.07       85.43       83.42      99.46      80.86
  61.54      63.51       75.25       73.45      98.92      70.19
   0.32       0.34        0.35        0.36       0.36       0.38
   0.32       0.34        0.35        0.35       0.36       0.38
2216.37    2294.20     8088.27     7850.91    1625.89    1941.25
 648.24     668.88     2475.19     2338.24     483.51     584.63
6222.00    5930.00    20032.00    18698.00    3708.00    4168.00


Data Role=Valid

Statistics

Valid: Kolmogorov-Smirnov Statistic                           
Valid: Average Squared Error                                  
Valid: Roc Index                                              
Valid: Average Error Function                                 
Valid: Bin-Based Two-Way Kolmogorov-Smirnov Probability Cutoff
Valid: Cumulative Percent Captured Response                   
Valid: Percent Captured Response                              
Valid: Divisor for VASE                                       
Valid: Error Function                                         
Valid: Gain                                                   
Valid: Gini Coefficient                                       
Valid: Bin-Based Two-Way Kolmogorov-Smirnov Statistic         
Valid: Kolmogorov-Smirnov Probability Cutoff                  
Valid: Cumulative Lift                                        
Valid: Lift                                                   
Valid: Maximum Absolute Error                                 
Valid: Misclassification Rate                                 
Valid: Mean Square Error                                      
Valid: Sum of Frequencies                                     
Valid: Root Average Squared Error                             
Valid: Cumulative Percent Response                            
Valid: Percent Response                                       
Valid: Root Mean Square Error                                 
Valid: Sum of Square Errors                                   
Valid: Sum of Case Weights Times Freq                         

   Reg5       Reg9        Reg3       Reg11       Reg7       Reg8

   0.49       0.41        0.51        0.51       0.60       0.44
   0.11       0.12        0.13        0.13       0.14       0.15
   0.82       0.78        0.83        0.83       0.87       0.80
   0.37       0.40        0.41        0.41       0.45       0.46
   0.23       0.20        0.34        0.34       0.55       0.31
  36.55      35.43       33.69       32.99      23.27      28.31
  13.87      14.14       15.07       14.19      11.57      13.42
6226.00    5936.00    20038.00    18700.00    3712.00    4168.00
2286.67    2356.21     8131.05     7616.45    1660.35    1898.90
 264.66     254.04      236.90      229.85     132.20     182.28
   0.64       0.57        0.67        0.66       0.74       0.60
   0.49       0.41        0.51        0.50       0.59       0.44
   0.24       0.18        0.29        0.29       0.48       0.30
   3.65       3.54        3.37        3.30       2.32       2.82
   2.77       2.83        3.01        2.84       2.31       2.69
   1.00       0.99        1.00        0.99       0.99       0.98
   0.15       0.16        0.17        0.17       0.20       0.20
   0.11       0.12        0.13        0.13       0.14       0.15
3113.00    2968.00    10019.00     9350.00    1856.00    2084.00
   0.33       0.35        0.36        0.36       0.38       0.38
  69.23      68.35       84.13       81.07      99.46      73.68
  52.56      54.73       75.25       69.81      98.92      70.19
   0.33       0.35        0.36        0.36       0.38       0.38
 694.66     724.18     2539.02     2387.47     530.47     612.53
6226.00    5936.00    20038.00    18700.00    3712.00    4168.00
 
                                                                                               
 
 







Event Classification Table
Model Selection based on Valid: Misclassification Rate (_VMISC_)

Model                       Data               Target   False    True     False    True
Node    Model Description   Role      Target   Label  Negative Negative Positive Positive

Reg3  Stepwise Regression   TRAIN    TargetBuy          1238     7076      440     1262  
Reg3  Stepwise Regression   VALIDATE TargetBuy          1277     7067      450     1225  
Reg5  Regression (cluster1) TRAIN    TargetBuy           343     2430       91      247  
Reg5  Regression (cluster1) VALIDATE TargetBuy           371     2422      100      220  
Reg7  Regression (Cluster2) TRAIN    TargetBuy           197      912      147      598  
Reg7  Regression (Cluster2) VALIDATE TargetBuy           206      901      160      589  
Reg8  Regression (Cluster3) TRAIN    TargetBuy           306     1449       92      237  
Reg8  Regression (Cluster3) VALIDATE TargetBuy           325     1438      102      219  
Reg9  Regression (Cluster4) TRAIN    TargetBuy           353     2322       72      218  
Reg9  Regression (Cluster4) VALIDATE TargetBuy           392     2318       77      181  
Reg11 Regression (11)       TRAIN    TargetBuy          1158     6634      416     1141  
Reg11 Regression (11)       VALIDATE TargetBuy          1190     6615      437     1108  
