*------------------------------------------------------------*
* Score Log
Date:                May 09, 2018
Time:                14:55:50
*------------------------------------------------------------*
11617  proc transpose data=EMWS1.Clus3_OUTVAR out=WORK.Clus3_OUTVAR(rename=(COl2=NAME) where=(COL1='IMPUTED'));
11618  var AffluenceGrade--REP_RegionU;
11619  where _TYPE_ in('TYPE' 'VARIABLE');
11620  run;

NOTE: There were 2 observations read from the data set EMWS1.CLUS3_OUTVAR.
      WHERE _TYPE_ in ('TYPE', 'VARIABLE');
NOTE: The data set WORK.CLUS3_OUTVAR has 0 observations and 4 variables.
NOTE: PROCEDURE TRANSPOSE used (Total process time):
      real time           0.03 seconds
      cpu time            0.03 seconds
      

11621  proc sort data=WORK.Clus3_OUTVAR;
11622  by NAME;
11623  run;

NOTE: Input data set is empty.
NOTE: The data set WORK.CLUS3_OUTVAR has 0 observations and 4 variables.
NOTE: PROCEDURE SORT used (Total process time):
      real time           0.00 seconds
      cpu time            0.00 seconds
      

11624  proc sort data=EMWS1.Clus3_VariableSet(KEEP=NAME ROLE LEVEL) out=WORK.Clus3_SORTEDVARS;
11625  by NAME;
11626  run;

NOTE: There were 26 observations read from the data set EMWS1.CLUS3_VARIABLESET.
NOTE: The data set WORK.CLUS3_SORTEDVARS has 26 observations and 3 variables.
NOTE: PROCEDURE SORT used (Total process time):
      real time           0.03 seconds
      cpu time            0.03 seconds
      

11627  data WORK.Clus3_OUTVAR;
11628  merge WORK.Clus3_OUTVAR(in=INVAR) WORK.Clus3_SORTEDVARS;
11629  by NAME;
11630  if INVAR then output;
11631  run;

WARNING: Multiple lengths were specified for the BY variable NAME by input data sets. This might cause unexpected results.
NOTE: There were 0 observations read from the data set WORK.CLUS3_OUTVAR.
NOTE: There were 26 observations read from the data set WORK.CLUS3_SORTEDVARS.
NOTE: The data set WORK.CLUS3_OUTVAR has 0 observations and 6 variables.
NOTE: DATA statement used (Total process time):
      real time           0.01 seconds
      cpu time            0.01 seconds
      

NOTE: This SAS session is using a registry in WORK.  All changes will be lost at the end of this session.
11632  filename emflow "D:\Nida\Data mining\datamining\BOGO\Workspaces\EMWS1\Clus3\EMFLOWSCORE.sas";
11633  *------------------------------------------------------------*;
11634  * Clus3: Scoring DATA data;
11635  *------------------------------------------------------------*;
11636  data EMWS1.Clus3_TRAIN
11637  / view=EMWS1.Clus3_TRAIN
11638  ;
11639  set EMWS1.Filter_TRAIN
11640  ;
11641  %inc emflow;
12682  run;

NOTE: DATA STEP view saved on file EMWS1.CLUS3_TRAIN.
NOTE: A stored DATA STEP view cannot run under a different operating system.
NOTE: View EMWS1.FILTER_TRAIN.VIEW used (Total process time):
      real time           0.20 seconds
      cpu time            0.18 seconds
      
NOTE: DATA statement used (Total process time):
      real time           0.20 seconds
      cpu time            0.18 seconds
      

12683  quit;
12684  filename emflow;
NOTE: Fileref EMFLOW has been deassigned.

12685  *------------------------------------------------------------*;
12686  * Clus3: Computing metadata for TRAIN data;
12687  *------------------------------------------------------------*;

NOTE: View EMWS1.CLUS3_TRAIN.VIEW used (Total process time):
      real time           0.20 seconds
      cpu time            0.20 seconds
      
NOTE: View EMWS1.CLUS3_TRAIN.VIEW used (Total process time):
      real time           0.20 seconds
      cpu time            0.18 seconds
      
