*------------------------------------------------------------*
* Score Log
Date:                May 07, 2018
Time:                13:59:05
*------------------------------------------------------------*
12362  *------------------------------------------------------------*;
12363  * Stat: Scoring DATA data;
12364  *------------------------------------------------------------*;
12365  data EMWS1.Stat_TRAIN
12366  / view=EMWS1.Stat_TRAIN
12367  ;
12368  set EMWS1.Repl_TRAIN
12369  ;
12370  run;

NOTE: DATA STEP view saved on file EMWS1.STAT_TRAIN.
NOTE: A stored DATA STEP view cannot run under a different operating system.
NOTE: View EMWS1.REPL_TRAIN.VIEW used (Total process time):
      real time           0.09 seconds
      cpu time            0.07 seconds
      
NOTE: DATA statement used (Total process time):
      real time           0.12 seconds
      cpu time            0.11 seconds
      

12371  quit;

12372  *------------------------------------------------------------*;
12373  * Stat: Computing metadata for TRAIN data;
12374  *------------------------------------------------------------*;

NOTE: View EMWS1.STAT_TRAIN.VIEW used (Total process time):
      real time           0.14 seconds
      cpu time            0.14 seconds
      
NOTE: View EMWS1.STAT_TRAIN.VIEW used (Total process time):
      real time           0.15 seconds
      cpu time            0.17 seconds
      
