*------------------------------------------------------------*
* Report Log
Date:                May 09, 2018
Time:                14:56:29
*------------------------------------------------------------*
12087  %let _nimpute = 0;
12088  data EMWS1.Impt3_RESULT;
12089  label NAME = "%sysfunc(sasmsg(sashelp.dmine, meta_name_vlabel,        NOQUOTE))" METHOD = "%sysfunc(sasmsg(sashelp.dmine, rpt_imputemethod_vlabel, NOQUOTE))" IMPUTED = "%sysfunc(sasmsg(sashelp.dmine, rpt_imputedvar_vlabel,   NOQUOTE))" INDICATOR =
12090     "%sysfunc(sasmsg(sashelp.dmine, rpt_indicatorvar_vlabel, NOQUOTE))" VALUE = "%sysfunc(sasmsg(sashelp.dmine, rpt_imputevalue_vlabel,  NOQUOTE))" ROLE = "%sysfunc(sasmsg(sashelp.dmine, meta_role_vlabel,        NOQUOTE))" LEVEL =
12091     "%sysfunc(sasmsg(sashelp.dmine, meta_level_vlabel,       NOQUOTE))" LABEL = "%sysfunc(sasmsg(sashelp.dmine, meta_label_vlabel,       NOQUOTE))" TRAIN = "%sysfunc(sasmsg(sashelp.dmine, rpt_missingcount_vlabel, NOQUOTE, TRAIN))";
12092  set EMWS1.Impt3_META(where=(IMPUTED ne '') keep=NAME METHOD IMP VALUE ROLE NMISS LEVEL LABEL rename=(IMP=IMPUTED NMISS=TRAIN)) end=eof;
12093  if eof then call symput('_nimpute', '1');
12094  run;

NOTE: Variable INDICATOR is uninitialized.
NOTE: There were 0 observations read from the data set EMWS1.IMPT3_META.
      WHERE IMPUTED not = ' ';
NOTE: The data set EMWS1.IMPT3_RESULT has 0 observations and 8 variables.
NOTE: DATA statement used (Total process time):
      real time           0.04 seconds
      cpu time            0.04 seconds
      

