 
                                                                                                                                                                                                                                                                
 
 
Variable Summary

            Measurement    Frequency
Role           Level         Count

ID           INTERVAL          1    
ID           NOMINAL           1    
INPUT        INTERVAL          4    
INPUT        NOMINAL           5    
REJECTED     INTERVAL          1    
REJECTED     NOMINAL           1    
TARGET       BINARY            1    
 
                                                                                                                                                                                                                                                                
 
 
Model Events

                                     Number
                      Measurement      of
 Target      Event       Level       Levels      Order                  Label

TargetBuy      1        BINARY          2      Descending    Organics Purchase Indicator
 
                                                                                                                                                                                                                                                                
 
 
Decision Matrix and Prior Vector

Target      Training                   Decision
 Buy      Proportions      1      0     Priors

  1         0.24772       15.0    0      0.05  
  0         0.75228       -1.5    0      0.95  
 
                                                                                                                                                                                                                                                                
 
 
Predicted and decision variables

Type                Variable      Label

TARGET            TargetBuy       Organics Purchase Indicator
PREDICTED         P_TargetBuy1    Predicted: TargetBuy=1     
RESIDUAL          R_TargetBuy1    Residual: TargetBuy=1      
PREDICTED         P_TargetBuy0    Predicted: TargetBuy=0     
RESIDUAL          R_TargetBuy0    Residual: TargetBuy=0      
FROM              F_TargetBuy     From: TargetBuy            
INTO              I_TargetBuy     Into: TargetBuy            
MODELDECISION     D_TargetBuy     Decision: TargetBuy        
EXPECTEDPROFIT    EP_TARGETBUY    Expected Profit: TargetBuy 
COMPUTEDPROFIT    CP_TARGETBUY    Computed Profit: TargetBuy 
BESTPROFIT        BP_TARGETBUY    Best Profit: TargetBuy     
