*------------------------------------------------------------*
* Report Log
Date:                May 09, 2018
Time:                17:32:22
*------------------------------------------------------------*
12726  data EMWS5.Reg_EMOUTFIT;
12727  length TARGET $32;
12728  set EMWS5.Reg_EMESTIMATE end=eof;
12729  where (_TYPE_='PARMS');
12730  drop _STEP_--PromSpend;
12731  if eof then do;
12732  TARGET = "TargetBuy";
12733  output;
12734  end;
12735  run;

NOTE: There were 5 observations read from the data set EMWS5.REG_EMESTIMATE.
      WHERE _TYPE_='PARMS';
NOTE: The data set EMWS5.REG_EMOUTFIT has 1 observations and 37 variables.
NOTE: DATA statement used (Total process time):
      real time           0.01 seconds
      cpu time            0.01 seconds
      

12736  data EMWS5.Reg_EMOUTFIT;
12737  set EMWS5.Reg_EMOUTFIT;
12738  length TargetLabel $200;
12739  label targetLabel = "%sysfunc(sasmsg(sashelp.dmine, meta_targetlabel_vlabel, NOQUOTE))";
12740  if upcase(TARGET) eq "TARGETBUY" then TargetLabel = 'Organics Purchase Indicator';
12741  run;

NOTE: There were 1 observations read from the data set EMWS5.REG_EMOUTFIT.
NOTE: The data set EMWS5.REG_EMOUTFIT has 1 observations and 38 variables.
NOTE: DATA statement used (Total process time):
      real time           0.01 seconds
      cpu time            0.01 seconds
      

12742  proc sort data=EMWS5.Reg_EMREPORTFIT nothreads;
12743  by TARGET;
12744  run;

NOTE: There were 22 observations read from the data set EMWS5.REG_EMREPORTFIT.
NOTE: The data set EMWS5.REG_EMREPORTFIT has 22 observations and 7 variables.
NOTE: PROCEDURE SORT used (Total process time):
      real time           0.01 seconds
      cpu time            0.01 seconds
      

12745  %let _EMwarndup = 0;
12746  %let _EMtargetdup =;
12747  %let _EMASEtargetdup =;
12748  data _null_;
12749  set EMWS5.Reg_EMOUTFIT;
12750  if .<_ASE_<0.000001 then do;
12751  call symput('_EMwarndup', '1');
12752  call symput('_EMtargetdup', target);
12753  call symput('_EMASEtargetdup', put(_ASE_, best.));
12754  end;
12755  run;

NOTE: There were 1 observations read from the data set EMWS5.REG_EMOUTFIT.
NOTE: DATA statement used (Total process time):
      real time           0.00 seconds
      cpu time            0.00 seconds
      

12756  proc sort data=EMWS5.Impt_CMeta_TRAIN out=WORK.SUBSETINMETA;
12757  by NAME;
12758  run;

NOTE: There were 14 observations read from the data set EMWS5.IMPT_CMETA_TRAIN.
NOTE: The data set WORK.SUBSETINMETA has 14 observations and 20 variables.
NOTE: PROCEDURE SORT used (Total process time):
      real time           0.01 seconds
      cpu time            0.01 seconds
      

12759  proc sort data=EMWS5.Reg_VariableSet out=WORK.SUBSETVARSET(keep=NAME REPORT);
12760  by NAME;
12761  run;

NOTE: There were 12 observations read from the data set EMWS5.REG_VARIABLESET.
NOTE: The data set WORK.SUBSETVARSET has 12 observations and 2 variables.
NOTE: PROCEDURE SORT used (Total process time):
      real time           0.01 seconds
      cpu time            0.01 seconds
      

12762  data WORK.ASSESS_META;
12763  merge WORK.SUBSETINMETA WORK.SUBSETVARSET;
12764  by NAME;
12765  run;

NOTE: There were 14 observations read from the data set WORK.SUBSETINMETA.
NOTE: There were 12 observations read from the data set WORK.SUBSETVARSET.
NOTE: The data set WORK.ASSESS_META has 14 observations and 20 variables.
NOTE: DATA statement used (Total process time):
      real time           0.00 seconds
      cpu time            0.00 seconds
      

12766  data EM_temp_assessMeta;
12767  set EMWS5.Reg_CMeta_TRAIN;
12768  where role in('DECISION', 'PREDICT', 'RESIDUAL', 'CLASSIFICATION', 'ASSESS', 'COST');
12769  run;

NOTE: There were 12 observations read from the data set EMWS5.REG_CMETA_TRAIN.
      WHERE role in ('ASSESS', 'CLASSIFICATION', 'COST', 'DECISION', 'PREDICT', 'RESIDUAL');
NOTE: The data set WORK.EM_TEMP_ASSESSMETA has 12 observations and 21 variables.
NOTE: DATA statement used (Total process time):
      real time           0.01 seconds
      cpu time            0.01 seconds
      

12770  data EM_temp_assessdata;
12771  set EMWS5.Reg_TRAIN(keep=
12772  BP_TARGETBUY
12773  CP_TARGETBUY
12774  D_TARGETBUY
12775  EP_TARGETBUY
12776  F_TargetBuy
12777  I_TargetBuy
12778  P_TargetBuy0
12779  P_TargetBuy1
12780  R_TargetBuy0
12781  R_TargetBuy1
12782  U_TargetBuy
12783  _WARN_
12784  TargetBuy
12785  );
12786  run;

NOTE: There were 11112 observations read from the data set EMWS5.PART_TRAIN.
NOTE: View EMWS5.REG_TRAIN.VIEW used (Total process time):
      real time           0.12 seconds
      cpu time            0.12 seconds
      
NOTE: There were 11112 observations read from the data set EMWS5.IMPT_TRAIN.
NOTE: There were 11112 observations read from the data set EMWS5.REG_TRAIN.
NOTE: The data set WORK.EM_TEMP_ASSESSDATA has 11112 observations and 13 variables.
NOTE: DATA statement used (Total process time):
      real time           0.14 seconds
      cpu time            0.14 seconds
      


















17148  data EM_temp_assessMeta;
17149  set EMWS5.Reg_CMeta_TRAIN;
17150  where role in('DECISION', 'PREDICT', 'RESIDUAL', 'CLASSIFICATION', 'ASSESS', 'COST');
17151  run;

NOTE: There were 12 observations read from the data set EMWS5.REG_CMETA_TRAIN.
      WHERE role in ('ASSESS', 'CLASSIFICATION', 'COST', 'DECISION', 'PREDICT', 'RESIDUAL');
NOTE: The data set WORK.EM_TEMP_ASSESSMETA has 12 observations and 21 variables.
NOTE: DATA statement used (Total process time):
      real time           0.01 seconds
      cpu time            0.00 seconds
      

17152  data EM_temp_assessdata;
17153  set EMWS5.Reg_VALIDATE(keep=
17154  BP_TARGETBUY
17155  CP_TARGETBUY
17156  D_TARGETBUY
17157  EP_TARGETBUY
17158  F_TargetBuy
17159  I_TargetBuy
17160  P_TargetBuy0
17161  P_TargetBuy1
17162  R_TargetBuy0
17163  R_TargetBuy1
17164  U_TargetBuy
17165  _WARN_
17166  TargetBuy
17167  );
17168  run;

NOTE: There were 11111 observations read from the data set EMWS5.PART_VALIDATE.
NOTE: View EMWS5.REG_VALIDATE.VIEW used (Total process time):
      real time           0.10 seconds
      cpu time            0.10 seconds
      
NOTE: There were 11111 observations read from the data set EMWS5.IMPT_VALIDATE.
NOTE: There were 11111 observations read from the data set EMWS5.REG_VALIDATE.
NOTE: The data set WORK.EM_TEMP_ASSESSDATA has 11111 observations and 13 variables.
NOTE: DATA statement used (Total process time):
      real time           0.12 seconds
      cpu time            0.12 seconds
      


















21519  %let _cn = %sysfunc(getoption(CENTER));
21520  options nocenter;
21521  proc print data=EMWS5.Reg_EMREPORTFIT noobs label;
21522  var STAT LABEL TRAIN
21523  VALIDATE
21524  ;
21525  by TARGET TARGETLABEL;
21526  title9 ' ';
21527  title10 "%sysfunc(sasmsg(sashelp.dmine, rpt_fitstat_title  , NOQUOTE))";
21528  run;

NOTE: There were 22 observations read from the data set EMWS5.REG_EMREPORTFIT.
NOTE: The PROCEDURE PRINT printed page 11.
NOTE: PROCEDURE PRINT used (Total process time):
      real time           0.01 seconds
      cpu time            0.01 seconds
      

21529  title10;
21530  options &_cn;

21531  proc sort data=EMWS5.Reg_EMCLASSIFICATION nothreads;
21532  by DATAROLE TARGET TARGETLABEL;
21533  run;

NOTE: There were 16 observations read from the data set EMWS5.REG_EMCLASSIFICATION.
NOTE: The data set EMWS5.REG_EMCLASSIFICATION has 16 observations and 13 variables.
NOTE: PROCEDURE SORT used (Total process time):
      real time           0.01 seconds
      cpu time            0.01 seconds
      

21534  %let _cn = %sysfunc(getoption(CENTER));
21535  options nocenter;
21536  proc print data=EMWS5.Reg_EMCLASSIFICATION noobs label;
21537  var from into pct_row pct_col count percent
21538  Adjustedpercent
21539  ;
21540  by DATAROLE TARGET TARGETLABEL;
21541  label FROM = "%sysfunc(sasmsg(sashelp.dmine, rpt_target_vlabel ,     NOQUOTE))";
21542  label INTO = "%sysfunc(sasmsg(sashelp.dmine, rpt_outcome_vlabel ,    NOQUOTE))";
21543  label PCT_ROW = "%sysfunc(sasmsg(sashelp.dmine, rpt_targetpct_vlabel ,  NOQUOTE))";
21544  label PCT_COL = "%sysfunc(sasmsg(sashelp.dmine, rpt_outcomepct_vlabel , NOQUOTE))";
21545  label COUNT = "%sysfunc(sasmsg(sashelp.dmine, rpt_count_vlabel ,      NOQUOTE))";
21546  label PERCENT = "%sysfunc(sasmsg(sashelp.dmine, rpt_totalpct_vlabel ,   NOQUOTE))";
21547  where _TYPE_='PREDICTION';
21548  title9 ' ';
21549  title10 "%sysfunc(sasmsg(sashelp.dmine, rpt_classification_title    , NOQUOTE))";
21550  run;

NOTE: There were 8 observations read from the data set EMWS5.REG_EMCLASSIFICATION.
      WHERE _TYPE_='PREDICTION';
NOTE: The PROCEDURE PRINT printed page 12.
NOTE: PROCEDURE PRINT used (Total process time):
      real time           0.03 seconds
      cpu time            0.03 seconds
      

21551  proc print data=EMWS5.Reg_EMCLASSIFICATION noobs label;
21552  var from into pct_row pct_col count percent
21553  Adjustedpercent
21554  ;
21555  label FROM = "%sysfunc(sasmsg(sashelp.dmine, rpt_target_vlabel ,     NOQUOTE))";
21556  label INTO = "%sysfunc(sasmsg(sashelp.dmine, rpt_outcome_vlabel ,    NOQUOTE))";
21557  label PCT_ROW = "%sysfunc(sasmsg(sashelp.dmine, rpt_targetpct_vlabel ,  NOQUOTE))";
21558  label PCT_COL = "%sysfunc(sasmsg(sashelp.dmine, rpt_outcomepct_vlabel , NOQUOTE))";
21559  label COUNT = "%sysfunc(sasmsg(sashelp.dmine, rpt_count_vlabel ,      NOQUOTE))";
21560  label PERCENT = "%sysfunc(sasmsg(sashelp.dmine, rpt_totalpct_vlabel ,   NOQUOTE))";
21561  where _TYPE_='DECISION';
21562  by DATAROLE TARGET TARGETLABEL;
21563  title9 ' ';
21564  title10 "%sysfunc(sasmsg(sashelp.dmine, rpt_decisiontable_title    , NOQUOTE))";
21565  run;

NOTE: There were 8 observations read from the data set EMWS5.REG_EMCLASSIFICATION.
      WHERE _TYPE_='DECISION';
NOTE: The PROCEDURE PRINT printed page 13.
NOTE: PROCEDURE PRINT used (Total process time):
      real time           0.03 seconds
      cpu time            0.03 seconds
      

21566  title9;
21567  title10;
21568  options &_cn;

21569  %let _cn = %sysfunc(getoption(CENTER));
21570  options nocenter;
21571  data EMWS5.Reg_EMEVENTREPORT;
21572  length DATAROLE TARGET $32 TARGETLABEL $200 FALSENEVENT TRUENEVENT FALSEEVENT TRUEEVENT
21572! 8;
21573  label DATAROLE = "%sysfunc(sasmsg(sashelp.dmine, rpt_datarole_vlabel ,    NOQUOTE))"
21573! TARGET = "%sysfunc(sasmsg(sashelp.dmine, rpt_target_vlabel ,      NOQUOTE))" TARGETLABEL
21573!  = "%sysfunc(sasmsg(sashelp.dmine, meta_targetlabel_vlabel, NOQUOTE))" FALSEEVENT
21574  = "%sysfunc(sasmsg(sashelp.dmine, rpt_falseevent_vlabel ,  NOQUOTE))" FALSENEVENT =
21574! "%sysfunc(sasmsg(sashelp.dmine, rpt_falsenevent_vlabel , NOQUOTE))" TRUEEVENT =
21574! "%sysfunc(sasmsg(sashelp.dmine, rpt_trueevent_vlabel ,   NOQUOTE))" TRUENEVENT =
21575     "%sysfunc(sasmsg(sashelp.dmine, rpt_truenevent_vlabel ,  NOQUOTE))";
21576  FALSEEVENT=0;
21577  FALSENEVENT=0;
21578  TRUEEVENT=0;
21579  TRUENEVENT=0;
21580  set EMWS5.Reg_EMEVENTREPORT;
21581  run;

NOTE: There were 2 observations read from the data set EMWS5.REG_EMEVENTREPORT.
NOTE: The data set EMWS5.REG_EMEVENTREPORT has 2 observations and 7 variables.
NOTE: DATA statement used (Total process time):
      real time           0.03 seconds
      cpu time            0.03 seconds
      

21582  proc print data=EMWS5.Reg_EMEVENTREPORT noobs label;
21583  title9 ' ';
21584  title10 "%sysfunc(sasmsg(sashelp.dmine, rpt_eventtable_title    , NOQUOTE))";
21585  by notsorted DATAROLE notsorted TARGET notsorted TARGETLABEL;
21586  run;

NOTE: There were 2 observations read from the data set EMWS5.REG_EMEVENTREPORT.
NOTE: The PROCEDURE PRINT printed page 14.
NOTE: PROCEDURE PRINT used (Total process time):
      real time           0.00 seconds
      cpu time            0.00 seconds
      

21587  title10;
21588  options &_cn;

21589  proc datasets library=EMWS5 nolist;
21590  modify Reg_EMRANK;
21591  label target = "%sysfunc(sasmsg(sashelp.dmine, rpt_targetvar_vlabel ,   NOQUOTE))";
21592  label datarole = "%sysfunc(sasmsg(sashelp.dmine, rpt_datarole_vlabel ,    NOQUOTE))";
21593  run;

NOTE: MODIFY was successful for EMWS5.REG_EMRANK.DATA.
21594  quit;

NOTE: PROCEDURE DATASETS used (Total process time):
      real time           0.01 seconds
      cpu time            0.01 seconds
      

21595  %let _cn = %sysfunc(getoption(CENTER));
21596  options nocenter;
21597  proc print data=EMWS5.Reg_EMRANK label noobs;
21598  var
21599  decile gain lift liftc resp respc N _meanP_;
21600  by
21601  notsorted DATAROLE
21602  notsorted TARGET
21603  notsorted TARGETLABEL
21604  ;
21605  title9 ' ';
21606  title10 "%sysfunc(sasmsg(sashelp.dmine, rpt_scoreranking_title , NOQUOTE))";
21607  run;

NOTE: There were 40 observations read from the data set EMWS5.REG_EMRANK.
NOTE: The PROCEDURE PRINT printed page 15.
NOTE: PROCEDURE PRINT used (Total process time):
      real time           0.00 seconds
      cpu time            0.00 seconds
      

21608  title10;
21609  options &_cn;

21610  proc datasets library=EMWS5 nolist;
21611  modify Reg_EMSCOREDIST;
21612  label target = "%sysfunc(sasmsg(sashelp.dmine, rpt_targetvar_vlabel ,      NOQUOTE))";
21613  label datarole = "%sysfunc(sasmsg(sashelp.dmine, rpt_datarole_vlabel ,    NOQUOTE))";
21614  run;

NOTE: MODIFY was successful for EMWS5.REG_EMSCOREDIST.DATA.
21615  quit;

NOTE: PROCEDURE DATASETS used (Total process time):
      real time           0.03 seconds
      cpu time            0.03 seconds
      

