*------------------------------------------------------------*
* Training Log
Date:                May 09, 2018
Time:                17:32:17
*------------------------------------------------------------*
11406  proc freq data=EMWS5.Reg_VariableSet noprint;
11407  table ROLE*LEVEL/out=WORK.RegMETA;
11408  run;

NOTE: There were 12 observations read from the data set EMWS5.REG_VARIABLESET.
NOTE: The data set WORK.REGMETA has 5 observations and 4 variables.
NOTE: PROCEDURE FREQ used (Total process time):
      real time           0.06 seconds
      cpu time            0.04 seconds
      

11409  proc print data=WORK.RegMETA label noobs;
11410  var ROLE LEVEL COUNT;
11411  label ROLE = "%sysfunc(sasmsg(sashelp.dmine, meta_role_vlabel, NOQUOTE))" LEVEL = "%sysfunc(sasmsg(sashelp.dmine, meta_level_vlabel, NOQUOTE))" COUNT = "%sysfunc(sasmsg(sashelp.dmine, rpt_count_vlabel, NOQUOTE))";
11412  title9 ' ';
11413  title10 "%sysfunc(sasmsg(sashelp.dmine, rpt_varSummary_title  , NOQUOTE))";
11414  run;

NOTE: There were 5 observations read from the data set WORK.REGMETA.
NOTE: The PROCEDURE PRINT printed page 1.
NOTE: PROCEDURE PRINT used (Total process time):
      real time           0.03 seconds
      cpu time            0.03 seconds
      

11415  title10;

11416  %let EMNORLEN = %DMNORLEN;
EMWS5.Impt_TRAIN EMWS5.Impt_TRAIN 
EMWS5.Impt_TRAIN EMWS5.Impt_TRAIN EMWS5 Impt_TRAIN 
EMWS5.Impt_TRAIN EMWS5.Impt_TRAIN 
EMWS5.Impt_TRAIN EMWS5.Impt_TRAIN EMWS5 Impt_TRAIN 
Executing  SASHELP.EMCORE.EMINFOITERATOR.SCL _INIT >> 
Executing  SASHELP.EMCORE.EMINFOITERATOR.SCL setMetaData >> 
Executing  SASHELP.EMCORE.EMINFOITERATOR.SCL next >> 
Executing  SASHELP.EMCORE.EMINFOITERATOR.SCL next >> 
Executing  SASHELP.EMCORE.EMINFOITERATOR.SCL setMetaData >> 
Executing  SASHELP.EMCORE.EMINFOITERATOR.SCL next >> 
Executing  SASHELP.EMCORE.EMINFOITERATOR.SCL next >> 
Executing  SASHELP.EMCORE.EMINFOITERATOR.SCL _term >> 
11445  data WORK.Reg_EVENT(KEEP=VARIABLE LABEL LEVEL EVENT NUMLEVELS ORDER);
11446  length ORDER $20;
11447  label VARIABLE = "%sysfunc(sasmsg(sashelp.dmine, rpt_target_vlabel,  NOQUOTE))" EVENT = "%sysfunc(sasmsg(sashelp.dmine, assmt_event_vlabel, NOQUOTE))" NUMLEVELS = "%sysfunc(sasmsg(sashelp.dmine, rpt_numcat_vlabel, NOQUOTE))" LEVEL =
11448     "%sysfunc(sasmsg(sashelp.dmine, meta_level_vlabel, NOQUOTE))" ORDER = "%sysfunc(sasmsg(sashelp.dmine, meta_order_vlabel, NOQUOTE))" LABEL = "%sysfunc(sasmsg(sashelp.dmine, meta_label_vlabel, NOQUOTE))";
11449  set EMWS5.IDS_TARGETBUY_DM( where=(_TYPE_="TARGET"));
11450  NumLevels=2;
11451  select(upcase(ORDER));
11452  when('DESC') ORDER = 'Descending';
11453  when('ASC') ORDER = 'Ascending';
11454  when('FMTDESC') ORDER = 'Formatted Descending';
11455  when('FMTASC') ORDER = 'Formatted Ascending';
11456  otherwise ORDER = 'Descending';
11457  end;
11458  output;
11459  run;

NOTE: There were 1 observations read from the data set EMWS5.IDS_TARGETBUY_DM.
      WHERE _TYPE_='TARGET';
NOTE: The data set WORK.REG_EVENT has 1 observations and 6 variables.
NOTE: DATA statement used (Total process time):
      real time           0.04 seconds
      cpu time            0.04 seconds
      

11460  title9 ' ';
11461  proc print data=WORK.Reg_EVENT noobs label;
11462  var VARIABLE EVENT LEVEL NUMLEVELS ORDER LABEL;
11463  title9 ' ';
11464  title10 "%sysfunc(sasmsg(sashelp.dmine, rpt_modelEvent_title  , NOQUOTE))";
11465  run;

NOTE: There were 1 observations read from the data set WORK.REG_EVENT.
NOTE: The PROCEDURE PRINT printed page 2.
NOTE: PROCEDURE PRINT used (Total process time):
      real time           0.01 seconds
      cpu time            0.01 seconds
      

11466  title10;

11467  proc print data = EMWS5.Ids_TargetBuy_DD noobs label;
11468  var TargetBuy
11469  TRAINPRIOR
11470  Solicit
11471  Ignore
11472  DECPRIOR
11473  ;
11474  title9 ' ';
11475  title10 "Decision Matrix and Prior Vector";
11476  run;

NOTE: There were 2 observations read from the data set EMWS5.IDS_TARGETBUY_DD.
NOTE: The PROCEDURE PRINT printed page 3.
NOTE: PROCEDURE PRINT used (Total process time):
      real time           0.01 seconds
      cpu time            0.01 seconds
      

11477  title10;
11478  proc print data = EMWS5.Ids_TargetBuy_DM noobs label;
11479  var _type_ variable label;
11480  where _type_ ^in('MATRIX', 'DECISION', 'TRAINPRIOR', 'DATAPRIOR', 'DECPRIOR');
11481  label _TYPE_ = "%sysfunc(sasmsg(sashelp.dmine, rpt_type_vlabel,     NOQUOTE))" VARIABLE = "%sysfunc(sasmsg(sashelp.dmine, rpt_variable_vlabel, NOQUOTE))" LABEL = "%sysfunc(sasmsg(sashelp.dmine, meta_label_vlabel, NOQUOTE))";
11482  title9 ' ';
11483  title10 "%sysfunc(sasmsg(sashelp.dmine, rpt_predDecVars_title  , NOQUOTE))";
11484  run;

NOTE: There were 11 observations read from the data set EMWS5.IDS_TARGETBUY_DM.
      WHERE _type_ not in ('DATAPRIOR', 'DECISION', 'DECPRIOR', 'MATRIX', 'TRAINPRIOR');
NOTE: The PROCEDURE PRINT printed page 4.
NOTE: PROCEDURE PRINT used (Total process time):
      real time           0.01 seconds
      cpu time            0.01 seconds
      

11485  title10;

11495  data WORK.M1RGRLDQ;
11496  set WORK.M1RGRLDQ end=eof;
11497  output;
11498  if eof then do;
11499  NAME="";
11500  ROLE="COST";
11501  LEVEL="INTERVAL";
11502  TYPE="N";
11503  output;
11504  end;
11505  run;

NOTE: There were 10 observations read from the data set WORK.M1RGRLDQ.
NOTE: The data set WORK.M1RGRLDQ has 11 observations and 21 variables.
NOTE: DATA statement used (Total process time):
      real time           0.01 seconds
      cpu time            0.01 seconds
      

NOTE: There were 2 observations read from the data set EMWS5.IDS_TARGETBUY_DD.
NOTE: The data set WORK.TARGETBUY has 2 observations and 7 variables.
NOTE: There were 2 observations read from the data set EMWS5.IDS_TARGETBUY_DD.
NOTE: The data set WORK.TARGETBUY has 2 observations and 7 variables.
11506  *------------------------------------------------------------*;
11507  * Reg: Create decision matrix;
11508  *------------------------------------------------------------*;
11509  data WORK.TargetBuy;
11510    length   TargetBuy                        $  32
11511             COUNT                                8
11512             DATAPRIOR                            8
11513             TRAINPRIOR                           8
11514             DECPRIOR                             8
11515             Solicit                              8
11516             Ignore                               8
11517             ;
11518  
11519    label    COUNT="Level Counts"
11520             DATAPRIOR="Data Proportions"
11521             TRAINPRIOR="Training Proportions"
11522             DECPRIOR="Decision Priors"
11523             Solicit="1"
11524             Ignore="0"
11525             ;
11526    format   COUNT 10.
11527             ;
11528  TargetBuy="1"; COUNT=5505; DATAPRIOR=0.24771632992845; TRAINPRIOR=0.24771632992845; DECPRIOR=0.05; Solicit=15; Ignore=0;
11529  output;
11530  TargetBuy="0"; COUNT=16718; DATAPRIOR=0.75228367007154; TRAINPRIOR=0.75228367007154; DECPRIOR=0.95; Solicit=-1.5; Ignore=0;
11531  output;
11532  ;
11533  run;

NOTE: The data set WORK.TARGETBUY has 2 observations and 7 variables.
NOTE: DATA statement used (Total process time):
      real time           0.01 seconds
      cpu time            0.01 seconds
      

11534  proc datasets lib=work nolist;
11535  modify TargetBuy(type=PROFIT label=TargetBuy);
11536  label Solicit= '1';
11537  label Ignore= '0';
11538  run;

NOTE: MODIFY was successful for WORK.TARGETBUY.DATA.
11539  quit;

NOTE: PROCEDURE DATASETS used (Total process time):
      real time           0.01 seconds
      cpu time            0.01 seconds
      

11540  data EM_DMREG / view=EM_DMREG;
11541  set EMWS5.Impt_TRAIN(keep=
11542  IMP_DemAffl IMP_DemAge IMP_DemClusterGroup IMP_DemGender IMP_DemReg
11543  IMP_DemTVReg IMP_PromTime PromClass PromSpend TargetBuy );
11544  run;

NOTE: DATA STEP view saved on file WORK.EM_DMREG.
NOTE: A stored DATA STEP view cannot run under a different operating system.
NOTE: View EMWS5.IMPT_TRAIN.VIEW used (Total process time):
      real time           0.06 seconds
      cpu time            0.06 seconds
      
NOTE: DATA statement used (Total process time):
      real time           0.06 seconds
      cpu time            0.06 seconds
      

11545  *------------------------------------------------------------* ;
11546  * Reg: DMDBClass Macro ;
11547  *------------------------------------------------------------* ;
11548  %macro DMDBClass;
11549      IMP_DemClusterGroup(ASC) IMP_DemGender(ASC) IMP_DemReg(ASC) IMP_DemTVReg(ASC)
11550     PromClass(ASC) TargetBuy(DESC)
11551  %mend DMDBClass;
11552  *------------------------------------------------------------* ;
11553  * Reg: DMDBVar Macro ;
11554  *------------------------------------------------------------* ;
11555  %macro DMDBVar;
11556      IMP_DemAffl IMP_DemAge IMP_PromTime PromSpend
11557  %mend DMDBVar;
11558  *------------------------------------------------------------*;
11559  * Reg: Create DMDB;
11560  *------------------------------------------------------------*;
11561  proc dmdb batch data=WORK.EM_DMREG
11562  dmdbcat=WORK.Reg_DMDB
11563  maxlevel = 513
11564  ;
11565  class %DMDBClass;
11566  var %DMDBVar;
11567  target
11568  TargetBuy
11569  ;
11570  run;

NOTE: Records processed = 11112   Memory used = 511K.
NOTE: There were 11112 observations read from the data set EMWS5.PART_TRAIN.
NOTE: View WORK.EM_DMREG.VIEW used (Total process time):
      real time           0.13 seconds
      cpu time            0.14 seconds
      
NOTE: There were 11112 observations read from the data set EMWS5.IMPT_TRAIN.
NOTE: There were 11112 observations read from the data set WORK.EM_DMREG.
NOTE: PROCEDURE DMDB used (Total process time):
      real time           0.13 seconds
      cpu time            0.14 seconds
      

11571  quit;
11572  *--- end code ---*;

11573  *------------------------------------------------------------*;
11574  * Reg: Run DMREG procedure;
11575  *------------------------------------------------------------*;
11576  proc dmreg data=EM_DMREG dmdbcat=WORK.Reg_DMDB
11577  validata = EMWS5.Impt_VALIDATE
11578  outest = EMWS5.Reg_EMESTIMATE
11579  outterms = EMWS5.Reg_OUTTERMS
11580  outmap= EMWS5.Reg_MAPDS namelen=200
11581  ;
11582  class
11583  TargetBuy
11584  IMP_DemClusterGroup
11585  IMP_DemGender
11586  IMP_DemReg
11587  IMP_DemTVReg
11588  PromClass
11589  ;
11590  model TargetBuy =
11591  IMP_DemAffl
11592  IMP_DemAge
11593  IMP_DemClusterGroup
11594  IMP_DemGender
11595  IMP_DemReg
11596  IMP_DemTVReg
11597  IMP_PromTime
11598  PromClass
11599  PromSpend
11600  /error=binomial link=LOGIT
11601  coding=DEVIATION
11602  nodesignprint
11603  selection=STEPWISE choose=VDECDATA
11604  Hierarchy=CLASS
11605  Rule=NONE
11606  ;
11607  ;
11608  decision decdata=WORK.TargetBuy
11609  decvars=
11610  Solicit
11611  Ignore
11612  priorVar=DECPRIOR
11613  ;
11614  code file="D:\Nida\Data mining\datamining\BOGO\Workspaces\EMWS5\Reg\EMPUBLISHSCORE.sas"
11615  group=Reg
11616  ;
11617  code file="D:\Nida\Data mining\datamining\BOGO\Workspaces\EMWS5\Reg\EMFLOWSCORE.sas"
11618  group=Reg
11619  residual
11620  ;
11621  run;


NOTE: PROC DMREG is modeling the probability that TargetBuy=1.
NOTE: Convergence criterion (ABSGCONV=0.00001) satisfied.
NOTE: Convergence criterion (GCONV=1E-6) satisfied.
NOTE: Convergence criterion (GCONV=1E-6) satisfied.
NOTE: Convergence criterion (GCONV=1E-6) satisfied.
NOTE: External file D:\Nida\Data mining\datamining\BOGO\Workspaces\EMWS5\Reg\EMPUBLISHSCORE.sas opened.
NOTE: External file D:\Nida\Data mining\datamining\BOGO\Workspaces\EMWS5\Reg\EMFLOWSCORE.sas opened.
NOTE: View EMWS5.IMPT_VALIDATE.VIEW used (Total process time):
      real time           0.79 seconds
      cpu time            0.78 seconds
      
NOTE: There were 11111 observations read from the data set EMWS5.PART_VALIDATE.
NOTE: There were 11112 observations read from the data set EMWS5.PART_TRAIN.
NOTE: View WORK.EM_DMREG.VIEW used (Total process time):
      real time           0.88 seconds
      cpu time            0.87 seconds
      
NOTE: There were 11112 observations read from the data set EMWS5.IMPT_TRAIN.
NOTE: There were 11112 observations read from the data set WORK.EM_DMREG.
NOTE: There were 11111 observations read from the data set EMWS5.IMPT_VALIDATE.
NOTE: The data set EMWS5.REG_EMESTIMATE has 15 observations and 74 variables.
NOTE: The data set EMWS5.REG_OUTTERMS has 5 observations and 6 variables.
NOTE: The data set EMWS5.REG_MAPDS has 2 observations and 35 variables.
NOTE: The PROCEDURE DMREG printed pages 5-9.
NOTE: PROCEDURE DMREG used (Total process time):
      real time           0.92 seconds
      cpu time            0.89 seconds
      

11622  quit;

11623  proc datasets lib=WORK nolist;
11624  delete Reg_DMDB;
11625  run;

NOTE: The file WORK.REG_DMDB (memtype=DATA) was not found, but appears on a DELETE statement.
11626  quit;

NOTE: PROCEDURE DATASETS used (Total process time):
      real time           0.00 seconds
      cpu time            0.00 seconds
      

11627  proc datasets lib=WORK nolist;
11628  delete Reg_DMDB / memtype=catalog;
11629  run;

NOTE: Deleting WORK.REG_DMDB (memtype=CATALOG).
11630  quit;

NOTE: PROCEDURE DATASETS used (Total process time):
      real time           0.01 seconds
      cpu time            0.01 seconds
      

11631  data WORK.ESTIMATE;
11632  length _NAME_ $32;
11633  set EMWS5.Reg_EMESTIMATE;
11634  drop _AIC_--_VAPROF_
11635  ;
11636  where _CHOSEN_ ne '' and _TYPE_ in('PARMS', 'T', 'P');
11637  drop _STEP_ _CHOSEN_;
11638  select(_TYPE_);
11639  when('PARMS') _NAME_='Coefficient';
11640  when('T') _NAME_='tValue';
11641  when('P') _NAME_='PValue';
11642  otherwise;
11643  end;
11644  run;

NOTE: There were 3 observations read from the data set EMWS5.REG_EMESTIMATE.
      WHERE (_CHOSEN_ not = ' ') and _TYPE_ in ('P', 'PARMS', 'T');
NOTE: The data set WORK.ESTIMATE has 3 observations and 36 variables.
NOTE: DATA statement used (Total process time):
      real time           0.00 seconds
      cpu time            0.00 seconds
      

11645  proc transpose data=WORK.ESTIMATE out=WORK.ESTIMATE(rename=(_NAME_=Effect));
11646  run;

NOTE: There were 3 observations read from the data set WORK.ESTIMATE.
NOTE: The data set WORK.ESTIMATE has 34 observations and 5 variables.
NOTE: PROCEDURE TRANSPOSE used (Total process time):
      real time           0.01 seconds
      cpu time            0.01 seconds
      

11647  proc transpose data=EMWS5.Reg_MAPDS out=WORK.MAP(rename=(_NAME_=Effect INPUT=Variable
11648  ));
11649  var 'IMP_DemAffl'n--'PromSpend'n;
11650  run;

NOTE: There were 2 observations read from the data set EMWS5.REG_MAPDS.
NOTE: The data set WORK.MAP has 33 observations and 4 variables.
NOTE: PROCEDURE TRANSPOSE used (Total process time):
      real time           0.01 seconds
      cpu time            0.01 seconds
      

11651  proc sort data=WORK.MAP;
11652  by Effect;
11653  run;

NOTE: There were 33 observations read from the data set WORK.MAP.
NOTE: The data set WORK.MAP has 33 observations and 4 variables.
NOTE: PROCEDURE SORT used (Total process time):
      real time           0.01 seconds
      cpu time            0.01 seconds
      

11654  proc sort data=WORK.ESTIMATE;
11655  by Effect;
11656  run;

NOTE: There were 34 observations read from the data set WORK.ESTIMATE.
NOTE: The data set WORK.ESTIMATE has 34 observations and 5 variables.
NOTE: PROCEDURE SORT used (Total process time):
      real time           0.01 seconds
      cpu time            0.01 seconds
      

11657  data EMWS5.Reg_EFFECTS(rename=(_LABEL_=EffectLabel));
11658  length Variable ClassLevel $32;
11659  merge WORK.ESTIMATE WORK.MAP;
11660  by Effect;
11661  label Effect = "%sysfunc(sasmsg(sashelp.dmine, rpt_effect_vlabel, NOQUOTE))" Variable = "%sysfunc(sasmsg(sashelp.dmine, rpt_variable_vlabel, NOQUOTE))" Sign = "%sysfunc(sasmsg(sashelp.dmine, rpt_sign_vlabel, NOQUOTE))" ClassLevel =
11662     "%sysfunc(sasmsg(sashelp.dmine, rpt_level_vlabel, NOQUOTE))" Abscoefficient = "%sysfunc(sasmsg(sashelp.dmine, rpt_abscoefficient_vlabel, NOQUOTE))" Coefficient = "%sysfunc(sasmsg(sashelp.dmine, rpt_coefficient_vlabel, NOQUOTE))" _LABEL_ =
11663     "%sysfunc(sasmsg(sashelp.dmine, rpt_effectLabel_vlabel, NOQUOTE))" CODE = "%sysfunc(sasmsg(sashelp.dmine, rpt_scorecodevar_vlabel, NOQUOTE))";
11664  label tvalue = "%sysfunc(sasmsg(sashelp.dmine, rpt_tvalue_vlabel,         NOQUOTE))" abstvalue = "%sysfunc(sasmsg(sashelp.dmine, rpt_absoluteTvalue_vlabel, NOQUOTE))" PValue = "%sysfunc(sasmsg(sashelp.dmine, rpt_pvalue_vlabel,         NOQUOTE))";
11665  abstvalue = abs(tValue);
11666  if index(Effect, 'Intercept') then do;
11667  variable = 'Intercept';
11668  classLevel = scan(_LABEL_, 2, '=');
11669  end;
11670  if ^indexc(variable, '*') then do;
11671  if length(effect)>length(variable) then classlevel = substr(Effect, length(variable)+1);
11672  end;
11673  if Effect eq '' then Effect = Variable;
11674  if coefficient < 0 then sign = '-';
11675  else sign = '+';
11676  abscoefficient = abs(coefficient);
11677  if _LABEL_ = '' then _LABEL_ = Effect;
11678  if coefficient ne . then output;
11679  run;

NOTE: Missing values were generated as a result of performing an operation on missing values.
      Each place is given by: (Number of times) at (Line):(Column).
      29 at 11665:13   29 at 11676:18   
NOTE: There were 34 observations read from the data set WORK.ESTIMATE.
NOTE: There were 33 observations read from the data set WORK.MAP.
NOTE: The data set EMWS5.REG_EFFECTS has 5 observations and 11 variables.
NOTE: DATA statement used (Total process time):
      real time           0.04 seconds
      cpu time            0.04 seconds
      

11680  proc sort data =EMWS5.Reg_EFFECTS;
11681  by
11682  descending abstvalue;
11683  run;

NOTE: There were 5 observations read from the data set EMWS5.REG_EFFECTS.
NOTE: The data set EMWS5.REG_EFFECTS has 5 observations and 11 variables.
NOTE: PROCEDURE SORT used (Total process time):
      real time           0.01 seconds
      cpu time            0.01 seconds
      

11684  data EMWS5.Reg_EFFECTS;
11685  set EMWS5.Reg_EFFECTS;
11686  format TEffectNum 3.;
11687  label TEffectNum = "%sysfunc(sasmsg(sashelp.dmine, rpt_teffectnum_vlabel, NOQUOTE))";
11688  retain TEffectNum;
11689  TEffectNum = _N_;
11690  run;

NOTE: There were 5 observations read from the data set EMWS5.REG_EFFECTS.
NOTE: The data set EMWS5.REG_EFFECTS has 5 observations and 12 variables.
NOTE: DATA statement used (Total process time):
      real time           0.01 seconds
      cpu time            0.01 seconds
      

11691  proc sort data =EMWS5.Reg_EFFECTS;
11692  by
11693  descending absCoefficient;
11694  run;

NOTE: There were 5 observations read from the data set EMWS5.REG_EFFECTS.
NOTE: The data set EMWS5.REG_EFFECTS has 5 observations and 12 variables.
NOTE: PROCEDURE SORT used (Total process time):
      real time           0.01 seconds
      cpu time            0.01 seconds
      

11695  data EMWS5.Reg_EFFECTS;
11696  set EMWS5.Reg_EFFECTS;
11697  format EffectNum 3.;
11698  label EffectNum = "%sysfunc(sasmsg(sashelp.dmine, rpt_effectnum_vlabel, NOQUOTE))";
11699  retain EffectNum;
11700  EffectNum = _N_;
11701  run;

NOTE: There were 5 observations read from the data set EMWS5.REG_EFFECTS.
NOTE: The data set EMWS5.REG_EFFECTS has 5 observations and 13 variables.
NOTE: DATA statement used (Total process time):
      real time           0.01 seconds
      cpu time            0.01 seconds
      

11702  proc transpose data=EMWS5.Reg_EMESTIMATE out=EMWS5.Reg_ESTIMATEGRID(rename=(PARMS=Coefficient T=TValue _NAME_=Effect _LABEL_=EffectLabel));
11703  where _CHOSEN_ eq '' and _TYPE_ in('PARMS', 'T', 'P');
11704  var 'IMP_DemAffl'n--'PromSpend'n;
11705  by _STEP_;
11706  id _TYPE_;
11707  run;

NOTE: There were 12 observations read from the data set EMWS5.REG_EMESTIMATE.
      WHERE (_CHOSEN_=' ') and _TYPE_ in ('P', 'PARMS', 'T');
NOTE: The data set EMWS5.REG_ESTIMATEGRID has 132 observations and 6 variables.
NOTE: PROCEDURE TRANSPOSE used (Total process time):
      real time           0.01 seconds
      cpu time            0.01 seconds
      

11708  data EMWS5.Reg_ESTIMATEGRID;
11709  set EMWS5.Reg_ESTIMATEGRID;
11710  if EffectLabel eq '' then EffectLabel = Effect;
11711  label EffectLabel = "%sysfunc(sasmsg(sashelp.dmine, rpt_effectLabel_vlabel, NOQUOTE))" Effect = "%sysfunc(sasmsg(sashelp.dmine, rpt_effect_vlabel, NOQUOTE))" Abscoefficient = "%sysfunc(sasmsg(sashelp.dmine, rpt_abscoefficient_vlabel, NOQUOTE))"
11712     Coefficient = "%sysfunc(sasmsg(sashelp.dmine, rpt_coefficient_vlabel, NOQUOTE))" tvalue = "%sysfunc(sasmsg(sashelp.dmine, rpt_tvalue_vlabel,         NOQUOTE))" abstvalue = "%sysfunc(sasmsg(sashelp.dmine, rpt_absoluteTvalue_vlabel, NOQUOTE))"
11712! PValue =
11713     "%sysfunc(sasmsg(sashelp.dmine, rpt_pvalue_vlabel,         NOQUOTE))";
11714  AbsCoefficient = abs(Coefficient);
11715  AbsTValue = abs(TValue);
11716  where coefficient ne .;
11717  run;

NOTE: Variable PValue is uninitialized.
NOTE: There were 7 observations read from the data set EMWS5.REG_ESTIMATEGRID.
      WHERE coefficient not = .;
NOTE: The data set EMWS5.REG_ESTIMATEGRID has 7 observations and 8 variables.
NOTE: DATA statement used (Total process time):
      real time           0.04 seconds
      cpu time            0.04 seconds
      

