*------------------------------------------------------------*
* Report Log
Date:                May 09, 2018
Time:                16:12:16
*------------------------------------------------------------*
11996  *------------------------------------------------------------*;
11997  * Part11: Computing statistics for class target variables;
11998  *------------------------------------------------------------*;
11999  ods listing close;
12000  ods output onewayfreqs=WORK.TEMPFREQ;
12001  proc freq data = EMWS4.Filter10_TRAIN order=formatted addnames;
12002  table TargetBuy / missing;
12003  run;

NOTE: There were 23000 observations read from the data set SUPERMKT.SUPERMARKETCAMPAIGN.
NOTE: There were 23000 observations read from the data set EMWS4.IDS_DATA.
NOTE: There were 23000 observations read from the data set EMWS4.REPL_TRAIN.
NOTE: There were 20035 observations read from the data set EMWS4.FILTER_TRAIN.
NOTE: View EMWS4.FILTER10_TRAIN.VIEW used (Total process time):
      real time           0.46 seconds
      cpu time            0.48 seconds
      
NOTE: There were 20035 observations read from the data set EMWS4.CLUS4_TRAIN.
NOTE: The data set WORK.TEMPFREQ has 2 observations and 8 variables.
NOTE: There were 377 observations read from the data set EMWS4.FILTER10_TRAIN.
NOTE: PROCEDURE FREQ used (Total process time):
      real time           0.48 seconds
      cpu time            0.49 seconds
      

12004  quit;
12005  ods listing;
12006  data WORK.Part11_BAR(keep=_VARIABLE_ TYPE COUNT PERCENT _X_ _XLABEL_);
12007  label _VARIABLE_ = "%sysfunc(sasmsg(sashelp.dmine, rpt_variable_vlabel, NOQUOTE))" Type = "%sysfunc(sasmsg(sashelp.dmine, rpt_type_vlabel,         NOQUOTE))" _X_ = "%sysfunc(sasmsg(sashelp.dmine, rpt_numValue_vlabel, NOQUOTE))" _XLABEL_ =
12008     "%sysfunc(sasmsg(sashelp.dmine, rpt_fmtValue_vlabel ,    NOQUOTE))" COUNT = "%sysfunc(sasmsg(sashelp.dmine, rpt_count_vlabel,        NOQUOTE))" PERCENT = "%sysfunc(sasmsg(sashelp.dmine, rpt_percent_vlabel,      NOQUOTE))";
12009  dsid = open("WORK.TEMPFREQ");
12010  varnum = varnum(dsid, 'VARIABLE');
12011  freqnum = varnum(dsid, 'FREQUENCY');
12012  pvarnum = varnum(dsid, 'PERCENT');
12013  typenum = varnum(dsid, '_TYPE_');
12014  length _VARIABLE_ $32 TYPE $1 _XLABEL_ $32;
12015  do while(^fetch(dsid));
12016  _VARIABLE_ = strip(getvarc(dsid, varnum));
12017  count = getvarn(dsid, freqnum);
12018  percent= getvarn(dsid, pvarnum);
12019  vvarnum = varnum(dsid, _VARIABLE_);
12020  type = vartype(dsid, vvarnum);
12021  fvarnum = varnum(dsid, 'F_'!!substr(_VARIABLE_, 1, 30));
12022  _XLABEL_ = left(getvarc(dsid, fvarnum));
12023  _X_ = .;
12024  if TYPE eq 'N' then _X_ = getvarn(dsid, vvarnum);
12025  output;
12026  end;
12027  dsid = close(dsid);
12028  run;

NOTE: The data set WORK.PART11_BAR has 2 observations and 6 variables.
NOTE: DATA statement used (Total process time):
      real time           0.03 seconds
      cpu time            0.03 seconds
      

12029  proc sort data=WORK.Part11_BAR NOTHREADS;
12030  by _VARIABLE_;
12031  run;

NOTE: There were 2 observations read from the data set WORK.PART11_BAR.
NOTE: The data set WORK.PART11_BAR has 2 observations and 6 variables.
NOTE: PROCEDURE SORT used (Total process time):
      real time           0.01 seconds
      cpu time            0.01 seconds
      

12032  proc sort data=WORK.M34ELI4O;
12033  by Name;
12034  run;

NOTE: There were 1 observations read from the data set WORK.M34ELI4O.
NOTE: The data set WORK.M34ELI4O has 1 observations and 21 variables.
NOTE: PROCEDURE SORT used (Total process time):
      real time           0.01 seconds
      cpu time            0.01 seconds
      

12035  data WORK.Part11_BAR;
12036  merge WORK.Part11_BAR(in=_a) WORK.M34ELI4O(keep=Name Label Role rename=(Name=_Variable_ Label=_Label_));
12037  by _Variable_;
12038  label Role = "%sysfunc(sasmsg(sashelp.dmine, meta_role_vlabel ,  NOQUOTE))";
12039  label Label = "%sysfunc(sasmsg(sashelp.dmine, meta_label_vlabel , NOQUOTE))";
12040  if _a then output;
12041  run;

NOTE: Variable Label is uninitialized.
WARNING: Multiple lengths were specified for the BY variable _VARIABLE_ by input data sets. This might cause unexpected results.
NOTE: There were 2 observations read from the data set WORK.PART11_BAR.
NOTE: There were 1 observations read from the data set WORK.M34ELI4O.
NOTE: The data set WORK.PART11_BAR has 2 observations and 8 variables.
NOTE: DATA statement used (Total process time):
      real time           0.03 seconds
      cpu time            0.03 seconds
      

12042  data EMWS4.Part11_CLASS;
12043  length DATA $8;
12044  set WORK.Part11_BAR;
12045  DATA = "DATA";
12046  run;

NOTE: There were 2 observations read from the data set WORK.PART11_BAR.
NOTE: The data set EMWS4.PART11_CLASS has 2 observations and 9 variables.
NOTE: DATA statement used (Total process time):
      real time           0.00 seconds
      cpu time            0.00 seconds
      

12047  *------------------------------------------------------------*;
12048  * Part11: Computing statistics for interval target variables;
12049  *------------------------------------------------------------*;
12050  *------------------------------------------------------------*;
12051  * Part11: Computing statistics for class target variables;
12052  *------------------------------------------------------------*;
12053  ods listing close;
12054  ods output onewayfreqs=WORK.TEMPFREQ;
12055  proc freq data = EMWS4.Part11_TRAIN order=formatted addnames;
12056  table TargetBuy / missing;
12057  run;

NOTE: The data set WORK.TEMPFREQ has 2 observations and 8 variables.
NOTE: There were 188 observations read from the data set EMWS4.PART11_TRAIN.
NOTE: PROCEDURE FREQ used (Total process time):
      real time           0.01 seconds
      cpu time            0.01 seconds
      

12058  quit;
12059  ods listing;
12060  data WORK.Part11_BAR(keep=_VARIABLE_ TYPE COUNT PERCENT _X_ _XLABEL_);
12061  label _VARIABLE_ = "%sysfunc(sasmsg(sashelp.dmine, rpt_variable_vlabel, NOQUOTE))" Type = "%sysfunc(sasmsg(sashelp.dmine, rpt_type_vlabel,         NOQUOTE))" _X_ = "%sysfunc(sasmsg(sashelp.dmine, rpt_numValue_vlabel, NOQUOTE))" _XLABEL_ =
12062     "%sysfunc(sasmsg(sashelp.dmine, rpt_fmtValue_vlabel ,    NOQUOTE))" COUNT = "%sysfunc(sasmsg(sashelp.dmine, rpt_count_vlabel,        NOQUOTE))" PERCENT = "%sysfunc(sasmsg(sashelp.dmine, rpt_percent_vlabel,      NOQUOTE))";
12063  dsid = open("WORK.TEMPFREQ");
12064  varnum = varnum(dsid, 'VARIABLE');
12065  freqnum = varnum(dsid, 'FREQUENCY');
12066  pvarnum = varnum(dsid, 'PERCENT');
12067  typenum = varnum(dsid, '_TYPE_');
12068  length _VARIABLE_ $32 TYPE $1 _XLABEL_ $32;
12069  do while(^fetch(dsid));
12070  _VARIABLE_ = strip(getvarc(dsid, varnum));
12071  count = getvarn(dsid, freqnum);
12072  percent= getvarn(dsid, pvarnum);
12073  vvarnum = varnum(dsid, _VARIABLE_);
12074  type = vartype(dsid, vvarnum);
12075  fvarnum = varnum(dsid, 'F_'!!substr(_VARIABLE_, 1, 30));
12076  _XLABEL_ = left(getvarc(dsid, fvarnum));
12077  _X_ = .;
12078  if TYPE eq 'N' then _X_ = getvarn(dsid, vvarnum);
12079  output;
12080  end;
12081  dsid = close(dsid);
12082  run;

NOTE: The data set WORK.PART11_BAR has 2 observations and 6 variables.
NOTE: DATA statement used (Total process time):
      real time           0.03 seconds
      cpu time            0.03 seconds
      

12083  proc sort data=WORK.Part11_BAR NOTHREADS;
12084  by _VARIABLE_;
12085  run;

NOTE: There were 2 observations read from the data set WORK.PART11_BAR.
NOTE: The data set WORK.PART11_BAR has 2 observations and 6 variables.
NOTE: PROCEDURE SORT used (Total process time):
      real time           0.01 seconds
      cpu time            0.01 seconds
      

12086  proc sort data=WORK.M34ELI4O;
12087  by Name;
12088  run;

NOTE: Input data set is already sorted, no sorting done.
NOTE: PROCEDURE SORT used (Total process time):
      real time           0.00 seconds
      cpu time            0.00 seconds
      

12089  data WORK.Part11_BAR;
12090  merge WORK.Part11_BAR(in=_a) WORK.M34ELI4O(keep=Name Label Role rename=(Name=_Variable_ Label=_Label_));
12091  by _Variable_;
12092  label Role = "%sysfunc(sasmsg(sashelp.dmine, meta_role_vlabel ,  NOQUOTE))";
12093  label Label = "%sysfunc(sasmsg(sashelp.dmine, meta_label_vlabel , NOQUOTE))";
12094  if _a then output;
12095  run;

NOTE: Variable Label is uninitialized.
WARNING: Multiple lengths were specified for the BY variable _VARIABLE_ by input data sets. This might cause unexpected results.
NOTE: There were 2 observations read from the data set WORK.PART11_BAR.
NOTE: There were 1 observations read from the data set WORK.M34ELI4O.
NOTE: The data set WORK.PART11_BAR has 2 observations and 8 variables.
NOTE: DATA statement used (Total process time):
      real time           0.03 seconds
      cpu time            0.03 seconds
      

12096  data WORK.Part11_BAR;
12097  length DATA $8;
12098  set WORK.Part11_BAR;
12099  DATA = "TRAIN";
12100  run;

NOTE: There were 2 observations read from the data set WORK.PART11_BAR.
NOTE: The data set WORK.PART11_BAR has 2 observations and 9 variables.
NOTE: DATA statement used (Total process time):
      real time           0.01 seconds
      cpu time            0.01 seconds
      

12101  data EMWS4.Part11_CLASS;
12102  set EMWS4.Part11_CLASS WORK.Part11_BAR;
12103  run;

NOTE: There were 2 observations read from the data set EMWS4.PART11_CLASS.
NOTE: There were 2 observations read from the data set WORK.PART11_BAR.
NOTE: The data set EMWS4.PART11_CLASS has 4 observations and 9 variables.
NOTE: DATA statement used (Total process time):
      real time           0.01 seconds
      cpu time            0.01 seconds
      

12104  *------------------------------------------------------------*;
12105  * Part11: Computing statistics for interval target variables;
12106  *------------------------------------------------------------*;
12107  *------------------------------------------------------------*;
12108  * Part11: Computing statistics for class target variables;
12109  *------------------------------------------------------------*;
12110  ods listing close;
12111  ods output onewayfreqs=WORK.TEMPFREQ;
12112  proc freq data = EMWS4.Part11_VALIDATE order=formatted addnames;
12113  table TargetBuy / missing;
12114  run;

NOTE: The data set WORK.TEMPFREQ has 2 observations and 8 variables.
NOTE: There were 189 observations read from the data set EMWS4.PART11_VALIDATE.
NOTE: PROCEDURE FREQ used (Total process time):
      real time           0.03 seconds
      cpu time            0.03 seconds
      

12115  quit;
12116  ods listing;
12117  data WORK.Part11_BAR(keep=_VARIABLE_ TYPE COUNT PERCENT _X_ _XLABEL_);
12118  label _VARIABLE_ = "%sysfunc(sasmsg(sashelp.dmine, rpt_variable_vlabel, NOQUOTE))" Type = "%sysfunc(sasmsg(sashelp.dmine, rpt_type_vlabel,         NOQUOTE))" _X_ = "%sysfunc(sasmsg(sashelp.dmine, rpt_numValue_vlabel, NOQUOTE))" _XLABEL_ =
12119     "%sysfunc(sasmsg(sashelp.dmine, rpt_fmtValue_vlabel ,    NOQUOTE))" COUNT = "%sysfunc(sasmsg(sashelp.dmine, rpt_count_vlabel,        NOQUOTE))" PERCENT = "%sysfunc(sasmsg(sashelp.dmine, rpt_percent_vlabel,      NOQUOTE))";
12120  dsid = open("WORK.TEMPFREQ");
12121  varnum = varnum(dsid, 'VARIABLE');
12122  freqnum = varnum(dsid, 'FREQUENCY');
12123  pvarnum = varnum(dsid, 'PERCENT');
12124  typenum = varnum(dsid, '_TYPE_');
12125  length _VARIABLE_ $32 TYPE $1 _XLABEL_ $32;
12126  do while(^fetch(dsid));
12127  _VARIABLE_ = strip(getvarc(dsid, varnum));
12128  count = getvarn(dsid, freqnum);
12129  percent= getvarn(dsid, pvarnum);
12130  vvarnum = varnum(dsid, _VARIABLE_);
12131  type = vartype(dsid, vvarnum);
12132  fvarnum = varnum(dsid, 'F_'!!substr(_VARIABLE_, 1, 30));
12133  _XLABEL_ = left(getvarc(dsid, fvarnum));
12134  _X_ = .;
12135  if TYPE eq 'N' then _X_ = getvarn(dsid, vvarnum);
12136  output;
12137  end;
12138  dsid = close(dsid);
12139  run;

NOTE: The data set WORK.PART11_BAR has 2 observations and 6 variables.
NOTE: DATA statement used (Total process time):
      real time           0.04 seconds
      cpu time            0.04 seconds
      

12140  proc sort data=WORK.Part11_BAR NOTHREADS;
12141  by _VARIABLE_;
12142  run;

NOTE: There were 2 observations read from the data set WORK.PART11_BAR.
NOTE: The data set WORK.PART11_BAR has 2 observations and 6 variables.
NOTE: PROCEDURE SORT used (Total process time):
      real time           0.00 seconds
      cpu time            0.00 seconds
      

12143  proc sort data=WORK.M34ELI4O;
12144  by Name;
12145  run;

NOTE: Input data set is already sorted, no sorting done.
NOTE: PROCEDURE SORT used (Total process time):
      real time           0.01 seconds
      cpu time            0.01 seconds
      

12146  data WORK.Part11_BAR;
12147  merge WORK.Part11_BAR(in=_a) WORK.M34ELI4O(keep=Name Label Role rename=(Name=_Variable_ Label=_Label_));
12148  by _Variable_;
12149  label Role = "%sysfunc(sasmsg(sashelp.dmine, meta_role_vlabel ,  NOQUOTE))";
12150  label Label = "%sysfunc(sasmsg(sashelp.dmine, meta_label_vlabel , NOQUOTE))";
12151  if _a then output;
12152  run;

NOTE: Variable Label is uninitialized.
WARNING: Multiple lengths were specified for the BY variable _VARIABLE_ by input data sets. This might cause unexpected results.
NOTE: There were 2 observations read from the data set WORK.PART11_BAR.
NOTE: There were 1 observations read from the data set WORK.M34ELI4O.
NOTE: The data set WORK.PART11_BAR has 2 observations and 8 variables.
NOTE: DATA statement used (Total process time):
      real time           0.01 seconds
      cpu time            0.01 seconds
      

12153  data WORK.Part11_BAR;
12154  length DATA $8;
12155  set WORK.Part11_BAR;
12156  DATA = "VALIDATE";
12157  run;

NOTE: There were 2 observations read from the data set WORK.PART11_BAR.
NOTE: The data set WORK.PART11_BAR has 2 observations and 9 variables.
NOTE: DATA statement used (Total process time):
      real time           0.01 seconds
      cpu time            0.01 seconds
      

12158  data EMWS4.Part11_CLASS;
12159  set EMWS4.Part11_CLASS WORK.Part11_BAR;
12160  run;

NOTE: There were 4 observations read from the data set EMWS4.PART11_CLASS.
NOTE: There were 2 observations read from the data set WORK.PART11_BAR.
NOTE: The data set EMWS4.PART11_CLASS has 6 observations and 9 variables.
NOTE: DATA statement used (Total process time):
      real time           0.01 seconds
      cpu time            0.01 seconds
      

12161  *------------------------------------------------------------*;
12162  * Part11: Computing statistics for interval target variables;
12163  *------------------------------------------------------------*;
12164  data EMWS4.Part11_CLASS(rename=(_VARIABLE_=VARIABLE _X_=VALUE _XLABEL_=FORMATTEDVALUE));
12165  label DATA = "%sysfunc(sasmsg(sashelp.dmine, rpt_data_vlabel ,   NOQUOTE))";
12166  set EMWS4.Part11_CLASS;
12167  drop type role;
12168  run;

NOTE: There were 6 observations read from the data set EMWS4.PART11_CLASS.
NOTE: The data set EMWS4.PART11_CLASS has 6 observations and 7 variables.
NOTE: DATA statement used (Total process time):
      real time           0.00 seconds
      cpu time            0.00 seconds
      

12169  proc sort data=EMWS4.Part11_CLASS NOTHREADS;
12170  by DATA;
12171  run;

NOTE: There were 6 observations read from the data set EMWS4.PART11_CLASS.
NOTE: The data set EMWS4.PART11_CLASS has 6 observations and 7 variables.
NOTE: PROCEDURE SORT used (Total process time):
      real time           0.00 seconds
      cpu time            0.00 seconds
      

12172  %let _cn = %sysfunc(getoption(CENTER));
12173  %let _nb = %sysfunc(getoption(NUMBER));
12174  options nonumber nocenter;
12175  proc print data=EMWS4.Part11_CLASS noobs label;
12176  by DATA;
12177  title9 ' ';
12178  title10 "%sysfunc(sasmsg(sashelp.dmine, rpt_classTargetStats_title, NOQUOTE))";
12179  run;

NOTE: There were 6 observations read from the data set EMWS4.PART11_CLASS.
NOTE: The PROCEDURE PRINT printed page 3.
NOTE: PROCEDURE PRINT used (Total process time):
      real time           0.01 seconds
      cpu time            0.01 seconds
      

12180  title10;
12181  options &_cn &_nb;

