*------------------------------------------------------------*
* Report Log
Date:                May 09, 2018
Time:                15:59:43
*------------------------------------------------------------*
17583  %let EMEXCEPTIONSTRING=;
17584  *------------------------------------------------------------*;
17585  * REPORT: Prof4;
17586  *------------------------------------------------------------*;
17587  %let EM_ACTION = REPORT;
17588  %let syscc = 0;
17589  %macro main;
17590     %if %sysfunc(indexw(&EM_DEBUG, _ALL_)) or %sysfunc(indexw(&EM_DEBUG, SOURCE)) %then %do;
17591         options MPRINT;
17592     %end;
17593  
17594     filename temp catalog 'sashelp.emexpl.profile_macros.source';
17595     %include temp;
17596     filename temp;
17597  
17598     /* Initialize property macro variables */
17599     %SetProperties;
17600  
17601     %if %upcase(&EM_ACTION) = CREATE %then %do;
17602  
17603         filename temp catalog 'sashelp.emexpl.profile_create.source';
17604         %include temp;
17605         filename temp;
17606         %create;
17607     %end;
17608     %else
17609     %if %upcase(&EM_ACTION) = TRAIN %then %do;
17610  
17611         filename temp catalog 'sashelp.emexpl.profile_train.source';
17612         %include temp;
17613         filename temp;
17614         %train;
17615     %end;
17616  %mend main;
17617  
17618  %main;
NOTE: %INCLUDE (level 1) file TEMP is file SASHELP.EMEXPL.PROFILE_MACROS.SOURCE.
17619 +%macro SetProperties;
17620 +   %em_checkmacro(name=EM_PROPERTY_PROFILEALL,         global=Y, value=N);
17621 +   %em_checkmacro(name=EM_PROPERTY_USEREPORTVARS,      global=Y, value=Y);
17622 +   %em_checkmacro(name=EM_PROPERTY_OTHERPERCENTCUTOFF, global=Y, value=95);
17623 +   %em_checkmacro(name=EM_PROPERTY_TARGETROLE,         global=Y, value=NONE);
17624 +   %em_checkmacro(name=EM_PROPERTY_NUMHISTBARS,        global=Y, value=8);
17625 +   %em_checkmacro(name=EM_PROPERTY_MINWORTH,           global=Y, value=0.01);
17626 +   %em_checkmacro(name=EM_PROPERTY_MAXDEPTH,           global=Y, value=1);
17627 +   %em_checkmacro(name=EM_PROPERTY_MAXNUMREPORT,       global=Y, value=10);
17628 +   %em_checkmacro(name=EM_PROPERTY_MAXNUMINPUT,        global=Y, value=10);
17629 +   %em_checkmacro(name=EM_PROPERTY_PRINTWORTH,         global=Y, value=Y);
17630 +%mend SetProperties;
17631 +
17632 +
17633 +%macro makeVarMacros(level= );
17634 +
17635 +    %let numvars = 0;
17636 +    %let where   = '';
17637 +
17638 +    %if (%upcase(&EM_PROPERTY_TARGETROLE) eq INPUT) %then
17639 +        %let where = (ROLE = 'REJECTED' and LEVEL="&level" and USE='Y') or (ROLE in('INPUT', 'TARGET') and LEVEL="&level"  and USE in('Y', 'D'));
17640 +    %else
17641 +        %let where = (ROLE = 'REJECTED' and LEVEL="&level" and USE='Y') or (ROLE ='INPUT' and LEVEL="&level" and USE in('Y', 'D'));
17642 +
17643 +    %if &level = INTERVAL %then %do;
17644 +        %let numvars = %eval( &EM_NUM_INTERVAL_INPUT + &EM_NUM_INTERVAL_REJECTED);
17645 +        %if (%upcase(&EM_PROPERTY_TARGETROLE) eq INPUT) %then
17646 +             %let numvars = %eval(&numvars + &EM_NUM_INTERVAL_TARGET);
17647 +    %end;
17648 +    %else %do;
17649 +        %if &level = NOMINAL %then %do;
17650 +            %let numvars = %eval(&EM_NUM_BINARY_INPUT + &EM_NUM_NOMINAL_INPUT +  &EM_NUM_BINARY_REJECTED + &EM_NUM_NOMINAL_REJECTED);
17651 +             %if (%upcase(&EM_PROPERTY_TARGETROLE) eq INPUT) %then %do;
17652 +                 %let numvars = %eval(&numvars + &EM_NUM_BINARY_TARGET + &EM_NUM_NOMINAL_TARGET);
17653 +                 %let where = (ROLE = 'REJECTED' and LEVEL in('NOMINAL', 'BINARY') and USE='Y') or (ROLE in('INPUT', 'TARGET') and LEVEL in('NOMINAL', 'BINARY') and USE in('Y', 'D'));
17654 +             %end;
17655 +             %else
17656 +                 %let where = (ROLE = 'REJECTED' and LEVEL in('NOMINAL', 'BINARY') and USE='Y') or (ROLE ='INPUT' and LEVEL in("NOMINAL", "BINARY") and USE in('Y', 'D'));
17657 +
17658 +        %end;
17659 +        %else %do;
17660 +            %let numvars = %eval(&EM_NUM_ORDINAL_INPUT + &EM_NUM_ORDINAL_REJECTED);
17661 +            %if (%upcase(&EM_PROPERTY_TARGETROLE) eq INPUT) %then
17662 +                %let numvars = %eval(&numvars + &EM_NUM_ORDINAL_TARGET);
17663 +        %end;
17664 +    %end;
17665 +
17666 +    %if &numvars>0 %then %do;
17667 +         %let numloop = %sysfunc(ceil(&numvars/10000));
17668 +         %let loopcount = 0;
17669 +
17670 +         %do %while((&numloop - &loopcount) > 0);
17671 +             %let first = %eval((&loopcount*10000) + 1);
17672 +             %let last  = %eval(&first + 10000);
17673 +             %let loopcount = %eval(&loopcount +1);
17674 +             %let centry = &EM_LIB..&EM_NODEID._MACS.&LEVEL._&loopcount..SOURCE;
17675 +             filename X catalog "&centry";
17676 +             data _null_;
17677 +                length _STRING_ $80;
17678 +                retain _STRING_ ;
17679 +                file X;
17680 +                set &EM_DATA_VARIABLESET(firstobs=&first obs=&last) end=eof;
17681 +
17682 +                where &where;
17683 +
17684 +                if _N_=1 then
17685 +                   put '%macro _PROFVAR;';
17686 +
17687 +                if (length(_STRING_) + length(trim(NAME))+ 1  < 80) then do;
17688 +                   _STRING_ = trim(_STRING_)!!' '!!trim(NAME);
17689 +                   if eof then do;
17690 +                      put _STRING_;
17691 +                      put '%mend _PROFVAR;';
17692 +                   end;
17693 +                end;
17694 +                else do;
17695 +                   put _STRING_;
17696 +                  _string_ = TRIM(NAME);
17697 +                   if eof then do;
17698 +                      put _string_;
17699 +                      put '%mend _PROFVAR;';
17700 +                   end;
17701 +                end;
17702 +             run;
17703 +             filename X;
17704 +         %end;
17705 +    %end;
17706 +
17707 +%mend makeVarMacros;
17708 +
17709 +
NOTE: %INCLUDE (level 1) ending.
NOTE: Fileref TEMP has been deassigned.
17710  *------------------------------------------------------------*;
17711  * End REPORT: Prof4;
17712  *------------------------------------------------------------*;

17713  /* Reset EM Options */
17714  options formchar="|----|+|---+=|-/\<>*";
17715  options nocenter ls=256 ps=10000;
17716  goptions reset=all device=GIF NODISPLAY;

