*------------------------------------------------------------*
* Training Log
Date:                May 13, 2018
Time:                20:33:02
*------------------------------------------------------------*
11408  proc freq data=EMWS6.Part_VariableSet noprint;
11409  table ROLE*LEVEL/out=WORK.PartMETA;
11410  run;

NOTE: There were 13 observations read from the data set EMWS6.PART_VARIABLESET.
NOTE: The data set WORK.PARTMETA has 6 observations and 4 variables.
NOTE: PROCEDURE FREQ used (Total process time):
      real time           0.06 seconds
      cpu time            0.04 seconds
      

11411  proc print data=WORK.PartMETA label noobs;
11412  var ROLE LEVEL COUNT;
11413  label ROLE = "%sysfunc(sasmsg(sashelp.dmine, meta_role_vlabel, NOQUOTE))" LEVEL = "%sysfunc(sasmsg(sashelp.dmine, meta_level_vlabel, NOQUOTE))" COUNT = "%sysfunc(sasmsg(sashelp.dmine, rpt_count_vlabel, NOQUOTE))";
11414  title9 ' ';
11415  title10 "%sysfunc(sasmsg(sashelp.dmine, rpt_varSummary_title  , NOQUOTE))";
11416  run;

NOTE: There were 6 observations read from the data set WORK.PARTMETA.
NOTE: The PROCEDURE PRINT printed page 1.
NOTE: PROCEDURE PRINT used (Total process time):
      real time           0.04 seconds
      cpu time            0.04 seconds
      

11417  title10;

trainPct=50 validatePct=50 testPct=0 
NOTE: View EMWS6.IDS_DATA.VIEW used (Total process time):
      real time           0.03 seconds
      cpu time            0.03 seconds
      
11425  *------------------------------------------------------------*;
11426  * Part: Retrieving stratification variable(s) levels;
11427  *------------------------------------------------------------*;
11428  proc freq data=EMWS6.Ids_DATA noprint;
11429  table
11430  TargetBuy
11431  /out=WORK.Part_FREQ(drop=percent);
11432  run;

NOTE: View EMWS6.IDS_DATA.VIEW used (Total process time):
      real time           0.06 seconds
      cpu time            0.07 seconds
      
NOTE: There were 22223 observations read from the data set HW2.HW2_BA8880_SUPERMARKETDATASET.
NOTE: There were 22223 observations read from the data set EMWS6.IDS_DATA.
NOTE: The data set WORK.PART_FREQ has 2 observations and 2 variables.
NOTE: PROCEDURE FREQ used (Total process time):
      real time           0.09 seconds
      cpu time            0.09 seconds
      

11433  proc sort data=WORK.Part_FREQ;
11434  by descending count;
11435  run;

NOTE: There were 2 observations read from the data set WORK.PART_FREQ.
NOTE: The data set WORK.PART_FREQ has 2 observations and 2 variables.
NOTE: PROCEDURE SORT used (Total process time):
      real time           0.00 seconds
      cpu time            0.01 seconds
      

11436  * Part: Retrieving levels that meet minimum requirement;
11437  data WORK.Part_FREQ2(keep = count);
11438  set WORK.Part_FREQ;
11439  where (.01 * 50 * count) >= 3;
11440  run;

NOTE: There were 2 observations read from the data set WORK.PART_FREQ.
      WHERE (0.5*count)>=3;
NOTE: The data set WORK.PART_FREQ2 has 2 observations and 1 variables.
NOTE: DATA statement used (Total process time):
      real time           0.01 seconds
      cpu time            0.01 seconds
      

11441  *------------------------------------------------------------*;
11442  * Part: Create stratified partitioning;
11443  *------------------------------------------------------------*;
11444  data
11445  EMWS6.Part_TRAIN(label="")
11446  EMWS6.Part_VALIDATE(label="")
11447  ;
11448  retain _seed_ 12345;
11449  drop _seed_ _genvalue_;
11450  call ranuni(_seed_, _genvalue_);
11451  label _dataobs_ = "%sysfunc(sasmsg(sashelp.dmine, sample_dataobs_vlabel, NOQUOTE))";
11452  _dataobs_ = _N_;
11453  drop _c00:;
11454  set EMWS6.Ids_DATA;
11455  if
11456  TargetBuy = 0
11457  then do;
11458  if (16718+1-_C000003)*_genvalue_ <= (8359 - _C000001) then do;
11459  _C000001 + 1;
11460  output EMWS6.Part_TRAIN;
11461  end;
11462  else do;
11463  _C000002 + 1;
11464  output EMWS6.Part_VALIDATE;
11465  end;
11466  _C000003+1;
11467  end;
11468  else if
11469  TargetBuy = 1
11470  then do;
11471  if (5505+1-_C000006)*_genvalue_ <= (2753 - _C000004) then do;
11472  _C000004 + 1;
11473  output EMWS6.Part_TRAIN;
11474  end;
11475  else do;
11476  _C000005 + 1;
11477  output EMWS6.Part_VALIDATE;
11478  end;
11479  _C000006+1;
11480  end;
11481  run;

NOTE: View EMWS6.IDS_DATA.VIEW used (Total process time):
      real time           0.06 seconds
      cpu time            0.06 seconds
      
NOTE: There were 22223 observations read from the data set HW2.HW2_BA8880_SUPERMARKETDATASET.
NOTE: There were 22223 observations read from the data set EMWS6.IDS_DATA.
NOTE: The data set EMWS6.PART_TRAIN has 11112 observations and 14 variables.
NOTE: The data set EMWS6.PART_VALIDATE has 11111 observations and 14 variables.
NOTE: DATA statement used (Total process time):
      real time           0.09 seconds
      cpu time            0.11 seconds
      

11482  data _tempNobs;
11483  length Type $8 Table $32 Nobs 8;
11484  label type= "%sysfunc(sasmsg(sashelp.dmine, meta_type_vlabel,    NOQUOTE))" table = "%sysfunc(sasmsg(sashelp.dmine, meta_dataset_vlabel, NOQUOTE))" nobs = "%sysfunc(sasmsg(sashelp.dmine,  rpt_numObs_vlabel,   NOQUOTE))";
11485  type='DATA';
11486  table="EMWS6.Ids_DATA";
11487  Nobs=22223;
11488  output;
11489  type='TRAIN';
11490  table="EMWS6.Part_TRAIN";
11491  Nobs=11112;
11492  output;
11493  type='VALIDATE';
11494  table="EMWS6.Part_VALIDATE";
11495  Nobs=11111;
11496  output;
11497  run;

NOTE: The data set WORK._TEMPNOBS has 3 observations and 3 variables.
NOTE: DATA statement used (Total process time):
      real time           0.01 seconds
      cpu time            0.01 seconds
      

11498  %let _cn = %sysfunc(getoption(CENTER));
11499  %let _nb = %sysfunc(getoption(NUMBER));
11500  options nonumber nocenter;
11501  proc print data=_tempNobs noobs label;
11502  title9 ' ';
11503  title10 "%sysfunc(sasmsg(sashelp.dmine, rpt_partitionSummary_title, NOQUOTE))";
11504  run;

NOTE: There were 3 observations read from the data set WORK._TEMPNOBS.
NOTE: The PROCEDURE PRINT printed page 2.
NOTE: PROCEDURE PRINT used (Total process time):
      real time           0.01 seconds
      cpu time            0.01 seconds
      

11505  title10;
11506  options &_cn &_nb;
11507  run;

