 
                                                                                               
 
 
Fit Statistics

Target=TargetBuy Target Label=' '

   Fit
Statistics    Statistics Label                    Train    Validation

 _AIC_        Akaike's Information Criterion     788.48          .   
 _ASE_        Average Squared Error                0.14         0.14 
 _AVERR_      Average Error Function               0.43         0.44 
 _DFE_        Degrees of Freedom for Error       883.00          .   
 _DFM_        Model Degrees of Freedom            10.00          .   
 _DFT_        Total Degrees of Freedom           893.00          .   
 _DIV_        Divisor for ASE                   1786.00      1788.00 
 _ERR_        Error Function                     768.48       795.21 
 _FPE_        Final Prediction Error               0.14          .   
 _MAX_        Maximum Absolute Error               0.97         0.97 
 _MSE_        Mean Square Error                    0.14         0.14 
 _NOBS_       Sum of Frequencies                 893.00       894.00 
 _NW_         Number of Estimate Weights          10.00          .   
 _RASE_       Root Average Sum of Squares          0.37         0.38 
 _RFPE_       Root Final Prediction Error          0.38          .   
 _RMSE_       Root Mean Squared Error              0.37         0.38 
 _SBC_        Schwarz's Bayesian Criterion       836.43          .   
 _SSE_        Sum of Squared Errors              245.88       255.48 
 _SUMW_       Sum of Case Weights Times Freq    1786.00      1788.00 
 _MISC_       Misclassification Rate               0.20         0.19 
 
                                                                                               
 
 
Classification Table

Data Role=TRAIN Target Variable=TargetBuy Target Label=' '

                       Target        Outcome     Frequency       Total
Target    Outcome    Percentage    Percentage      Count      Percentage

  0          0         81.8528       94.5748        645         72.2284 
  1          0         18.1472       67.7725        143         16.0134 
  0          1         35.2381        5.4252         37          4.1433 
  1          1         64.7619       32.2275         68          7.6148 


Data Role=VALIDATE Target Variable=TargetBuy Target Label=' '

                       Target        Outcome     Frequency       Total
Target    Outcome    Percentage    Percentage      Count      Percentage

  0          0         82.1026       96.0469        656         73.3781 
  1          0         17.8974       67.7725        143         15.9955 
  0          1         28.4211        3.9531         27          3.0201 
  1          1         71.5789       32.2275         68          7.6063 
 
                                                                                               
 
 
Event Classification Table

Data Role=TRAIN Target=TargetBuy Target Label=' '

  False       True        False       True
Negative    Negative    Positive    Positive

   143         645         37          68   


Data Role=VALIDATE Target=TargetBuy Target Label=' '

  False       True        False       True
Negative    Negative    Positive    Positive

   143         656         27          68   
 
                                                                                               
 
 
Assessment Score Rankings

Data Role=TRAIN Target Variable=TargetBuy Target Label=' '

                                                                                    Mean
                            Cumulative       %      Cumulative     Number of     Posterior
Depth      Gain     Lift       Lift      Response   % Response   Observations   Probability

   5    219.768   3.19768     3.19768     75.5556     75.5556         45          0.80617  
  10    196.256   2.72744     2.96256     64.4444     70.0000         45          0.62174  
  15    171.621   2.21230     2.71621     52.2727     64.1791         44          0.49481  
  20    145.895   1.69289     2.45895     40.0000     58.1006         45          0.42307  
  25    136.173   1.97504     2.36173     46.6667     55.8036         45          0.35810  
  30    114.770   1.05806     2.14770     25.0000     50.7463         44          0.30358  
  35     97.414   0.94049     1.97414     22.2222     46.6454         45          0.26068  
  40     84.421   0.94049     1.84421     22.2222     43.5754         45          0.22807  
  45     73.711   0.86568     1.73711     20.4545     41.0448         44          0.19954  
  50     63.798   0.75240     1.63798     17.7778     38.7025         45          0.17467  
  55     53.117   0.47025     1.53117     11.1111     36.1789         45          0.15727  
  60     44.496   0.48093     1.44496     11.3636     34.1418         44          0.13830  
  65     38.403   0.65835     1.38403     15.5556     32.7022         45          0.12326  
  70     33.187   0.65835     1.33187     15.5556     31.4696         45          0.10734  
  75     26.335   0.28856     1.26335      6.8182     29.8507         44          0.09291  
  80     20.752   0.37620     1.20752      8.8889     28.5315         45          0.07802  
  85     15.829   0.37620     1.15829      8.8889     27.3684         45          0.05946  
  90     10.543   0.19237     1.10543      4.5455     26.1194         44          0.04294  
  95      5.183   0.09405     1.05183      2.2222     24.8528         45          0.02971  
 100      0.000   0.00000     1.00000      0.0000     23.6282         44          0.01790  


Data Role=VALIDATE Target Variable=TargetBuy Target Label=' '

                                                                                    Mean
                            Cumulative       %      Cumulative     Number of     Posterior
Depth      Gain     Lift       Lift      Response   % Response   Observations   Probability

   5    210.711   3.10711     3.10711     73.3333     73.3333         45          0.79532  
  10    206.003   3.01295     3.06003     71.1111     72.2222         45          0.57450  
  15    160.495   1.69479     2.60495     40.0000     61.4815         45          0.44815  
  20    120.133   0.96295     2.20133     22.7273     51.9553         44          0.37695  
  25    113.740   1.88310     2.13740     44.4444     50.4464         45          0.33814  
  30    106.336   1.69479     2.06336     40.0000     48.6989         45          0.28975  
  35     92.220   1.05924     1.92220     25.0000     45.3674         44          0.25321  
  40     83.444   1.22401     1.83444     28.8889     43.2961         45          0.22124  
  45     72.422   0.84739     1.72422     20.0000     40.6948         45          0.19206  
  50     63.981   0.86665     1.63981     20.4545     38.7025         44          0.16609  
  55     56.733   0.84739     1.56733     20.0000     36.9919         45          0.14678  
  60     47.544   0.47077     1.47544     11.1111     34.8231         45          0.13234  
  65     39.776   0.47077     1.39776     11.1111     32.9897         45          0.11237  
  70     32.659   0.38518     1.32659      9.0909     31.3099         44          0.09630  
  75     26.288   0.37662     1.26288      8.8889     29.8063         45          0.08029  
  80     20.718   0.37662     1.20718      8.8889     28.4916         45          0.06414  
  85     14.844   0.19259     1.14844      4.5455     27.1053         44          0.05162  
  90     10.003   0.28246     1.10003      6.6667     25.9627         45          0.04038  
  95      5.176   0.18831     1.05176      4.4444     24.8235         45          0.02987  
 100      0.000   0.00000     1.00000      0.0000     23.6018         44          0.01800  
 
                                                                                               
 
 
Assessment Score Distribution

Data Role=TRAIN Target Variable=TargetBuy Target Label=' '

 Posterior     Number                     Mean
Probability      of      Number of     Posterior
   Range       Events    Nonevents    Probability    Percentage

 0.95-1.00        2           0         0.96242         0.2240 
 0.90-0.95        4           0         0.91232         0.4479 
 0.85-0.90        8           1         0.87346         1.0078 
 0.80-0.85        5           0         0.83565         0.5599 
 0.75-0.80        8           5         0.76655         1.4558 
 0.70-0.75        6           5         0.72744         1.2318 
 0.65-0.70       12           0         0.67559         1.3438 
 0.60-0.65        8          13         0.62105         2.3516 
 0.55-0.60       12           6         0.57355         2.0157 
 0.50-0.55        3           7         0.52320         1.1198 
 0.45-0.50       18          13         0.47235         3.4714 
 0.40-0.45       17          25         0.42235         4.7032 
 0.35-0.40       15          15         0.37030         3.3595 
 0.30-0.35       14          27         0.32278         4.5913 
 0.25-0.30       13          38         0.27595         5.7111 
 0.20-0.25       16          62         0.22570         8.7346 
 0.15-0.20       16          89         0.17362        11.7581 
 0.10-0.15       19         121         0.12494        15.6775 
 0.05-0.10       12         126         0.07699        15.4535 
 0.00-0.05        3         129         0.03003        14.7816 


Data Role=VALIDATE Target Variable=TargetBuy Target Label=' '

 Posterior     Number                     Mean
Probability      of      Number of     Posterior
   Range       Events    Nonevents    Probability    Percentage

 0.95-1.00        1           1         0.96523         0.2237 
 0.90-0.95        3           0         0.91616         0.3356 
 0.85-0.90        4           3         0.87473         0.7830 
 0.80-0.85        4           3         0.82549         0.7830 
 0.75-0.80       11           1         0.77345         1.3423 
 0.70-0.75        6           1         0.72614         0.7830 
 0.65-0.70        6           5         0.68196         1.2304 
 0.60-0.65        9           0         0.62188         1.0067 
 0.55-0.60        8           5         0.57325         1.4541 
 0.50-0.55       16           8         0.52886         2.6846 
 0.45-0.50        8           5         0.47488         1.4541 
 0.40-0.45        9          21         0.42184         3.3557 
 0.35-0.40       13          39         0.37044         5.8166 
 0.30-0.35       21          24         0.32690         5.0336 
 0.25-0.30       17          47         0.27204         7.1588 
 0.20-0.25       21          45         0.22395         7.3826 
 0.15-0.20       21          76         0.17320        10.8501 
 0.10-0.15       15         116         0.12568        14.6532 
 0.05-0.10       13         140         0.07323        17.1141 
 0.00-0.05        5         143         0.03125        16.5548 
