*------------------------------------------------------------*
* Score Log
Date:                May 09, 2018
Time:                14:53:57
*------------------------------------------------------------*
12215  proc transpose data=EMWS1.Reg3_EMESTIMATE out=WORK.TEMPREG;
12216  where _CHOSEN_ ne '' and _TYPE_='PARMS';
12217  run;

NOTE: There were 1 observations read from the data set EMWS1.REG3_EMESTIMATE.
      WHERE (_CHOSEN_ not = ' ') and (_TYPE_='PARMS');
NOTE: The data set WORK.TEMPREG has 281 observations and 3 variables.
NOTE: PROCEDURE TRANSPOSE used (Total process time):
      real time           0.04 seconds
      cpu time            0.04 seconds
      

12218  proc transpose data=EMWS1.Reg3_MAPDS out=WORK.TEMPREG2(rename=(TARGET=_TARGET_));
12219  var "AffluenceGrade"n--"TotalSpendTotalSpendTotalSpend"n;
12220  run;

WARNING: The variable TARGET in the DROP, KEEP, or RENAME list has never been referenced.
NOTE: There were 2 observations read from the data set EMWS1.REG3_MAPDS.
NOTE: The data set WORK.TEMPREG2 has 247 observations and 4 variables.
NOTE: PROCEDURE TRANSPOSE used (Total process time):
      real time           0.01 seconds
      cpu time            0.01 seconds
      

12221  proc sort data=WORK.TEMPREG NOTHREADS;
12222  by _NAME_;
12223  run;

NOTE: There were 281 observations read from the data set WORK.TEMPREG.
NOTE: The data set WORK.TEMPREG has 281 observations and 3 variables.
NOTE: PROCEDURE SORT used (Total process time):
      real time           0.01 seconds
      cpu time            0.01 seconds
      

12224  proc sort data=WORK.TEMPREG2 NOTHREADS;
12225  by _NAME_;
12226  run;

NOTE: There were 247 observations read from the data set WORK.TEMPREG2.
NOTE: The data set WORK.TEMPREG2 has 247 observations and 4 variables.
NOTE: PROCEDURE SORT used (Total process time):
      real time           0.01 seconds
      cpu time            0.01 seconds
      

12227  data WORK.TEMPREG3;
12228  merge WORK.TEMPREG(in=ina) WORK.TEMPREG2(in=inb);
12229  by _NAME_;
12230  if (ina and inb) and TargetBuy ne . then output;
12231  run;

NOTE: There were 281 observations read from the data set WORK.TEMPREG.
NOTE: There were 247 observations read from the data set WORK.TEMPREG2.
NOTE: The data set WORK.TEMPREG3 has 9 observations and 5 variables.
NOTE: DATA statement used (Total process time):
      real time           0.01 seconds
      cpu time            0.01 seconds
      

12232  data WORK.TEMPREG3(KEEP=TERM);
12233  length term $32;
12234  set WORK.TEMPREG3;
12235  i=1;
12236  do while( scan(input , i, '*') ne '' );
12237  term= scan(input , i, '*');
12238  i=i+1;
12239  output;
12240  end;
12241  run;

NOTE: There were 9 observations read from the data set WORK.TEMPREG3.
NOTE: The data set WORK.TEMPREG3 has 16 observations and 1 variables.
NOTE: DATA statement used (Total process time):
      real time           0.01 seconds
      cpu time            0.00 seconds
      

12242  proc sort data=WORK.TEMPREG3 nodupkey NOTHREADS;
12243  by TERM;
12244  run;

NOTE: There were 16 observations read from the data set WORK.TEMPREG3.
NOTE: 7 observations with duplicate key values were deleted.
NOTE: The data set WORK.TEMPREG3 has 9 observations and 1 variables.
NOTE: PROCEDURE SORT used (Total process time):
      real time           0.01 seconds
      cpu time            0.01 seconds
      

12245  filename emflow "D:\Nida\Data mining\datamining\BOGO\Workspaces\EMWS1\Reg3\EMFLOWSCORE.sas";
12246  *------------------------------------------------------------*;
12247  * Reg3: Scoring DATA data;
12248  *------------------------------------------------------------*;
12249  data EMWS1.Reg3_TRAIN
12250  / view=EMWS1.Reg3_TRAIN
12251  ;
12252  set EMWS1.Impt2_TRAIN
12253  ;
12254  %inc emflow;
12496  run;

NOTE: DATA STEP view saved on file EMWS1.REG3_TRAIN.
NOTE: A stored DATA STEP view cannot run under a different operating system.
NOTE: View EMWS1.IMPT2_TRAIN.VIEW used (Total process time):
      real time           0.06 seconds
      cpu time            0.06 seconds
      
NOTE: DATA statement used (Total process time):
      real time           0.06 seconds
      cpu time            0.06 seconds
      

12497  quit;
12498  filename emflow;
NOTE: Fileref EMFLOW has been deassigned.

12499  filename emflow "D:\Nida\Data mining\datamining\BOGO\Workspaces\EMWS1\Reg3\EMFLOWSCORE.sas";
12500  *------------------------------------------------------------*;
12501  * Reg3: Scoring VALIDATE data;
12502  *------------------------------------------------------------*;
12503  data EMWS1.Reg3_VALIDATE
12504  / view=EMWS1.Reg3_VALIDATE
12505  ;
12506  set EMWS1.Impt2_VALIDATE
12507  ;
12508  %inc emflow;
12750  run;

NOTE: DATA STEP view saved on file EMWS1.REG3_VALIDATE.
NOTE: A stored DATA STEP view cannot run under a different operating system.
NOTE: View EMWS1.IMPT2_VALIDATE.VIEW used (Total process time):
      real time           0.06 seconds
      cpu time            0.04 seconds
      
NOTE: DATA statement used (Total process time):
      real time           0.06 seconds
      cpu time            0.04 seconds
      

12751  quit;
12752  filename emflow;
NOTE: Fileref EMFLOW has been deassigned.

12753  *------------------------------------------------------------*;
12754  * Reg3: Computing metadata for TRAIN data;
12755  *------------------------------------------------------------*;

NOTE: View EMWS1.REG3_TRAIN.VIEW used (Total process time):
      real time           0.07 seconds
      cpu time            0.07 seconds
      
13125  data WORK.MODELTEMP_INFO;
13126  set EMWS1.Reg3_EMINFO;
13127  where DATA='Reg3' and KEY ^in('DECDATA', 'DECMETA', 'IMPORTANCE', 'MODEL');
13128  run;

NOTE: There were 0 observations read from the data set EMWS1.REG3_EMINFO.
      WHERE (DATA='Reg3') and KEY not in ('DECDATA', 'DECMETA', 'IMPORTANCE', 'MODEL');
NOTE: The data set WORK.MODELTEMP_INFO has 0 observations and 3 variables.
NOTE: DATA statement used (Total process time):
      real time           0.00 seconds
      cpu time            0.00 seconds
      

13129  data EMWS1.Reg3_EMINFO;
13130  length TARGET KEY $32 DATA $43;
13131  input TARGET KEY DATA $;
13132  cards;

NOTE: The data set EMWS1.REG3_EMINFO has 3 observations and 3 variables.
NOTE: DATA statement used (Total process time):
      real time           0.00 seconds
      cpu time            0.00 seconds
      

13136  run;
13137  data EMWS1.Reg3_EMINFO;
13138  set EMWS1.Reg3_EMINFO WORK.MODELTEMP_INFO;
13139  run;

NOTE: There were 3 observations read from the data set EMWS1.REG3_EMINFO.
NOTE: There were 0 observations read from the data set WORK.MODELTEMP_INFO.
NOTE: The data set EMWS1.REG3_EMINFO has 3 observations and 3 variables.
NOTE: DATA statement used (Total process time):
      real time           0.01 seconds
      cpu time            0.01 seconds
      

13140  proc sort data = EMWS1.Reg3_EMINFO NOTHREADS;
13141  by TARGET KEY;
13142  run;

NOTE: There were 3 observations read from the data set EMWS1.REG3_EMINFO.
NOTE: The data set EMWS1.REG3_EMINFO has 3 observations and 3 variables.
NOTE: PROCEDURE SORT used (Total process time):
      real time           0.01 seconds
      cpu time            0.01 seconds
      

13143  proc sort data = EMWS1.Ids2_EMINFO OUT=WORK.SORTEDEMINFO NOTHREADS;
13144  by TARGET KEY;
13145  run;

NOTE: There were 3 observations read from the data set EMWS1.IDS2_EMINFO.
NOTE: The data set WORK.SORTEDEMINFO has 3 observations and 3 variables.
NOTE: PROCEDURE SORT used (Total process time):
      real time           0.03 seconds
      cpu time            0.03 seconds
      

13146  proc sort data = EMWS1.Reg3_EMINFO OUT=WORK.TEMP_INFO NOTHREADS;
13147  by TARGET KEY;
13148  run;

NOTE: Input data set is already sorted; it has been copied to the output data set.
NOTE: There were 3 observations read from the data set EMWS1.REG3_EMINFO.
NOTE: The data set WORK.TEMP_INFO has 3 observations and 3 variables.
NOTE: PROCEDURE SORT used (Total process time):
      real time           0.01 seconds
      cpu time            0.01 seconds
      

13149  data EMWS1.Reg3_EMINFO;
13150  merge WORK.SORTEDEMINFO WORK.TEMP_INFO;
13151  by TARGET KEY;
13152  run;

NOTE: There were 3 observations read from the data set WORK.SORTEDEMINFO.
NOTE: There were 3 observations read from the data set WORK.TEMP_INFO.
NOTE: The data set EMWS1.REG3_EMINFO has 4 observations and 3 variables.
NOTE: DATA statement used (Total process time):
      real time           0.01 seconds
      cpu time            0.00 seconds
      

13153  proc datasets lib=work nolist;
13154  delete TEMP_INFO SORTEDEMINFO;
13155  run;

NOTE: Deleting WORK.TEMP_INFO (memtype=DATA).
NOTE: Deleting WORK.SORTEDEMINFO (memtype=DATA).
13156  quit;

NOTE: PROCEDURE DATASETS used (Total process time):
      real time           0.01 seconds
      cpu time            0.01 seconds
      

NOTE: View EMWS1.REG3_TRAIN.VIEW used (Total process time):
      real time           0.12 seconds
      cpu time            0.12 seconds
      
NOTE: View EMWS1.REG3_VALIDATE.VIEW used (Total process time):
      real time           0.09 seconds
      cpu time            0.09 seconds
      
