 
                                                                                                                                                                                                                                                                
 
 
Variable Summary

            Measurement    Frequency
Role           Level         Count

INPUT        BINARY            4    
INPUT        INTERVAL          9    
INPUT        NOMINAL           5    
REJECTED     INTERVAL          4    
REJECTED     NOMINAL           5    
TARGET       BINARY            1    
 
                                                                                                                                                                                                                                                                
 
 
Model Events

                                     Number
                      Measurement      of
 Target      Event       Level       Levels      Order       Label

TargetBuy      1        BINARY          2      Descending         
 
                                                                                                                                                                                                                                                                
 
 
Predicted and decision variables

Type           Variable              Label

TARGET       TargetBuy                             
PREDICTED    P_TargetBuy1    Predicted: TargetBuy=1
RESIDUAL     R_TargetBuy1    Residual: TargetBuy=1 
PREDICTED    P_TargetBuy0    Predicted: TargetBuy=0
RESIDUAL     R_TargetBuy0    Residual: TargetBuy=0 
FROM         F_TargetBuy     From: TargetBuy       
INTO         I_TargetBuy     Into: TargetBuy       
 
                                                                                                                                                                                                                                                                
 
 

The DMREG Procedure

                Model Information

Training Data Set              WORK.EM_DMREG.VIEW
DMDB Catalog                   WORK.REG3_DMDB    
Target Variable                TargetBuy         
Target Measurement Level       Ordinal           
Number of Target Categories    2                 
Error                          MBernoulli        
Link Function                  Logit             
Number of Model Parameters     248               
Number of Observations         893               


          Target Profile
 
 Ordered     Target         Total
   Value     Buy        Frequency

       1     1                211
       2     0                682




Stepwise Selection Procedure


Step 0: Intercept entered.
 
                                                                                                                                                                                                                                                                
 
 

The DMREG Procedure

Newton-Raphson Ridge Optimization

Without Parameter Scaling

Parameter Estimates               1

                                             Optimization Start

Active Constraints                                  0  Objective Function                       488.25352391
Max Abs Gradient Element                 8.221201E-14                                                       

                                            Optimization Results

Iterations                                          0  Function Calls                                      3
Hessian Calls                                       1  Active Constraints                                  0
Objective Function                       488.25352391  Max Abs Gradient Element                 8.221201E-14
Ridge                                               0  Actual Over Pred Change                             0

Convergence criterion (ABSGCONV=0.00001) satisfied.                                               


     Likelihood Ratio Test for Global Null Hypothesis: BETA=0
 
     -2 Log Likelihood          Likelihood
  Intercept     Intercept &          Ratio
       Only      Covariates     Chi-Square       DF     Pr > ChiSq

    976.507         976.507         0.0000        0          .    




                                                             Analysis of Maximum Likelihood Estimates
 
                                                                                                  Standard          Wald                  Standardized
Parameter                                                                       DF    Estimate       Error    Chi-Square    Pr > ChiSq        Estimate    Exp(Est)

Intercept                                                                        1     -1.1732      0.0788        221.79        <.0001                       0.309




Step 1: Effect REP_Age entered.
 
                                                                                                                                                                                                                                                                
 
 

The DMREG Procedure

Newton-Raphson Ridge Optimization

Without Parameter Scaling

Parameter Estimates               2

                                             Optimization Start

Active Constraints                                  0  Objective Function                       488.25352391
Max Abs Gradient Element                 39.614663759                                                       


                                                                                                        Ratio
                                                                                                      Between
                                                                                                       Actual
                                                                 Objective     Max Abs                    and
                     Function         Active        Objective     Function    Gradient              Predicted
Iter     Restarts       Calls    Constraints         Function       Change     Element     Ridge       Change

   1            0           2              0        463.85152      24.4020     12.0591         0        0.992
   2            0           3              0        463.36444       0.4871      0.2537         0        1.015
   3            0           4              0        463.36411     0.000327    0.000215         0        1.001

                                            Optimization Results

Iterations                                          3  Function Calls                                      6
Hessian Calls                                       4  Active Constraints                                  0
Objective Function                       463.36411163  Max Abs Gradient Element                 0.0002149199
Ridge                                               0  Actual Over Pred Change                  1.0006673964

Convergence criterion (GCONV=1E-6) satisfied.                                                     


     Likelihood Ratio Test for Global Null Hypothesis: BETA=0
 
     -2 Log Likelihood          Likelihood
  Intercept     Intercept &          Ratio
       Only      Covariates     Chi-Square       DF     Pr > ChiSq

    976.507         926.728        49.7788        1         <.0001


                                     Type 3 Analysis of Effects
 
                                                                                   Wald
Effect                                                                 DF    Chi-Square    Pr > ChiSq

REP_Age                                                                 1       46.5429        <.0001


                                                             Analysis of Maximum Likelihood Estimates
 
                                                                                                  Standard          Wald                  Standardized
Parameter                                                                       DF    Estimate       Error    Chi-Square    Pr > ChiSq        Estimate    Exp(Est)

Intercept                                                                        1      1.2070      0.3472         12.08        0.0005                       3.343
REP_Age                                                                          1     -0.0450     0.00659         46.54        <.0001         -0.3146       0.956


                   Odds Ratio Estimates
                             
                                                     Point
Effect                                            Estimate

REP_Age                                              0.956


Step 2: Effect REP_Gender entered.
 
                                                                                                                                                                                                                                                                
 
 

The DMREG Procedure

Newton-Raphson Ridge Optimization

Without Parameter Scaling

Parameter Estimates               3

                                             Optimization Start

Active Constraints                                  0  Objective Function                       488.25352391
Max Abs Gradient Element                 73.001119821                                                       


                                                                                                        Ratio
                                                                                                      Between
                                                                                                       Actual
                                                                 Objective     Max Abs                    and
                     Function         Active        Objective     Function    Gradient              Predicted
Iter     Restarts       Calls    Constraints         Function       Change     Element     Ridge       Change

   1            0           2              0        442.47535      45.7782     20.9278         0        1.012
   2            0           3              0        440.51253       1.9628      1.1218         0        1.047
   3            0           4              0        440.50008       0.0125     0.00876         0        1.006
   4            0           5              0        440.50008     1.013E-6    7.186E-7         0        1.000

                                            Optimization Results

Iterations                                          4  Function Calls                                      7
Hessian Calls                                       5  Active Constraints                                  0
Objective Function                       440.50007856  Max Abs Gradient Element                 7.1862176E-7
Ridge                                               0  Actual Over Pred Change                  1.0000560589

Convergence criterion (GCONV=1E-6) satisfied.                                                     


     Likelihood Ratio Test for Global Null Hypothesis: BETA=0
 
     -2 Log Likelihood          Likelihood
  Intercept     Intercept &          Ratio
       Only      Covariates     Chi-Square       DF     Pr > ChiSq

    976.507         881.000        95.5069        2         <.0001


                                     Type 3 Analysis of Effects
 
                                                                                   Wald
Effect                                                                 DF    Chi-Square    Pr > ChiSq

REP_Age                                                                 1       52.7895        <.0001
REP_Gender                                                              1       39.7161        <.0001


                                                             Analysis of Maximum Likelihood Estimates
 
                                                                                                  Standard          Wald                  Standardized
Parameter                                                                       DF    Estimate       Error    Chi-Square    Pr > ChiSq        Estimate    Exp(Est)

Intercept                                                                        1      1.1921      0.3564         11.19        0.0008                       3.294
REP_Age                                                                          1     -0.0493     0.00679         52.79        <.0001         -0.3451       0.952
REP_Gender                                                        F              1      0.6215      0.0986         39.72        <.0001                       1.862


                   Odds Ratio Estimates
                             
                                                     Point
Effect                                            Estimate

REP_Age                                              0.952
REP_Gender            F vs M                         3.466


Step 3: Effect AffluenceGrade*AffluenceGrade*NightRepairProducts entered.
 
                                                                                                                                                                                                                                                                
 
 

The DMREG Procedure

Newton-Raphson Ridge Optimization

Without Parameter Scaling

Parameter Estimates               4

                                             Optimization Start

Active Constraints                                  0  Objective Function                       488.25352391
Max Abs Gradient Element                 73.001119821                                                       


                                                                                                        Ratio
                                                                                                      Between
                                                                                                       Actual
                                                                 Objective     Max Abs                    and
                     Function         Active        Objective     Function    Gradient              Predicted
Iter     Restarts       Calls    Constraints         Function       Change     Element     Ridge       Change

   1            0           2              0        427.76593      60.4876     26.5602         0        1.036
   2            0           3              0        423.79018       3.9757      2.2917         0        1.075
   3            0           4              0        423.72572       0.0645      0.0442         0        1.014
   4            0           5              0        423.72569     0.000029    0.000020         0        1.000

                                            Optimization Results

Iterations                                          4  Function Calls                                      7
Hessian Calls                                       5  Active Constraints                                  0
Objective Function                        423.7256867  Max Abs Gradient Element                 0.0000200386
Ridge                                               0  Actual Over Pred Change                  1.0003076811

Convergence criterion (GCONV=1E-6) satisfied.                                                     


     Likelihood Ratio Test for Global Null Hypothesis: BETA=0
 
     -2 Log Likelihood          Likelihood
  Intercept     Intercept &          Ratio
       Only      Covariates     Chi-Square       DF     Pr > ChiSq

    976.507         847.451       129.0557        3         <.0001


                                     Type 3 Analysis of Effects
 
                                                                                   Wald
Effect                                                                 DF    Chi-Square    Pr > ChiSq

REP_Age                                                                 1       65.0402        <.0001
REP_Gender                                                              1       46.8734        <.0001
AffluenceGrade*AffluenceGrade*NightRepairProducts                       1       34.3672        <.0001


                                                             Analysis of Maximum Likelihood Estimates
 
                                                                                                  Standard          Wald                  Standardized
Parameter                                                                       DF    Estimate       Error    Chi-Square    Pr > ChiSq        Estimate    Exp(Est)

Intercept                                                                        1      1.1828      0.3637         10.58        0.0011                       3.263
REP_Age                                                                          1     -0.0587     0.00727         65.04        <.0001         -0.4103       0.943
REP_Gender                                                        F              1      0.7085      0.1035         46.87        <.0001                       2.031
AffluenceGrade*AffluenceGrade*NightRepairProducts                                1     0.00745     0.00127         34.37        <.0001                       1.007


                   Odds Ratio Estimates
                             
                                                     Point
Effect                                            Estimate

REP_Age                                              0.943
REP_Gender            F vs M                         4.125


Step 4: Effect REP_Age*REP_Age entered.
 
                                                                                                                                                                                                                                                                
 
 

The DMREG Procedure

Newton-Raphson Ridge Optimization

Without Parameter Scaling

Parameter Estimates               5

                                             Optimization Start

Active Constraints                                  0  Objective Function                       488.25352391
Max Abs Gradient Element                 73.001119821                                                       


                                                                                                        Ratio
                                                                                                      Between
                                                                                                       Actual
                                                                 Objective     Max Abs                    and
                     Function         Active        Objective     Function    Gradient              Predicted
Iter     Restarts       Calls    Constraints         Function       Change     Element     Ridge       Change

   1            0           2              0        410.95470      77.2988     28.1741         0        0.960
   2            0           3              0        406.04875       4.9060      2.2068         0        1.067
   3            0           4              0        405.96579       0.0830      0.0536         0        1.017
   4            0           5              0        405.96573     0.000056    0.000037         0        1.000

                                            Optimization Results

Iterations                                          4  Function Calls                                      7
Hessian Calls                                       5  Active Constraints                                  0
Objective Function                       405.96573374  Max Abs Gradient Element                 0.0000369225
Ridge                                               0  Actual Over Pred Change                  1.0004656943

Convergence criterion (GCONV=1E-6) satisfied.                                                     


     Likelihood Ratio Test for Global Null Hypothesis: BETA=0
 
     -2 Log Likelihood          Likelihood
  Intercept     Intercept &          Ratio
       Only      Covariates     Chi-Square       DF     Pr > ChiSq

    976.507         811.931       164.5756        4         <.0001


                                     Type 3 Analysis of Effects
 
                                                                                   Wald
Effect                                                                 DF    Chi-Square    Pr > ChiSq

REP_Age                                                                 1       47.1873        <.0001
REP_Gender                                                              1       44.8242        <.0001
REP_Age*REP_Age                                                         1       34.8447        <.0001
AffluenceGrade*AffluenceGrade*NightRepairProducts                       1       35.2606        <.0001


                                                             Analysis of Maximum Likelihood Estimates
 
                                                                                                  Standard          Wald                  Standardized
Parameter                                                                       DF    Estimate       Error    Chi-Square    Pr > ChiSq        Estimate    Exp(Est)

Intercept                                                                        1      8.4834      1.3255         40.96        <.0001                     999.000
REP_Age                                                                          1     -0.3549      0.0517         47.19        <.0001         -2.4820       0.701
REP_Gender                                                        F              1      0.7276      0.1087         44.82        <.0001                       2.070
REP_Age*REP_Age                                                                  1     0.00281    0.000477         34.84        <.0001                       1.003
AffluenceGrade*AffluenceGrade*NightRepairProducts                                1     0.00759     0.00128         35.26        <.0001                       1.008


                   Odds Ratio Estimates
                             
                                                     Point
Effect                                            Estimate

REP_Gender            F vs M                         4.285


Step 5: Effect CleanserProducts*CleanserProducts*DayCareProducts entered.
 
                                                                                                                                                                                                                                                                
 
 

The DMREG Procedure

Newton-Raphson Ridge Optimization

Without Parameter Scaling

Parameter Estimates               6

                                             Optimization Start

Active Constraints                                  0  Objective Function                       488.25352391
Max Abs Gradient Element                 73.001119821                                                       


                                                                                                        Ratio
                                                                                                      Between
                                                                                                       Actual
                                                                 Objective     Max Abs                    and
                     Function         Active        Objective     Function    Gradient              Predicted
Iter     Restarts       Calls    Constraints         Function       Change     Element     Ridge       Change

   1            0           2              0        403.16058      85.0929     30.6415         0        0.962
   2            0           3              0        397.58913       5.5714      2.5819         0        1.074
   3            0           4              0        397.47941       0.1097      0.0708         0        1.020
   4            0           5              0        397.47932     0.000098    0.000065         0        1.001

                                            Optimization Results

Iterations                                          4  Function Calls                                      7
Hessian Calls                                       5  Active Constraints                                  0
Objective Function                       397.47931554  Max Abs Gradient Element                 0.0000647269
Ridge                                               0  Actual Over Pred Change                  1.0006218847

Convergence criterion (GCONV=1E-6) satisfied.                                                     


     Likelihood Ratio Test for Global Null Hypothesis: BETA=0
 
     -2 Log Likelihood          Likelihood
  Intercept     Intercept &          Ratio
       Only      Covariates     Chi-Square       DF     Pr > ChiSq

    976.507         794.959       181.5484        5         <.0001


                                     Type 3 Analysis of Effects
 
                                                                                   Wald
Effect                                                                 DF    Chi-Square    Pr > ChiSq

REP_Age                                                                 1       47.3312        <.0001
REP_Gender                                                              1       45.5441        <.0001
REP_Age*REP_Age                                                         1       35.1264        <.0001
AffluenceGrade*AffluenceGrade*NightRepairProducts                       1       29.0193        <.0001
CleanserProducts*CleanserProducts*DayCareProducts                       1       17.3410        <.0001


                                                             Analysis of Maximum Likelihood Estimates
 
                                                                                                  Standard          Wald                  Standardized
Parameter                                                                       DF    Estimate       Error    Chi-Square    Pr > ChiSq        Estimate    Exp(Est)

Intercept                                                                        1      8.3862      1.3395         39.19        <.0001                     999.000
REP_Age                                                                          1     -0.3601      0.0523         47.33        <.0001         -2.5182       0.698
REP_Gender                                                        F              1      0.7429      0.1101         45.54        <.0001                       2.102
REP_Age*REP_Age                                                                  1     0.00287    0.000484         35.13        <.0001                       1.003
AffluenceGrade*AffluenceGrade*NightRepairProducts                                1     0.00702     0.00130         29.02        <.0001                       1.007
CleanserProducts*CleanserProducts*DayCareProducts                                1      0.0270     0.00649         17.34        <.0001                       1.027


                   Odds Ratio Estimates
                             
                                                     Point
Effect                                            Estimate

REP_Gender            F vs M                         4.418


Step 6: Effect PreviousCampaign entered.
 
                                                                                                                                                                                                                                                                
 
 

The DMREG Procedure

Newton-Raphson Ridge Optimization

Without Parameter Scaling

Parameter Estimates               7

                                             Optimization Start

Active Constraints                                  0  Objective Function                       488.25352391
Max Abs Gradient Element                 73.001119821                                                       


                                                                                                        Ratio
                                                                                                      Between
                                                                                                       Actual
                                                                 Objective     Max Abs                    and
                     Function         Active        Objective     Function    Gradient              Predicted
Iter     Restarts       Calls    Constraints         Function       Change     Element     Ridge       Change

   1            0           2              0        398.90505      89.3485     31.6737         0        0.967
   2            0           3              0        392.88454       6.0205      2.8812         0        1.079
   3            0           4              0        392.75345       0.1311      0.0840         0        1.021
   4            0           5              0        392.75331     0.000137    0.000090         0        1.001

                                            Optimization Results

Iterations                                          4  Function Calls                                      7
Hessian Calls                                       5  Active Constraints                                  0
Objective Function                       392.75330844  Max Abs Gradient Element                 0.0000900479
Ridge                                               0  Actual Over Pred Change                  1.0007333877

Convergence criterion (GCONV=1E-6) satisfied.                                                     


     Likelihood Ratio Test for Global Null Hypothesis: BETA=0
 
     -2 Log Likelihood          Likelihood
  Intercept     Intercept &          Ratio
       Only      Covariates     Chi-Square       DF     Pr > ChiSq

    976.507         785.507       191.0004        6         <.0001


                                     Type 3 Analysis of Effects
 
                                                                                   Wald
Effect                                                                 DF    Chi-Square    Pr > ChiSq

PreviousCampaign                                                        1        9.3227        0.0023
REP_Age                                                                 1       47.7309        <.0001
REP_Gender                                                              1       43.9920        <.0001
REP_Age*REP_Age                                                         1       35.3800        <.0001
AffluenceGrade*AffluenceGrade*NightRepairProducts                       1       30.5609        <.0001
CleanserProducts*CleanserProducts*DayCareProducts                       1       16.9138        <.0001


                                                             Analysis of Maximum Likelihood Estimates
 
                                                                                                  Standard          Wald                  Standardized
Parameter                                                                       DF    Estimate       Error    Chi-Square    Pr > ChiSq        Estimate    Exp(Est)

Intercept                                                                        1      8.4849      1.3479         39.63        <.0001                     999.000
PreviousCampaign                                                  0              1     -0.2751      0.0901          9.32        0.0023                       0.759
REP_Age                                                                          1     -0.3631      0.0526         47.73        <.0001         -2.5398       0.695
REP_Gender                                                        F              1      0.7332      0.1105         43.99        <.0001                       2.082
REP_Age*REP_Age                                                                  1     0.00288    0.000485         35.38        <.0001                       1.003
AffluenceGrade*AffluenceGrade*NightRepairProducts                                1     0.00728     0.00132         30.56        <.0001                       1.007
CleanserProducts*CleanserProducts*DayCareProducts                                1      0.0269     0.00654         16.91        <.0001                       1.027


                   Odds Ratio Estimates
                             
                                                     Point
Effect                                            Estimate

PreviousCampaign      0 vs 1                         0.577
REP_Gender            F vs M                         4.333


Step 7: Effect TotalSpend*TotalSpend*TotalSpend entered.
 
                                                                                                                                                                                                                                                                
 
 

The DMREG Procedure

Newton-Raphson Ridge Optimization

Without Parameter Scaling

Parameter Estimates               8

                                             Optimization Start

Active Constraints                                  0  Objective Function                       488.25352391
Max Abs Gradient Element                 73.001119821                                                       


                                                                                                        Ratio
                                                                                                      Between
                                                                                                       Actual
                                                                 Objective     Max Abs                    and
                     Function         Active        Objective     Function    Gradient              Predicted
Iter     Restarts       Calls    Constraints         Function       Change     Element     Ridge       Change

   1            0           2              0        395.86224      92.3913     32.6380         0        0.975
   2            0           3              0        389.04509       6.8172      3.2972         0        1.088
   3            0           4              0        388.86723       0.1779      0.1122         0        1.024
   4            0           5              0        388.86698     0.000249    0.000162         0        1.001

                                            Optimization Results

Iterations                                          4  Function Calls                                      7
Hessian Calls                                       5  Active Constraints                                  0
Objective Function                       388.86698464  Max Abs Gradient Element                 0.0001621491
Ridge                                               0  Actual Over Pred Change                  1.0009819981

Convergence criterion (GCONV=1E-6) satisfied.                                                     


     Likelihood Ratio Test for Global Null Hypothesis: BETA=0
 
     -2 Log Likelihood          Likelihood
  Intercept     Intercept &          Ratio
       Only      Covariates     Chi-Square       DF     Pr > ChiSq

    976.507         777.734       198.7731        7         <.0001


                                     Type 3 Analysis of Effects
 
                                                                                   Wald
Effect                                                                 DF    Chi-Square    Pr > ChiSq

PreviousCampaign                                                        1        9.4601        0.0021
REP_Age                                                                 1       49.8697        <.0001
REP_Gender                                                              1       43.1175        <.0001
REP_Age*REP_Age                                                         1       37.7881        <.0001
AffluenceGrade*AffluenceGrade*NightRepairProducts                       1       30.8061        <.0001
CleanserProducts*CleanserProducts*DayCareProducts                       1       17.9132        <.0001
TotalSpend*TotalSpend*TotalSpend                                        1        7.0479        0.0079


                                                             Analysis of Maximum Likelihood Estimates
 
                                                                                                  Standard          Wald                  Standardized
Parameter                                                                       DF    Estimate       Error    Chi-Square    Pr > ChiSq        Estimate    Exp(Est)

Intercept                                                                        1      8.8443      1.3605         42.26        <.0001                     999.000
PreviousCampaign                                                  0              1     -0.2787      0.0906          9.46        0.0021                       0.757
REP_Age                                                                          1     -0.3743      0.0530         49.87        <.0001         -2.6178       0.688
REP_Gender                                                        F              1      0.7299      0.1112         43.12        <.0001                       2.075
REP_Age*REP_Age                                                                  1     0.00301    0.000490         37.79        <.0001                       1.003
AffluenceGrade*AffluenceGrade*NightRepairProducts                                1     0.00733     0.00132         30.81        <.0001                       1.007
CleanserProducts*CleanserProducts*DayCareProducts                                1      0.0279     0.00660         17.91        <.0001                       1.028
TotalSpend*TotalSpend*TotalSpend                                                 1    -806E-14    3.04E-12          7.05        0.0079                       1.000


                   Odds Ratio Estimates
                             
                                                     Point
Effect                                            Estimate

PreviousCampaign      0 vs 1                         0.573
REP_Gender            F vs M                         4.305


Step 8: Effect MobileApplications entered.
 
                                                                                                                                                                                                                                                                
 
 

The DMREG Procedure

Newton-Raphson Ridge Optimization

Without Parameter Scaling

Parameter Estimates               9

                                             Optimization Start

Active Constraints                                  0  Objective Function                       488.25352391
Max Abs Gradient Element                 73.001119821                                                       


                                                                                                        Ratio
                                                                                                      Between
                                                                                                       Actual
                                                                 Objective     Max Abs                    and
                     Function         Active        Objective     Function    Gradient              Predicted
Iter     Restarts       Calls    Constraints         Function       Change     Element     Ridge       Change

   1            0           2              0        393.26381      94.9897     32.8426         0        0.973
   2            0           3              0        386.36574       6.8981      3.3579         0        1.089
   3            0           4              0        386.18361       0.1821      0.1146         0        1.025
   4            0           5              0        386.18335     0.000261    0.000169         0        1.001

                                            Optimization Results

Iterations                                          4  Function Calls                                      7
Hessian Calls                                       5  Active Constraints                                  0
Objective Function                        386.1833533  Max Abs Gradient Element                 0.0001690363
Ridge                                               0  Actual Over Pred Change                  1.0010051693

Convergence criterion (GCONV=1E-6) satisfied.                                                     


     Likelihood Ratio Test for Global Null Hypothesis: BETA=0
 
     -2 Log Likelihood          Likelihood
  Intercept     Intercept &          Ratio
       Only      Covariates     Chi-Square       DF     Pr > ChiSq

    976.507         772.367       204.1403        8         <.0001


                                     Type 3 Analysis of Effects
 
                                                                                   Wald
Effect                                                                 DF    Chi-Square    Pr > ChiSq

MobileApplications                                                      1        5.3243        0.0210
PreviousCampaign                                                        1       10.7343        0.0011
REP_Age                                                                 1       49.8531        <.0001
REP_Gender                                                              1       41.1862        <.0001
REP_Age*REP_Age                                                         1       37.6013        <.0001
AffluenceGrade*AffluenceGrade*NightRepairProducts                       1       30.7663        <.0001
CleanserProducts*CleanserProducts*DayCareProducts                       1       18.0043        <.0001
TotalSpend*TotalSpend*TotalSpend                                        1        6.9683        0.0083


                                                             Analysis of Maximum Likelihood Estimates
 
                                                                                                  Standard          Wald                  Standardized
Parameter                                                                       DF    Estimate       Error    Chi-Square    Pr > ChiSq        Estimate    Exp(Est)

Intercept                                                                        1      8.9680      1.3723         42.70        <.0001                     999.000
MobileApplications                                                0              1     -0.2106      0.0913          5.32        0.0210                       0.810
PreviousCampaign                                                  0              1     -0.2999      0.0915         10.73        0.0011                       0.741
REP_Age                                                                          1     -0.3777      0.0535         49.85        <.0001         -2.6413       0.685
REP_Gender                                                        F              1      0.7153      0.1115         41.19        <.0001                       2.045
REP_Age*REP_Age                                                                  1     0.00303    0.000494         37.60        <.0001                       1.003
AffluenceGrade*AffluenceGrade*NightRepairProducts                                1     0.00735     0.00133         30.77        <.0001                       1.007
CleanserProducts*CleanserProducts*DayCareProducts                                1      0.0281     0.00663         18.00        <.0001                       1.029
TotalSpend*TotalSpend*TotalSpend                                                 1    -805E-14    3.05E-12          6.97        0.0083                       1.000


                   Odds Ratio Estimates
                             
                                                     Point
Effect                                            Estimate

MobileApplications    0 vs 1                         0.656
PreviousCampaign      0 vs 1                         0.549
REP_Gender            F vs M                         4.182


Step 9: Effect AffluenceGrade entered.
 
                                                                                                                                                                                                                                                                
 
 

The DMREG Procedure

Newton-Raphson Ridge Optimization

Without Parameter Scaling

Parameter Estimates              10

                                             Optimization Start

Active Constraints                                  0  Objective Function                       488.25352391
Max Abs Gradient Element                 73.001119821                                                       


                                                                                                        Ratio
                                                                                                      Between
                                                                                                       Actual
                                                                 Objective     Max Abs                    and
                     Function         Active        Objective     Function    Gradient              Predicted
Iter     Restarts       Calls    Constraints         Function       Change     Element     Ridge       Change

   1            0           2              0        391.89268      96.3608     33.4554         0        0.977
   2            0           3              0        384.46701       7.4257      3.6248         0        1.095
   3            0           4              0        384.24287       0.2241      0.1420         0        1.028
   4            0           5              0        384.24246     0.000405    0.000268         0        1.001
   5            0           6              0        384.24246     1.475E-9    9.75E-10         0        1.001

                                            Optimization Results

Iterations                                          5  Function Calls                                      8
Hessian Calls                                       6  Active Constraints                                  0
Objective Function                       384.24246489  Max Abs Gradient Element                 9.751054E-10
Ridge                                               0  Actual Over Pred Change                  1.0005162202

Convergence criterion (GCONV=1E-6) satisfied.                                                     


     Likelihood Ratio Test for Global Null Hypothesis: BETA=0
 
     -2 Log Likelihood          Likelihood
  Intercept     Intercept &          Ratio
       Only      Covariates     Chi-Square       DF     Pr > ChiSq

    976.507         768.485       208.0221        9         <.0001


                                     Type 3 Analysis of Effects
 
                                                                                   Wald
Effect                                                                 DF    Chi-Square    Pr > ChiSq

AffluenceGrade                                                          1        3.8776        0.0489
MobileApplications                                                      1        4.9729        0.0257
PreviousCampaign                                                        1       10.1185        0.0015
REP_Age                                                                 1       52.6258        <.0001
REP_Gender                                                              1       43.6734        <.0001
REP_Age*REP_Age                                                         1       39.8248        <.0001
AffluenceGrade*AffluenceGrade*NightRepairProducts                       1       16.2165        <.0001
CleanserProducts*CleanserProducts*DayCareProducts                       1       17.7115        <.0001
TotalSpend*TotalSpend*TotalSpend                                        1        6.4097        0.0113


                                                             Analysis of Maximum Likelihood Estimates
 
                                                                                                  Standard          Wald                  Standardized
Parameter                                                                       DF    Estimate       Error    Chi-Square    Pr > ChiSq        Estimate    Exp(Est)

Intercept                                                                        1      8.8220      1.3724         41.32        <.0001                     999.000
AffluenceGrade                                                                   1      0.0939      0.0477          3.88        0.0489          0.1234       1.098
MobileApplications                                                0              1     -0.2039      0.0914          4.97        0.0257                       0.816
PreviousCampaign                                                  0              1     -0.2919      0.0918         10.12        0.0015                       0.747
REP_Age                                                                          1     -0.3942      0.0543         52.63        <.0001         -2.7570       0.674
REP_Gender                                                        F              1      0.7583      0.1148         43.67        <.0001                       2.135
REP_Age*REP_Age                                                                  1     0.00315    0.000500         39.82        <.0001                       1.003
AffluenceGrade*AffluenceGrade*NightRepairProducts                                1     0.00595     0.00148         16.22        <.0001                       1.006
CleanserProducts*CleanserProducts*DayCareProducts                                1      0.0280     0.00666         17.71        <.0001                       1.028
TotalSpend*TotalSpend*TotalSpend                                                 1    -772E-14    3.05E-12          6.41        0.0113                       1.000


                   Odds Ratio Estimates
                             
                                                     Point
Effect                                            Estimate

MobileApplications    0 vs 1                         0.665
PreviousCampaign      0 vs 1                         0.558
REP_Gender            F vs M                         4.557


NOTE: No (additional) effects met the 0.05 significance level for entry into the model.


                                              Summary of Stepwise Selection
 
                                 Effect                                  Number         Score          Wald
    Step    Entered                                                DF        In    Chi-Square    Chi-Square    Pr > ChiSq

       1    REP_Age                                                 1         1       49.2127                      <.0001
       2    REP_Gender                                              1         2       42.4246                      <.0001
       3    AffluenceGrade*AffluenceGrade*NightRepairProducts       1         3       36.8381                      <.0001
       4    REP_Age*REP_Age                                         1         4       37.4765                      <.0001
       5    CleanserProducts*CleanserProducts*DayCareProducts       1         5       18.0643                      <.0001
       6    PreviousCampaign                                        1         6        9.4321                      0.0021
       7    TotalSpend*TotalSpend*TotalSpend                        1         7        7.2170                      0.0072
       8    MobileApplications                                      1         8        5.3600                      0.0206
       9    AffluenceGrade                                          1         9        3.9031                      0.0482


The selected model is the model trained in the last step (Step 9). It consists of the following effects:

Intercept  AffluenceGrade  MobileApplications  PreviousCampaign  REP_Age  REP_Gender  REP_Age*REP_Age  AffluenceGrade*AffluenceGrade*NightRepairProducts  CleanserProducts*CleanserProducts*DayCareProducts  TotalSpend*TotalSpend*TotalSpend  


     Likelihood Ratio Test for Global Null Hypothesis: BETA=0
 
     -2 Log Likelihood          Likelihood
  Intercept     Intercept &          Ratio
       Only      Covariates     Chi-Square       DF     Pr > ChiSq

    976.507         768.485       208.0221        9         <.0001


                                     Type 3 Analysis of Effects
 
                                                                                   Wald
Effect                                                                 DF    Chi-Square    Pr > ChiSq

AffluenceGrade                                                          1        3.8776        0.0489
MobileApplications                                                      1        4.9729        0.0257
PreviousCampaign                                                        1       10.1185        0.0015
REP_Age                                                                 1       52.6258        <.0001
REP_Gender                                                              1       43.6734        <.0001
REP_Age*REP_Age                                                         1       39.8248        <.0001
AffluenceGrade*AffluenceGrade*NightRepairProducts                       1       16.2165        <.0001
CleanserProducts*CleanserProducts*DayCareProducts                       1       17.7115        <.0001
TotalSpend*TotalSpend*TotalSpend                                        1        6.4097        0.0113


                                                             Analysis of Maximum Likelihood Estimates
 
                                                                                                  Standard          Wald                  Standardized
Parameter                                                                       DF    Estimate       Error    Chi-Square    Pr > ChiSq        Estimate    Exp(Est)

Intercept                                                                        1      8.8220      1.3724         41.32        <.0001                     999.000
AffluenceGrade                                                                   1      0.0939      0.0477          3.88        0.0489          0.1234       1.098
MobileApplications                                                0              1     -0.2039      0.0914          4.97        0.0257                       0.816
PreviousCampaign                                                  0              1     -0.2919      0.0918         10.12        0.0015                       0.747
REP_Age                                                                          1     -0.3942      0.0543         52.63        <.0001         -2.7570       0.674
REP_Gender                                                        F              1      0.7583      0.1148         43.67        <.0001                       2.135
REP_Age*REP_Age                                                                  1     0.00315    0.000500         39.82        <.0001                       1.003
AffluenceGrade*AffluenceGrade*NightRepairProducts                                1     0.00595     0.00148         16.22        <.0001                       1.006
CleanserProducts*CleanserProducts*DayCareProducts                                1      0.0280     0.00666         17.71        <.0001                       1.028
TotalSpend*TotalSpend*TotalSpend                                                 1    -772E-14    3.05E-12          6.41        0.0113                       1.000


                   Odds Ratio Estimates
                             
                                                     Point
Effect                                            Estimate

MobileApplications    0 vs 1                         0.665
PreviousCampaign      0 vs 1                         0.558
REP_Gender            F vs M                         4.557
