*------------------------------------------------------------*
* Training Log
Date:                May 09, 2018
Time:                14:56:37
*------------------------------------------------------------*
11405  proc freq data=EMWS1.Reg5_VariableSet noprint;
11406  table ROLE*LEVEL/out=WORK.Reg5META;
11407  run;

NOTE: There were 28 observations read from the data set EMWS1.REG5_VARIABLESET.
NOTE: The data set WORK.REG5META has 6 observations and 4 variables.
NOTE: PROCEDURE FREQ used (Total process time):
      real time           0.06 seconds
      cpu time            0.06 seconds
      

11408  proc print data=WORK.Reg5META label noobs;
11409  var ROLE LEVEL COUNT;
11410  label ROLE = "%sysfunc(sasmsg(sashelp.dmine, meta_role_vlabel, NOQUOTE))" LEVEL = "%sysfunc(sasmsg(sashelp.dmine, meta_level_vlabel, NOQUOTE))" COUNT = "%sysfunc(sasmsg(sashelp.dmine, rpt_count_vlabel, NOQUOTE))";
11411  title9 ' ';
11412  title10 "%sysfunc(sasmsg(sashelp.dmine, rpt_varSummary_title  , NOQUOTE))";
11413  run;

NOTE: There were 6 observations read from the data set WORK.REG5META.
NOTE: The PROCEDURE PRINT printed page 1.
NOTE: PROCEDURE PRINT used (Total process time):
      real time           0.03 seconds
      cpu time            0.03 seconds
      

11414  title10;

11415  %let EMNORLEN = %DMNORLEN;
EMWS1.Impt4_TRAIN EMWS1.Impt4_TRAIN 
EMWS1.Impt4_TRAIN EMWS1.Impt4_TRAIN EMWS1 Impt4_TRAIN 
EMWS1.Impt4_TRAIN EMWS1.Impt4_TRAIN 
EMWS1.Impt4_TRAIN EMWS1.Impt4_TRAIN EMWS1 Impt4_TRAIN 
Executing  SASHELP.EMCORE.EMINFOITERATOR.SCL _INIT >> 
Executing  SASHELP.EMCORE.EMINFOITERATOR.SCL setMetaData >> 
Executing  SASHELP.EMCORE.EMINFOITERATOR.SCL next >> 
Executing  SASHELP.EMCORE.EMINFOITERATOR.SCL next >> 
Executing  SASHELP.EMCORE.EMINFOITERATOR.SCL setMetaData >> 
Executing  SASHELP.EMCORE.EMINFOITERATOR.SCL next >> 
Executing  SASHELP.EMCORE.EMINFOITERATOR.SCL next >> 
Executing  SASHELP.EMCORE.EMINFOITERATOR.SCL _term >> 
11444  data WORK.Reg5_EVENT(KEEP=VARIABLE LABEL LEVEL EVENT NUMLEVELS ORDER);
11445  length ORDER $20;
11446  label VARIABLE = "%sysfunc(sasmsg(sashelp.dmine, rpt_target_vlabel,  NOQUOTE))" EVENT = "%sysfunc(sasmsg(sashelp.dmine, assmt_event_vlabel, NOQUOTE))" NUMLEVELS = "%sysfunc(sasmsg(sashelp.dmine, rpt_numcat_vlabel, NOQUOTE))" LEVEL =
11447     "%sysfunc(sasmsg(sashelp.dmine, meta_level_vlabel, NOQUOTE))" ORDER = "%sysfunc(sasmsg(sashelp.dmine, meta_order_vlabel, NOQUOTE))" LABEL = "%sysfunc(sasmsg(sashelp.dmine, meta_label_vlabel, NOQUOTE))";
11448  set EMWS1.IDS2_TARGETBUY_DM( where=(_TYPE_="TARGET"));
11449  NumLevels=2;
11450  select(upcase(ORDER));
11451  when('DESC') ORDER = 'Descending';
11452  when('ASC') ORDER = 'Ascending';
11453  when('FMTDESC') ORDER = 'Formatted Descending';
11454  when('FMTASC') ORDER = 'Formatted Ascending';
11455  otherwise ORDER = 'Descending';
11456  end;
11457  output;
11458  run;

NOTE: There were 1 observations read from the data set EMWS1.IDS2_TARGETBUY_DM.
      WHERE _TYPE_='TARGET';
NOTE: The data set WORK.REG5_EVENT has 1 observations and 6 variables.
NOTE: DATA statement used (Total process time):
      real time           0.04 seconds
      cpu time            0.04 seconds
      

11459  title9 ' ';
11460  proc print data=WORK.Reg5_EVENT noobs label;
11461  var VARIABLE EVENT LEVEL NUMLEVELS ORDER LABEL;
11462  title9 ' ';
11463  title10 "%sysfunc(sasmsg(sashelp.dmine, rpt_modelEvent_title  , NOQUOTE))";
11464  run;

NOTE: There were 1 observations read from the data set WORK.REG5_EVENT.
NOTE: The PROCEDURE PRINT printed page 2.
NOTE: PROCEDURE PRINT used (Total process time):
      real time           0.01 seconds
      cpu time            0.01 seconds
      

11465  title10;

"No decisions defined for target "TargetBuy"." 
11466  proc print data = EMWS1.Ids2_TargetBuy_DM noobs label;
11467  var _type_ variable label;
11468  where _type_ ^in('MATRIX', 'DECISION', 'TRAINPRIOR', 'DATAPRIOR', 'DECPRIOR');
11469  label _TYPE_ = "%sysfunc(sasmsg(sashelp.dmine, rpt_type_vlabel,     NOQUOTE))" VARIABLE = "%sysfunc(sasmsg(sashelp.dmine, rpt_variable_vlabel, NOQUOTE))" LABEL = "%sysfunc(sasmsg(sashelp.dmine, meta_label_vlabel, NOQUOTE))";
11470  title9 ' ';
11471  title10 "%sysfunc(sasmsg(sashelp.dmine, rpt_predDecVars_title  , NOQUOTE))";
11472  run;

NOTE: There were 7 observations read from the data set EMWS1.IDS2_TARGETBUY_DM.
      WHERE _type_ not in ('DATAPRIOR', 'DECISION', 'DECPRIOR', 'MATRIX', 'TRAINPRIOR');
NOTE: The PROCEDURE PRINT printed page 3.
NOTE: PROCEDURE PRINT used (Total process time):
      real time           0.03 seconds
      cpu time            0.03 seconds
      

11473  title10;

11483  data WORK.M1PDZGQW;
11484  set WORK.M1PDZGQW end=eof;
11485  output;
11486  if eof then do;
11487  NAME="";
11488  ROLE="COST";
11489  LEVEL="INTERVAL";
11490  TYPE="N";
11491  output;
11492  end;
11493  run;

NOTE: There were 19 observations read from the data set WORK.M1PDZGQW.
NOTE: The data set WORK.M1PDZGQW has 20 observations and 21 variables.
NOTE: DATA statement used (Total process time):
      real time           0.01 seconds
      cpu time            0.01 seconds
      

11494  *------------------------------------------------------------*;
11495  * Reg5: Create effect data set;
11496  *------------------------------------------------------------*;
11497  data WORK.Reg5_EFFECT;
11498  length ORDER 8 variable $32;
11499  ORDER=1;
11500  VARIABLE="AffluenceGrade";
11501  output;
11502  ORDER=2;
11503  VARIABLE="CampaignViewedEmail";
11504  output;
11505  ORDER=3;
11506  VARIABLE="CleanserProducts";
11507  output;
11508  ORDER=4;
11509  VARIABLE="DayCareProducts";
11510  output;
11511  ORDER=5;
11512  VARIABLE="FacebookLike";
11513  output;
11514  ORDER=6;
11515  VARIABLE="LotionProducts";
11516  output;
11517  ORDER=7;
11518  VARIABLE="LoyaltyClass";
11519  output;
11520  ORDER=8;
11521  VARIABLE="MobileApplications";
11522  output;
11523  ORDER=9;
11524  VARIABLE="NightRepairProducts";
11525  output;
11526  ORDER=10;
11527  VARIABLE="PreviousCampaign";
11528  output;
11529  ORDER=11;
11530  VARIABLE="REP_AdvertisementZone";
11531  output;
11532  ORDER=12;
11533  VARIABLE="REP_Age";
11534  output;
11535  ORDER=13;
11536  VARIABLE="REP_ClusterGroup";
11537  output;
11538  ORDER=14;
11539  VARIABLE="REP_Gender";
11540  output;
11541  ORDER=15;
11542  VARIABLE="REP_LoyaltyTime";
11543  output;
11544  ORDER=16;
11545  VARIABLE="REP_Region";
11546  output;
11547  ORDER=17;
11548  VARIABLE="TimeSinceLastPurchase";
11549  output;
11550  ORDER=18;
11551  VARIABLE="TotalSpend";
11552  output;
11553  ;
11554  run;

NOTE: The data set WORK.REG5_EFFECT has 18 observations and 2 variables.
NOTE: DATA statement used (Total process time):
      real time           0.07 seconds
      cpu time            0.07 seconds
      

11555  data _temp1;
11556  length VAR1 $32;
11557  VAR1 = " ";
11558  output;
11559  VAR1 = "AffluenceGrade";
11560  output;
11561  VAR1 = "CleanserProducts";
11562  output;
11563  VAR1 = "DayCareProducts";
11564  output;
11565  VAR1 = "LotionProducts";
11566  output;
11567  VAR1 = "NightRepairProducts";
11568  output;
11569  VAR1 = "REP_Age";
11570  output;
11571  VAR1 = "REP_LoyaltyTime";
11572  output;
11573  VAR1 = "TimeSinceLastPurchase";
11574  output;
11575  VAR1 = "TotalSpend";
11576  output;

NOTE: The data set WORK._TEMP1 has 10 observations and 1 variables.
NOTE: DATA statement used (Total process time):
      real time           0.01 seconds
      cpu time            0.01 seconds
      

11577  data _temp2(rename=(var1=var2));
11578  set _temp1;
11579  run;

NOTE: There were 10 observations read from the data set WORK._TEMP1.
NOTE: The data set WORK._TEMP2 has 10 observations and 1 variables.
NOTE: DATA statement used (Total process time):
      real time           0.01 seconds
      cpu time            0.01 seconds
      

11580  data _temp3(rename=(var1=var3));
11581  set _temp1;
11582  run;

NOTE: There were 10 observations read from the data set WORK._TEMP1.
NOTE: The data set WORK._TEMP3 has 10 observations and 1 variables.
NOTE: DATA statement used (Total process time):
      real time           0.01 seconds
      cpu time            0.01 seconds
      

11583  proc sql;
11584  create table _tempPoly as select
11585  VAR1,
11586  VAR2,
11587  VAR3 from
11588  _temp1,
11589  _temp2,
11590  _temp3;
NOTE: The execution of this query involves performing one or more Cartesian product joins that can not be optimized.
NOTE: Table WORK._TEMPPOLY created, with 1000 rows and 3 columns.

11591  quit;
NOTE: PROCEDURE SQL used (Total process time):
      real time           0.03 seconds
      cpu time            0.03 seconds
      

11592  data _tempPoly;
11593  set _tempPoly;
11594  keep id Variable;
11595  array VAR VAR1-VAR3;
11596  id = _N_;
11597  do i=1 to 3;
11598  variable = VAR{i};
11599  output;
11600  end;
11601  run;

NOTE: There were 1000 observations read from the data set WORK._TEMPPOLY.
NOTE: The data set WORK._TEMPPOLY has 3000 observations and 2 variables.
NOTE: DATA statement used (Total process time):
      real time           0.01 seconds
      cpu time            0.01 seconds
      

11602  proc sort data=_tempPoly;
11603  by id variable;
11604  run;

NOTE: There were 3000 observations read from the data set WORK._TEMPPOLY.
NOTE: The data set WORK._TEMPPOLY has 3000 observations and 2 variables.
NOTE: PROCEDURE SORT used (Total process time):
      real time           0.01 seconds
      cpu time            0.01 seconds
      

11605  data _tempPoly2;
11606  keep factor id;
11607  length factor $200;
11608  retain factor;
11609  set _tempPoly;
11610  by id;
11611  if first.id then factor= variable;
11612  else factor = strip(factor)!!' '!!variable;
11613  if last.id then output;
11614  run;

NOTE: There were 3000 observations read from the data set WORK._TEMPPOLY.
NOTE: The data set WORK._TEMPPOLY2 has 1000 observations and 2 variables.
NOTE: DATA statement used (Total process time):
      real time           0.01 seconds
      cpu time            0.01 seconds
      

11615  proc sort data=_tempPoly2 nodupkey;
11616  by factor;
11617  run;

NOTE: There were 1000 observations read from the data set WORK._TEMPPOLY2.
NOTE: 780 observations with duplicate key values were deleted.
NOTE: The data set WORK._TEMPPOLY2 has 220 observations and 2 variables.
NOTE: PROCEDURE SORT used (Total process time):
      real time           0.01 seconds
      cpu time            0.01 seconds
      

11618  proc sort data=_tempPoly2;
11619  by id;
11620  run;

NOTE: There were 220 observations read from the data set WORK._TEMPPOLY2.
NOTE: The data set WORK._TEMPPOLY2 has 220 observations and 2 variables.
NOTE: PROCEDURE SORT used (Total process time):
      real time           0.01 seconds
      cpu time            0.01 seconds
      

11621  data _tempPoly;
11622  merge _tempPoly _tempPoly2(keep=id in=a);
11623  by id;
11624  if a then output;
11625  run;

NOTE: There were 3000 observations read from the data set WORK._TEMPPOLY.
NOTE: There were 220 observations read from the data set WORK._TEMPPOLY2.
NOTE: The data set WORK._TEMPPOLY has 660 observations and 2 variables.
NOTE: DATA statement used (Total process time):
      real time           0.01 seconds
      cpu time            0.01 seconds
      

11626  data _tempPoly;
11627  retain order 19;
11628  set _tempPoly;
11629  if first.id then order = order+1;
11630  by id;
11631  run;

NOTE: There were 660 observations read from the data set WORK._TEMPPOLY.
NOTE: The data set WORK._TEMPPOLY has 660 observations and 3 variables.
NOTE: DATA statement used (Total process time):
      real time           0.01 seconds
      cpu time            0.01 seconds
      

11632  proc append data=_tempPoly(drop=id) base=WORK.Reg5_EFFECT;
11633  run;

NOTE: Appending WORK._TEMPPOLY to WORK.REG5_EFFECT.
NOTE: There were 660 observations read from the data set WORK._TEMPPOLY.
NOTE: 660 observations added.
NOTE: The data set WORK.REG5_EFFECT has 678 observations and 2 variables.
NOTE: PROCEDURE APPEND used (Total process time):
      real time           0.01 seconds
      cpu time            0.01 seconds
      

11634  proc datasets lib=work nolist;
11635  delete _tempPoly _tempPoly
11636  _temp1
11637  _temp2
11638  _temp3
11639  ;
11640  run;

NOTE: The file WORK._TEMPPOLY (memtype=DATA) was not found, but appears on a DELETE statement.
NOTE: Deleting WORK._TEMPPOLY (memtype=DATA).
NOTE: Deleting WORK._TEMP1 (memtype=DATA).
NOTE: Deleting WORK._TEMP2 (memtype=DATA).
NOTE: Deleting WORK._TEMP3 (memtype=DATA).
11641  *------------------------------------------------------------*;
11642  * Reg5: Prepare equation data set;
11643  *------------------------------------------------------------*;

NOTE: PROCEDURE DATASETS used (Total process time):
      real time           0.01 seconds
      cpu time            0.01 seconds
      

11644  data WORK.Reg5_EQUATION;
11645  set
11646  WORK.Reg5_EFFECT
11647  ;
11648  run;

NOTE: There were 678 observations read from the data set WORK.REG5_EFFECT.
NOTE: The data set WORK.REG5_EQUATION has 678 observations and 2 variables.
NOTE: DATA statement used (Total process time):
      real time           0.01 seconds
      cpu time            0.01 seconds
      

11649  proc sort data=WORK.Reg5_EQUATION out=WORK.Reg5_CLASS(rename=(VARIABLE=NAME)) nodupkey;
11650  by VARIABLE;
11651  run;

NOTE: There were 678 observations read from the data set WORK.REG5_EQUATION.
NOTE: 659 observations with duplicate key values were deleted.
NOTE: The data set WORK.REG5_CLASS has 19 observations and 2 variables.
NOTE: PROCEDURE SORT used (Total process time):
      real time           0.01 seconds
      cpu time            0.01 seconds
      

11652  proc sort data=WORK.Reg5_EQUATION;
11653  by ORDER VARIABLE;
11654  run;

NOTE: There were 678 observations read from the data set WORK.REG5_EQUATION.
NOTE: The data set WORK.REG5_EQUATION has 678 observations and 2 variables.
NOTE: PROCEDURE SORT used (Total process time):
      real time           0.01 seconds
      cpu time            0.01 seconds
      

11655  data WORK.Reg5_EQUATION(keep=order term);
11656  length term $350;
11657  retain term '';
11658  set WORK.Reg5_EQUATION end=eof;
11659  by order;
11660  if first.order then do;
11661  term = variable;
11662  end;
11663  else do;
11664  if variable ne '' then do;
11665  if term ne '' then term = trim(term)!!'*'!!variable;
11666  else term = variable;
11667  end;
11668  end;
11669  if last.order then output;
11670  run;

NOTE: There were 678 observations read from the data set WORK.REG5_EQUATION.
NOTE: The data set WORK.REG5_EQUATION has 238 observations and 2 variables.
NOTE: DATA statement used (Total process time):
      real time           0.01 seconds
      cpu time            0.01 seconds
      

11671  proc sort data=WORK.Reg5_EQUATION nodupkey;
11672  by term;
11673  run;

NOTE: There were 238 observations read from the data set WORK.REG5_EQUATION.
NOTE: 9 observations with duplicate key values were deleted.
NOTE: The data set WORK.REG5_EQUATION has 229 observations and 2 variables.
NOTE: PROCEDURE SORT used (Total process time):
      real time           0.01 seconds
      cpu time            0.01 seconds
      

11674  proc sort data=WORK.Reg5_EQUATION;
11675  by order;
11676  run;

NOTE: There were 229 observations read from the data set WORK.REG5_EQUATION.
NOTE: The data set WORK.REG5_EQUATION has 229 observations and 2 variables.
NOTE: PROCEDURE SORT used (Total process time):
      real time           0.01 seconds
      cpu time            0.01 seconds
      

11677  data WORK.Reg5_CLASS;
11678  merge WORK.Reg5_CLASS(in=_a) WORK.METASET3WLPFQG(in=_b KEEP=NAME);
11679  if _a and _b then output;
11680  run;

NOTE: There were 19 observations read from the data set WORK.REG5_CLASS.
NOTE: There were 9 observations read from the data set WORK.METASET3WLPFQG.
NOTE: The data set WORK.REG5_CLASS has 9 observations and 2 variables.
NOTE: DATA statement used (Total process time):
      real time           0.01 seconds
      cpu time            0.01 seconds
      

NOTE: There were 2 observations read from the data set EMWS1.IDS2_TARGETBUY_DD.
NOTE: The data set WORK.TARGETBUY has 2 observations and 7 variables.
NOTE: There were 2 observations read from the data set EMWS1.IDS2_TARGETBUY_DD.
NOTE: The data set WORK.TARGETBUY has 2 observations and 7 variables.
11681  *------------------------------------------------------------*;
11682  * Reg5: Create decision matrix;
11683  *------------------------------------------------------------*;
11684  data WORK.TargetBuy;
11685    length   TargetBuy                        $  32
11686             COUNT                                8
11687             DATAPRIOR                            8
11688             TRAINPRIOR                           8
11689             DECPRIOR                             8
11690             DECISION1                            8
11691             DECISION2                            8
11692             ;
11693  
11694    label    COUNT="Level Counts"
11695             DATAPRIOR="Data Proportions"
11696             TRAINPRIOR="Training Proportions"
11697             DECPRIOR="Decision Priors"
11698             DECISION1="1"
11699             DECISION2="0"
11700             ;
11701    format   COUNT 10.
11702             ;
11703  TargetBuy="1"; COUNT=5799; DATAPRIOR=0.2521304347826; TRAINPRIOR=0.2521304347826; DECPRIOR=.; DECISION1=1; DECISION2=0;
11704  output;
11705  TargetBuy="0"; COUNT=17201; DATAPRIOR=0.74786956521739; TRAINPRIOR=0.74786956521739; DECPRIOR=.; DECISION1=0; DECISION2=1;
11706  output;
11707  ;
11708  run;

NOTE: The data set WORK.TARGETBUY has 2 observations and 7 variables.
NOTE: DATA statement used (Total process time):
      real time           0.04 seconds
      cpu time            0.01 seconds
      

11709  proc datasets lib=work nolist;
11710  modify TargetBuy(type=PROFIT label=TargetBuy);
11711  label DECISION1= '1';
11712  label DECISION2= '0';
11713  run;

NOTE: MODIFY was successful for WORK.TARGETBUY.DATA.
11714  quit;

NOTE: PROCEDURE DATASETS used (Total process time):
      real time           0.01 seconds
      cpu time            0.01 seconds
      

11715  data EM_DMREG / view=EM_DMREG;
11716  set EMWS1.Impt4_TRAIN(keep=
11717  AffluenceGrade CampaignViewedEmail CleanserProducts DayCareProducts
11718  FacebookLike LotionProducts LoyaltyClass MobileApplications NightRepairProducts
11719  PreviousCampaign REP_AdvertisementZone REP_Age REP_ClusterGroup REP_Gender
11720  REP_LoyaltyTime REP_Region TargetBuy TimeSinceLastPurchase TotalSpend );
11721  run;

NOTE: DATA STEP view saved on file WORK.EM_DMREG.
NOTE: A stored DATA STEP view cannot run under a different operating system.
NOTE: View EMWS1.IMPT4_TRAIN.VIEW used (Total process time):
      real time           0.06 seconds
      cpu time            0.06 seconds
      
NOTE: DATA statement used (Total process time):
      real time           0.07 seconds
      cpu time            0.07 seconds
      

11722  *------------------------------------------------------------* ;
11723  * Reg5: DMDBClass Macro ;
11724  *------------------------------------------------------------* ;
11725  %macro DMDBClass;
11726      CampaignViewedEmail(ASC) FacebookLike(ASC) LoyaltyClass(ASC)
11727     MobileApplications(ASC) PreviousCampaign(ASC) REP_AdvertisementZone(ASC)
11728     REP_ClusterGroup(ASC) REP_Gender(ASC) REP_Region(ASC) TargetBuy(DESC)
11729  %mend DMDBClass;
11730  *------------------------------------------------------------* ;
11731  * Reg5: DMDBVar Macro ;
11732  *------------------------------------------------------------* ;
11733  %macro DMDBVar;
11734      AffluenceGrade CleanserProducts DayCareProducts LotionProducts
11735     NightRepairProducts REP_Age REP_LoyaltyTime TimeSinceLastPurchase TotalSpend
11736  %mend DMDBVar;
11737  *------------------------------------------------------------*;
11738  * Reg5: Create DMDB;
11739  *------------------------------------------------------------*;
11740  proc dmdb batch data=WORK.EM_DMREG
11741  dmdbcat=WORK.Reg5_DMDB
11742  maxlevel = 513
11743  ;
11744  class %DMDBClass;
11745  var %DMDBVar;
11746  target
11747  TargetBuy
11748  ;
11749  run;

NOTE: Records processed = 1972   Memory used = 511K.
NOTE: There were 1972 observations read from the data set EMWS1.PART5_TRAIN.
NOTE: View WORK.EM_DMREG.VIEW used (Total process time):
      real time           0.15 seconds
      cpu time            0.10 seconds
      
NOTE: There were 1972 observations read from the data set EMWS1.IMPT4_TRAIN.
NOTE: There were 1972 observations read from the data set WORK.EM_DMREG.
NOTE: PROCEDURE DMDB used (Total process time):
      real time           0.17 seconds
      cpu time            0.12 seconds
      

11750  quit;
11751  *--- end code ---*;

11752  *------------------------------------------------------------*;
11753  * Reg5: Run DMREG procedure;
11754  *------------------------------------------------------------*;
11755  proc dmreg data=EM_DMREG dmdbcat=WORK.Reg5_DMDB
11756  validata = EMWS1.Impt4_VALIDATE
11757  outest = EMWS1.Reg5_EMESTIMATE
11758  outterms = EMWS1.Reg5_OUTTERMS
11759  outmap= EMWS1.Reg5_MAPDS namelen=200
11760  ;
11761  class
11762  TargetBuy
11763  CampaignViewedEmail
11764  FacebookLike
11765  LoyaltyClass
11766  MobileApplications
11767  PreviousCampaign
11768  REP_AdvertisementZone
11769  REP_ClusterGroup
11770  REP_Gender
11771  REP_Region
11772  ;
11773  model TargetBuy =
11774  AffluenceGrade
11775  CampaignViewedEmail
11776  CleanserProducts
11777  DayCareProducts
11778  FacebookLike
11779  LotionProducts
11780  LoyaltyClass
11781  MobileApplications
11782  NightRepairProducts
11783  PreviousCampaign
11784  REP_AdvertisementZone
11785  REP_Age
11786  REP_ClusterGroup
11787  REP_Gender
11788  REP_LoyaltyTime
11789  REP_Region
11790  TimeSinceLastPurchase
11791  TotalSpend
11792  AffluenceGrade*AffluenceGrade
11793  AffluenceGrade*CleanserProducts
11794  AffluenceGrade*DayCareProducts
11795  AffluenceGrade*LotionProducts
11796  AffluenceGrade*NightRepairProducts
11797  AffluenceGrade*REP_Age
11798  AffluenceGrade*REP_LoyaltyTime
11799  AffluenceGrade*TimeSinceLastPurchase
11800  AffluenceGrade*TotalSpend
11801  CleanserProducts*CleanserProducts
11802  CleanserProducts*DayCareProducts
11803  CleanserProducts*LotionProducts
11804  CleanserProducts*NightRepairProducts
11805  CleanserProducts*REP_Age
11806  CleanserProducts*REP_LoyaltyTime
11807  CleanserProducts*TimeSinceLastPurchase
11808  CleanserProducts*TotalSpend
11809  DayCareProducts*DayCareProducts
11810  DayCareProducts*LotionProducts
11811  DayCareProducts*NightRepairProducts
11812  DayCareProducts*REP_Age
11813  DayCareProducts*REP_LoyaltyTime
11814  DayCareProducts*TimeSinceLastPurchase
11815  DayCareProducts*TotalSpend
11816  LotionProducts*LotionProducts
11817  LotionProducts*NightRepairProducts
11818  LotionProducts*REP_Age
11819  LotionProducts*REP_LoyaltyTime
11820  LotionProducts*TimeSinceLastPurchase
11821  LotionProducts*TotalSpend
11822  NightRepairProducts*NightRepairProducts
11823  NightRepairProducts*REP_Age
11824  NightRepairProducts*REP_LoyaltyTime
11825  NightRepairProducts*TimeSinceLastPurchase
11826  NightRepairProducts*TotalSpend
11827  REP_Age*REP_Age
11828  REP_Age*REP_LoyaltyTime
11829  REP_Age*TimeSinceLastPurchase
11830  REP_Age*TotalSpend
11831  REP_LoyaltyTime*REP_LoyaltyTime
11832  REP_LoyaltyTime*TimeSinceLastPurchase
11833  REP_LoyaltyTime*TotalSpend
11834  TimeSinceLastPurchase*TimeSinceLastPurchase
11835  TimeSinceLastPurchase*TotalSpend
11836  TotalSpend*TotalSpend
11837  AffluenceGrade*AffluenceGrade*AffluenceGrade
11838  AffluenceGrade*AffluenceGrade*CleanserProducts
11839  AffluenceGrade*AffluenceGrade*DayCareProducts
11840  AffluenceGrade*AffluenceGrade*LotionProducts
11841  AffluenceGrade*AffluenceGrade*NightRepairProducts
11842  AffluenceGrade*AffluenceGrade*REP_Age
11843  AffluenceGrade*AffluenceGrade*REP_LoyaltyTime
11844  AffluenceGrade*AffluenceGrade*TimeSinceLastPurchase
11845  AffluenceGrade*AffluenceGrade*TotalSpend
11846  AffluenceGrade*CleanserProducts*CleanserProducts
11847  AffluenceGrade*CleanserProducts*DayCareProducts
11848  AffluenceGrade*CleanserProducts*LotionProducts
11849  AffluenceGrade*CleanserProducts*NightRepairProducts
11850  AffluenceGrade*CleanserProducts*REP_Age
11851  AffluenceGrade*CleanserProducts*REP_LoyaltyTime
11852  AffluenceGrade*CleanserProducts*TimeSinceLastPurchase
11853  AffluenceGrade*CleanserProducts*TotalSpend
11854  AffluenceGrade*DayCareProducts*DayCareProducts
11855  AffluenceGrade*DayCareProducts*LotionProducts
11856  AffluenceGrade*DayCareProducts*NightRepairProducts
11857  AffluenceGrade*DayCareProducts*REP_Age
11858  AffluenceGrade*DayCareProducts*REP_LoyaltyTime
11859  AffluenceGrade*DayCareProducts*TimeSinceLastPurchase
11860  AffluenceGrade*DayCareProducts*TotalSpend
11861  AffluenceGrade*LotionProducts*LotionProducts
11862  AffluenceGrade*LotionProducts*NightRepairProducts
11863  AffluenceGrade*LotionProducts*REP_Age
11864  AffluenceGrade*LotionProducts*REP_LoyaltyTime
11865  AffluenceGrade*LotionProducts*TimeSinceLastPurchase
11866  AffluenceGrade*LotionProducts*TotalSpend
11867  AffluenceGrade*NightRepairProducts*NightRepairProducts
11868  AffluenceGrade*NightRepairProducts*REP_Age
11869  AffluenceGrade*NightRepairProducts*REP_LoyaltyTime
11870  AffluenceGrade*NightRepairProducts*TimeSinceLastPurchase
11871  AffluenceGrade*NightRepairProducts*TotalSpend
11872  AffluenceGrade*REP_Age*REP_Age
11873  AffluenceGrade*REP_Age*REP_LoyaltyTime
11874  AffluenceGrade*REP_Age*TimeSinceLastPurchase
11875  AffluenceGrade*REP_Age*TotalSpend
11876  AffluenceGrade*REP_LoyaltyTime*REP_LoyaltyTime
11877  AffluenceGrade*REP_LoyaltyTime*TimeSinceLastPurchase
11878  AffluenceGrade*REP_LoyaltyTime*TotalSpend
11879  AffluenceGrade*TimeSinceLastPurchase*TimeSinceLastPurchase
11880  AffluenceGrade*TimeSinceLastPurchase*TotalSpend
11881  AffluenceGrade*TotalSpend*TotalSpend
11882  CleanserProducts*CleanserProducts*CleanserProducts
11883  CleanserProducts*CleanserProducts*DayCareProducts
11884  CleanserProducts*CleanserProducts*LotionProducts
11885  CleanserProducts*CleanserProducts*NightRepairProducts
11886  CleanserProducts*CleanserProducts*REP_Age
11887  CleanserProducts*CleanserProducts*REP_LoyaltyTime
11888  CleanserProducts*CleanserProducts*TimeSinceLastPurchase
11889  CleanserProducts*CleanserProducts*TotalSpend
11890  CleanserProducts*DayCareProducts*DayCareProducts
11891  CleanserProducts*DayCareProducts*LotionProducts
11892  CleanserProducts*DayCareProducts*NightRepairProducts
11893  CleanserProducts*DayCareProducts*REP_Age
11894  CleanserProducts*DayCareProducts*REP_LoyaltyTime
11895  CleanserProducts*DayCareProducts*TimeSinceLastPurchase
11896  CleanserProducts*DayCareProducts*TotalSpend
11897  CleanserProducts*LotionProducts*LotionProducts
11898  CleanserProducts*LotionProducts*NightRepairProducts
11899  CleanserProducts*LotionProducts*REP_Age
11900  CleanserProducts*LotionProducts*REP_LoyaltyTime
11901  CleanserProducts*LotionProducts*TimeSinceLastPurchase
11902  CleanserProducts*LotionProducts*TotalSpend
11903  CleanserProducts*NightRepairProducts*NightRepairProducts
11904  CleanserProducts*NightRepairProducts*REP_Age
11905  CleanserProducts*NightRepairProducts*REP_LoyaltyTime
11906  CleanserProducts*NightRepairProducts*TimeSinceLastPurchase
11907  CleanserProducts*NightRepairProducts*TotalSpend
11908  CleanserProducts*REP_Age*REP_Age
11909  CleanserProducts*REP_Age*REP_LoyaltyTime
11910  CleanserProducts*REP_Age*TimeSinceLastPurchase
11911  CleanserProducts*REP_Age*TotalSpend
11912  CleanserProducts*REP_LoyaltyTime*REP_LoyaltyTime
11913  CleanserProducts*REP_LoyaltyTime*TimeSinceLastPurchase
11914  CleanserProducts*REP_LoyaltyTime*TotalSpend
11915  CleanserProducts*TimeSinceLastPurchase*TimeSinceLastPurchase
11916  CleanserProducts*TimeSinceLastPurchase*TotalSpend
11917  CleanserProducts*TotalSpend*TotalSpend
11918  DayCareProducts*DayCareProducts*DayCareProducts
11919  DayCareProducts*DayCareProducts*LotionProducts
11920  DayCareProducts*DayCareProducts*NightRepairProducts
11921  DayCareProducts*DayCareProducts*REP_Age
11922  DayCareProducts*DayCareProducts*REP_LoyaltyTime
11923  DayCareProducts*DayCareProducts*TimeSinceLastPurchase
11924  DayCareProducts*DayCareProducts*TotalSpend
11925  DayCareProducts*LotionProducts*LotionProducts
11926  DayCareProducts*LotionProducts*NightRepairProducts
11927  DayCareProducts*LotionProducts*REP_Age
11928  DayCareProducts*LotionProducts*REP_LoyaltyTime
11929  DayCareProducts*LotionProducts*TimeSinceLastPurchase
11930  DayCareProducts*LotionProducts*TotalSpend
11931  DayCareProducts*NightRepairProducts*NightRepairProducts
11932  DayCareProducts*NightRepairProducts*REP_Age
11933  DayCareProducts*NightRepairProducts*REP_LoyaltyTime
11934  DayCareProducts*NightRepairProducts*TimeSinceLastPurchase
11935  DayCareProducts*NightRepairProducts*TotalSpend
11936  DayCareProducts*REP_Age*REP_Age
11937  DayCareProducts*REP_Age*REP_LoyaltyTime
11938  DayCareProducts*REP_Age*TimeSinceLastPurchase
11939  DayCareProducts*REP_Age*TotalSpend
11940  DayCareProducts*REP_LoyaltyTime*REP_LoyaltyTime
11941  DayCareProducts*REP_LoyaltyTime*TimeSinceLastPurchase
11942  DayCareProducts*REP_LoyaltyTime*TotalSpend
11943  DayCareProducts*TimeSinceLastPurchase*TimeSinceLastPurchase
11944  DayCareProducts*TimeSinceLastPurchase*TotalSpend
11945  DayCareProducts*TotalSpend*TotalSpend
11946  LotionProducts*LotionProducts*LotionProducts
11947  LotionProducts*LotionProducts*NightRepairProducts
11948  LotionProducts*LotionProducts*REP_Age
11949  LotionProducts*LotionProducts*REP_LoyaltyTime
11950  LotionProducts*LotionProducts*TimeSinceLastPurchase
11951  LotionProducts*LotionProducts*TotalSpend
11952  LotionProducts*NightRepairProducts*NightRepairProducts
11953  LotionProducts*NightRepairProducts*REP_Age
11954  LotionProducts*NightRepairProducts*REP_LoyaltyTime
11955  LotionProducts*NightRepairProducts*TimeSinceLastPurchase
11956  LotionProducts*NightRepairProducts*TotalSpend
11957  LotionProducts*REP_Age*REP_Age
11958  LotionProducts*REP_Age*REP_LoyaltyTime
11959  LotionProducts*REP_Age*TimeSinceLastPurchase
11960  LotionProducts*REP_Age*TotalSpend
11961  LotionProducts*REP_LoyaltyTime*REP_LoyaltyTime
11962  LotionProducts*REP_LoyaltyTime*TimeSinceLastPurchase
11963  LotionProducts*REP_LoyaltyTime*TotalSpend
11964  LotionProducts*TimeSinceLastPurchase*TimeSinceLastPurchase
11965  LotionProducts*TimeSinceLastPurchase*TotalSpend
11966  LotionProducts*TotalSpend*TotalSpend
11967  NightRepairProducts*NightRepairProducts*NightRepairProducts
11968  NightRepairProducts*NightRepairProducts*REP_Age
11969  NightRepairProducts*NightRepairProducts*REP_LoyaltyTime
11970  NightRepairProducts*NightRepairProducts*TimeSinceLastPurchase
11971  NightRepairProducts*NightRepairProducts*TotalSpend
11972  NightRepairProducts*REP_Age*REP_Age
11973  NightRepairProducts*REP_Age*REP_LoyaltyTime
11974  NightRepairProducts*REP_Age*TimeSinceLastPurchase
11975  NightRepairProducts*REP_Age*TotalSpend
11976  NightRepairProducts*REP_LoyaltyTime*REP_LoyaltyTime
11977  NightRepairProducts*REP_LoyaltyTime*TimeSinceLastPurchase
11978  NightRepairProducts*REP_LoyaltyTime*TotalSpend
11979  NightRepairProducts*TimeSinceLastPurchase*TimeSinceLastPurchase
11980  NightRepairProducts*TimeSinceLastPurchase*TotalSpend
11981  NightRepairProducts*TotalSpend*TotalSpend
11982  REP_Age*REP_Age*REP_Age
11983  REP_Age*REP_Age*REP_LoyaltyTime
11984  REP_Age*REP_Age*TimeSinceLastPurchase
11985  REP_Age*REP_Age*TotalSpend
11986  REP_Age*REP_LoyaltyTime*REP_LoyaltyTime
11987  REP_Age*REP_LoyaltyTime*TimeSinceLastPurchase
11988  REP_Age*REP_LoyaltyTime*TotalSpend
11989  REP_Age*TimeSinceLastPurchase*TimeSinceLastPurchase
11990  REP_Age*TimeSinceLastPurchase*TotalSpend
11991  REP_Age*TotalSpend*TotalSpend
11992  REP_LoyaltyTime*REP_LoyaltyTime*REP_LoyaltyTime
11993  REP_LoyaltyTime*REP_LoyaltyTime*TimeSinceLastPurchase
11994  REP_LoyaltyTime*REP_LoyaltyTime*TotalSpend
11995  REP_LoyaltyTime*TimeSinceLastPurchase*TimeSinceLastPurchase
11996  REP_LoyaltyTime*TimeSinceLastPurchase*TotalSpend
11997  REP_LoyaltyTime*TotalSpend*TotalSpend
11998  TimeSinceLastPurchase*TimeSinceLastPurchase*TimeSinceLastPurchase
11999  TimeSinceLastPurchase*TimeSinceLastPurchase*TotalSpend
12000  TimeSinceLastPurchase*TotalSpend*TotalSpend
12001  TotalSpend*TotalSpend*TotalSpend
12002  /error=binomial link=LOGIT
12003  coding=DEVIATION
12004  nodesignprint
12005  selection=STEPWISE choose=VMISC
12006  Hierarchy=CLASS
12007  Rule=NONE
12008  SlEntry=0.02
12009  SlStay=0.05
12010  Start=0
12011  Stop=0
12012  include=0
12013  MaxStep=20
12014  ;
12015  ;
12016  code file="D:\Nida\Data mining\datamining\BOGO\Workspaces\EMWS1\Reg5\EMPUBLISHSCORE.sas"
12017  group=Reg5
12018  ;
12019  code file="D:\Nida\Data mining\datamining\BOGO\Workspaces\EMWS1\Reg5\EMFLOWSCORE.sas"
12020  group=Reg5
12021  residual
12022  ;
12023  run;

NOTE: STOP= ignored.
NOTE: Variable AffluenceGradeAffluenceGradeREP_ already exists on file EMWS1.REG5_MAPDS, using AffluenceGradeAffluenceGradeREP2 instead.
NOTE: Variable AffluenceGradeCleanserProductsRE already exists on file EMWS1.REG5_MAPDS, using AffluenceGradeCleanserProductsR2 instead.
NOTE: Variable AffluenceGradeDayCareProductsREP already exists on file EMWS1.REG5_MAPDS, using AffluenceGradeDayCareProductsRE2 instead.
NOTE: Variable AffluenceGradeLotionProductsREP_ already exists on file EMWS1.REG5_MAPDS, using AffluenceGradeLotionProductsREP2 instead.
NOTE: Variable AffluenceGradeNightRepairProducR already exists on file EMWS1.REG5_MAPDS, using AffluenceGradeNightRepairProduc2 instead.
NOTE: Variable AffluenceGradeNightRepairProducT already exists on file EMWS1.REG5_MAPDS, using AffluenceGradeNightRepairProduc3 instead.
NOTE: Variable AffluenceGradeNightRepairProducT already exists on file EMWS1.REG5_MAPDS, using AffluenceGradeNightRepairProduc4 instead.
NOTE: Variable AffluenceGradeTimeSinceLastPurcT already exists on file EMWS1.REG5_MAPDS, using AffluenceGradeTimeSinceLastPurc2 instead.
NOTE: Variable CleanserProductsCleanserProductR already exists on file EMWS1.REG5_MAPDS, using CleanserProductsCleanserProduct2 instead.
NOTE: Variable CleanserProductsCleanserProductT already exists on file EMWS1.REG5_MAPDS, using CleanserProductsCleanserProduct3 instead.
NOTE: Variable CleanserProductsDayCareProductsR already exists on file EMWS1.REG5_MAPDS, using CleanserProductsDayCareProducts2 instead.
NOTE: Variable CleanserProductsDayCareProductsT already exists on file EMWS1.REG5_MAPDS, using CleanserProductsDayCareProducts3 instead.
NOTE: Variable CleanserProductsLotionProductsRE already exists on file EMWS1.REG5_MAPDS, using CleanserProductsLotionProductsR2 instead.
NOTE: Variable CleanserProductsNightRepairProdR already exists on file EMWS1.REG5_MAPDS, using CleanserProductsNightRepairProd2 instead.
NOTE: Variable CleanserProductsNightRepairProdT already exists on file EMWS1.REG5_MAPDS, using CleanserProductsNightRepairProd3 instead.
NOTE: Variable CleanserProductsREP_LoyaltyTimeT already exists on file EMWS1.REG5_MAPDS, using CleanserProductsREP_LoyaltyTime2 instead.
NOTE: Variable CleanserProductsTimeSinceLastPuT already exists on file EMWS1.REG5_MAPDS, using CleanserProductsTimeSinceLastPu2 instead.
NOTE: Variable DayCareProductsDayCareProductsRE already exists on file EMWS1.REG5_MAPDS, using DayCareProductsDayCareProductsR2 instead.
NOTE: Variable DayCareProductsLotionProductsREP already exists on file EMWS1.REG5_MAPDS, using DayCareProductsLotionProductsRE2 instead.
NOTE: Variable DayCareProductsNightRepairProduR already exists on file EMWS1.REG5_MAPDS, using DayCareProductsNightRepairProdu2 instead.
NOTE: Variable DayCareProductsNightRepairProduT already exists on file EMWS1.REG5_MAPDS, using DayCareProductsNightRepairProdu3 instead.
NOTE: Variable DayCareProductsTimeSinceLastPurT already exists on file EMWS1.REG5_MAPDS, using DayCareProductsTimeSinceLastPur2 instead.
NOTE: Variable LotionProductsLotionProductsREP_ already exists on file EMWS1.REG5_MAPDS, using LotionProductsLotionProductsREP2 instead.
NOTE: Variable LotionProductsNightRepairProducR already exists on file EMWS1.REG5_MAPDS, using LotionProductsNightRepairProduc2 instead.
NOTE: Variable LotionProductsNightRepairProducT already exists on file EMWS1.REG5_MAPDS, using LotionProductsNightRepairProduc3 instead.
NOTE: Variable LotionProductsNightRepairProducT already exists on file EMWS1.REG5_MAPDS, using LotionProductsNightRepairProduc4 instead.
NOTE: Variable LotionProductsTimeSinceLastPurcT already exists on file EMWS1.REG5_MAPDS, using LotionProductsTimeSinceLastPurc2 instead.
NOTE: Variable NightRepairProductsNightRepairPR already exists on file EMWS1.REG5_MAPDS, using NightRepairProductsNightRepairP2 instead.
NOTE: Variable NightRepairProductsNightRepairPR already exists on file EMWS1.REG5_MAPDS, using NightRepairProductsNightRepairP3 instead.
NOTE: Variable NightRepairProductsNightRepairPT already exists on file EMWS1.REG5_MAPDS, using NightRepairProductsNightRepairP4 instead.
NOTE: Variable NightRepairProductsREP_LoyaltyTT already exists on file EMWS1.REG5_MAPDS, using NightRepairProductsREP_LoyaltyT2 instead.
NOTE: Variable NightRepairProductsTimeSinceLasT already exists on file EMWS1.REG5_MAPDS, using NightRepairProductsTimeSinceLas2 instead.
NOTE: Variable NightRepairProductsTimeSinceLasT already exists on file EMWS1.REG5_MAPDS, using NightRepairProductsTimeSinceLas3 instead.
NOTE: Variable REP_LoyaltyTimeTimeSinceLastPurT already exists on file EMWS1.REG5_MAPDS, using REP_LoyaltyTimeTimeSinceLastPur2 instead.
NOTE: Variable TimeSinceLastPurchaseTimeSinceLT already exists on file EMWS1.REG5_MAPDS, using TimeSinceLastPurchaseTimeSinceL2 instead.

NOTE: PROC DMREG is modeling the probability that TargetBuy='1'.
NOTE: Convergence criterion (ABSGCONV=0.00001) satisfied.
NOTE: Convergence criterion (GCONV=1E-6) satisfied.
NOTE: Convergence criterion (GCONV=1E-6) satisfied.
NOTE: Convergence criterion (GCONV=1E-6) satisfied.
NOTE: Convergence criterion (GCONV=1E-6) satisfied.
NOTE: Convergence criterion (GCONV=1E-6) satisfied.
NOTE: Convergence criterion (GCONV=1E-6) satisfied.
NOTE: Convergence criterion (GCONV=1E-6) satisfied.
NOTE: Convergence criterion (GCONV=1E-6) satisfied.
NOTE: External file D:\Nida\Data mining\datamining\BOGO\Workspaces\EMWS1\Reg5\EMPUBLISHSCORE.sas opened.
NOTE: External file D:\Nida\Data mining\datamining\BOGO\Workspaces\EMWS1\Reg5\EMFLOWSCORE.sas opened.
NOTE: View EMWS1.IMPT4_VALIDATE.VIEW used (Total process time):
      real time           2.98 seconds
      cpu time            2.81 seconds
      
NOTE: There were 1975 observations read from the data set EMWS1.PART5_VALIDATE.
NOTE: There were 1972 observations read from the data set EMWS1.PART5_TRAIN.
NOTE: View WORK.EM_DMREG.VIEW used (Total process time):
      real time           3.10 seconds
      cpu time            2.93 seconds
      
NOTE: There were 1972 observations read from the data set EMWS1.IMPT4_TRAIN.
NOTE: There were 1972 observations read from the data set WORK.EM_DMREG.
NOTE: There were 1975 observations read from the data set EMWS1.IMPT4_VALIDATE.
NOTE: The data set EMWS1.REG5_EMESTIMATE has 30 observations and 285 variables.
NOTE: The data set EMWS1.REG5_OUTTERMS has 14 observations and 6 variables.
NOTE: The data set EMWS1.REG5_MAPDS has 2 observations and 250 variables.
NOTE: The PROCEDURE DMREG printed pages 4-13.
NOTE: PROCEDURE DMREG used (Total process time):
      real time           3.15 seconds
      cpu time            2.98 seconds
      

12024  quit;

12025  proc datasets lib=WORK nolist;
12026  delete Reg5_DMDB;
12027  run;

NOTE: The file WORK.REG5_DMDB (memtype=DATA) was not found, but appears on a DELETE statement.
12028  quit;

NOTE: PROCEDURE DATASETS used (Total process time):
      real time           0.00 seconds
      cpu time            0.00 seconds
      

12029  proc datasets lib=WORK nolist;
12030  delete Reg5_DMDB / memtype=catalog;
12031  run;

NOTE: Deleting WORK.REG5_DMDB (memtype=CATALOG).
12032  quit;

NOTE: PROCEDURE DATASETS used (Total process time):
      real time           0.01 seconds
      cpu time            0.01 seconds
      

12033  data WORK.ESTIMATE;
12034  length _NAME_ $32;
12035  set EMWS1.Reg5_EMESTIMATE;
12036  drop _AIC_--_VMISC_
12037  ;
12038  where _CHOSEN_ ne '' and _TYPE_ in('PARMS', 'T', 'P');
12039  drop _STEP_ _CHOSEN_;
12040  select(_TYPE_);
12041  when('PARMS') _NAME_='Coefficient';
12042  when('T') _NAME_='tValue';
12043  when('P') _NAME_='PValue';
12044  otherwise;
12045  end;
12046  run;

NOTE: There were 3 observations read from the data set EMWS1.REG5_EMESTIMATE.
      WHERE (_CHOSEN_ not = ' ') and _TYPE_ in ('P', 'PARMS', 'T');
NOTE: The data set WORK.ESTIMATE has 3 observations and 251 variables.
NOTE: DATA statement used (Total process time):
      real time           0.01 seconds
      cpu time            0.01 seconds
      

12047  proc transpose data=WORK.ESTIMATE out=WORK.ESTIMATE(rename=(_NAME_=Effect));
12048  run;

NOTE: There were 3 observations read from the data set WORK.ESTIMATE.
NOTE: The data set WORK.ESTIMATE has 249 observations and 5 variables.
NOTE: PROCEDURE TRANSPOSE used (Total process time):
      real time           0.03 seconds
      cpu time            0.03 seconds
      

12049  proc transpose data=EMWS1.Reg5_MAPDS out=WORK.MAP(rename=(_NAME_=Effect INPUT=Variable
12050  ));
12051  var 'AffluenceGrade'n--'TotalSpendTotalSpendTotalSpend'n;
12052  run;

NOTE: There were 2 observations read from the data set EMWS1.REG5_MAPDS.
NOTE: The data set WORK.MAP has 248 observations and 4 variables.
NOTE: PROCEDURE TRANSPOSE used (Total process time):
      real time           0.03 seconds
      cpu time            0.03 seconds
      

12053  proc sort data=WORK.MAP;
12054  by Effect;
12055  run;

NOTE: There were 248 observations read from the data set WORK.MAP.
NOTE: The data set WORK.MAP has 248 observations and 4 variables.
NOTE: PROCEDURE SORT used (Total process time):
      real time           0.01 seconds
      cpu time            0.01 seconds
      

12056  proc sort data=WORK.ESTIMATE;
12057  by Effect;
12058  run;

NOTE: There were 249 observations read from the data set WORK.ESTIMATE.
NOTE: The data set WORK.ESTIMATE has 249 observations and 5 variables.
NOTE: PROCEDURE SORT used (Total process time):
      real time           0.01 seconds
      cpu time            0.01 seconds
      

12059  data EMWS1.Reg5_EFFECTS(rename=(_LABEL_=EffectLabel));
12060  length Variable ClassLevel $32;
12061  merge WORK.ESTIMATE WORK.MAP;
12062  by Effect;
12063  label Effect = "%sysfunc(sasmsg(sashelp.dmine, rpt_effect_vlabel, NOQUOTE))" Variable = "%sysfunc(sasmsg(sashelp.dmine, rpt_variable_vlabel, NOQUOTE))" Sign = "%sysfunc(sasmsg(sashelp.dmine, rpt_sign_vlabel, NOQUOTE))" ClassLevel =
12064     "%sysfunc(sasmsg(sashelp.dmine, rpt_level_vlabel, NOQUOTE))" Abscoefficient = "%sysfunc(sasmsg(sashelp.dmine, rpt_abscoefficient_vlabel, NOQUOTE))" Coefficient = "%sysfunc(sasmsg(sashelp.dmine, rpt_coefficient_vlabel, NOQUOTE))" _LABEL_ =
12065     "%sysfunc(sasmsg(sashelp.dmine, rpt_effectLabel_vlabel, NOQUOTE))" CODE = "%sysfunc(sasmsg(sashelp.dmine, rpt_scorecodevar_vlabel, NOQUOTE))";
12066  label tvalue = "%sysfunc(sasmsg(sashelp.dmine, rpt_tvalue_vlabel,         NOQUOTE))" abstvalue = "%sysfunc(sasmsg(sashelp.dmine, rpt_absoluteTvalue_vlabel, NOQUOTE))" PValue = "%sysfunc(sasmsg(sashelp.dmine, rpt_pvalue_vlabel,         NOQUOTE))";
12067  abstvalue = abs(tValue);
12068  if index(Effect, 'Intercept') then do;
12069  variable = 'Intercept';
12070  classLevel = scan(_LABEL_, 2, '=');
12071  end;
12072  if ^indexc(variable, '*') then do;
12073  if length(effect)>length(variable) then classlevel = substr(Effect, length(variable)+1);
12074  end;
12075  if Effect eq '' then Effect = Variable;
12076  if coefficient < 0 then sign = '-';
12077  else sign = '+';
12078  abscoefficient = abs(coefficient);
12079  if _LABEL_ = '' then _LABEL_ = Effect;
12080  if coefficient ne . then output;
12081  run;

NOTE: Missing values were generated as a result of performing an operation on missing values.
      Each place is given by: (Number of times) at (Line):(Column).
      240 at 12067:13   240 at 12078:18   
NOTE: There were 249 observations read from the data set WORK.ESTIMATE.
NOTE: There were 248 observations read from the data set WORK.MAP.
NOTE: The data set EMWS1.REG5_EFFECTS has 9 observations and 11 variables.
NOTE: DATA statement used (Total process time):
      real time           0.07 seconds
      cpu time            0.06 seconds
      

12082  proc sort data =EMWS1.Reg5_EFFECTS;
12083  by
12084  descending abstvalue;
12085  run;

NOTE: There were 9 observations read from the data set EMWS1.REG5_EFFECTS.
NOTE: The data set EMWS1.REG5_EFFECTS has 9 observations and 11 variables.
NOTE: PROCEDURE SORT used (Total process time):
      real time           0.03 seconds
      cpu time            0.01 seconds
      

12086  data EMWS1.Reg5_EFFECTS;
12087  set EMWS1.Reg5_EFFECTS;
12088  format TEffectNum 3.;
12089  label TEffectNum = "%sysfunc(sasmsg(sashelp.dmine, rpt_teffectnum_vlabel, NOQUOTE))";
12090  retain TEffectNum;
12091  TEffectNum = _N_;
12092  run;

NOTE: There were 9 observations read from the data set EMWS1.REG5_EFFECTS.
NOTE: The data set EMWS1.REG5_EFFECTS has 9 observations and 12 variables.
NOTE: DATA statement used (Total process time):
      real time           0.06 seconds
      cpu time            0.03 seconds
      

12093  proc sort data =EMWS1.Reg5_EFFECTS;
12094  by
12095  descending absCoefficient;
12096  run;

NOTE: There were 9 observations read from the data set EMWS1.REG5_EFFECTS.
NOTE: The data set EMWS1.REG5_EFFECTS has 9 observations and 12 variables.
NOTE: PROCEDURE SORT used (Total process time):
      real time           0.01 seconds
      cpu time            0.01 seconds
      

12097  data EMWS1.Reg5_EFFECTS;
12098  set EMWS1.Reg5_EFFECTS;
12099  format EffectNum 3.;
12100  label EffectNum = "%sysfunc(sasmsg(sashelp.dmine, rpt_effectnum_vlabel, NOQUOTE))";
12101  retain EffectNum;
12102  EffectNum = _N_;
12103  run;

NOTE: There were 9 observations read from the data set EMWS1.REG5_EFFECTS.
NOTE: The data set EMWS1.REG5_EFFECTS has 9 observations and 13 variables.
NOTE: DATA statement used (Total process time):
      real time           0.01 seconds
      cpu time            0.01 seconds
      

12104  proc transpose data=EMWS1.Reg5_EMESTIMATE out=EMWS1.Reg5_ESTIMATEGRID(rename=(PARMS=Coefficient T=TValue _NAME_=Effect _LABEL_=EffectLabel));
12105  where _CHOSEN_ eq '' and _TYPE_ in('PARMS', 'T', 'P');
12106  var 'AffluenceGrade'n--'TotalSpendTotalSpendTotalSpend'n;
12107  by _STEP_;
12108  id _TYPE_;
12109  run;

NOTE: There were 27 observations read from the data set EMWS1.REG5_EMESTIMATE.
      WHERE (_CHOSEN_=' ') and _TYPE_ in ('P', 'PARMS', 'T');
NOTE: The data set EMWS1.REG5_ESTIMATEGRID has 2232 observations and 6 variables.
NOTE: PROCEDURE TRANSPOSE used (Total process time):
      real time           0.03 seconds
      cpu time            0.03 seconds
      

12110  data EMWS1.Reg5_ESTIMATEGRID;
12111  set EMWS1.Reg5_ESTIMATEGRID;
12112  if EffectLabel eq '' then EffectLabel = Effect;
12113  label EffectLabel = "%sysfunc(sasmsg(sashelp.dmine, rpt_effectLabel_vlabel, NOQUOTE))" Effect = "%sysfunc(sasmsg(sashelp.dmine, rpt_effect_vlabel, NOQUOTE))" Abscoefficient = "%sysfunc(sasmsg(sashelp.dmine, rpt_abscoefficient_vlabel, NOQUOTE))"
12114     Coefficient = "%sysfunc(sasmsg(sashelp.dmine, rpt_coefficient_vlabel, NOQUOTE))" tvalue = "%sysfunc(sasmsg(sashelp.dmine, rpt_tvalue_vlabel,         NOQUOTE))" abstvalue = "%sysfunc(sasmsg(sashelp.dmine, rpt_absoluteTvalue_vlabel, NOQUOTE))"
12114! PValue =
12115     "%sysfunc(sasmsg(sashelp.dmine, rpt_pvalue_vlabel,         NOQUOTE))";
12116  AbsCoefficient = abs(Coefficient);
12117  AbsTValue = abs(TValue);
12118  where coefficient ne .;
12119  run;

NOTE: Variable PValue is uninitialized.
NOTE: There were 36 observations read from the data set EMWS1.REG5_ESTIMATEGRID.
      WHERE coefficient not = .;
NOTE: The data set EMWS1.REG5_ESTIMATEGRID has 36 observations and 8 variables.
NOTE: DATA statement used (Total process time):
      real time           0.04 seconds
      cpu time            0.04 seconds
      

