*------------------------------------------------------------*
* Score Log
Date:                May 09, 2018
Time:                14:55:51
*------------------------------------------------------------*
11614  proc transpose data=EMWS1.Clus2_OUTVAR out=WORK.Clus2_OUTVAR(rename=(COl2=NAME) where=(COL1='IMPUTED'));
11615  var AffluenceGrade--REP_RegionU;
11616  where _TYPE_ in('TYPE' 'VARIABLE');
11617  run;

NOTE: There were 2 observations read from the data set EMWS1.CLUS2_OUTVAR.
      WHERE _TYPE_ in ('TYPE', 'VARIABLE');
NOTE: The data set WORK.CLUS2_OUTVAR has 0 observations and 4 variables.
NOTE: PROCEDURE TRANSPOSE used (Total process time):
      real time           0.01 seconds
      cpu time            0.01 seconds
      

11618  proc sort data=WORK.Clus2_OUTVAR;
11619  by NAME;
11620  run;

NOTE: Input data set is empty.
NOTE: The data set WORK.CLUS2_OUTVAR has 0 observations and 4 variables.
NOTE: PROCEDURE SORT used (Total process time):
      real time           0.01 seconds
      cpu time            0.01 seconds
      

11621  proc sort data=EMWS1.Clus2_VariableSet(KEEP=NAME ROLE LEVEL) out=WORK.Clus2_SORTEDVARS;
11622  by NAME;
11623  run;

NOTE: There were 26 observations read from the data set EMWS1.CLUS2_VARIABLESET.
NOTE: The data set WORK.CLUS2_SORTEDVARS has 26 observations and 3 variables.
NOTE: PROCEDURE SORT used (Total process time):
      real time           0.03 seconds
      cpu time            0.03 seconds
      

11624  data WORK.Clus2_OUTVAR;
11625  merge WORK.Clus2_OUTVAR(in=INVAR) WORK.Clus2_SORTEDVARS;
11626  by NAME;
11627  if INVAR then output;
11628  run;

WARNING: Multiple lengths were specified for the BY variable NAME by input data sets. This might cause unexpected results.
NOTE: There were 0 observations read from the data set WORK.CLUS2_OUTVAR.
NOTE: There were 26 observations read from the data set WORK.CLUS2_SORTEDVARS.
NOTE: The data set WORK.CLUS2_OUTVAR has 0 observations and 6 variables.
NOTE: DATA statement used (Total process time):
      real time           0.01 seconds
      cpu time            0.01 seconds
      

NOTE: This SAS session is using a registry in WORK.  All changes will be lost at the end of this session.
11629  filename emflow "D:\Nida\Data mining\datamining\BOGO\Workspaces\EMWS1\Clus2\EMFLOWSCORE.sas";
11630  *------------------------------------------------------------*;
11631  * Clus2: Scoring DATA data;
11632  *------------------------------------------------------------*;
11633  data EMWS1.Clus2_TRAIN
11634  / view=EMWS1.Clus2_TRAIN
11635  ;
11636  set EMWS1.Filter_TRAIN
11637  ;
11638  %inc emflow;
12400  run;

NOTE: DATA STEP view saved on file EMWS1.CLUS2_TRAIN.
NOTE: A stored DATA STEP view cannot run under a different operating system.
NOTE: View EMWS1.FILTER_TRAIN.VIEW used (Total process time):
      real time           0.18 seconds
      cpu time            0.18 seconds
      
NOTE: DATA statement used (Total process time):
      real time           0.20 seconds
      cpu time            0.20 seconds
      

12401  quit;
12402  filename emflow;
NOTE: Fileref EMFLOW has been deassigned.

12403  *------------------------------------------------------------*;
12404  * Clus2: Computing metadata for TRAIN data;
12405  *------------------------------------------------------------*;

NOTE: View EMWS1.CLUS2_TRAIN.VIEW used (Total process time):
      real time           0.20 seconds
      cpu time            0.18 seconds
      
NOTE: View EMWS1.CLUS2_TRAIN.VIEW used (Total process time):
      real time           0.20 seconds
      cpu time            0.18 seconds
      
