*------------------------------------------------------------*
* Training Log
Date:                May 13, 2018
Time:                21:24:40
*------------------------------------------------------------*
11408  proc freq data=EMWS6.MdlComp_VariableSet noprint;
11409  table ROLE*LEVEL/out=WORK.MdlCompMETA;
11410  run;

NOTE: There were 1 observations read from the data set EMWS6.MDLCOMP_VARIABLESET.
NOTE: The data set WORK.MDLCOMPMETA has 1 observations and 4 variables.
NOTE: PROCEDURE FREQ used (Total process time):
      real time           0.04 seconds
      cpu time            0.04 seconds
      

11411  proc print data=WORK.MdlCompMETA label noobs;
11412  var ROLE LEVEL COUNT;
11413  label ROLE = "%sysfunc(sasmsg(sashelp.dmine, meta_role_vlabel, NOQUOTE))" LEVEL = "%sysfunc(sasmsg(sashelp.dmine, meta_level_vlabel, NOQUOTE))" COUNT = "%sysfunc(sasmsg(sashelp.dmine, rpt_count_vlabel, NOQUOTE))";
11414  title9 ' ';
11415  title10 "%sysfunc(sasmsg(sashelp.dmine, rpt_varSummary_title  , NOQUOTE))";
11416  run;

NOTE: There were 1 observations read from the data set WORK.MDLCOMPMETA.
NOTE: The PROCEDURE PRINT printed page 1.
NOTE: PROCEDURE PRINT used (Total process time):
      real time           0.01 seconds
      cpu time            0.01 seconds
      

11417  title10;

11418  %let _hpflow = 0;
11419  data _null_;
11420  set EMWS6.Tree_EMINFO;
11421  where key="HPDMSAMPLE";
11422  call symput('_hpflow', '1');
11423  run;

NOTE: There were 0 observations read from the data set EMWS6.TREE_EMINFO.
      WHERE key='HPDMSAMPLE';
NOTE: DATA statement used (Total process time):
      real time           0.01 seconds
      cpu time            0.00 seconds
      

11424  %let _hpflow = 0;
11425  data _null_;
11426  set EMWS6.Reg_EMINFO;
11427  where key="HPDMSAMPLE";
11428  call symput('_hpflow', '1');
11429  run;

NOTE: There were 0 observations read from the data set EMWS6.REG_EMINFO.
      WHERE key='HPDMSAMPLE';
NOTE: DATA statement used (Total process time):
      real time           0.01 seconds
      cpu time            0.01 seconds
      

11430  %let _hpflow = 0;
11431  data _null_;
11432  set EMWS6.Neural_EMINFO;
11433  where key="HPDMSAMPLE";
11434  call symput('_hpflow', '1');
11435  run;

NOTE: There were 0 observations read from the data set EMWS6.NEURAL_EMINFO.
      WHERE key='HPDMSAMPLE';
NOTE: DATA statement used (Total process time):
      real time           0.01 seconds
      cpu time            0.01 seconds
      

11436  data _null_;
11437  set EMWS6.em_nodeid;
11438  where upcase(NODEID) = upcase("Tree");
11439  call symput('_MODELDESC', strip(tranwrd(LABEL, '"', '""')));
11440  run;

NOTE: There were 1 observations read from the data set EMWS6.EM_NODEID.
      WHERE UPCASE(NODEID)='TREE';
NOTE: DATA statement used (Total process time):
      real time           0.01 seconds
      cpu time            0.01 seconds
      

11441  data EMWS6.MdlComp_EMRANK;
11442  length PARENT $16 MODEL $16 MODELDESCRIPTION $81 DATAROLE $20 TARGET $32 TARGETLABEL $200;
11443  label PARENT = "%sysfunc(sasmsg(sashelp.dmine, rpt_parent_vlabel  ,  NOQUOTE))" MODEL = "%sysfunc(sasmsg(sashelp.dmine, rpt_modelnode_vlabel, NOQUOTE))" MODELDESCRIPTION = "%sysfunc(sasmsg(sashelp.dmine, rpt_modeldesc_vlabel, NOQUOTE))" TARGETLABEL
11443! =
11444     "%sysfunc(sasmsg(sashelp.dmine, meta_targetlabel_vlabel, NOQUOTE))";
11445  retain parent "Tree" MODEL "Tree" MODELDESCRIPTION "Decision Tree" TARGETLABEL "Organics Purchase Indicator";
11446  set EMWS6.Tree_EMRANK;
11447  where upcase(TARGET) = upcase("TargetBuy");
11448  run;

NOTE: There were 40 observations read from the data set EMWS6.TREE_EMRANK.
      WHERE UPCASE(TARGET)='TARGETBUY';
NOTE: The data set EMWS6.MDLCOMP_EMRANK has 40 observations and 59 variables.
NOTE: DATA statement used (Total process time):
      real time           0.03 seconds
      cpu time            0.01 seconds
      

11449  data EMWS6.MdlComp_EMSCOREDIST;
11450  length PARENT $16 MODEL $16 MODELDESCRIPTION $81 DATAROLE $20 TARGET $32 TARGETLABEL $200;
11451  label PARENT = "%sysfunc(sasmsg(sashelp.dmine, rpt_parent_vlabel  ,  NOQUOTE))" MODEL = "%sysfunc(sasmsg(sashelp.dmine, rpt_modelnode_vlabel, NOQUOTE))" MODELDESCRIPTION = "%sysfunc(sasmsg(sashelp.dmine, rpt_modeldesc_vlabel, NOQUOTE))" TARGETLABEL
11451! =
11452     "%sysfunc(sasmsg(sashelp.dmine, meta_targetlabel_vlabel, NOQUOTE))";
11453  retain parent "Tree" MODEL "Tree" MODELDESCRIPTION "Decision Tree" TARGETLABEL "Organics Purchase Indicator";
11454  set EMWS6.Tree_EMSCOREDIST;
11455  where upcase(TARGET) = upcase("TargetBuy");
11456  run;

NOTE: There were 10 observations read from the data set EMWS6.TREE_EMSCOREDIST.
      WHERE UPCASE(TARGET)='TARGETBUY';
NOTE: The data set EMWS6.MDLCOMP_EMSCOREDIST has 10 observations and 32 variables.
NOTE: DATA statement used (Total process time):
      real time           0.03 seconds
      cpu time            0.03 seconds
      

Executing  SASHELP.EMCORE.EMINFOITERATOR.SCL _INIT >> 
Executing  SASHELP.EMCORE.EMINFOITERATOR.SCL SETMETADATA >> 
NOTE: There were 1 observations read from the data set EMWS6.TREE_EMINFO.
      WHERE (TARGET='TargetBuy') and (KEY='DECMETA');
NOTE: The data set WORK.EMINFO40_EPUF2 has 1 observations and 3 variables.
Executing  SASHELP.EMCORE.EMINFOITERATOR.SCL next >> 
Executing  SASHELP.EMCORE.EMINFOITERATOR.SCL next >> 
Executing  SASHELP.EMCORE.EMINFOITERATOR.SCL SETMETADATA >> 
NOTE: There were 1 observations read from the data set EMWS6.TREE_EMINFO.
      WHERE (TARGET='TargetBuy') and (KEY='DECDATA');
NOTE: The data set WORK.EMINFO40_EPUF2 has 1 observations and 3 variables.
Executing  SASHELP.EMCORE.EMINFOITERATOR.SCL next >> 
Executing  SASHELP.EMCORE.EMINFOITERATOR.SCL next >> 
Executing  SASHELP.EMCORE.EMINFOITERATOR.SCL _term >> 
11457  data WORK.Tree_OUTFIT;
11458  set EMWS6.Tree_EMOUTFIT;
11459  run;

NOTE: There were 1 observations read from the data set EMWS6.TREE_EMOUTFIT.
NOTE: The data set WORK.TREE_OUTFIT has 1 observations and 21 variables.
NOTE: DATA statement used (Total process time):
      real time           0.01 seconds
      cpu time            0.01 seconds
      

11460  data EMWS6.MdlComp_EMOUTFIT;
11461  length PARENT $16 MODEL $16 MODELDESCRIPTION $81 TARGET $32 TARGETLABEL $200;
11462  label PARENT = "%sysfunc(sasmsg(sashelp.dmine, rpt_parent_vlabel  ,  NOQUOTE))" MODEL = "%sysfunc(sasmsg(sashelp.dmine, rpt_modelnode_vlabel, NOQUOTE))" MODELDESCRIPTION = "%sysfunc(sasmsg(sashelp.dmine, rpt_modeldesc_vlabel, NOQUOTE))" TARGETLABEL
11462! =
11463     "%sysfunc(sasmsg(sashelp.dmine, meta_targetlabel_vlabel, NOQUOTE))";
11464  retain parent "Tree" MODEL "Tree" MODELDESCRIPTION "Decision Tree" TARGETLABEL "Organics Purchase Indicator";
11465  set WORK.Tree_OUTFIT;
11466  where upcase(TARGET) = upcase("TargetBuy");
11467  run;

NOTE: There were 1 observations read from the data set WORK.TREE_OUTFIT.
      WHERE UPCASE(TARGET)='TARGETBUY';
NOTE: The data set EMWS6.MDLCOMP_EMOUTFIT has 1 observations and 24 variables.
NOTE: DATA statement used (Total process time):
      real time           0.01 seconds
      cpu time            0.01 seconds
      

11468  data EMWS6.MdlComp_EMCLASSIFICATION;
11469  length PARENT $16 MODEL $16 MODELDESCRIPTION $81 DATAROLE $20 TARGET $32 TARGETLABEL $200;
11470  label PARENT = "%sysfunc(sasmsg(sashelp.dmine, rpt_parent_vlabel  ,  NOQUOTE))" MODEL = "%sysfunc(sasmsg(sashelp.dmine, rpt_modelnode_vlabel, NOQUOTE))" MODELDESCRIPTION = "%sysfunc(sasmsg(sashelp.dmine, rpt_modeldesc_vlabel, NOQUOTE))" TARGETLABEL
11470! =
11471     "%sysfunc(sasmsg(sashelp.dmine, meta_targetlabel_vlabel, NOQUOTE))";
11472  retain parent "Tree" MODEL "Tree" MODELDESCRIPTION "Decision Tree" TARGETLABEL "Organics Purchase Indicator";
11473  set EMWS6.Tree_EMCLASSIFICATION;
11474  where upcase(TARGET) = upcase("TargetBuy");
11475  run;

NOTE: There were 16 observations read from the data set EMWS6.TREE_EMCLASSIFICATION.
      WHERE UPCASE(TARGET)='TARGETBUY';
NOTE: The data set EMWS6.MDLCOMP_EMCLASSIFICATION has 16 observations and 15 variables.
NOTE: DATA statement used (Total process time):
      real time           0.03 seconds
      cpu time            0.03 seconds
      

11476  data EMWS6.MdlComp_EMEVENTREPORT;
11477  length PARENT $16 MODEL $16 MODELDESCRIPTION $81 DATAROLE $20 TARGET $32 TARGETLABEL $200;
11478  label PARENT = "%sysfunc(sasmsg(sashelp.dmine, rpt_parent_vlabel  ,  NOQUOTE))" MODEL = "%sysfunc(sasmsg(sashelp.dmine, rpt_modelnode_vlabel, NOQUOTE))" MODELDESCRIPTION = "%sysfunc(sasmsg(sashelp.dmine, rpt_modeldesc_vlabel, NOQUOTE))" TARGETLABEL
11478! =
11479     "%sysfunc(sasmsg(sashelp.dmine, meta_targetlabel_vlabel, NOQUOTE))";
11480  retain parent "Tree" MODEL "Tree" MODELDESCRIPTION "Decision Tree" TARGETLABEL "Organics Purchase Indicator";
11481  set EMWS6.Tree_EMEVENTREPORT;
11482  where upcase(TARGET) = upcase("TargetBuy");
11483  run;

NOTE: There were 2 observations read from the data set EMWS6.TREE_EMEVENTREPORT.
      WHERE UPCASE(TARGET)='TARGETBUY';
NOTE: The data set EMWS6.MDLCOMP_EMEVENTREPORT has 2 observations and 10 variables.
NOTE: DATA statement used (Total process time):
      real time           0.03 seconds
      cpu time            0.03 seconds
      

11484  data _null_;
11485  set EMWS6.em_nodeid;
11486  where upcase(NODEID) = upcase("Reg");
11487  call symput('_MODELDESC', strip(tranwrd(LABEL, '"', '""')));
11488  run;

NOTE: There were 1 observations read from the data set EMWS6.EM_NODEID.
      WHERE UPCASE(NODEID)='REG';
NOTE: DATA statement used (Total process time):
      real time           0.00 seconds
      cpu time            0.00 seconds
      

11489  data work.MdlComp_TEMP;
11490  length PARENT $16 MODEL $16 MODELDESCRIPTION $81 DATAROLE $20 TARGET $32 TARGETLABEL $200;
11491  label PARENT = "%sysfunc(sasmsg(sashelp.dmine, rpt_parent_vlabel  ,  NOQUOTE))" MODEL = "%sysfunc(sasmsg(sashelp.dmine, rpt_modelnode_vlabel, NOQUOTE))" MODELDESCRIPTION = "%sysfunc(sasmsg(sashelp.dmine, rpt_modeldesc_vlabel, NOQUOTE))" TARGET =
11492     "%sysfunc(sasmsg(sashelp.dmine, rpt_targetvar_vlabel, NOQUOTE))" TARGETLABEL = "%sysfunc(sasmsg(sashelp.dmine, meta_targetlabel_vlabel, NOQUOTE))";
11493  retain parent "Reg" MODEL "Reg" MODELDESCRIPTION "Regression" TARGETLABEL "Organics Purchase Indicator";
11494  set EMWS6.Reg_EMRANK;
11495  where upcase(TARGET) = upcase("TargetBuy");
11496  run;

NOTE: There were 40 observations read from the data set EMWS6.REG_EMRANK.
      WHERE UPCASE(TARGET)='TARGETBUY';
NOTE: The data set WORK.MDLCOMP_TEMP has 40 observations and 59 variables.
NOTE: DATA statement used (Total process time):
      real time           0.05 seconds
      cpu time            0.04 seconds
      

11497  data EMWS6.MdlComp_EMRANK;
11498  set EMWS6.MdlComp_EMRANK work.MdlComp_TEMP;
11499  run;

NOTE: There were 40 observations read from the data set EMWS6.MDLCOMP_EMRANK.
NOTE: There were 40 observations read from the data set WORK.MDLCOMP_TEMP.
NOTE: The data set EMWS6.MDLCOMP_EMRANK has 80 observations and 59 variables.
NOTE: DATA statement used (Total process time):
      real time           0.01 seconds
      cpu time            0.01 seconds
      

11500  data work.MdlComp_TEMP;
11501  length PARENT $16 MODEL $16 MODELDESCRIPTION $81 DATAROLE $20 TARGET $32 TARGETLABEL $200;
11502  label PARENT = "%sysfunc(sasmsg(sashelp.dmine, rpt_parent_vlabel  ,  NOQUOTE))" MODEL = "%sysfunc(sasmsg(sashelp.dmine, rpt_modelnode_vlabel, NOQUOTE))" MODELDESCRIPTION = "%sysfunc(sasmsg(sashelp.dmine, rpt_modeldesc_vlabel, NOQUOTE))" TARGET =
11503     "%sysfunc(sasmsg(sashelp.dmine, rpt_targetvar_vlabel, NOQUOTE))" TARGETLABEL = "%sysfunc(sasmsg(sashelp.dmine, meta_targetlabel_vlabel, NOQUOTE))";
11504  retain parent "Reg" MODEL "Reg" MODELDESCRIPTION "Regression" TARGETLABEL "Organics Purchase Indicator";
11505  set EMWS6.Reg_EMSCOREDIST;
11506  where upcase(TARGET) = upcase("TargetBuy");
11507  run;

NOTE: There were 40 observations read from the data set EMWS6.REG_EMSCOREDIST.
      WHERE UPCASE(TARGET)='TARGETBUY';
NOTE: The data set WORK.MDLCOMP_TEMP has 40 observations and 32 variables.
NOTE: DATA statement used (Total process time):
      real time           0.06 seconds
      cpu time            0.06 seconds
      

11508  data EMWS6.MdlComp_EMSCOREDIST;
11509  set EMWS6.MdlComp_EMSCOREDIST work.MdlComp_TEMP;
11510  run;

NOTE: There were 10 observations read from the data set EMWS6.MDLCOMP_EMSCOREDIST.
NOTE: There were 40 observations read from the data set WORK.MDLCOMP_TEMP.
NOTE: The data set EMWS6.MDLCOMP_EMSCOREDIST has 50 observations and 32 variables.
NOTE: DATA statement used (Total process time):
      real time           0.01 seconds
      cpu time            0.01 seconds
      

Executing  SASHELP.EMCORE.EMINFOITERATOR.SCL _INIT >> 
Executing  SASHELP.EMCORE.EMINFOITERATOR.SCL SETMETADATA >> 
NOTE: There were 1 observations read from the data set EMWS6.REG_EMINFO.
      WHERE (TARGET='TargetBuy') and (KEY='DECMETA');
NOTE: The data set WORK.EMINFO4037GL89 has 1 observations and 3 variables.
Executing  SASHELP.EMCORE.EMINFOITERATOR.SCL next >> 
Executing  SASHELP.EMCORE.EMINFOITERATOR.SCL next >> 
Executing  SASHELP.EMCORE.EMINFOITERATOR.SCL SETMETADATA >> 
NOTE: There were 1 observations read from the data set EMWS6.REG_EMINFO.
      WHERE (TARGET='TargetBuy') and (KEY='DECDATA');
NOTE: The data set WORK.EMINFO4037GL89 has 1 observations and 3 variables.
Executing  SASHELP.EMCORE.EMINFOITERATOR.SCL next >> 
Executing  SASHELP.EMCORE.EMINFOITERATOR.SCL next >> 
Executing  SASHELP.EMCORE.EMINFOITERATOR.SCL _term >> 
11511  data WORK.Reg_OUTFIT;
11512  set EMWS6.Reg_EMOUTFIT;
11513  run;

NOTE: There were 1 observations read from the data set EMWS6.REG_EMOUTFIT.
NOTE: The data set WORK.REG_OUTFIT has 1 observations and 38 variables.
NOTE: DATA statement used (Total process time):
      real time           0.03 seconds
      cpu time            0.03 seconds
      

11514  data work.MdlComp_TEMP;
11515  length PARENT $16 MODEL $16 MODELDESCRIPTION $81 TARGET $32 TARGETLABEL $200;
11516  label PARENT = "%sysfunc(sasmsg(sashelp.dmine, rpt_parent_vlabel  ,  NOQUOTE))" MODEL = "%sysfunc(sasmsg(sashelp.dmine, rpt_modelnode_vlabel, NOQUOTE))" MODELDESCRIPTION = "%sysfunc(sasmsg(sashelp.dmine, rpt_modeldesc_vlabel, NOQUOTE))" TARGET =
11517     "%sysfunc(sasmsg(sashelp.dmine, rpt_targetvar_vlabel, NOQUOTE))" TARGETLABEL = "%sysfunc(sasmsg(sashelp.dmine, meta_targetlabel_vlabel, NOQUOTE))";
11518  retain parent "Reg" MODEL "Reg" MODELDESCRIPTION "Regression" TARGETLABEL "Organics Purchase Indicator";
11519  set WORK.Reg_OUTFIT;
11520  where upcase(TARGET) = upcase("TargetBuy");
11521  run;

NOTE: There were 1 observations read from the data set WORK.REG_OUTFIT.
      WHERE UPCASE(TARGET)='TARGETBUY';
NOTE: The data set WORK.MDLCOMP_TEMP has 1 observations and 41 variables.
NOTE: DATA statement used (Total process time):
      real time           0.04 seconds
      cpu time            0.04 seconds
      

11522  data EMWS6.MdlComp_EMOUTFIT;
11523  set EMWS6.MdlComp_EMOUTFIT work.MdlComp_TEMP;
11524  run;

NOTE: There were 1 observations read from the data set EMWS6.MDLCOMP_EMOUTFIT.
NOTE: There were 1 observations read from the data set WORK.MDLCOMP_TEMP.
NOTE: The data set EMWS6.MDLCOMP_EMOUTFIT has 2 observations and 41 variables.
NOTE: DATA statement used (Total process time):
      real time           0.01 seconds
      cpu time            0.01 seconds
      

11525  data work.MdlComp_TEMP;
11526  length PARENT $16 MODEL $16 MODELDESCRIPTION $81 DATAROLE $20 TARGET $32 TARGETLABEL $200;
11527  label PARENT = "%sysfunc(sasmsg(sashelp.dmine, rpt_parent_vlabel  ,  NOQUOTE))" MODEL = "%sysfunc(sasmsg(sashelp.dmine, rpt_modelnode_vlabel, NOQUOTE))" MODELDESCRIPTION = "%sysfunc(sasmsg(sashelp.dmine, rpt_modeldesc_vlabel, NOQUOTE))" TARGET =
11528     "%sysfunc(sasmsg(sashelp.dmine, rpt_targetvar_vlabel, NOQUOTE))" TARGETLABEL = "%sysfunc(sasmsg(sashelp.dmine, meta_targetlabel_vlabel, NOQUOTE))";
11529  retain parent "Reg" MODEL "Reg" MODELDESCRIPTION "Regression" TARGETLABEL "Organics Purchase Indicator";
11530  set EMWS6.Reg_EMCLASSIFICATION;
11531  where upcase(TARGET) = upcase("TargetBuy");
11532  run;

NOTE: There were 16 observations read from the data set EMWS6.REG_EMCLASSIFICATION.
      WHERE UPCASE(TARGET)='TARGETBUY';
NOTE: The data set WORK.MDLCOMP_TEMP has 16 observations and 15 variables.
NOTE: DATA statement used (Total process time):
      real time           0.04 seconds
      cpu time            0.04 seconds
      

11533  data EMWS6.MdlComp_EMCLASSIFICATION;
11534  set EMWS6.MdlComp_EMCLASSIFICATION work.MdlComp_TEMP;
11535  run;

NOTE: There were 16 observations read from the data set EMWS6.MDLCOMP_EMCLASSIFICATION.
NOTE: There were 16 observations read from the data set WORK.MDLCOMP_TEMP.
NOTE: The data set EMWS6.MDLCOMP_EMCLASSIFICATION has 32 observations and 15 variables.
NOTE: DATA statement used (Total process time):
      real time           0.01 seconds
      cpu time            0.01 seconds
      

11536  data work.MdlComp_TEMP;
11537  length PARENT $16 MODEL $16 MODELDESCRIPTION $81 DATAROLE $20 TARGET $32 TARGETLABEL $200;
11538  label PARENT = "%sysfunc(sasmsg(sashelp.dmine, rpt_parent_vlabel  ,  NOQUOTE))" MODEL = "%sysfunc(sasmsg(sashelp.dmine, rpt_modelnode_vlabel, NOQUOTE))" MODELDESCRIPTION = "%sysfunc(sasmsg(sashelp.dmine, rpt_modeldesc_vlabel, NOQUOTE))" TARGET =
11539     "%sysfunc(sasmsg(sashelp.dmine, rpt_targetvar_vlabel, NOQUOTE))" TARGETLABEL = "%sysfunc(sasmsg(sashelp.dmine, meta_targetlabel_vlabel, NOQUOTE))";
11540  retain parent "Reg" MODEL "Reg" MODELDESCRIPTION "Regression" TARGETLABEL "Organics Purchase Indicator";
11541  set EMWS6.Reg_EMEVENTREPORT;
11542  where upcase(TARGET) = upcase("TargetBuy");
11543  run;

NOTE: There were 2 observations read from the data set EMWS6.REG_EMEVENTREPORT.
      WHERE UPCASE(TARGET)='TARGETBUY';
NOTE: The data set WORK.MDLCOMP_TEMP has 2 observations and 10 variables.
NOTE: DATA statement used (Total process time):
      real time           0.03 seconds
      cpu time            0.01 seconds
      

11544  data EMWS6.MdlComp_EMEVENTREPORT;
11545  set EMWS6.MdlComp_EMEVENTREPORT work.MdlComp_TEMP;
11546  run;

NOTE: There were 2 observations read from the data set EMWS6.MDLCOMP_EMEVENTREPORT.
NOTE: There were 2 observations read from the data set WORK.MDLCOMP_TEMP.
NOTE: The data set EMWS6.MDLCOMP_EMEVENTREPORT has 4 observations and 10 variables.
NOTE: DATA statement used (Total process time):
      real time           0.01 seconds
      cpu time            0.01 seconds
      

11547  data _null_;
11548  set EMWS6.em_nodeid;
11549  where upcase(NODEID) = upcase("Neural");
11550  call symput('_MODELDESC', strip(tranwrd(LABEL, '"', '""')));
11551  run;

NOTE: There were 1 observations read from the data set EMWS6.EM_NODEID.
      WHERE UPCASE(NODEID)='NEURAL';
NOTE: DATA statement used (Total process time):
      real time           0.01 seconds
      cpu time            0.01 seconds
      

11552  data work.MdlComp_TEMP;
11553  length PARENT $16 MODEL $16 MODELDESCRIPTION $81 DATAROLE $20 TARGET $32 TARGETLABEL $200;
11554  label PARENT = "%sysfunc(sasmsg(sashelp.dmine, rpt_parent_vlabel  ,  NOQUOTE))" MODEL = "%sysfunc(sasmsg(sashelp.dmine, rpt_modelnode_vlabel, NOQUOTE))" MODELDESCRIPTION = "%sysfunc(sasmsg(sashelp.dmine, rpt_modeldesc_vlabel, NOQUOTE))" TARGET =
11555     "%sysfunc(sasmsg(sashelp.dmine, rpt_targetvar_vlabel, NOQUOTE))" TARGETLABEL = "%sysfunc(sasmsg(sashelp.dmine, meta_targetlabel_vlabel, NOQUOTE))";
11556  retain parent "Neural" MODEL "Neural" MODELDESCRIPTION "Neural Network" TARGETLABEL "Organics Purchase Indicator";
11557  set EMWS6.Neural_EMRANK;
11558  where upcase(TARGET) = upcase("TargetBuy");
11559  run;

NOTE: There were 40 observations read from the data set EMWS6.NEURAL_EMRANK.
      WHERE UPCASE(TARGET)='TARGETBUY';
NOTE: The data set WORK.MDLCOMP_TEMP has 40 observations and 59 variables.
NOTE: DATA statement used (Total process time):
      real time           0.06 seconds
      cpu time            0.06 seconds
      

11560  data EMWS6.MdlComp_EMRANK;
11561  set EMWS6.MdlComp_EMRANK work.MdlComp_TEMP;
11562  run;

NOTE: There were 80 observations read from the data set EMWS6.MDLCOMP_EMRANK.
NOTE: There were 40 observations read from the data set WORK.MDLCOMP_TEMP.
NOTE: The data set EMWS6.MDLCOMP_EMRANK has 120 observations and 59 variables.
NOTE: DATA statement used (Total process time):
      real time           0.02 seconds
      cpu time            0.01 seconds
      

11563  data work.MdlComp_TEMP;
11564  length PARENT $16 MODEL $16 MODELDESCRIPTION $81 DATAROLE $20 TARGET $32 TARGETLABEL $200;
11565  label PARENT = "%sysfunc(sasmsg(sashelp.dmine, rpt_parent_vlabel  ,  NOQUOTE))" MODEL = "%sysfunc(sasmsg(sashelp.dmine, rpt_modelnode_vlabel, NOQUOTE))" MODELDESCRIPTION = "%sysfunc(sasmsg(sashelp.dmine, rpt_modeldesc_vlabel, NOQUOTE))" TARGET =
11566     "%sysfunc(sasmsg(sashelp.dmine, rpt_targetvar_vlabel, NOQUOTE))" TARGETLABEL = "%sysfunc(sasmsg(sashelp.dmine, meta_targetlabel_vlabel, NOQUOTE))";
11567  retain parent "Neural" MODEL "Neural" MODELDESCRIPTION "Neural Network" TARGETLABEL "Organics Purchase Indicator";
11568  set EMWS6.Neural_EMSCOREDIST;
11569  where upcase(TARGET) = upcase("TargetBuy");
11570  run;

NOTE: There were 40 observations read from the data set EMWS6.NEURAL_EMSCOREDIST.
      WHERE UPCASE(TARGET)='TARGETBUY';
NOTE: The data set WORK.MDLCOMP_TEMP has 40 observations and 32 variables.
NOTE: DATA statement used (Total process time):
      real time           0.03 seconds
      cpu time            0.03 seconds
      

11571  data EMWS6.MdlComp_EMSCOREDIST;
11572  set EMWS6.MdlComp_EMSCOREDIST work.MdlComp_TEMP;
11573  run;

NOTE: There were 50 observations read from the data set EMWS6.MDLCOMP_EMSCOREDIST.
NOTE: There were 40 observations read from the data set WORK.MDLCOMP_TEMP.
NOTE: The data set EMWS6.MDLCOMP_EMSCOREDIST has 90 observations and 32 variables.
NOTE: DATA statement used (Total process time):
      real time           0.00 seconds
      cpu time            0.00 seconds
      

Executing  SASHELP.EMCORE.EMINFOITERATOR.SCL _INIT >> 
Executing  SASHELP.EMCORE.EMINFOITERATOR.SCL SETMETADATA >> 
NOTE: There were 1 observations read from the data set EMWS6.NEURAL_EMINFO.
      WHERE (TARGET='TargetBuy') and (KEY='DECMETA');
NOTE: The data set WORK.EMINFO40EUSO2V has 1 observations and 3 variables.
Executing  SASHELP.EMCORE.EMINFOITERATOR.SCL next >> 
Executing  SASHELP.EMCORE.EMINFOITERATOR.SCL next >> 
Executing  SASHELP.EMCORE.EMINFOITERATOR.SCL SETMETADATA >> 
NOTE: There were 1 observations read from the data set EMWS6.NEURAL_EMINFO.
      WHERE (TARGET='TargetBuy') and (KEY='DECDATA');
NOTE: The data set WORK.EMINFO40EUSO2V has 1 observations and 3 variables.
Executing  SASHELP.EMCORE.EMINFOITERATOR.SCL next >> 
Executing  SASHELP.EMCORE.EMINFOITERATOR.SCL next >> 
Executing  SASHELP.EMCORE.EMINFOITERATOR.SCL _term >> 
11574  data WORK.Neural_OUTFIT;
11575  set EMWS6.Neural_EMOUTFIT;
11576  run;

NOTE: There were 1 observations read from the data set EMWS6.NEURAL_EMOUTFIT.
NOTE: The data set WORK.NEURAL_OUTFIT has 1 observations and 40 variables.
NOTE: DATA statement used (Total process time):
      real time           0.01 seconds
      cpu time            0.01 seconds
      

11577  data work.MdlComp_TEMP;
11578  length PARENT $16 MODEL $16 MODELDESCRIPTION $81 TARGET $32 TARGETLABEL $200;
11579  label PARENT = "%sysfunc(sasmsg(sashelp.dmine, rpt_parent_vlabel  ,  NOQUOTE))" MODEL = "%sysfunc(sasmsg(sashelp.dmine, rpt_modelnode_vlabel, NOQUOTE))" MODELDESCRIPTION = "%sysfunc(sasmsg(sashelp.dmine, rpt_modeldesc_vlabel, NOQUOTE))" TARGET =
11580     "%sysfunc(sasmsg(sashelp.dmine, rpt_targetvar_vlabel, NOQUOTE))" TARGETLABEL = "%sysfunc(sasmsg(sashelp.dmine, meta_targetlabel_vlabel, NOQUOTE))";
11581  retain parent "Neural" MODEL "Neural" MODELDESCRIPTION "Neural Network" TARGETLABEL "Organics Purchase Indicator";
11582  set WORK.Neural_OUTFIT;
11583  where upcase(TARGET) = upcase("TargetBuy");
11584  run;

NOTE: There were 1 observations read from the data set WORK.NEURAL_OUTFIT.
      WHERE UPCASE(TARGET)='TARGETBUY';
NOTE: The data set WORK.MDLCOMP_TEMP has 1 observations and 43 variables.
NOTE: DATA statement used (Total process time):
      real time           0.03 seconds
      cpu time            0.03 seconds
      

11585  data EMWS6.MdlComp_EMOUTFIT;
11586  set EMWS6.MdlComp_EMOUTFIT work.MdlComp_TEMP;
11587  run;

NOTE: There were 2 observations read from the data set EMWS6.MDLCOMP_EMOUTFIT.
NOTE: There were 1 observations read from the data set WORK.MDLCOMP_TEMP.
NOTE: The data set EMWS6.MDLCOMP_EMOUTFIT has 3 observations and 43 variables.
NOTE: DATA statement used (Total process time):
      real time           0.01 seconds
      cpu time            0.01 seconds
      

11588  data work.MdlComp_TEMP;
11589  length PARENT $16 MODEL $16 MODELDESCRIPTION $81 DATAROLE $20 TARGET $32 TARGETLABEL $200;
11590  label PARENT = "%sysfunc(sasmsg(sashelp.dmine, rpt_parent_vlabel  ,  NOQUOTE))" MODEL = "%sysfunc(sasmsg(sashelp.dmine, rpt_modelnode_vlabel, NOQUOTE))" MODELDESCRIPTION = "%sysfunc(sasmsg(sashelp.dmine, rpt_modeldesc_vlabel, NOQUOTE))" TARGET =
11591     "%sysfunc(sasmsg(sashelp.dmine, rpt_targetvar_vlabel, NOQUOTE))" TARGETLABEL = "%sysfunc(sasmsg(sashelp.dmine, meta_targetlabel_vlabel, NOQUOTE))";
11592  retain parent "Neural" MODEL "Neural" MODELDESCRIPTION "Neural Network" TARGETLABEL "Organics Purchase Indicator";
11593  set EMWS6.Neural_EMCLASSIFICATION;
11594  where upcase(TARGET) = upcase("TargetBuy");
11595  run;

NOTE: There were 16 observations read from the data set EMWS6.NEURAL_EMCLASSIFICATION.
      WHERE UPCASE(TARGET)='TARGETBUY';
NOTE: The data set WORK.MDLCOMP_TEMP has 16 observations and 15 variables.
NOTE: DATA statement used (Total process time):
      real time           0.04 seconds
      cpu time            0.04 seconds
      

11596  data EMWS6.MdlComp_EMCLASSIFICATION;
11597  set EMWS6.MdlComp_EMCLASSIFICATION work.MdlComp_TEMP;
11598  run;

NOTE: There were 32 observations read from the data set EMWS6.MDLCOMP_EMCLASSIFICATION.
NOTE: There were 16 observations read from the data set WORK.MDLCOMP_TEMP.
NOTE: The data set EMWS6.MDLCOMP_EMCLASSIFICATION has 48 observations and 15 variables.
NOTE: DATA statement used (Total process time):
      real time           0.01 seconds
      cpu time            0.01 seconds
      

11599  data work.MdlComp_TEMP;
11600  length PARENT $16 MODEL $16 MODELDESCRIPTION $81 DATAROLE $20 TARGET $32 TARGETLABEL $200;
11601  label PARENT = "%sysfunc(sasmsg(sashelp.dmine, rpt_parent_vlabel  ,  NOQUOTE))" MODEL = "%sysfunc(sasmsg(sashelp.dmine, rpt_modelnode_vlabel, NOQUOTE))" MODELDESCRIPTION = "%sysfunc(sasmsg(sashelp.dmine, rpt_modeldesc_vlabel, NOQUOTE))" TARGET =
11602     "%sysfunc(sasmsg(sashelp.dmine, rpt_targetvar_vlabel, NOQUOTE))" TARGETLABEL = "%sysfunc(sasmsg(sashelp.dmine, meta_targetlabel_vlabel, NOQUOTE))";
11603  retain parent "Neural" MODEL "Neural" MODELDESCRIPTION "Neural Network" TARGETLABEL "Organics Purchase Indicator";
11604  set EMWS6.Neural_EMEVENTREPORT;
11605  where upcase(TARGET) = upcase("TargetBuy");
11606  run;

NOTE: There were 2 observations read from the data set EMWS6.NEURAL_EMEVENTREPORT.
      WHERE UPCASE(TARGET)='TARGETBUY';
NOTE: The data set WORK.MDLCOMP_TEMP has 2 observations and 10 variables.
NOTE: DATA statement used (Total process time):
      real time           0.05 seconds
      cpu time            0.06 seconds
      

11607  data EMWS6.MdlComp_EMEVENTREPORT;
11608  set EMWS6.MdlComp_EMEVENTREPORT work.MdlComp_TEMP;
11609  run;

NOTE: There were 4 observations read from the data set EMWS6.MDLCOMP_EMEVENTREPORT.
NOTE: There were 2 observations read from the data set WORK.MDLCOMP_TEMP.
NOTE: The data set EMWS6.MDLCOMP_EMEVENTREPORT has 6 observations and 10 variables.
NOTE: DATA statement used (Total process time):
      real time           0.01 seconds
      cpu time            0.00 seconds
      

*------------------------------------------------------------* 
* "Compute assessment statistics" 
*------------------------------------------------------------* 
Executing  SASHELP.EMCORE.EMINFOITERATOR.SCL _INIT >> 
Executing  SASHELP.EMCORE.EMINFOITERATOR.SCL SETMETADATA >> 
Executing  SASHELP.EMCORE.EMINFOITERATOR.SCL next >> 
Executing  SASHELP.EMCORE.EMINFOITERATOR.SCL next >> 
Executing  SASHELP.EMCORE.EMINFOITERATOR.SCL SETMETADATA >> 
Executing  SASHELP.EMCORE.EMINFOITERATOR.SCL next >> 
Executing  SASHELP.EMCORE.EMINFOITERATOR.SCL next >> 
Executing  SASHELP.EMCORE.EMINFOITERATOR.SCL _term >> 


























Executing  SASHELP.EMCORE.EMINFOITERATOR.SCL _INIT >> 
Executing  SASHELP.EMCORE.EMINFOITERATOR.SCL SETMETADATA >> 
Executing  SASHELP.EMCORE.EMINFOITERATOR.SCL next >> 
Executing  SASHELP.EMCORE.EMINFOITERATOR.SCL next >> 
Executing  SASHELP.EMCORE.EMINFOITERATOR.SCL SETMETADATA >> 
Executing  SASHELP.EMCORE.EMINFOITERATOR.SCL next >> 
Executing  SASHELP.EMCORE.EMINFOITERATOR.SCL next >> 
Executing  SASHELP.EMCORE.EMINFOITERATOR.SCL _term >> 


























Executing  SASHELP.EMCORE.EMINFOITERATOR.SCL _INIT >> 
Executing  SASHELP.EMCORE.EMINFOITERATOR.SCL SETMETADATA >> 
Executing  SASHELP.EMCORE.EMINFOITERATOR.SCL next >> 
Executing  SASHELP.EMCORE.EMINFOITERATOR.SCL next >> 
Executing  SASHELP.EMCORE.EMINFOITERATOR.SCL SETMETADATA >> 
Executing  SASHELP.EMCORE.EMINFOITERATOR.SCL next >> 
Executing  SASHELP.EMCORE.EMINFOITERATOR.SCL next >> 
Executing  SASHELP.EMCORE.EMINFOITERATOR.SCL _term >> 


























12009  proc sort data=EMWS6.MdlComp_EMOUTFIT NOTHREADS;
12010  by model target;
12011  run;

NOTE: There were 3 observations read from the data set EMWS6.MDLCOMP_EMOUTFIT.
NOTE: The data set EMWS6.MDLCOMP_EMOUTFIT has 3 observations and 43 variables.
NOTE: PROCEDURE SORT used (Total process time):
      real time           0.09 seconds
      cpu time            0.03 seconds
      

12012  proc sort data=EMWS6.MdlComp_EMINDEX NOTHREADS;
12013  by model target;
12014  run;

NOTE: There were 3 observations read from the data set EMWS6.MDLCOMP_EMINDEX.
NOTE: The data set EMWS6.MDLCOMP_EMINDEX has 3 observations and 17 variables.
NOTE: PROCEDURE SORT used (Total process time):
      real time           0.02 seconds
      cpu time            0.01 seconds
      

12015  data EMWS6.MdlComp_EMOUTFIT;
12016  merge EMWS6.MdlComp_EMOUTFIT EMWS6.MdlComp_EMINDEX;
12017  label TARGET = "%sysfunc(sasmsg(sashelp.dmine, rpt_targetvar_vlabel,  NOQUOTE))";
12018  by model target;
12019  run;

NOTE: There were 3 observations read from the data set EMWS6.MDLCOMP_EMOUTFIT.
NOTE: There were 3 observations read from the data set EMWS6.MDLCOMP_EMINDEX.
NOTE: The data set EMWS6.MDLCOMP_EMOUTFIT has 3 observations and 55 variables.
NOTE: DATA statement used (Total process time):
      real time           0.02 seconds
      cpu time            0.03 seconds
      

12020  proc sort data=EMWS6.MdlComp_EMRANK(keep=DATAROLE DECILE MODEL GAIN LIFT LIFTC RESP
12020! RESPC CAP CAPC) out=_temp;
12021  by MODEL;
12022  where DECILE=10;
12023  run;

NOTE: There were 6 observations read from the data set EMWS6.MDLCOMP_EMRANK.
      WHERE DECILE=10;
NOTE: The data set WORK._TEMP has 6 observations and 10 variables.
NOTE: PROCEDURE SORT used (Total process time):
      real time           0.01 seconds
      cpu time            0.01 seconds
      

12024  data _temp;
12025  retain _GAIN_ _VGAIN_ _LIFT_ _LIFTC_ _VLIFT_ _VLIFTC_ _RESP_ _RESPC_ _VRESP_ _VRESPC_
12025! _CAP_ _CAPC_ _VCAP_ _VCAPC_ .;
12026  label _GAIN_ = "%sysfunc(sasmsg(sashelp.dmine, rpt_traingain_vlabel, NOQUOTE))" _VGAIN_
12026! = "%sysfunc(sasmsg(sashelp.dmine, rpt_validgain_vlabel, NOQUOTE))" _LIFT_ =
12026! "%sysfunc(sasmsg(sashelp.dmine, rpt_trainlift_vlabel, NOQUOTE))" _VLIFT_ =
12027     "%sysfunc(sasmsg(sashelp.dmine, rpt_validlift_vlabel, NOQUOTE))" _RESP_ =
12027! "%sysfunc(sasmsg(sashelp.dmine, rpt_trainresp_vlabel, NOQUOTE))" _VRESP_ =
12027! "%sysfunc(sasmsg(sashelp.dmine, rpt_validresp_vlabel, NOQUOTE))" _CAP_ =
12028     "%sysfunc(sasmsg(sashelp.dmine, rpt_traincap_vlabel,  NOQUOTE))" _VCAP_ =
12028! "%sysfunc(sasmsg(sashelp.dmine, rpt_validcap_vlabel,  NOQUOTE))" _LIFTC_ =
12028! "%sysfunc(sasmsg(sashelp.dmine, rpt_trainliftc_vlabel, NOQUOTE))" _VLIFTC_ =
12029     "%sysfunc(sasmsg(sashelp.dmine, rpt_validliftc_vlabel, NOQUOTE))" _RESPC_ =
12029! "%sysfunc(sasmsg(sashelp.dmine, rpt_trainrespc_vlabel, NOQUOTE))" _VRESPC_ =
12029! "%sysfunc(sasmsg(sashelp.dmine, rpt_validrespc_vlabel, NOQUOTE))" _CAPC_ =
12030     "%sysfunc(sasmsg(sashelp.dmine, rpt_traincapc_vlabel,  NOQUOTE))" _VCAPC_ =
12030! "%sysfunc(sasmsg(sashelp.dmine, rpt_validcapc_vlabel,  NOQUOTE))" _TGAIN_ =
12030! "%sysfunc(sasmsg(sashelp.dmine, rpt_testgain_vlabel,  NOQUOTE))" _TLIFT_ =
12031     "%sysfunc(sasmsg(sashelp.dmine, rpt_testlift_vlabel,   NOQUOTE))" _TRESP_ =
12031! "%sysfunc(sasmsg(sashelp.dmine, rpt_testresp_vlabel,  NOQUOTE))" _TCAP_ =
12031! "%sysfunc(sasmsg(sashelp.dmine, rpt_testcap_vlabel,   NOQUOTE))" _TLIFTC_ =
12032     "%sysfunc(sasmsg(sashelp.dmine, rpt_testliftc_vlabel,   NOQUOTE))" _TRESPC_ =
12032! "%sysfunc(sasmsg(sashelp.dmine, rpt_testrespc_vlabel,  NOQUOTE))" _TCAPC_ =
12032! "%sysfunc(sasmsg(sashelp.dmine, rpt_testcapc_vlabel,   NOQUOTE))";
12033  set _temp;
12034  by MODEL;
12035  if first.MODEL then do;
12036  _GAIN_=.;
12037  _VGAIN_=.;
12038  _TGAIN_=.;
12039  _LIFT_=.;
12040  _VLIFT_=.;
12041  _TLIFT_=.;
12042  _LIFTC_=.;
12043  _VLIFTC_=.;
12044  _TLIFTC_=.;
12045  _RESP_=.;
12046  _VRESP_=.;
12047  _TRESP_=.;
12048  _RESPC_=.;
12049  _VRESPC_=.;
12050  _TRESPC_=.;
12051  _CAP_=.;
12052  _VCAP_=.;
12053  _TCAP_=.;
12054  _CAPC_=.;
12055  _VCAPC_=.;
12056  _VCAPC_=.;
12057  end;
12058  select(DATAROLE);
12059  when('TRAIN') do;
12060  _GAIN_=GAIN;
12061  _LIFT_=LIFT;
12062  _LIFTC_=LIFTC;
12063  _RESP_=RESP;
12064  _RESPC_=RESPC;
12065  _CAP_=CAP;
12066  _CAPC_=CAPC;
12067  end;
12068  when('VALIDATE') do;
12069  _VGAIN_=GAIN;
12070  _VLIFT_=LIFT;
12071  _VLIFTC_=LIFTC;
12072  _VRESP_=RESP;
12073  _VRESPC_=RESPC;
12074  _VCAP_=CAP;
12075  _VCAPC_=CAPC;
12076  end;
12077  when('TEST') do;
12078  _TGAIN_=GAIN;
12079  _TLIFT_=LIFT;
12080  _TLIFTC_=LIFTC;
12081  _TRESP_=RESP;
12082  _TRESPC_=RESPC;
12083  _TCAP_=CAP;
12084  _TCAPC_=CAPC;
12085  end;
12086  otherwise;
12087  end;
12088  keep MODEL _GAIN_ _LIFT_ _LIFTC_ _RESP_ _RESPC_ _CAP_ _CAPC_
12089  _VGAIN_ _VLIFT_ _VLIFTC_ _VRESP_ _VRESPC_ _VCAP_ _VCAPC_
12090  ;
12091  if last.model then output;
12092  run;

NOTE: There were 6 observations read from the data set WORK._TEMP.
NOTE: The data set WORK._TEMP has 3 observations and 15 variables.
NOTE: DATA statement used (Total process time):
      real time           0.10 seconds
      cpu time            0.09 seconds
      

12093  proc sort data=EMWS6.MdlComp_EMOUTFIT;
12094  by MODEL;
12095  run;

NOTE: There were 3 observations read from the data set EMWS6.MDLCOMP_EMOUTFIT.
NOTE: The data set EMWS6.MDLCOMP_EMOUTFIT has 3 observations and 55 variables.
NOTE: PROCEDURE SORT used (Total process time):
      real time           0.00 seconds
      cpu time            0.00 seconds
      

12096  data EMWS6.MdlComp_EMOUTFIT;
12097  merge EMWS6.MdlComp_EMOUTFIT _temp;
12098  by MODEL;
12099  run;

NOTE: There were 3 observations read from the data set EMWS6.MDLCOMP_EMOUTFIT.
NOTE: There were 3 observations read from the data set WORK._TEMP.
NOTE: The data set EMWS6.MDLCOMP_EMOUTFIT has 3 observations and 69 variables.
NOTE: DATA statement used (Total process time):
      real time           0.00 seconds
      cpu time            0.00 seconds
      

12100  data EMWS6.MdlComp_EMOUTFIT;
12101  length PARENT $16 MODEL $16 MODELDESCRIPTION $81 TARGET $32 TARGETLABEL $200 _CRITERION_
12101!  8;
12102  set EMWS6.MdlComp_EMOUTFIT;
12103  label _CRITERION_ = "%sysfunc(sasmsg(sashelp.dmine, rpt_selectioncriterion_vlabel ,
12103! NOQUOTE, %nrbquote(Valid: Average Profit for TargetBuy)))";
12104  _CRITERION_ = _VAPROF_;
12105  run;

NOTE: There were 3 observations read from the data set EMWS6.MDLCOMP_EMOUTFIT.
NOTE: The data set EMWS6.MDLCOMP_EMOUTFIT has 3 observations and 70 variables.
NOTE: DATA statement used (Total process time):
      real time           0.01 seconds
      cpu time            0.00 seconds
      

12106  data EMWS6.MdlComp_EMOUTFIT;
12107  length USE $1;
12108  label USE= "%sysfunc(sasmsg(sashelp.dmine, rpt_selmodel_vlabel,  NOQUOTE))";
12109  set EMWS6.MdlComp_EMOUTFIT;
12110  run;

NOTE: Variable USE is uninitialized.
NOTE: There were 3 observations read from the data set EMWS6.MDLCOMP_EMOUTFIT.
NOTE: The data set EMWS6.MDLCOMP_EMOUTFIT has 3 observations and 71 variables.
NOTE: DATA statement used (Total process time):
      real time           0.03 seconds
      cpu time            0.03 seconds
      

12111  proc sort data = EMWS6.MdlComp_EMOUTFIT NOTHREADS;
12112  by
12113  DESCENDING
12114  _VAPROF_
12115  _VASE_ _VMISC_ _ASE_ _MISC_;
12116  run;

NOTE: There were 3 observations read from the data set EMWS6.MDLCOMP_EMOUTFIT.
NOTE: The data set EMWS6.MDLCOMP_EMOUTFIT has 3 observations and 71 variables.
NOTE: PROCEDURE SORT used (Total process time):
      real time           0.01 seconds
      cpu time            0.01 seconds
      

12117  %let EM_AUTOMODEL = %str();
12118  data EMWS6.MdlComp_EMOUTFIT;
12119  set EMWS6.MdlComp_EMOUTFIT;
12120  drop found;
12121  retain found 0;
12122  if found = 0 and _VAPROF_ ne . then do;
12123  use = 'Y';
12124  found = 1;
12125  call symput('EM_AUTOMODEL', model);
12126  end;
12127  run;

NOTE: There were 3 observations read from the data set EMWS6.MDLCOMP_EMOUTFIT.
NOTE: The data set EMWS6.MDLCOMP_EMOUTFIT has 3 observations and 71 variables.
NOTE: DATA statement used (Total process time):
      real time           0.01 seconds
      cpu time            0.01 seconds
      

12128  title ' ';
12129  proc print data=EMWS6.MdlComp_EMOUTFIT noobs label;
12130  var
12131  USE
12132  MODEL
12133  MODELDESCRIPTION
12134  _VAPROF_
12135  _ASE_
12136  _MISC_
12137  _VASE_
12138  _VMISC_
12139  ;
12140  title9 "%sysfunc(sasmsg(sashelp.dmine, rpt_fitstat_title,        NOQUOTE))";
12141  title10 "Model Selection based on Valid: Average Profit for TargetBuy (_VAPROF_)";
12142  run;

NOTE: There were 3 observations read from the data set EMWS6.MDLCOMP_EMOUTFIT.
NOTE: The PROCEDURE PRINT printed page 2.
NOTE: PROCEDURE PRINT used (Total process time):
      real time           0.01 seconds
      cpu time            0.01 seconds
      

12143  title9;
12144  title10;
12145  proc transpose data=EMWS6.MdlComp_EMOUTFIT out= work.modelstats(rename=(_LABEL_=Label
12145! _NAME_=STAT));
12146  ID model;
12147  by target targetLabel;
12148  run;

NOTE: There were 3 observations read from the data set EMWS6.MDLCOMP_EMOUTFIT.
NOTE: The data set WORK.MODELSTATS has 65 observations and 7 variables.
NOTE: PROCEDURE TRANSPOSE used (Total process time):
      real time           0.03 seconds
      cpu time            0.03 seconds
      

12149  data work.modelstats;
12150  set work.modelstats;
12151  if substr(STAT, 1, 2) = '_V' or STAT='VKS' then do;
12152  NumRole=2;
12153  end;
12154  else if substr(STAT, 1, 2) = '_T' or STAT='TKS' then do;
12155  NumRole=3;
12156  end;
12157  else if substr(STAT, 1, 1) = '_' or STAT in('KS', 'BINNED_KS_PROB_CUTOFF') then do;
12158  NumRole=1;
12159  end;
12160  run;

NOTE: There were 65 observations read from the data set WORK.MODELSTATS.
NOTE: The data set WORK.MODELSTATS has 65 observations and 8 variables.
NOTE: DATA statement used (Total process time):
      real time           0.03 seconds
      cpu time            0.03 seconds
      

12161  proc sort data=work.modelstats out=work.modelstats;
12162  by NumRole STAT;
12163  run;

NOTE: There were 65 observations read from the data set WORK.MODELSTATS.
NOTE: The data set WORK.MODELSTATS has 65 observations and 8 variables.
NOTE: PROCEDURE SORT used (Total process time):
      real time           0.03 seconds
      cpu time            0.03 seconds
      

12164  proc format;
12165  value RoleFmt 1='Train' 2='Valid' 3='Test';
NOTE: Format ROLEFMT has been output.
12166  run;

NOTE: PROCEDURE FORMAT used (Total process time):
      real time           0.00 seconds
      cpu time            0.00 seconds
      

12167  proc print data= work.modelstats(drop=STAT target targetLabel) noobs label;
12168  label Label = "%sysfunc(sasmsg(sashelp.dmine, rpt_statistics_vlabel, NOQUOTE))" NumRole=
12168!  "%sysfunc(sasmsg(sashelp.dmine, rpt_datarole_vlabel,   NOQUOTE))";
12169  title9 "%sysfunc(sasmsg(sashelp.dmine, rpt_fittable_title, NOQUOTE))";
12170  title10 "%sysfunc(sasmsg(sashelp.dmine, rpt_target_title,   NOQUOTE, TargetBuy))";
12171  by NumRole;
12172  format NumRole RoleFmt.;
12173  run;

NOTE: There were 65 observations read from the data set WORK.MODELSTATS.
NOTE: The PROCEDURE PRINT printed page 3.
NOTE: PROCEDURE PRINT used (Total process time):
      real time           0.04 seconds
      cpu time            0.04 seconds
      

12174  title9;
12175  title10;
12176  data EMWS6.MdlComp_COMPAREFIT;
12177  length DataRole Target $32 targetlabel $200;
12178  label DataRole = "%sysfunc(sasmsg(sashelp.dmine, rpt_datarole_vlabel,  NOQUOTE))" STAT =
12178!  "%sysfunc(sasmsg(sashelp.dmine, rpt_fitstat_vlabel,   NOQUOTE))" LABEL =
12178! "%sysfunc(sasmsg(sashelp.dmine, rpt_statlabel_vlabel, NOQUOTE))";
12179  set work.modelstats;
12180  DataRole = strip(put(NumRole, Rolefmt.));
12181  drop NumRole;
12182  run;

NOTE: There were 65 observations read from the data set WORK.MODELSTATS.
NOTE: The data set EMWS6.MDLCOMP_COMPAREFIT has 65 observations and 8 variables.
NOTE: DATA statement used (Total process time):
      real time           0.03 seconds
      cpu time            0.04 seconds
      

12183  %macro ReportFit;
12184  proc transpose data= EMWS6.MdlComp_EMOUTFIT(obs=1) out=tempFit;
12185  run;
12186  data _null_;
12187  set tempfit end=eof;
12188  retain statCount 0;
12189  if substr(_NAME_,1,2) ^in('_V', '_T', 'TK', 'VK') then do;
12190  statCount + 1;
12191  call symput('statName'!!strip(put(statCount,best.)), _NAME_);
12192  call symput('statLabel'!!strip(put(statCount,best.)), scan(_LABEL_,2, ':'));
12193  end;
12194  if eof then do;
12195  call symput('statCount', strip(put(statCount,best.)));
12196  end;
12197  run;
12198  data EMWS6.MdlComp_EMREPORTFIT;
12199  set EMWS6.MdlComp_EMOUTFIT;
12200  length FitStat $41 Label $40;
12201  label FitStat = "%sysfunc(sasmsg(sashelp.dmine, rpt_fitstat_vlabel,   NOQUOTE))" LABEL =
12201!  "%sysfunc(sasmsg(sashelp.dmine, rpt_statlabel_vlabel, NOQUOTE))";
12202  %do i=1 %to &statCount;
12203  FitStat="&&StatName&i";
12204  Label="&&StatLabel&i";
12205  Train =&&StatName&i;
12206  %if &&StatName&i= KS %then %do;
12207  Validate = VKS;
12208  Test = TKS;
12209  %end;
12210  %else %if &&StatName&i= BINNED_KS_PROB_CUTOFF %then %do;
12211  Validate = _VBINNED_KS_PROB_CUTOFF_;
12212  Test = _TBINNED_KS_PROB_CUTOFF_;
12213  %end;
12214  %else %do;
12215  %let VstatName= _V%substr(&&StatName&i,2);
12216  %let TstatName= _T%substr(&&StatName&i,2);
12217  Validate=&VStatName;
12218  Test=&TStatName;
12219  %end;
12220  output;
12221  %end;
12222  keep Parent Model Target TargetLabel FitStat Label Train Validate Test;
12223  run;
12224  %mend;
12225  %reportFit;

NOTE: There were 1 observations read from the data set EMWS6.MDLCOMP_EMOUTFIT.
NOTE: The data set WORK.TEMPFIT has 65 observations and 3 variables.
NOTE: PROCEDURE TRANSPOSE used (Total process time):
      real time           0.01 seconds
      cpu time            0.01 seconds
      


NOTE: There were 65 observations read from the data set WORK.TEMPFIT.
NOTE: DATA statement used (Total process time):
      real time           0.00 seconds
      cpu time            0.00 seconds
      


NOTE: Variable _VCRITERION_ is uninitialized.
NOTE: Variable _TCRITERION_ is uninitialized.
NOTE: Variable _TNOBS_ is uninitialized.
NOTE: Variable _TMISC_ is uninitialized.
NOTE: Variable _TMAX_ is uninitialized.
NOTE: Variable _TSSE_ is uninitialized.
NOTE: Variable _TASE_ is uninitialized.
NOTE: Variable _TRASE_ is uninitialized.
NOTE: Variable _TDIV_ is uninitialized.
NOTE: Variable _VDFT_ is uninitialized.
NOTE: Variable _TDFT_ is uninitialized.
NOTE: Variable _TAPROF_ is uninitialized.
NOTE: Variable _TPROF_ is uninitialized.
NOTE: Variable _VAIC_ is uninitialized.
NOTE: Variable _TAIC_ is uninitialized.
NOTE: Variable _TAVERR_ is uninitialized.
NOTE: Variable _VDFE_ is uninitialized.
NOTE: Variable _TDFE_ is uninitialized.
NOTE: Variable _VDFM_ is uninitialized.
NOTE: Variable _TDFM_ is uninitialized.
NOTE: Variable _TERR_ is uninitialized.
NOTE: Variable _VFPE_ is uninitialized.
NOTE: Variable _TFPE_ is uninitialized.
NOTE: Variable _TMSE_ is uninitialized.
NOTE: Variable _VNW_ is uninitialized.
NOTE: Variable _TNW_ is uninitialized.
NOTE: Variable _VRFPE_ is uninitialized.
NOTE: Variable _TRFPE_ is uninitialized.
NOTE: Variable _TRMSE_ is uninitialized.
NOTE: Variable _VSBC_ is uninitialized.
NOTE: Variable _TSBC_ is uninitialized.
NOTE: Variable _TSUMW_ is uninitialized.
NOTE: Variable _TWRONG_ is uninitialized.
NOTE: Variable _TAUR_ is uninitialized.
NOTE: Variable _TGINI_ is uninitialized.
NOTE: Variable TKS is uninitialized.
NOTE: Variable _VKS_PROB_CUTOFF is uninitialized.
NOTE: Variable _TKS_PROB_CUTOFF is uninitialized.
NOTE: Variable _TKS_BIN_ is uninitialized.
NOTE: Variable _TBINNED_KS_PROB_CUTOFF_ is uninitialized.
NOTE: Variable _TGAIN_ is uninitialized.
NOTE: Variable _TLIFT_ is uninitialized.
NOTE: Variable _TLIFTC_ is uninitialized.
NOTE: Variable _TRESP_ is uninitialized.
NOTE: Variable _TRESPC_ is uninitialized.
NOTE: Variable _TCAP_ is uninitialized.
NOTE: Variable _TCAPC_ is uninitialized.
NOTE: There were 3 observations read from the data set EMWS6.MDLCOMP_EMOUTFIT.
NOTE: The data set EMWS6.MDLCOMP_EMREPORTFIT has 111 observations and 9 variables.
NOTE: DATA statement used (Total process time):
      real time           0.04 seconds
      cpu time            0.04 seconds
      


12226  proc print data=EMWS6.MdlComp_EMEVENTREPORT(drop=PARENT) noobs label;
12227  title9 "%sysfunc(sasmsg(sashelp.dmine, rpt_eventtable_title ,    NOQUOTE))";
12228  title10 "Model Selection based on Valid: Average Profit for TargetBuy (_VAPROF_)";
12229  run;

NOTE: There were 6 observations read from the data set EMWS6.MDLCOMP_EMEVENTREPORT.
NOTE: The PROCEDURE PRINT printed page 4.
NOTE: PROCEDURE PRINT used (Total process time):
      real time           0.00 seconds
      cpu time            0.00 seconds
      

12230  title9;
12231  title10;

12232  proc datasets library=EMWS6 nolist;
12233  modify MdlComp_EMRANK;
12234  label PARENT = "%sysfunc(sasmsg(sashelp.dmine, rpt_parent_vlabel  ,  NOQUOTE))" MODEL =
12234! "%sysfunc(sasmsg(sashelp.dmine, rpt_modelnode_vlabel, NOQUOTE))" DATAROLE =
12234! "%sysfunc(sasmsg(sashelp.dmine, rpt_datarole_vlabel,  NOQUOTE))" TARGET =
12235     "%sysfunc(sasmsg(sashelp.dmine, rpt_targetvar_vlabel, NOQUOTE))" TARGETLABEL =
12235! "%sysfunc(sasmsg(sashelp.dmine, meta_targetlabel_vlabel, NOQUOTE))";
12236  run;

NOTE: MODIFY was successful for EMWS6.MDLCOMP_EMRANK.DATA.

NOTE: PROCEDURE DATASETS used (Total process time):
      real time           0.07 seconds
      cpu time            0.06 seconds
      

12237  proc sort data=EMWS6.MdlComp_EMRANK NOTHREADS;
12238  by descending model target;
12239  run;

NOTE: There were 120 observations read from the data set EMWS6.MDLCOMP_EMRANK.
NOTE: The data set EMWS6.MDLCOMP_EMRANK has 120 observations and 59 variables.
NOTE: PROCEDURE SORT used (Total process time):
      real time           0.03 seconds
      cpu time            0.03 seconds
      

12240  proc datasets library=EMWS6 nolist;
12241  modify MdlComp_EMSCOREDIST;
12242  label PARENT = "%sysfunc(sasmsg(sashelp.dmine, rpt_parent_vlabel  ,  NOQUOTE))" MODEL =
12242! "%sysfunc(sasmsg(sashelp.dmine, rpt_modelnode_vlabel, NOQUOTE))" DATAROLE =
12242! "%sysfunc(sasmsg(sashelp.dmine, rpt_datarole_vlabel,  NOQUOTE))" TARGET =
12243     "%sysfunc(sasmsg(sashelp.dmine, rpt_targetvar_vlabel, NOQUOTE))" TARGETLABEL =
12243! "%sysfunc(sasmsg(sashelp.dmine, meta_targetlabel_vlabel, NOQUOTE))";
12244  run;

NOTE: MODIFY was successful for EMWS6.MDLCOMP_EMSCOREDIST.DATA.

NOTE: PROCEDURE DATASETS used (Total process time):
      real time           0.06 seconds
      cpu time            0.06 seconds
      

12245  proc sort data=EMWS6.MdlComp_EMSCOREDIST NOTHREADS;
12246  by descending model target;
12247  run;

NOTE: There were 90 observations read from the data set EMWS6.MDLCOMP_EMSCOREDIST.
NOTE: The data set EMWS6.MDLCOMP_EMSCOREDIST has 90 observations and 32 variables.
NOTE: PROCEDURE SORT used (Total process time):
      real time           0.00 seconds
      cpu time            0.00 seconds
      

12248  proc sort data=EMWS6.MdlComp_EMROC NOTHREADS;
12249  by descending model target;
12250  run;

NOTE: There were 506 observations read from the data set EMWS6.MDLCOMP_EMROC.
NOTE: The data set EMWS6.MDLCOMP_EMROC has 506 observations and 18 variables.
NOTE: PROCEDURE SORT used (Total process time):
      real time           0.01 seconds
      cpu time            0.01 seconds
      

