 
                                                                                               
 
 
Fit Statistics

Target=TargetBuy Target Label=' '

   Fit
Statistics    Statistics Label                    Train    Validation

 _AIC_        Akaike's Information Criterion    1543.01          .   
 _ASE_        Average Squared Error                0.13         0.14 
 _AVERR_      Average Error Function               0.41         0.45 
 _DFE_        Degrees of Freedom for Error      1839.00          .   
 _DFM_        Model Degrees of Freedom            15.00          .   
 _DFT_        Total Degrees of Freedom          1854.00          .   
 _DIV_        Divisor for ASE                   3708.00      3712.00 
 _ERR_        Error Function                    1513.01      1660.35 
 _FPE_        Final Prediction Error               0.13          .   
 _MAX_        Maximum Absolute Error               0.98         0.99 
 _MSE_        Mean Square Error                    0.13         0.14 
 _NOBS_       Sum of Frequencies                1854.00      1856.00 
 _NW_         Number of Estimate Weights          15.00          .   
 _RASE_       Root Average Sum of Squares          0.36         0.38 
 _RFPE_       Root Final Prediction Error          0.36          .   
 _RMSE_       Root Mean Squared Error              0.36         0.38 
 _SBC_        Schwarz's Bayesian Criterion      1625.89          .   
 _SSE_        Sum of Squared Errors              483.51       530.47 
 _SUMW_       Sum of Case Weights Times Freq    3708.00      3712.00 
 _MISC_       Misclassification Rate               0.19         0.20 
 
                                                                                               
 
 
Classification Table

Data Role=TRAIN Target Variable=TargetBuy Target Label=' '

                       Target        Outcome     Frequency       Total
Target    Outcome    Percentage    Percentage      Count      Percentage

  0          0         82.2362       86.1190        912         49.1909 
  1          0         17.7638       24.7799        197         10.6257 
  0          1         19.7315       13.8810        147          7.9288 
  1          1         80.2685       75.2201        598         32.2546 


Data Role=VALIDATE Target Variable=TargetBuy Target Label=' '

                       Target        Outcome     Frequency       Total
Target    Outcome    Percentage    Percentage      Count      Percentage

  0          0         81.3911       84.9199        901         48.5453 
  1          0         18.6089       25.9119        206         11.0991 
  0          1         21.3618       15.0801        160          8.6207 
  1          1         78.6382       74.0881        589         31.7349 
 
                                                                                               
 
 
Event Classification Table

Data Role=TRAIN Target=TargetBuy Target Label=' '

  False       True        False       True
Negative    Negative    Positive    Positive

   197         912         147         598  


Data Role=VALIDATE Target=TargetBuy Target Label=' '

  False       True        False       True
Negative    Negative    Positive    Positive

   206         901         160         589  
 
                                                                                               
 
 
Assessment Score Rankings

Data Role=TRAIN Target Variable=TargetBuy Target Label=' '

                                                                                    Mean
                            Cumulative       %      Cumulative     Number of     Posterior
Depth      Gain     Lift       Lift      Response   % Response   Observations   Probability

   5    133.208   2.33208     2.33208     100.000     100.000         93          0.98697  
  10    131.954   2.30700     2.31954      98.925      99.462         93          0.95481  
  15    128.192   2.20670     2.28192      94.624      97.849         93          0.90941  
  20    118.750   1.90115     2.18750      81.522      93.801         92          0.85461  
  25    113.103   1.90578     2.13103      81.720      91.379         93          0.79441  
  30    103.062   1.52964     2.03062      65.591      87.074         93          0.71918  
  35     95.118   1.47022     1.95118      63.043      83.667         92          0.63864  
  40     87.635   1.35411     1.87635      58.065      80.458         93          0.55127  
  45     77.908   1.00304     1.77908      43.011      76.287         93          0.46536  
  50     69.560   0.93790     1.69560      40.217      72.708         92          0.39218  
  55     60.730   0.72721     1.60730      31.183      68.922         93          0.32554  
  60     52.119   0.57675     1.52119      24.731      65.229         93          0.26828  
  65     43.676   0.42629     1.43676      18.280      61.609         93          0.20936  
  70     36.008   0.35488     1.36008      15.217      58.320         92          0.15920  
  75     28.423   0.22568     1.28423       9.677      55.068         93          0.11696  
  80     21.790   0.22568     1.21790       9.677      52.224         93          0.08240  
  85     15.568   0.15209     1.15568       6.522      49.556         92          0.06016  
  90      9.967   0.15046     1.09967       6.452      47.154         93          0.04364  
  95      5.089   0.17553     1.05089       7.527      45.062         93          0.02736  
 100      0.000   0.02535     1.00000       1.087      42.880         92          0.01139  


Data Role=VALIDATE Target Variable=TargetBuy Target Label=' '

                                                                                    Mean
                            Cumulative       %      Cumulative     Number of     Posterior
Depth      Gain     Lift       Lift      Response   % Response   Observations   Probability

   5    133.459   2.33459     2.33459     100.000     100.000         93          0.98692  
  10    132.204   2.30949     2.32204      98.925      99.462         93          0.94900  
  15    125.091   2.10866     2.25091      90.323      96.416         93          0.90390  
  20    117.142   1.93294     2.17142      82.796      93.011         93          0.84825  
  25    108.805   1.75094     2.08805      75.000      89.440         92          0.78098  
  30    100.347   1.58150     2.00347      67.742      85.817         93          0.70859  
  35     93.951   1.55639     1.93951      66.667      83.077         93          0.62274  
  40     84.128   1.15474     1.84128      49.462      78.869         93          0.54929  
  45     73.977   0.92882     1.73977      39.785      74.522         93          0.46301  
  50     63.522   0.68515     1.63522      29.348      70.043         92          0.39310  
  55     53.886   0.57737     1.53886      24.731      65.916         93          0.32022  
  60     46.069   0.60248     1.46069      25.806      62.567         93          0.25980  
  65     39.843   0.65268     1.39843      27.957      59.901         93          0.20264  
  70     33.431   0.50206     1.33431      21.505      57.154         93          0.15402  
  75     26.457   0.27914     1.26457      11.957      54.167         92          0.11949  
  80     20.110   0.25103     1.20110      10.753      51.448         93          0.08862  
  85     14.362   0.22593     1.14362       9.677      48.986         93          0.06358  
  90      9.255   0.22593     1.09255       9.677      46.798         93          0.04118  
  95      4.421   0.17572     1.04421       7.527      44.728         93          0.02582  
 100      0.000   0.15226     1.00000       6.522      42.834         92          0.01129  
 
                                                                                               
 
 
Assessment Score Distribution

Data Role=TRAIN Target Variable=TargetBuy Target Label=' '

 Posterior     Number                     Mean
Probability      of      Number of     Posterior
   Range       Events    Nonevents    Probability    Percentage

 0.95-1.00       151          1         0.97717         8.1985 
 0.90-0.95        97          3         0.92595         5.3937 
 0.85-0.90        73          7         0.87386         4.3150 
 0.80-0.85        59         17         0.82806         4.0992 
 0.75-0.80        48         13         0.77820         3.2902 
 0.70-0.75        42         23         0.72701         3.5059 
 0.65-0.70        33         19         0.67624         2.8047 
 0.60-0.65        42         23         0.62536         3.5059 
 0.55-0.60        29         14         0.57546         2.3193 
 0.50-0.55        24         27         0.52605         2.7508 
 0.45-0.50        27         31         0.47717         3.1284 
 0.40-0.45        28         42         0.42551         3.7756 
 0.35-0.40        25         38         0.37454         3.3981 
 0.30-0.35        25         51         0.32486         4.0992 
 0.25-0.30        20         66         0.27507         4.6386 
 0.20-0.25        13         61         0.22576         3.9914 
 0.15-0.20        18         80         0.17459         5.2859 
 0.10-0.15        12        107         0.12316         6.4186 
 0.05-0.10        17        182         0.07039        10.7335 
 0.00-0.05        12        254         0.02646        14.3474 


Data Role=VALIDATE Target Variable=TargetBuy Target Label=' '

 Posterior     Number                     Mean
Probability      of      Number of     Posterior
   Range       Events    Nonevents    Probability    Percentage

 0.95-1.00       140          0         0.97789         7.5431 
 0.90-0.95        98          3         0.92435         5.4418 
 0.85-0.90        71         10         0.87717         4.3642 
 0.80-0.85        57         16         0.82576         3.9332 
 0.75-0.80        51         20         0.77109         3.8254 
 0.70-0.75        39         16         0.72350         2.9634 
 0.65-0.70        30         21         0.67613         2.7478 
 0.60-0.65        38         17         0.62602         2.9634 
 0.55-0.60        38         32         0.57574         3.7716 
 0.50-0.55        27         25         0.52727         2.8017 
 0.45-0.50        23         28         0.47703         2.7478 
 0.40-0.45        22         52         0.42431         3.9871 
 0.35-0.40        18         46         0.37493         3.4483 
 0.30-0.35        17         52         0.32087         3.7177 
 0.25-0.30        22         50         0.27509         3.8793 
 0.20-0.25        24         65         0.22485         4.7953 
 0.15-0.20        19         76         0.17224         5.1185 
 0.10-0.15        20        115         0.12492         7.2737 
 0.05-0.10        19        162         0.07512         9.7522 
 0.00-0.05        22        255         0.02606        14.9246 
