*------------------------------------------------------------*
* Score Log
Date:                May 09, 2018
Time:                15:11:48
*------------------------------------------------------------*
11819  proc transpose data=EMWS4.Reg7_EMESTIMATE out=WORK.TEMPREG;
11820  where _CHOSEN_ ne '' and _TYPE_='PARMS';
11821  run;

NOTE: There were 1 observations read from the data set EMWS4.REG7_EMESTIMATE.
      WHERE (_CHOSEN_ not = ' ') and (_TYPE_='PARMS');
NOTE: The data set WORK.TEMPREG has 75 observations and 3 variables.
NOTE: PROCEDURE TRANSPOSE used (Total process time):
      real time           0.03 seconds
      cpu time            0.03 seconds
      

11822  proc transpose data=EMWS4.Reg7_MAPDS out=WORK.TEMPREG2(rename=(TARGET=_TARGET_));
11823  var "AffluenceGrade"n--"TotalSpend"n;
11824  run;

WARNING: The variable TARGET in the DROP, KEEP, or RENAME list has never been referenced.
NOTE: There were 2 observations read from the data set EMWS4.REG7_MAPDS.
NOTE: The data set WORK.TEMPREG2 has 41 observations and 4 variables.
NOTE: PROCEDURE TRANSPOSE used (Total process time):
      real time           0.01 seconds
      cpu time            0.01 seconds
      

11825  proc sort data=WORK.TEMPREG NOTHREADS;
11826  by _NAME_;
11827  run;

NOTE: There were 75 observations read from the data set WORK.TEMPREG.
NOTE: The data set WORK.TEMPREG has 75 observations and 3 variables.
NOTE: PROCEDURE SORT used (Total process time):
      real time           0.01 seconds
      cpu time            0.01 seconds
      

11828  proc sort data=WORK.TEMPREG2 NOTHREADS;
11829  by _NAME_;
11830  run;

NOTE: There were 41 observations read from the data set WORK.TEMPREG2.
NOTE: The data set WORK.TEMPREG2 has 41 observations and 4 variables.
NOTE: PROCEDURE SORT used (Total process time):
      real time           0.03 seconds
      cpu time            0.03 seconds
      

11831  data WORK.TEMPREG3;
11832  merge WORK.TEMPREG(in=ina) WORK.TEMPREG2(in=inb);
11833  by _NAME_;
11834  if (ina and inb) and TargetBuy ne . then output;
11835  run;

NOTE: There were 75 observations read from the data set WORK.TEMPREG.
NOTE: There were 41 observations read from the data set WORK.TEMPREG2.
NOTE: The data set WORK.TEMPREG3 has 14 observations and 5 variables.
NOTE: DATA statement used (Total process time):
      real time           0.01 seconds
      cpu time            0.01 seconds
      

11836  data WORK.TEMPREG3(KEEP=TERM);
11837  length term $32;
11838  set WORK.TEMPREG3;
11839  i=1;
11840  do while( scan(input , i, '*') ne '' );
11841  term= scan(input , i, '*');
11842  i=i+1;
11843  output;
11844  end;
11845  run;

NOTE: There were 14 observations read from the data set WORK.TEMPREG3.
NOTE: The data set WORK.TEMPREG3 has 14 observations and 1 variables.
NOTE: DATA statement used (Total process time):
      real time           0.03 seconds
      cpu time            0.03 seconds
      

11846  proc sort data=WORK.TEMPREG3 nodupkey NOTHREADS;
11847  by TERM;
11848  run;

NOTE: There were 14 observations read from the data set WORK.TEMPREG3.
NOTE: 6 observations with duplicate key values were deleted.
NOTE: The data set WORK.TEMPREG3 has 8 observations and 1 variables.
NOTE: PROCEDURE SORT used (Total process time):
      real time           0.01 seconds
      cpu time            0.01 seconds
      

11849  filename emflow "D:\Nida\Data mining\datamining\BOGO\Workspaces\EMWS4\Reg7\EMFLOWSCORE.sas";
11850  *------------------------------------------------------------*;
11851  * Reg7: Scoring DATA data;
11852  *------------------------------------------------------------*;
11853  data EMWS4.Reg7_TRAIN
11854  / view=EMWS4.Reg7_TRAIN
11855  ;
11856  set EMWS4.Impt5_TRAIN
11857  ;
11858  %inc emflow;
12185  run;

NOTE: DATA STEP view saved on file EMWS4.REG7_TRAIN.
NOTE: A stored DATA STEP view cannot run under a different operating system.
NOTE: View EMWS4.IMPT5_TRAIN.VIEW used (Total process time):
      real time           0.09 seconds
      cpu time            0.09 seconds
      
NOTE: DATA statement used (Total process time):
      real time           0.10 seconds
      cpu time            0.11 seconds
      

12186  quit;
12187  filename emflow;
NOTE: Fileref EMFLOW has been deassigned.

12188  filename emflow "D:\Nida\Data mining\datamining\BOGO\Workspaces\EMWS4\Reg7\EMFLOWSCORE.sas";
12189  *------------------------------------------------------------*;
12190  * Reg7: Scoring VALIDATE data;
12191  *------------------------------------------------------------*;
12192  data EMWS4.Reg7_VALIDATE
12193  / view=EMWS4.Reg7_VALIDATE
12194  ;
12195  set EMWS4.Impt5_VALIDATE
12196  ;
12197  %inc emflow;
12524  run;

NOTE: DATA STEP view saved on file EMWS4.REG7_VALIDATE.
NOTE: A stored DATA STEP view cannot run under a different operating system.
NOTE: View EMWS4.IMPT5_VALIDATE.VIEW used (Total process time):
      real time           0.06 seconds
      cpu time            0.06 seconds
      
NOTE: DATA statement used (Total process time):
      real time           0.06 seconds
      cpu time            0.06 seconds
      

12525  quit;
12526  filename emflow;
NOTE: Fileref EMFLOW has been deassigned.

12527  *------------------------------------------------------------*;
12528  * Reg7: Computing metadata for TRAIN data;
12529  *------------------------------------------------------------*;

NOTE: View EMWS4.REG7_TRAIN.VIEW used (Total process time):
      real time           0.09 seconds
      cpu time            0.09 seconds
      
12890  data EMWS4.Reg7_EMINFO;
12891  length TARGET KEY $32 DATA $43;
12892  input TARGET KEY DATA $;
12893  cards;

NOTE: The data set EMWS4.REG7_EMINFO has 3 observations and 3 variables.
NOTE: DATA statement used (Total process time):
      real time           0.00 seconds
      cpu time            0.00 seconds
      

12897  run;
12898  proc sort data = EMWS4.Reg7_EMINFO NOTHREADS;
12899  by TARGET KEY;
12900  run;

NOTE: There were 3 observations read from the data set EMWS4.REG7_EMINFO.
NOTE: The data set EMWS4.REG7_EMINFO has 3 observations and 3 variables.
NOTE: PROCEDURE SORT used (Total process time):
      real time           0.01 seconds
      cpu time            0.01 seconds
      

12901  proc sort data = EMWS4.Ids_EMINFO OUT=WORK.SORTEDEMINFO NOTHREADS;
12902  by TARGET KEY;
12903  run;

NOTE: There were 3 observations read from the data set EMWS4.IDS_EMINFO.
NOTE: The data set WORK.SORTEDEMINFO has 3 observations and 3 variables.
NOTE: PROCEDURE SORT used (Total process time):
      real time           0.01 seconds
      cpu time            0.01 seconds
      

12904  proc sort data = EMWS4.Reg7_EMINFO OUT=WORK.TEMP_INFO NOTHREADS;
12905  by TARGET KEY;
12906  run;

NOTE: Input data set is already sorted; it has been copied to the output data set.
NOTE: There were 3 observations read from the data set EMWS4.REG7_EMINFO.
NOTE: The data set WORK.TEMP_INFO has 3 observations and 3 variables.
NOTE: PROCEDURE SORT used (Total process time):
      real time           0.00 seconds
      cpu time            0.00 seconds
      

12907  data EMWS4.Reg7_EMINFO;
12908  merge WORK.SORTEDEMINFO WORK.TEMP_INFO;
12909  by TARGET KEY;
12910  run;

NOTE: There were 3 observations read from the data set WORK.SORTEDEMINFO.
NOTE: There were 3 observations read from the data set WORK.TEMP_INFO.
NOTE: The data set EMWS4.REG7_EMINFO has 4 observations and 3 variables.
NOTE: DATA statement used (Total process time):
      real time           0.01 seconds
      cpu time            0.01 seconds
      

12911  proc datasets lib=work nolist;
12912  delete TEMP_INFO SORTEDEMINFO;
12913  run;

NOTE: Deleting WORK.TEMP_INFO (memtype=DATA).
NOTE: Deleting WORK.SORTEDEMINFO (memtype=DATA).
12914  quit;

NOTE: PROCEDURE DATASETS used (Total process time):
      real time           0.01 seconds
      cpu time            0.01 seconds
      

NOTE: View EMWS4.REG7_TRAIN.VIEW used (Total process time):
      real time           0.12 seconds
      cpu time            0.12 seconds
      
NOTE: View EMWS4.REG7_VALIDATE.VIEW used (Total process time):
      real time           0.10 seconds
      cpu time            0.11 seconds
      
