*------------------------------------------------------------*
* Training Log
Date:                May 09, 2018
Time:                15:11:44
*------------------------------------------------------------*
11406  proc freq data=EMWS4.Reg7_VariableSet noprint;
11407  table ROLE*LEVEL/out=WORK.Reg7META;
11408  run;

NOTE: There were 28 observations read from the data set EMWS4.REG7_VARIABLESET.
NOTE: The data set WORK.REG7META has 6 observations and 4 variables.
NOTE: PROCEDURE FREQ used (Total process time):
      real time           0.04 seconds
      cpu time            0.03 seconds
      

11409  proc print data=WORK.Reg7META label noobs;
11410  var ROLE LEVEL COUNT;
11411  label ROLE = "%sysfunc(sasmsg(sashelp.dmine, meta_role_vlabel, NOQUOTE))" LEVEL = "%sysfunc(sasmsg(sashelp.dmine, meta_level_vlabel, NOQUOTE))" COUNT = "%sysfunc(sasmsg(sashelp.dmine, rpt_count_vlabel, NOQUOTE))";
11412  title9 ' ';
11413  title10 "%sysfunc(sasmsg(sashelp.dmine, rpt_varSummary_title  , NOQUOTE))";
11414  run;

NOTE: There were 6 observations read from the data set WORK.REG7META.
NOTE: The PROCEDURE PRINT printed page 1.
NOTE: PROCEDURE PRINT used (Total process time):
      real time           0.04 seconds
      cpu time            0.04 seconds
      

11415  title10;

11416  %let EMNORLEN = %DMNORLEN;
EMWS4.Impt5_TRAIN EMWS4.Impt5_TRAIN 
EMWS4.Impt5_TRAIN EMWS4.Impt5_TRAIN EMWS4 Impt5_TRAIN 
EMWS4.Impt5_TRAIN EMWS4.Impt5_TRAIN 
EMWS4.Impt5_TRAIN EMWS4.Impt5_TRAIN EMWS4 Impt5_TRAIN 
Executing  SASHELP.EMCORE.EMINFOITERATOR.SCL _INIT >> 
Executing  SASHELP.EMCORE.EMINFOITERATOR.SCL setMetaData >> 
Executing  SASHELP.EMCORE.EMINFOITERATOR.SCL next >> 
Executing  SASHELP.EMCORE.EMINFOITERATOR.SCL next >> 
Executing  SASHELP.EMCORE.EMINFOITERATOR.SCL setMetaData >> 
Executing  SASHELP.EMCORE.EMINFOITERATOR.SCL next >> 
Executing  SASHELP.EMCORE.EMINFOITERATOR.SCL next >> 
Executing  SASHELP.EMCORE.EMINFOITERATOR.SCL _term >> 
11445  data WORK.Reg7_EVENT(KEEP=VARIABLE LABEL LEVEL EVENT NUMLEVELS ORDER);
11446  length ORDER $20;
11447  label VARIABLE = "%sysfunc(sasmsg(sashelp.dmine, rpt_target_vlabel,  NOQUOTE))" EVENT = "%sysfunc(sasmsg(sashelp.dmine, assmt_event_vlabel, NOQUOTE))" NUMLEVELS = "%sysfunc(sasmsg(sashelp.dmine, rpt_numcat_vlabel, NOQUOTE))" LEVEL =
11448     "%sysfunc(sasmsg(sashelp.dmine, meta_level_vlabel, NOQUOTE))" ORDER = "%sysfunc(sasmsg(sashelp.dmine, meta_order_vlabel, NOQUOTE))" LABEL = "%sysfunc(sasmsg(sashelp.dmine, meta_label_vlabel, NOQUOTE))";
11449  set EMWS4.IDS_TARGETBUY_DM( where=(_TYPE_="TARGET"));
11450  NumLevels=2;
11451  select(upcase(ORDER));
11452  when('DESC') ORDER = 'Descending';
11453  when('ASC') ORDER = 'Ascending';
11454  when('FMTDESC') ORDER = 'Formatted Descending';
11455  when('FMTASC') ORDER = 'Formatted Ascending';
11456  otherwise ORDER = 'Descending';
11457  end;
11458  output;
11459  run;

NOTE: There were 1 observations read from the data set EMWS4.IDS_TARGETBUY_DM.
      WHERE _TYPE_='TARGET';
NOTE: The data set WORK.REG7_EVENT has 1 observations and 6 variables.
NOTE: DATA statement used (Total process time):
      real time           0.03 seconds
      cpu time            0.03 seconds
      

11460  title9 ' ';
11461  proc print data=WORK.Reg7_EVENT noobs label;
11462  var VARIABLE EVENT LEVEL NUMLEVELS ORDER LABEL;
11463  title9 ' ';
11464  title10 "%sysfunc(sasmsg(sashelp.dmine, rpt_modelEvent_title  , NOQUOTE))";
11465  run;

NOTE: There were 1 observations read from the data set WORK.REG7_EVENT.
NOTE: The PROCEDURE PRINT printed page 2.
NOTE: PROCEDURE PRINT used (Total process time):
      real time           0.01 seconds
      cpu time            0.01 seconds
      

11466  title10;

"No decisions defined for target "TargetBuy"." 
11467  proc print data = EMWS4.Ids_TargetBuy_DM noobs label;
11468  var _type_ variable label;
11469  where _type_ ^in('MATRIX', 'DECISION', 'TRAINPRIOR', 'DATAPRIOR', 'DECPRIOR');
11470  label _TYPE_ = "%sysfunc(sasmsg(sashelp.dmine, rpt_type_vlabel,     NOQUOTE))" VARIABLE = "%sysfunc(sasmsg(sashelp.dmine, rpt_variable_vlabel, NOQUOTE))" LABEL = "%sysfunc(sasmsg(sashelp.dmine, meta_label_vlabel, NOQUOTE))";
11471  title9 ' ';
11472  title10 "%sysfunc(sasmsg(sashelp.dmine, rpt_predDecVars_title  , NOQUOTE))";
11473  run;

NOTE: There were 7 observations read from the data set EMWS4.IDS_TARGETBUY_DM.
      WHERE _type_ not in ('DATAPRIOR', 'DECISION', 'DECPRIOR', 'MATRIX', 'TRAINPRIOR');
NOTE: The PROCEDURE PRINT printed page 3.
NOTE: PROCEDURE PRINT used (Total process time):
      real time           0.01 seconds
      cpu time            0.01 seconds
      

11474  title10;

11484  data WORK.M2GGM4WX;
11485  set WORK.M2GGM4WX end=eof;
11486  output;
11487  if eof then do;
11488  NAME="";
11489  ROLE="COST";
11490  LEVEL="INTERVAL";
11491  TYPE="N";
11492  output;
11493  end;
11494  run;

NOTE: There were 19 observations read from the data set WORK.M2GGM4WX.
NOTE: The data set WORK.M2GGM4WX has 20 observations and 21 variables.
NOTE: DATA statement used (Total process time):
      real time           0.01 seconds
      cpu time            0.01 seconds
      

NOTE: There were 2 observations read from the data set EMWS4.IDS_TARGETBUY_DD.
NOTE: The data set WORK.TARGETBUY has 2 observations and 7 variables.
NOTE: There were 2 observations read from the data set EMWS4.IDS_TARGETBUY_DD.
NOTE: The data set WORK.TARGETBUY has 2 observations and 7 variables.
11495  *------------------------------------------------------------*;
11496  * Reg7: Create decision matrix;
11497  *------------------------------------------------------------*;
11498  data WORK.TargetBuy;
11499    length   TargetBuy                        $  32
11500             COUNT                                8
11501             DATAPRIOR                            8
11502             TRAINPRIOR                           8
11503             DECPRIOR                             8
11504             DECISION1                            8
11505             DECISION2                            8
11506             ;
11507  
11508    label    COUNT="Level Counts"
11509             DATAPRIOR="Data Proportions"
11510             TRAINPRIOR="Training Proportions"
11511             DECPRIOR="Decision Priors"
11512             DECISION1="1"
11513             DECISION2="0"
11514             ;
11515    format   COUNT 10.
11516             ;
11517  TargetBuy="1"; COUNT=5799; DATAPRIOR=0.2521304347826; TRAINPRIOR=0.2521304347826; DECPRIOR=.; DECISION1=1; DECISION2=0;
11518  output;
11519  TargetBuy="0"; COUNT=17201; DATAPRIOR=0.74786956521739; TRAINPRIOR=0.74786956521739; DECPRIOR=.; DECISION1=0; DECISION2=1;
11520  output;
11521  ;
11522  run;

NOTE: The data set WORK.TARGETBUY has 2 observations and 7 variables.
NOTE: DATA statement used (Total process time):
      real time           0.01 seconds
      cpu time            0.01 seconds
      

11523  proc datasets lib=work nolist;
11524  modify TargetBuy(type=PROFIT label=TargetBuy);
11525  label DECISION1= '1';
11526  label DECISION2= '0';
11527  run;

NOTE: MODIFY was successful for WORK.TARGETBUY.DATA.
11528  quit;

NOTE: PROCEDURE DATASETS used (Total process time):
      real time           0.01 seconds
      cpu time            0.00 seconds
      

11529  data EM_DMREG / view=EM_DMREG;
11530  set EMWS4.Impt5_TRAIN(keep=
11531  AffluenceGrade CampaignViewedEmail CleanserProducts DayCareProducts
11532  FacebookLike LotionProducts LoyaltyClass MobileApplications NightRepairProducts
11533  PreviousCampaign REP_AdvertisementZone REP_Age REP_ClusterGroup REP_Gender
11534  REP_LoyaltyTime REP_Region TargetBuy TimeSinceLastPurchase TotalSpend );
11535  run;

NOTE: DATA STEP view saved on file WORK.EM_DMREG.
NOTE: A stored DATA STEP view cannot run under a different operating system.
NOTE: View EMWS4.IMPT5_TRAIN.VIEW used (Total process time):
      real time           0.06 seconds
      cpu time            0.06 seconds
      
NOTE: DATA statement used (Total process time):
      real time           0.06 seconds
      cpu time            0.06 seconds
      

11536  *------------------------------------------------------------* ;
11537  * Reg7: DMDBClass Macro ;
11538  *------------------------------------------------------------* ;
11539  %macro DMDBClass;
11540      CampaignViewedEmail(ASC) FacebookLike(ASC) LoyaltyClass(ASC)
11541     MobileApplications(ASC) PreviousCampaign(ASC) REP_AdvertisementZone(ASC)
11542     REP_ClusterGroup(ASC) REP_Gender(ASC) REP_Region(ASC) TargetBuy(DESC)
11543  %mend DMDBClass;
11544  *------------------------------------------------------------* ;
11545  * Reg7: DMDBVar Macro ;
11546  *------------------------------------------------------------* ;
11547  %macro DMDBVar;
11548      AffluenceGrade CleanserProducts DayCareProducts LotionProducts
11549     NightRepairProducts REP_Age REP_LoyaltyTime TimeSinceLastPurchase TotalSpend
11550  %mend DMDBVar;
11551  *------------------------------------------------------------*;
11552  * Reg7: Create DMDB;
11553  *------------------------------------------------------------*;
11554  proc dmdb batch data=WORK.EM_DMREG
11555  dmdbcat=WORK.Reg7_DMDB
11556  maxlevel = 513
11557  ;
11558  class %DMDBClass;
11559  var %DMDBVar;
11560  target
11561  TargetBuy
11562  ;
11563  run;

NOTE: Records processed = 1854   Memory used = 511K.
NOTE: There were 1854 observations read from the data set EMWS4.PART7_TRAIN.
NOTE: View WORK.EM_DMREG.VIEW used (Total process time):
      real time           0.10 seconds
      cpu time            0.09 seconds
      
NOTE: There were 1854 observations read from the data set EMWS4.IMPT5_TRAIN.
NOTE: There were 1854 observations read from the data set WORK.EM_DMREG.
NOTE: PROCEDURE DMDB used (Total process time):
      real time           0.10 seconds
      cpu time            0.09 seconds
      

11564  quit;
11565  *--- end code ---*;

11566  *------------------------------------------------------------*;
11567  * Reg7: Run DMREG procedure;
11568  *------------------------------------------------------------*;
11569  proc dmreg data=EM_DMREG dmdbcat=WORK.Reg7_DMDB
11570  validata = EMWS4.Impt5_VALIDATE
11571  outest = EMWS4.Reg7_EMESTIMATE
11572  outterms = EMWS4.Reg7_OUTTERMS
11573  outmap= EMWS4.Reg7_MAPDS namelen=200
11574  ;
11575  class
11576  TargetBuy
11577  CampaignViewedEmail
11578  FacebookLike
11579  LoyaltyClass
11580  MobileApplications
11581  PreviousCampaign
11582  REP_AdvertisementZone
11583  REP_ClusterGroup
11584  REP_Gender
11585  REP_Region
11586  ;
11587  model TargetBuy =
11588  AffluenceGrade
11589  CampaignViewedEmail
11590  CleanserProducts
11591  DayCareProducts
11592  FacebookLike
11593  LotionProducts
11594  LoyaltyClass
11595  MobileApplications
11596  NightRepairProducts
11597  PreviousCampaign
11598  REP_AdvertisementZone
11599  REP_Age
11600  REP_ClusterGroup
11601  REP_Gender
11602  REP_LoyaltyTime
11603  REP_Region
11604  TimeSinceLastPurchase
11605  TotalSpend
11606  /error=binomial link=LOGIT
11607  coding=DEVIATION
11608  nodesignprint
11609  selection=STEPWISE choose=NONE
11610  Hierarchy=CLASS
11611  Rule=NONE
11612  ;
11613  ;
11614  code file="D:\Nida\Data mining\datamining\BOGO\Workspaces\EMWS4\Reg7\EMPUBLISHSCORE.sas"
11615  group=Reg7
11616  ;
11617  code file="D:\Nida\Data mining\datamining\BOGO\Workspaces\EMWS4\Reg7\EMFLOWSCORE.sas"
11618  group=Reg7
11619  residual
11620  ;
11621  run;


NOTE: PROC DMREG is modeling the probability that TargetBuy='1'.
NOTE: Convergence criterion (ABSGCONV=0.00001) satisfied.
NOTE: Convergence criterion (GCONV=1E-6) satisfied.
NOTE: Convergence criterion (GCONV=1E-6) satisfied.
NOTE: Convergence criterion (GCONV=1E-6) satisfied.
NOTE: Convergence criterion (GCONV=1E-6) satisfied.
NOTE: Convergence criterion (GCONV=1E-6) satisfied.
NOTE: Convergence criterion (GCONV=1E-6) satisfied.
NOTE: Convergence criterion (GCONV=1E-6) satisfied.
NOTE: Convergence criterion (GCONV=1E-6) satisfied.
NOTE: External file D:\Nida\Data mining\datamining\BOGO\Workspaces\EMWS4\Reg7\EMPUBLISHSCORE.sas opened.
NOTE: External file D:\Nida\Data mining\datamining\BOGO\Workspaces\EMWS4\Reg7\EMFLOWSCORE.sas opened.
NOTE: View EMWS4.IMPT5_VALIDATE.VIEW used (Total process time):
      real time           0.71 seconds
      cpu time            0.68 seconds
      
NOTE: There were 1856 observations read from the data set EMWS4.PART7_VALIDATE.
NOTE: There were 1854 observations read from the data set EMWS4.PART7_TRAIN.
NOTE: View WORK.EM_DMREG.VIEW used (Total process time):
      real time           0.82 seconds
      cpu time            0.79 seconds
      
NOTE: There were 1854 observations read from the data set EMWS4.IMPT5_TRAIN.
NOTE: There were 1854 observations read from the data set WORK.EM_DMREG.
NOTE: There were 1856 observations read from the data set EMWS4.IMPT5_VALIDATE.
NOTE: The data set EMWS4.REG7_EMESTIMATE has 30 observations and 78 variables.
NOTE: The data set EMWS4.REG7_OUTTERMS has 15 observations and 6 variables.
NOTE: The data set EMWS4.REG7_MAPDS has 2 observations and 43 variables.
NOTE: The PROCEDURE DMREG printed pages 4-13.
NOTE: PROCEDURE DMREG used (Total process time):
      real time           0.89 seconds
      cpu time            0.82 seconds
      

11622  quit;

11623  proc datasets lib=WORK nolist;
11624  delete Reg7_DMDB;
11625  run;

NOTE: The file WORK.REG7_DMDB (memtype=DATA) was not found, but appears on a DELETE statement.
11626  quit;

NOTE: PROCEDURE DATASETS used (Total process time):
      real time           0.00 seconds
      cpu time            0.00 seconds
      

11627  proc datasets lib=WORK nolist;
11628  delete Reg7_DMDB / memtype=catalog;
11629  run;

NOTE: Deleting WORK.REG7_DMDB (memtype=CATALOG).
11630  quit;

NOTE: PROCEDURE DATASETS used (Total process time):
      real time           0.00 seconds
      cpu time            0.00 seconds
      

11631  data WORK.ESTIMATE;
11632  length _NAME_ $32;
11633  set EMWS4.Reg7_EMESTIMATE;
11634  drop _AIC_--_VMISC_
11635  ;
11636  where _CHOSEN_ ne '' and _TYPE_ in('PARMS', 'T', 'P');
11637  drop _STEP_ _CHOSEN_;
11638  select(_TYPE_);
11639  when('PARMS') _NAME_='Coefficient';
11640  when('T') _NAME_='tValue';
11641  when('P') _NAME_='PValue';
11642  otherwise;
11643  end;
11644  run;

NOTE: There were 3 observations read from the data set EMWS4.REG7_EMESTIMATE.
      WHERE (_CHOSEN_ not = ' ') and _TYPE_ in ('P', 'PARMS', 'T');
NOTE: The data set WORK.ESTIMATE has 3 observations and 44 variables.
NOTE: DATA statement used (Total process time):
      real time           0.01 seconds
      cpu time            0.01 seconds
      

11645  proc transpose data=WORK.ESTIMATE out=WORK.ESTIMATE(rename=(_NAME_=Effect));
11646  run;

NOTE: There were 3 observations read from the data set WORK.ESTIMATE.
NOTE: The data set WORK.ESTIMATE has 42 observations and 5 variables.
NOTE: PROCEDURE TRANSPOSE used (Total process time):
      real time           0.01 seconds
      cpu time            0.01 seconds
      

11647  proc transpose data=EMWS4.Reg7_MAPDS out=WORK.MAP(rename=(_NAME_=Effect INPUT=Variable
11648  ));
11649  var 'AffluenceGrade'n--'TotalSpend'n;
11650  run;

NOTE: There were 2 observations read from the data set EMWS4.REG7_MAPDS.
NOTE: The data set WORK.MAP has 41 observations and 4 variables.
NOTE: PROCEDURE TRANSPOSE used (Total process time):
      real time           0.01 seconds
      cpu time            0.01 seconds
      

11651  proc sort data=WORK.MAP;
11652  by Effect;
11653  run;

NOTE: There were 41 observations read from the data set WORK.MAP.
NOTE: The data set WORK.MAP has 41 observations and 4 variables.
NOTE: PROCEDURE SORT used (Total process time):
      real time           0.01 seconds
      cpu time            0.01 seconds
      

11654  proc sort data=WORK.ESTIMATE;
11655  by Effect;
11656  run;

NOTE: There were 42 observations read from the data set WORK.ESTIMATE.
NOTE: The data set WORK.ESTIMATE has 42 observations and 5 variables.
NOTE: PROCEDURE SORT used (Total process time):
      real time           0.01 seconds
      cpu time            0.01 seconds
      

11657  data EMWS4.Reg7_EFFECTS(rename=(_LABEL_=EffectLabel));
11658  length Variable ClassLevel $32;
11659  merge WORK.ESTIMATE WORK.MAP;
11660  by Effect;
11661  label Effect = "%sysfunc(sasmsg(sashelp.dmine, rpt_effect_vlabel, NOQUOTE))" Variable = "%sysfunc(sasmsg(sashelp.dmine, rpt_variable_vlabel, NOQUOTE))" Sign = "%sysfunc(sasmsg(sashelp.dmine, rpt_sign_vlabel, NOQUOTE))" ClassLevel =
11662     "%sysfunc(sasmsg(sashelp.dmine, rpt_level_vlabel, NOQUOTE))" Abscoefficient = "%sysfunc(sasmsg(sashelp.dmine, rpt_abscoefficient_vlabel, NOQUOTE))" Coefficient = "%sysfunc(sasmsg(sashelp.dmine, rpt_coefficient_vlabel, NOQUOTE))" _LABEL_ =
11663     "%sysfunc(sasmsg(sashelp.dmine, rpt_effectLabel_vlabel, NOQUOTE))" CODE = "%sysfunc(sasmsg(sashelp.dmine, rpt_scorecodevar_vlabel, NOQUOTE))";
11664  label tvalue = "%sysfunc(sasmsg(sashelp.dmine, rpt_tvalue_vlabel,         NOQUOTE))" abstvalue = "%sysfunc(sasmsg(sashelp.dmine, rpt_absoluteTvalue_vlabel, NOQUOTE))" PValue = "%sysfunc(sasmsg(sashelp.dmine, rpt_pvalue_vlabel,         NOQUOTE))";
11665  abstvalue = abs(tValue);
11666  if index(Effect, 'Intercept') then do;
11667  variable = 'Intercept';
11668  classLevel = scan(_LABEL_, 2, '=');
11669  end;
11670  if ^indexc(variable, '*') then do;
11671  if length(effect)>length(variable) then classlevel = substr(Effect, length(variable)+1);
11672  end;
11673  if Effect eq '' then Effect = Variable;
11674  if coefficient < 0 then sign = '-';
11675  else sign = '+';
11676  abscoefficient = abs(coefficient);
11677  if _LABEL_ = '' then _LABEL_ = Effect;
11678  if coefficient ne . then output;
11679  run;

NOTE: Missing values were generated as a result of performing an operation on missing values.
      Each place is given by: (Number of times) at (Line):(Column).
      27 at 11665:13   27 at 11676:18   
NOTE: There were 42 observations read from the data set WORK.ESTIMATE.
NOTE: There were 41 observations read from the data set WORK.MAP.
NOTE: The data set EMWS4.REG7_EFFECTS has 15 observations and 11 variables.
NOTE: DATA statement used (Total process time):
      real time           0.06 seconds
      cpu time            0.04 seconds
      

11680  proc sort data =EMWS4.Reg7_EFFECTS;
11681  by
11682  descending abstvalue;
11683  run;

NOTE: There were 15 observations read from the data set EMWS4.REG7_EFFECTS.
NOTE: The data set EMWS4.REG7_EFFECTS has 15 observations and 11 variables.
NOTE: PROCEDURE SORT used (Total process time):
      real time           0.01 seconds
      cpu time            0.01 seconds
      

11684  data EMWS4.Reg7_EFFECTS;
11685  set EMWS4.Reg7_EFFECTS;
11686  format TEffectNum 3.;
11687  label TEffectNum = "%sysfunc(sasmsg(sashelp.dmine, rpt_teffectnum_vlabel, NOQUOTE))";
11688  retain TEffectNum;
11689  TEffectNum = _N_;
11690  run;

NOTE: There were 15 observations read from the data set EMWS4.REG7_EFFECTS.
NOTE: The data set EMWS4.REG7_EFFECTS has 15 observations and 12 variables.
NOTE: DATA statement used (Total process time):
      real time           0.01 seconds
      cpu time            0.01 seconds
      

11691  proc sort data =EMWS4.Reg7_EFFECTS;
11692  by
11693  descending absCoefficient;
11694  run;

NOTE: There were 15 observations read from the data set EMWS4.REG7_EFFECTS.
NOTE: The data set EMWS4.REG7_EFFECTS has 15 observations and 12 variables.
NOTE: PROCEDURE SORT used (Total process time):
      real time           0.01 seconds
      cpu time            0.01 seconds
      

11695  data EMWS4.Reg7_EFFECTS;
11696  set EMWS4.Reg7_EFFECTS;
11697  format EffectNum 3.;
11698  label EffectNum = "%sysfunc(sasmsg(sashelp.dmine, rpt_effectnum_vlabel, NOQUOTE))";
11699  retain EffectNum;
11700  EffectNum = _N_;
11701  run;

NOTE: There were 15 observations read from the data set EMWS4.REG7_EFFECTS.
NOTE: The data set EMWS4.REG7_EFFECTS has 15 observations and 13 variables.
NOTE: DATA statement used (Total process time):
      real time           0.01 seconds
      cpu time            0.01 seconds
      

11702  proc transpose data=EMWS4.Reg7_EMESTIMATE out=EMWS4.Reg7_ESTIMATEGRID(rename=(PARMS=Coefficient T=TValue _NAME_=Effect _LABEL_=EffectLabel));
11703  where _CHOSEN_ eq '' and _TYPE_ in('PARMS', 'T', 'P');
11704  var 'AffluenceGrade'n--'TotalSpend'n;
11705  by _STEP_;
11706  id _TYPE_;
11707  run;

NOTE: There were 27 observations read from the data set EMWS4.REG7_EMESTIMATE.
      WHERE (_CHOSEN_=' ') and _TYPE_ in ('P', 'PARMS', 'T');
NOTE: The data set EMWS4.REG7_ESTIMATEGRID has 369 observations and 6 variables.
NOTE: PROCEDURE TRANSPOSE used (Total process time):
      real time           0.03 seconds
      cpu time            0.03 seconds
      

11708  data EMWS4.Reg7_ESTIMATEGRID;
11709  set EMWS4.Reg7_ESTIMATEGRID;
11710  if EffectLabel eq '' then EffectLabel = Effect;
11711  label EffectLabel = "%sysfunc(sasmsg(sashelp.dmine, rpt_effectLabel_vlabel, NOQUOTE))" Effect = "%sysfunc(sasmsg(sashelp.dmine, rpt_effect_vlabel, NOQUOTE))" Abscoefficient = "%sysfunc(sasmsg(sashelp.dmine, rpt_abscoefficient_vlabel, NOQUOTE))"
11712     Coefficient = "%sysfunc(sasmsg(sashelp.dmine, rpt_coefficient_vlabel, NOQUOTE))" tvalue = "%sysfunc(sasmsg(sashelp.dmine, rpt_tvalue_vlabel,         NOQUOTE))" abstvalue = "%sysfunc(sasmsg(sashelp.dmine, rpt_absoluteTvalue_vlabel, NOQUOTE))"
11712! PValue =
11713     "%sysfunc(sasmsg(sashelp.dmine, rpt_pvalue_vlabel,         NOQUOTE))";
11714  AbsCoefficient = abs(Coefficient);
11715  AbsTValue = abs(TValue);
11716  where coefficient ne .;
11717  run;

NOTE: Variable PValue is uninitialized.
NOTE: There were 47 observations read from the data set EMWS4.REG7_ESTIMATEGRID.
      WHERE coefficient not = .;
NOTE: The data set EMWS4.REG7_ESTIMATEGRID has 47 observations and 8 variables.
NOTE: DATA statement used (Total process time):
      real time           0.04 seconds
      cpu time            0.04 seconds
      

