 
                                                                                               
 
 
Fit Statistics

Target=TargetBuy Target Label=Organics Purchase Indicator

   Fit
Statistics    Statistics Label                      Train    Validation

 _DFT_        Total Degrees of Freedom           11112.00          .   
 _DFE_        Degrees of Freedom for Error       10991.00          .   
 _DFM_        Model Degrees of Freedom             121.00          .   
 _NW_         Number of Estimated Weights          121.00          .   
 _AIC_        Akaike's Information Criterion      9567.07          .   
 _SBC_        Schwarz's Bayesian Criterion       10452.28          .   
 _ASE_        Average Squared Error                  0.13         0.13 
 _MAX_        Maximum Absolute Error                 0.98         0.97 
 _DIV_        Divisor for ASE                    22224.00     22222.00 
 _NOBS_       Sum of Frequencies                 11112.00     11111.00 
 _RASE_       Root Average Squared Error             0.37         0.37 
 _SSE_        Sum of Squared Errors               2966.54      2974.84 
 _SUMW_       Sum of Case Weights Times Freq     22224.00     22222.00 
 _FPE_        Final Prediction Error                 0.14          .   
 _MSE_        Mean Squared Error                     0.13         0.13 
 _RFPE_       Root Final Prediction Error            0.37          .   
 _RMSE_       Root Mean Squared Error                0.37         0.37 
 _AVERR_      Average Error Function                 0.42         0.42 
 _ERR_        Error Function                      9325.07      9346.23 
 _MISC_       Misclassification Rate                 0.18         0.19 
 _WRONG_      Number of Wrong Classifications     2047.00      2077.00 
 _PROF_       Total Profit for TargetBuy         37241.50     37358.00 
 _APROF_      Average Profit for TargetBuy           3.35         3.36 
 
                                                                                               
 
 
Classification Table

Data Role=TRAIN Target Variable=TargetBuy Target Label=Organics Purchase Indicator

                       Target        Outcome     Frequency       Total
Target    Outcome    Percentage    Percentage      Count      Percentage

  0          0         83.5673       93.9945        7857        70.7073 
  1          0         16.4327       56.1206        1545        13.9039 
  0          1         29.3567        6.0055         502         4.5176 
  1          1         70.6433       43.8794        1208        10.8711 


Data Role=VALIDATE Target Variable=TargetBuy Target Label=Organics Purchase Indicator

                       Target        Outcome     Frequency       Total
Target    Outcome    Percentage    Percentage      Count      Percentage

  0          0         83.3865       93.8509        7845        70.6057 
  1          0         16.6135       56.7951        1563        14.0671 
  0          1         30.1820        6.1491         514         4.6260 
  1          1         69.8180       43.2049        1189        10.7011 
 
                                                                                               
 
 
Decision Table

Data Role=TRAIN Target Variable=TargetBuy Target Label=Organics Purchase Indicator

                       Target        Outcome     Frequency       Total
Target    Outcome    Percentage    Percentage      Count      Percentage

  0          0         97.8610        8.7570         732         6.5875 
  1          0          2.1390        0.5812          16         0.1440 
  0          1         73.5913       91.2430        7627        68.6375 
  1          1         26.4087       99.4188        2737        24.6310 


Data Role=VALIDATE Target Variable=TargetBuy Target Label=Organics Purchase Indicator

                       Target        Outcome     Frequency       Total
Target    Outcome    Percentage    Percentage      Count      Percentage

  0          0         98.9515        9.0322         755         6.7951 
  1          0          1.0485        0.2907           8         0.0720 
  0          1         73.4828       90.9678        7604        68.4367 
  1          1         26.5172       99.7093        2744        24.6962 
 
                                                                                               
 
 
Event Classification Table

Data Role=TRAIN Target=TargetBuy Target Label=Organics Purchase Indicator

  False       True        False       True
Negative    Negative    Positive    Positive

  1545        7857         502        1208  


Data Role=VALIDATE Target=TargetBuy Target Label=Organics Purchase Indicator

  False       True        False       True
Negative    Negative    Positive    Positive

  1563        7845         514        1189  
 
                                                                                               
 
 
Assessment Score Rankings

Data Role=TRAIN Target Variable=TargetBuy Target Label=Organics Purchase Indicator

                                                                                    Mean
                            Cumulative       %      Cumulative     Number of     Posterior
Depth      Gain     Lift       Lift      Response   % Response   Observations   Probability

   5    249.912   3.49912     3.49912     86.6906     86.6906         556         0.85505  
  10    217.243   2.84575     3.17243     70.5036     78.5971         556         0.68685  
  15    187.652   2.28361     2.87652     56.5766     71.2657         555         0.56251  
  20    158.557   1.71326     2.58557     42.4460     64.0576         556         0.46334  
  25    138.286   1.57089     2.38286     38.9189     59.0353         555         0.38726  
  30    117.797   1.15427     2.17797     28.5971     53.9592         556         0.32565  
  35    103.684   1.19057     2.03684     29.4964     50.4627         556         0.27842  
  40     89.694   0.91635     1.89694     22.7027     46.9966         555         0.23847  
  45     77.240   0.77677     1.77240     19.2446     43.9112         556         0.20459  
  50     66.655   0.71272     1.66655     17.6577     41.2887         555         0.17419  
  55     58.230   0.74048     1.58230     18.3453     39.2016         556         0.14937  
  60     49.637   0.55173     1.49637     13.6691     37.0726         556         0.12797  
  65     42.498   0.56727     1.42498     14.0541     35.3039         555         0.11028  
  70     34.855   0.35572     1.34855      8.8129     33.4105         556         0.09432  
  75     28.006   0.32000     1.28006      7.9279     31.7135         555         0.07987  
  80     21.317   0.21053     1.21317      5.2158     30.0562         556         0.06555  
  85     15.800   0.27586     1.15800      6.8345     28.6894         556         0.05329  
  90     10.181   0.14545     1.10181      3.6036     27.2973         555         0.04283  
  95      4.990   0.11615     1.04990      2.8777     26.0112         556         0.03362  
 100      0.000   0.05091     1.00000      1.2613     24.7750         555         0.02493  


Data Role=VALIDATE Target Variable=TargetBuy Target Label=Organics Purchase Indicator

                                                                                    Mean
                            Cumulative       %      Cumulative     Number of     Posterior
Depth      Gain     Lift       Lift      Response   % Response   Observations   Probability

   5    241.293   3.41293     3.41293     84.5324     84.5324         556         0.85282  
  10    210.069   2.78844     3.10069     69.0647     76.7986         556         0.68067  
  15    183.613   2.30606     2.83613     57.1171     70.2460         555         0.55862  
  20    161.352   1.94610     2.61352     48.2014     64.7323         556         0.46238  
  25    140.531   1.57132     2.40531     38.9189     59.5752         555         0.38583  
  30    120.036   1.17637     2.20036     29.1367     54.4991         556         0.32552  
  35    103.377   1.03300     2.03377     25.5856     50.3728         555         0.27721  
  40     89.927   0.95853     1.89927     23.7410     47.0416         556         0.23790  
  45     76.759   0.71292     1.76759     17.6577     43.7800         555         0.20545  
  50     67.790   0.87139     1.67790     21.5827     41.5587         556         0.17589  
  55     58.406   0.64628     1.58406     16.0072     39.2343         556         0.15000  
  60     49.458   0.50923     1.49458     12.6126     37.0181         555         0.12904  
  65     41.475   0.45748     1.41475     11.3309     35.0408         556         0.11081  
  70     34.546   0.44375     1.34546     10.9910     33.3248         555         0.09508  
  75     27.944   0.35582     1.27944      8.8129     31.6895         556         0.08037  
  80     21.591   0.26189     1.21591      6.4865     30.1159         555         0.06606  
  85     15.587   0.19606     1.15587      4.8561     28.6289         556         0.05335  
  90     10.060   0.16004     1.10060      3.9640     27.2600         555         0.04253  
  95      4.990   0.13797     1.04990      3.4173     26.0042         556         0.03320  
 100      0.000   0.05092     1.00000      1.2613     24.7682         555         0.02496  
 
                                                                                               
 
 
Assessment Score Distribution

Data Role=TRAIN Target Variable=TargetBuy Target Label=Organics Purchase Indicator

 Posterior     Number                     Mean
Probability      of      Number of     Posterior
   Range       Events    Nonevents    Probability    Percentage

 0.95-1.00        53           0        0.95761         0.4770 
 0.90-0.95       100           5        0.92437         0.9449 
 0.85-0.90       110          14        0.87423         1.1159 
 0.80-0.85       113          24        0.82524         1.2329 
 0.75-0.80       114          32        0.77326         1.3139 
 0.70-0.75       148          44        0.72442         1.7279 
 0.65-0.70       170          82        0.67552         2.2678 
 0.60-0.65       126          78        0.62581         1.8359 
 0.55-0.60       129          99        0.57365         2.0518 
 0.50-0.55       145         124        0.52483         2.4208 
 0.45-0.50       139         175        0.47461         2.8258 
 0.40-0.45       142         230        0.42503         3.3477 
 0.35-0.40       163         271        0.37348         3.9057 
 0.30-0.35       149         363        0.32255         4.6076 
 0.25-0.30       185         464        0.27424         5.8405 
 0.20-0.25       179         629        0.22435         7.2714 
 0.15-0.20       185         831        0.17340         9.1433 
 0.10-0.15       207        1274        0.12325        13.3279 
 0.05-0.10       147        1892        0.07358        18.3495 
 0.00-0.05        49        1728        0.03474        15.9917 


Data Role=VALIDATE Target Variable=TargetBuy Target Label=Organics Purchase Indicator

 Posterior     Number                     Mean
Probability      of      Number of     Posterior
   Range       Events    Nonevents    Probability    Percentage

 0.95-1.00        53           0        0.95912         0.4770 
 0.90-0.95        98           6        0.92505         0.9360 
 0.85-0.90       104          13        0.87487         1.0530 
 0.80-0.85       100          31        0.82420         1.1790 
 0.75-0.80       112          29        0.77522         1.2690 
 0.70-0.75       131          58        0.72506         1.7010 
 0.65-0.70       168          76        0.67437         2.1960 
 0.60-0.65       134          74        0.62512         1.8720 
 0.55-0.60       134         100        0.57491         2.1060 
 0.50-0.55       155         127        0.52471         2.5380 
 0.45-0.50       159         156        0.47437         2.8350 
 0.40-0.45       157         211        0.42536         3.3120 
 0.35-0.40       155         255        0.37427         3.6900 
 0.30-0.35       157         377        0.32485         4.8060 
 0.25-0.30       168         476        0.27412         5.7961 
 0.20-0.25       168         675        0.22427         7.5871 
 0.15-0.20       201         813        0.17402         9.1261 
 0.10-0.15       190        1303        0.12321        13.4371 
 0.05-0.10       155        1832        0.07400        17.8832 
 0.00-0.05        53        1747        0.03468        16.2002 
