*------------------------------------------------------------*
* Score Log
Date:                May 09, 2018
Time:                14:56:10
*------------------------------------------------------------*
11818  proc transpose data=EMWS1.Reg2_EMESTIMATE out=WORK.TEMPREG;
11819  where _CHOSEN_ ne '' and _TYPE_='PARMS';
11820  run;

NOTE: There were 1 observations read from the data set EMWS1.REG2_EMESTIMATE.
      WHERE (_CHOSEN_ not = ' ') and (_TYPE_='PARMS');
NOTE: The data set WORK.TEMPREG has 72 observations and 3 variables.
NOTE: PROCEDURE TRANSPOSE used (Total process time):
      real time           0.01 seconds
      cpu time            0.01 seconds
      

11821  proc transpose data=EMWS1.Reg2_MAPDS out=WORK.TEMPREG2(rename=(TARGET=_TARGET_));
11822  var "AffluenceGrade"n--"TotalSpend"n;
11823  run;

WARNING: The variable TARGET in the DROP, KEEP, or RENAME list has never been referenced.
NOTE: There were 2 observations read from the data set EMWS1.REG2_MAPDS.
NOTE: The data set WORK.TEMPREG2 has 38 observations and 4 variables.
NOTE: PROCEDURE TRANSPOSE used (Total process time):
      real time           0.01 seconds
      cpu time            0.01 seconds
      

11824  proc sort data=WORK.TEMPREG NOTHREADS;
11825  by _NAME_;
11826  run;

NOTE: There were 72 observations read from the data set WORK.TEMPREG.
NOTE: The data set WORK.TEMPREG has 72 observations and 3 variables.
NOTE: PROCEDURE SORT used (Total process time):
      real time           0.01 seconds
      cpu time            0.01 seconds
      

11827  proc sort data=WORK.TEMPREG2 NOTHREADS;
11828  by _NAME_;
11829  run;

NOTE: There were 38 observations read from the data set WORK.TEMPREG2.
NOTE: The data set WORK.TEMPREG2 has 38 observations and 4 variables.
NOTE: PROCEDURE SORT used (Total process time):
      real time           0.01 seconds
      cpu time            0.01 seconds
      

11830  data WORK.TEMPREG3;
11831  merge WORK.TEMPREG(in=ina) WORK.TEMPREG2(in=inb);
11832  by _NAME_;
11833  if (ina and inb) and TargetBuy ne . then output;
11834  run;

NOTE: There were 72 observations read from the data set WORK.TEMPREG.
NOTE: There were 38 observations read from the data set WORK.TEMPREG2.
NOTE: The data set WORK.TEMPREG3 has 9 observations and 5 variables.
NOTE: DATA statement used (Total process time):
      real time           0.01 seconds
      cpu time            0.01 seconds
      

11835  data WORK.TEMPREG3(KEEP=TERM);
11836  length term $32;
11837  set WORK.TEMPREG3;
11838  i=1;
11839  do while( scan(input , i, '*') ne '' );
11840  term= scan(input , i, '*');
11841  i=i+1;
11842  output;
11843  end;
11844  run;

NOTE: There were 9 observations read from the data set WORK.TEMPREG3.
NOTE: The data set WORK.TEMPREG3 has 9 observations and 1 variables.
NOTE: DATA statement used (Total process time):
      real time           0.01 seconds
      cpu time            0.01 seconds
      

11845  proc sort data=WORK.TEMPREG3 nodupkey NOTHREADS;
11846  by TERM;
11847  run;

NOTE: There were 9 observations read from the data set WORK.TEMPREG3.
NOTE: 0 observations with duplicate key values were deleted.
NOTE: The data set WORK.TEMPREG3 has 9 observations and 1 variables.
NOTE: PROCEDURE SORT used (Total process time):
      real time           0.01 seconds
      cpu time            0.01 seconds
      

11848  filename emflow "D:\Nida\Data mining\datamining\BOGO\Workspaces\EMWS1\Reg2\EMFLOWSCORE.sas";
11849  *------------------------------------------------------------*;
11850  * Reg2: Scoring DATA data;
11851  *------------------------------------------------------------*;
11852  data EMWS1.Reg2_TRAIN
11853  / view=EMWS1.Reg2_TRAIN
11854  ;
11855  set EMWS1.Impt_TRAIN
11856  ;
11857  %inc emflow;
12117  run;

NOTE: DATA STEP view saved on file EMWS1.REG2_TRAIN.
NOTE: A stored DATA STEP view cannot run under a different operating system.
NOTE: View EMWS1.IMPT_TRAIN.VIEW used (Total process time):
      real time           0.06 seconds
      cpu time            0.06 seconds
      
NOTE: DATA statement used (Total process time):
      real time           0.07 seconds
      cpu time            0.07 seconds
      

12118  quit;
12119  filename emflow;
NOTE: Fileref EMFLOW has been deassigned.

12120  filename emflow "D:\Nida\Data mining\datamining\BOGO\Workspaces\EMWS1\Reg2\EMFLOWSCORE.sas";
12121  *------------------------------------------------------------*;
12122  * Reg2: Scoring VALIDATE data;
12123  *------------------------------------------------------------*;
12124  data EMWS1.Reg2_VALIDATE
12125  / view=EMWS1.Reg2_VALIDATE
12126  ;
12127  set EMWS1.Impt_VALIDATE
12128  ;
12129  %inc emflow;
12389  run;

NOTE: DATA STEP view saved on file EMWS1.REG2_VALIDATE.
NOTE: A stored DATA STEP view cannot run under a different operating system.
NOTE: View EMWS1.IMPT_VALIDATE.VIEW used (Total process time):
      real time           0.06 seconds
      cpu time            0.06 seconds
      
NOTE: DATA statement used (Total process time):
      real time           0.06 seconds
      cpu time            0.06 seconds
      

12390  quit;
12391  filename emflow;
NOTE: Fileref EMFLOW has been deassigned.

12392  *------------------------------------------------------------*;
12393  * Reg2: Computing metadata for TRAIN data;
12394  *------------------------------------------------------------*;

NOTE: View EMWS1.REG2_TRAIN.VIEW used (Total process time):
      real time           0.11 seconds
      cpu time            0.11 seconds
      
12764  data WORK.MODELTEMP_INFO;
12765  set EMWS1.Reg2_EMINFO;
12766  where DATA='Reg2' and KEY ^in('DECDATA', 'DECMETA', 'IMPORTANCE', 'MODEL');
12767  run;

NOTE: There were 0 observations read from the data set EMWS1.REG2_EMINFO.
      WHERE (DATA='Reg2') and KEY not in ('DECDATA', 'DECMETA', 'IMPORTANCE', 'MODEL');
NOTE: The data set WORK.MODELTEMP_INFO has 0 observations and 3 variables.
NOTE: DATA statement used (Total process time):
      real time           0.01 seconds
      cpu time            0.01 seconds
      

12768  data EMWS1.Reg2_EMINFO;
12769  length TARGET KEY $32 DATA $43;
12770  input TARGET KEY DATA $;
12771  cards;

NOTE: The data set EMWS1.REG2_EMINFO has 3 observations and 3 variables.
NOTE: DATA statement used (Total process time):
      real time           0.01 seconds
      cpu time            0.01 seconds
      

12775  run;
12776  data EMWS1.Reg2_EMINFO;
12777  set EMWS1.Reg2_EMINFO WORK.MODELTEMP_INFO;
12778  run;

NOTE: There were 3 observations read from the data set EMWS1.REG2_EMINFO.
NOTE: There were 0 observations read from the data set WORK.MODELTEMP_INFO.
NOTE: The data set EMWS1.REG2_EMINFO has 3 observations and 3 variables.
NOTE: DATA statement used (Total process time):
      real time           0.00 seconds
      cpu time            0.00 seconds
      

12779  proc sort data = EMWS1.Reg2_EMINFO NOTHREADS;
12780  by TARGET KEY;
12781  run;

NOTE: There were 3 observations read from the data set EMWS1.REG2_EMINFO.
NOTE: The data set EMWS1.REG2_EMINFO has 3 observations and 3 variables.
NOTE: PROCEDURE SORT used (Total process time):
      real time           0.00 seconds
      cpu time            0.00 seconds
      

12782  proc sort data = EMWS1.Ids2_EMINFO OUT=WORK.SORTEDEMINFO NOTHREADS;
12783  by TARGET KEY;
12784  run;

NOTE: There were 3 observations read from the data set EMWS1.IDS2_EMINFO.
NOTE: The data set WORK.SORTEDEMINFO has 3 observations and 3 variables.
NOTE: PROCEDURE SORT used (Total process time):
      real time           0.00 seconds
      cpu time            0.00 seconds
      

12785  proc sort data = EMWS1.Reg2_EMINFO OUT=WORK.TEMP_INFO NOTHREADS;
12786  by TARGET KEY;
12787  run;

NOTE: Input data set is already sorted; it has been copied to the output data set.
NOTE: There were 3 observations read from the data set EMWS1.REG2_EMINFO.
NOTE: The data set WORK.TEMP_INFO has 3 observations and 3 variables.
NOTE: PROCEDURE SORT used (Total process time):
      real time           0.01 seconds
      cpu time            0.01 seconds
      

12788  data EMWS1.Reg2_EMINFO;
12789  merge WORK.SORTEDEMINFO WORK.TEMP_INFO;
12790  by TARGET KEY;
12791  run;

NOTE: There were 3 observations read from the data set WORK.SORTEDEMINFO.
NOTE: There were 3 observations read from the data set WORK.TEMP_INFO.
NOTE: The data set EMWS1.REG2_EMINFO has 4 observations and 3 variables.
NOTE: DATA statement used (Total process time):
      real time           0.01 seconds
      cpu time            0.01 seconds
      

12792  proc datasets lib=work nolist;
12793  delete TEMP_INFO SORTEDEMINFO;
12794  run;

NOTE: Deleting WORK.TEMP_INFO (memtype=DATA).
NOTE: Deleting WORK.SORTEDEMINFO (memtype=DATA).
12795  quit;

NOTE: PROCEDURE DATASETS used (Total process time):
      real time           0.01 seconds
      cpu time            0.01 seconds
      

NOTE: View EMWS1.REG2_TRAIN.VIEW used (Total process time):
      real time           0.09 seconds
      cpu time            0.09 seconds
      
NOTE: View EMWS1.REG2_VALIDATE.VIEW used (Total process time):
      real time           0.09 seconds
      cpu time            0.09 seconds
      
