*------------------------------------------------------------*
* Training Log
Date:                May 09, 2018
Time:                14:56:07
*------------------------------------------------------------*
11405  proc freq data=EMWS1.Reg2_VariableSet noprint;
11406  table ROLE*LEVEL/out=WORK.Reg2META;
11407  run;

NOTE: There were 26 observations read from the data set EMWS1.REG2_VARIABLESET.
NOTE: The data set WORK.REG2META has 6 observations and 4 variables.
NOTE: PROCEDURE FREQ used (Total process time):
      real time           0.04 seconds
      cpu time            0.04 seconds
      

11408  proc print data=WORK.Reg2META label noobs;
11409  var ROLE LEVEL COUNT;
11410  label ROLE = "%sysfunc(sasmsg(sashelp.dmine, meta_role_vlabel, NOQUOTE))" LEVEL = "%sysfunc(sasmsg(sashelp.dmine, meta_level_vlabel, NOQUOTE))" COUNT = "%sysfunc(sasmsg(sashelp.dmine, rpt_count_vlabel, NOQUOTE))";
11411  title9 ' ';
11412  title10 "%sysfunc(sasmsg(sashelp.dmine, rpt_varSummary_title  , NOQUOTE))";
11413  run;

NOTE: There were 6 observations read from the data set WORK.REG2META.
NOTE: The PROCEDURE PRINT printed page 1.
NOTE: PROCEDURE PRINT used (Total process time):
      real time           0.01 seconds
      cpu time            0.01 seconds
      

11414  title10;

11415  %let EMNORLEN = %DMNORLEN;
EMWS1.Impt_TRAIN EMWS1.Impt_TRAIN 
EMWS1.Impt_TRAIN EMWS1.Impt_TRAIN EMWS1 Impt_TRAIN 
EMWS1.Impt_TRAIN EMWS1.Impt_TRAIN 
EMWS1.Impt_TRAIN EMWS1.Impt_TRAIN EMWS1 Impt_TRAIN 
Executing  SASHELP.EMCORE.EMINFOITERATOR.SCL _INIT >> 
Executing  SASHELP.EMCORE.EMINFOITERATOR.SCL setMetaData >> 
Executing  SASHELP.EMCORE.EMINFOITERATOR.SCL next >> 
Executing  SASHELP.EMCORE.EMINFOITERATOR.SCL next >> 
Executing  SASHELP.EMCORE.EMINFOITERATOR.SCL setMetaData >> 
Executing  SASHELP.EMCORE.EMINFOITERATOR.SCL next >> 
Executing  SASHELP.EMCORE.EMINFOITERATOR.SCL next >> 
Executing  SASHELP.EMCORE.EMINFOITERATOR.SCL _term >> 
11444  data WORK.Reg2_EVENT(KEEP=VARIABLE LABEL LEVEL EVENT NUMLEVELS ORDER);
11445  length ORDER $20;
11446  label VARIABLE = "%sysfunc(sasmsg(sashelp.dmine, rpt_target_vlabel,  NOQUOTE))" EVENT = "%sysfunc(sasmsg(sashelp.dmine, assmt_event_vlabel, NOQUOTE))" NUMLEVELS = "%sysfunc(sasmsg(sashelp.dmine, rpt_numcat_vlabel, NOQUOTE))" LEVEL =
11447     "%sysfunc(sasmsg(sashelp.dmine, meta_level_vlabel, NOQUOTE))" ORDER = "%sysfunc(sasmsg(sashelp.dmine, meta_order_vlabel, NOQUOTE))" LABEL = "%sysfunc(sasmsg(sashelp.dmine, meta_label_vlabel, NOQUOTE))";
11448  set EMWS1.IDS2_TARGETBUY_DM( where=(_TYPE_="TARGET"));
11449  NumLevels=2;
11450  select(upcase(ORDER));
11451  when('DESC') ORDER = 'Descending';
11452  when('ASC') ORDER = 'Ascending';
11453  when('FMTDESC') ORDER = 'Formatted Descending';
11454  when('FMTASC') ORDER = 'Formatted Ascending';
11455  otherwise ORDER = 'Descending';
11456  end;
11457  output;
11458  run;

NOTE: There were 1 observations read from the data set EMWS1.IDS2_TARGETBUY_DM.
      WHERE _TYPE_='TARGET';
NOTE: The data set WORK.REG2_EVENT has 1 observations and 6 variables.
NOTE: DATA statement used (Total process time):
      real time           0.04 seconds
      cpu time            0.04 seconds
      

11459  title9 ' ';
11460  proc print data=WORK.Reg2_EVENT noobs label;
11461  var VARIABLE EVENT LEVEL NUMLEVELS ORDER LABEL;
11462  title9 ' ';
11463  title10 "%sysfunc(sasmsg(sashelp.dmine, rpt_modelEvent_title  , NOQUOTE))";
11464  run;

NOTE: There were 1 observations read from the data set WORK.REG2_EVENT.
NOTE: The PROCEDURE PRINT printed page 2.
NOTE: PROCEDURE PRINT used (Total process time):
      real time           0.01 seconds
      cpu time            0.01 seconds
      

11465  title10;

"No decisions defined for target "TargetBuy"." 
11466  proc print data = EMWS1.Ids2_TargetBuy_DM noobs label;
11467  var _type_ variable label;
11468  where _type_ ^in('MATRIX', 'DECISION', 'TRAINPRIOR', 'DATAPRIOR', 'DECPRIOR');
11469  label _TYPE_ = "%sysfunc(sasmsg(sashelp.dmine, rpt_type_vlabel,     NOQUOTE))" VARIABLE = "%sysfunc(sasmsg(sashelp.dmine, rpt_variable_vlabel, NOQUOTE))" LABEL = "%sysfunc(sasmsg(sashelp.dmine, meta_label_vlabel, NOQUOTE))";
11470  title9 ' ';
11471  title10 "%sysfunc(sasmsg(sashelp.dmine, rpt_predDecVars_title  , NOQUOTE))";
11472  run;

NOTE: There were 7 observations read from the data set EMWS1.IDS2_TARGETBUY_DM.
      WHERE _type_ not in ('DATAPRIOR', 'DECISION', 'DECPRIOR', 'MATRIX', 'TRAINPRIOR');
NOTE: The PROCEDURE PRINT printed page 3.
NOTE: PROCEDURE PRINT used (Total process time):
      real time           0.03 seconds
      cpu time            0.03 seconds
      

11473  title10;

11483  data WORK.M30T6NSH;
11484  set WORK.M30T6NSH end=eof;
11485  output;
11486  if eof then do;
11487  NAME="";
11488  ROLE="COST";
11489  LEVEL="INTERVAL";
11490  TYPE="N";
11491  output;
11492  end;
11493  run;

NOTE: There were 19 observations read from the data set WORK.M30T6NSH.
NOTE: The data set WORK.M30T6NSH has 20 observations and 21 variables.
NOTE: DATA statement used (Total process time):
      real time           0.01 seconds
      cpu time            0.01 seconds
      

NOTE: There were 2 observations read from the data set EMWS1.IDS2_TARGETBUY_DD.
NOTE: The data set WORK.TARGETBUY has 2 observations and 7 variables.
NOTE: There were 2 observations read from the data set EMWS1.IDS2_TARGETBUY_DD.
NOTE: The data set WORK.TARGETBUY has 2 observations and 7 variables.
11494  *------------------------------------------------------------*;
11495  * Reg2: Create decision matrix;
11496  *------------------------------------------------------------*;
11497  data WORK.TargetBuy;
11498    length   TargetBuy                        $  32
11499             COUNT                                8
11500             DATAPRIOR                            8
11501             TRAINPRIOR                           8
11502             DECPRIOR                             8
11503             DECISION1                            8
11504             DECISION2                            8
11505             ;
11506  
11507    label    COUNT="Level Counts"
11508             DATAPRIOR="Data Proportions"
11509             TRAINPRIOR="Training Proportions"
11510             DECPRIOR="Decision Priors"
11511             DECISION1="1"
11512             DECISION2="0"
11513             ;
11514    format   COUNT 10.
11515             ;
11516  TargetBuy="1"; COUNT=5799; DATAPRIOR=0.2521304347826; TRAINPRIOR=0.2521304347826; DECPRIOR=.; DECISION1=1; DECISION2=0;
11517  output;
11518  TargetBuy="0"; COUNT=17201; DATAPRIOR=0.74786956521739; TRAINPRIOR=0.74786956521739; DECPRIOR=.; DECISION1=0; DECISION2=1;
11519  output;
11520  ;
11521  run;

NOTE: The data set WORK.TARGETBUY has 2 observations and 7 variables.
NOTE: DATA statement used (Total process time):
      real time           0.01 seconds
      cpu time            0.01 seconds
      

11522  proc datasets lib=work nolist;
11523  modify TargetBuy(type=PROFIT label=TargetBuy);
11524  label DECISION1= '1';
11525  label DECISION2= '0';
11526  run;

NOTE: MODIFY was successful for WORK.TARGETBUY.DATA.
11527  quit;

NOTE: PROCEDURE DATASETS used (Total process time):
      real time           0.01 seconds
      cpu time            0.01 seconds
      

11528  data EM_DMREG / view=EM_DMREG;
11529  set EMWS1.Impt_TRAIN(keep=
11530  AffluenceGrade CampaignViewedEmail CleanserProducts DayCareProducts
11531  FacebookLike LotionProducts LoyaltyClass MobileApplications NightRepairProducts
11532  PreviousCampaign REP_AdvertisementZone REP_Age REP_ClusterGroup REP_Gender
11533  REP_LoyaltyTime REP_Region TargetBuy TimeSinceLastPurchase TotalSpend );
11534  run;

NOTE: DATA STEP view saved on file WORK.EM_DMREG.
NOTE: A stored DATA STEP view cannot run under a different operating system.
NOTE: View EMWS1.IMPT_TRAIN.VIEW used (Total process time):
      real time           0.06 seconds
      cpu time            0.06 seconds
      
NOTE: DATA statement used (Total process time):
      real time           0.06 seconds
      cpu time            0.06 seconds
      

11535  *------------------------------------------------------------* ;
11536  * Reg2: DMDBClass Macro ;
11537  *------------------------------------------------------------* ;
11538  %macro DMDBClass;
11539      CampaignViewedEmail(ASC) FacebookLike(ASC) LoyaltyClass(ASC)
11540     MobileApplications(ASC) PreviousCampaign(ASC) REP_AdvertisementZone(ASC)
11541     REP_ClusterGroup(ASC) REP_Gender(ASC) REP_Region(ASC) TargetBuy(DESC)
11542  %mend DMDBClass;
11543  *------------------------------------------------------------* ;
11544  * Reg2: DMDBVar Macro ;
11545  *------------------------------------------------------------* ;
11546  %macro DMDBVar;
11547      AffluenceGrade CleanserProducts DayCareProducts LotionProducts
11548     NightRepairProducts REP_Age REP_LoyaltyTime TimeSinceLastPurchase TotalSpend
11549  %mend DMDBVar;
11550  *------------------------------------------------------------*;
11551  * Reg2: Create DMDB;
11552  *------------------------------------------------------------*;
11553  proc dmdb batch data=WORK.EM_DMREG
11554  dmdbcat=WORK.Reg2_DMDB
11555  maxlevel = 513
11556  ;
11557  class %DMDBClass;
11558  var %DMDBVar;
11559  target
11560  TargetBuy
11561  ;
11562  run;

NOTE: Records processed = 2111   Memory used = 511K.
NOTE: There were 2111 observations read from the data set EMWS1.PART2_TRAIN.
NOTE: View WORK.EM_DMREG.VIEW used (Total process time):
      real time           0.10 seconds
      cpu time            0.11 seconds
      
NOTE: There were 2111 observations read from the data set EMWS1.IMPT_TRAIN.
NOTE: There were 2111 observations read from the data set WORK.EM_DMREG.
NOTE: PROCEDURE DMDB used (Total process time):
      real time           0.12 seconds
      cpu time            0.12 seconds
      

11563  quit;
11564  *--- end code ---*;

11565  *------------------------------------------------------------*;
11566  * Reg2: Run DMREG procedure;
11567  *------------------------------------------------------------*;
11568  proc dmreg data=EM_DMREG dmdbcat=WORK.Reg2_DMDB
11569  validata = EMWS1.Impt_VALIDATE
11570  outest = EMWS1.Reg2_EMESTIMATE
11571  outterms = EMWS1.Reg2_OUTTERMS
11572  outmap= EMWS1.Reg2_MAPDS namelen=200
11573  ;
11574  class
11575  TargetBuy
11576  CampaignViewedEmail
11577  FacebookLike
11578  LoyaltyClass
11579  MobileApplications
11580  PreviousCampaign
11581  REP_AdvertisementZone
11582  REP_ClusterGroup
11583  REP_Gender
11584  REP_Region
11585  ;
11586  model TargetBuy =
11587  AffluenceGrade
11588  CampaignViewedEmail
11589  CleanserProducts
11590  DayCareProducts
11591  FacebookLike
11592  LotionProducts
11593  LoyaltyClass
11594  MobileApplications
11595  NightRepairProducts
11596  PreviousCampaign
11597  REP_AdvertisementZone
11598  REP_Age
11599  REP_ClusterGroup
11600  REP_Gender
11601  REP_LoyaltyTime
11602  REP_Region
11603  TimeSinceLastPurchase
11604  TotalSpend
11605  /error=binomial link=LOGIT
11606  coding=DEVIATION
11607  nodesignprint
11608  selection=STEPWISE choose=NONE
11609  Hierarchy=CLASS
11610  Rule=NONE
11611  ;
11612  ;
11613  code file="D:\Nida\Data mining\datamining\BOGO\Workspaces\EMWS1\Reg2\EMPUBLISHSCORE.sas"
11614  group=Reg2
11615  ;
11616  code file="D:\Nida\Data mining\datamining\BOGO\Workspaces\EMWS1\Reg2\EMFLOWSCORE.sas"
11617  group=Reg2
11618  residual
11619  ;
11620  run;


NOTE: PROC DMREG is modeling the probability that TargetBuy='1'.
NOTE: Convergence criterion (ABSGCONV=0.00001) satisfied.
NOTE: Convergence criterion (GCONV=1E-6) satisfied.
NOTE: Convergence criterion (GCONV=1E-6) satisfied.
NOTE: Convergence criterion (GCONV=1E-6) satisfied.
NOTE: Convergence criterion (GCONV=1E-6) satisfied.
NOTE: Convergence criterion (GCONV=1E-6) satisfied.
NOTE: Convergence criterion (GCONV=1E-6) satisfied.
NOTE: Convergence criterion (GCONV=1E-6) satisfied.
NOTE: Convergence criterion (GCONV=1E-6) satisfied.
NOTE: Convergence criterion (GCONV=1E-6) satisfied.
NOTE: External file D:\Nida\Data mining\datamining\BOGO\Workspaces\EMWS1\Reg2\EMPUBLISHSCORE.sas opened.
NOTE: External file D:\Nida\Data mining\datamining\BOGO\Workspaces\EMWS1\Reg2\EMFLOWSCORE.sas opened.
NOTE: View EMWS1.IMPT_VALIDATE.VIEW used (Total process time):
      real time           0.75 seconds
      cpu time            0.73 seconds
      
NOTE: There were 2113 observations read from the data set EMWS1.PART2_VALIDATE.
NOTE: There were 2111 observations read from the data set EMWS1.PART2_TRAIN.
NOTE: View WORK.EM_DMREG.VIEW used (Total process time):
      real time           0.86 seconds
      cpu time            0.84 seconds
      
NOTE: There were 2111 observations read from the data set EMWS1.IMPT_TRAIN.
NOTE: There were 2111 observations read from the data set WORK.EM_DMREG.
NOTE: There were 2113 observations read from the data set EMWS1.IMPT_VALIDATE.
NOTE: The data set EMWS1.REG2_EMESTIMATE has 33 observations and 75 variables.
NOTE: The data set EMWS1.REG2_OUTTERMS has 10 observations and 6 variables.
NOTE: The data set EMWS1.REG2_MAPDS has 2 observations and 40 variables.
NOTE: The PROCEDURE DMREG printed pages 4-14.
NOTE: PROCEDURE DMREG used (Total process time):
      real time           0.90 seconds
      cpu time            0.89 seconds
      

11621  quit;

11622  proc datasets lib=WORK nolist;
11623  delete Reg2_DMDB;
11624  run;

NOTE: The file WORK.REG2_DMDB (memtype=DATA) was not found, but appears on a DELETE statement.
11625  quit;

NOTE: PROCEDURE DATASETS used (Total process time):
      real time           0.00 seconds
      cpu time            0.00 seconds
      

11626  proc datasets lib=WORK nolist;
11627  delete Reg2_DMDB / memtype=catalog;
11628  run;

NOTE: Deleting WORK.REG2_DMDB (memtype=CATALOG).
11629  quit;

NOTE: PROCEDURE DATASETS used (Total process time):
      real time           0.00 seconds
      cpu time            0.00 seconds
      

11630  data WORK.ESTIMATE;
11631  length _NAME_ $32;
11632  set EMWS1.Reg2_EMESTIMATE;
11633  drop _AIC_--_VMISC_
11634  ;
11635  where _CHOSEN_ ne '' and _TYPE_ in('PARMS', 'T', 'P');
11636  drop _STEP_ _CHOSEN_;
11637  select(_TYPE_);
11638  when('PARMS') _NAME_='Coefficient';
11639  when('T') _NAME_='tValue';
11640  when('P') _NAME_='PValue';
11641  otherwise;
11642  end;
11643  run;

NOTE: There were 3 observations read from the data set EMWS1.REG2_EMESTIMATE.
      WHERE (_CHOSEN_ not = ' ') and _TYPE_ in ('P', 'PARMS', 'T');
NOTE: The data set WORK.ESTIMATE has 3 observations and 41 variables.
NOTE: DATA statement used (Total process time):
      real time           0.01 seconds
      cpu time            0.01 seconds
      

11644  proc transpose data=WORK.ESTIMATE out=WORK.ESTIMATE(rename=(_NAME_=Effect));
11645  run;

NOTE: There were 3 observations read from the data set WORK.ESTIMATE.
NOTE: The data set WORK.ESTIMATE has 39 observations and 5 variables.
NOTE: PROCEDURE TRANSPOSE used (Total process time):
      real time           0.01 seconds
      cpu time            0.01 seconds
      

11646  proc transpose data=EMWS1.Reg2_MAPDS out=WORK.MAP(rename=(_NAME_=Effect INPUT=Variable
11647  ));
11648  var 'AffluenceGrade'n--'TotalSpend'n;
11649  run;

NOTE: There were 2 observations read from the data set EMWS1.REG2_MAPDS.
NOTE: The data set WORK.MAP has 38 observations and 4 variables.
NOTE: PROCEDURE TRANSPOSE used (Total process time):
      real time           0.01 seconds
      cpu time            0.01 seconds
      

11650  proc sort data=WORK.MAP;
11651  by Effect;
11652  run;

NOTE: There were 38 observations read from the data set WORK.MAP.
NOTE: The data set WORK.MAP has 38 observations and 4 variables.
NOTE: PROCEDURE SORT used (Total process time):
      real time           0.00 seconds
      cpu time            0.00 seconds
      

11653  proc sort data=WORK.ESTIMATE;
11654  by Effect;
11655  run;

NOTE: There were 39 observations read from the data set WORK.ESTIMATE.
NOTE: The data set WORK.ESTIMATE has 39 observations and 5 variables.
NOTE: PROCEDURE SORT used (Total process time):
      real time           0.03 seconds
      cpu time            0.03 seconds
      

11656  data EMWS1.Reg2_EFFECTS(rename=(_LABEL_=EffectLabel));
11657  length Variable ClassLevel $32;
11658  merge WORK.ESTIMATE WORK.MAP;
11659  by Effect;
11660  label Effect = "%sysfunc(sasmsg(sashelp.dmine, rpt_effect_vlabel, NOQUOTE))" Variable = "%sysfunc(sasmsg(sashelp.dmine, rpt_variable_vlabel, NOQUOTE))" Sign = "%sysfunc(sasmsg(sashelp.dmine, rpt_sign_vlabel, NOQUOTE))" ClassLevel =
11661     "%sysfunc(sasmsg(sashelp.dmine, rpt_level_vlabel, NOQUOTE))" Abscoefficient = "%sysfunc(sasmsg(sashelp.dmine, rpt_abscoefficient_vlabel, NOQUOTE))" Coefficient = "%sysfunc(sasmsg(sashelp.dmine, rpt_coefficient_vlabel, NOQUOTE))" _LABEL_ =
11662     "%sysfunc(sasmsg(sashelp.dmine, rpt_effectLabel_vlabel, NOQUOTE))" CODE = "%sysfunc(sasmsg(sashelp.dmine, rpt_scorecodevar_vlabel, NOQUOTE))";
11663  label tvalue = "%sysfunc(sasmsg(sashelp.dmine, rpt_tvalue_vlabel,         NOQUOTE))" abstvalue = "%sysfunc(sasmsg(sashelp.dmine, rpt_absoluteTvalue_vlabel, NOQUOTE))" PValue = "%sysfunc(sasmsg(sashelp.dmine, rpt_pvalue_vlabel,         NOQUOTE))";
11664  abstvalue = abs(tValue);
11665  if index(Effect, 'Intercept') then do;
11666  variable = 'Intercept';
11667  classLevel = scan(_LABEL_, 2, '=');
11668  end;
11669  if ^indexc(variable, '*') then do;
11670  if length(effect)>length(variable) then classlevel = substr(Effect, length(variable)+1);
11671  end;
11672  if Effect eq '' then Effect = Variable;
11673  if coefficient < 0 then sign = '-';
11674  else sign = '+';
11675  abscoefficient = abs(coefficient);
11676  if _LABEL_ = '' then _LABEL_ = Effect;
11677  if coefficient ne . then output;
11678  run;

NOTE: Missing values were generated as a result of performing an operation on missing values.
      Each place is given by: (Number of times) at (Line):(Column).
      29 at 11664:13   29 at 11675:18   
NOTE: There were 39 observations read from the data set WORK.ESTIMATE.
NOTE: There were 38 observations read from the data set WORK.MAP.
NOTE: The data set EMWS1.REG2_EFFECTS has 10 observations and 11 variables.
NOTE: DATA statement used (Total process time):
      real time           0.06 seconds
      cpu time            0.06 seconds
      

11679  proc sort data =EMWS1.Reg2_EFFECTS;
11680  by
11681  descending abstvalue;
11682  run;

NOTE: There were 10 observations read from the data set EMWS1.REG2_EFFECTS.
NOTE: The data set EMWS1.REG2_EFFECTS has 10 observations and 11 variables.
NOTE: PROCEDURE SORT used (Total process time):
      real time           0.01 seconds
      cpu time            0.01 seconds
      

11683  data EMWS1.Reg2_EFFECTS;
11684  set EMWS1.Reg2_EFFECTS;
11685  format TEffectNum 3.;
11686  label TEffectNum = "%sysfunc(sasmsg(sashelp.dmine, rpt_teffectnum_vlabel, NOQUOTE))";
11687  retain TEffectNum;
11688  TEffectNum = _N_;
11689  run;

NOTE: There were 10 observations read from the data set EMWS1.REG2_EFFECTS.
NOTE: The data set EMWS1.REG2_EFFECTS has 10 observations and 12 variables.
NOTE: DATA statement used (Total process time):
      real time           0.01 seconds
      cpu time            0.01 seconds
      

11690  proc sort data =EMWS1.Reg2_EFFECTS;
11691  by
11692  descending absCoefficient;
11693  run;

NOTE: There were 10 observations read from the data set EMWS1.REG2_EFFECTS.
NOTE: The data set EMWS1.REG2_EFFECTS has 10 observations and 12 variables.
NOTE: PROCEDURE SORT used (Total process time):
      real time           0.01 seconds
      cpu time            0.01 seconds
      

11694  data EMWS1.Reg2_EFFECTS;
11695  set EMWS1.Reg2_EFFECTS;
11696  format EffectNum 3.;
11697  label EffectNum = "%sysfunc(sasmsg(sashelp.dmine, rpt_effectnum_vlabel, NOQUOTE))";
11698  retain EffectNum;
11699  EffectNum = _N_;
11700  run;

NOTE: There were 10 observations read from the data set EMWS1.REG2_EFFECTS.
NOTE: The data set EMWS1.REG2_EFFECTS has 10 observations and 13 variables.
NOTE: DATA statement used (Total process time):
      real time           0.01 seconds
      cpu time            0.01 seconds
      

11701  proc transpose data=EMWS1.Reg2_EMESTIMATE out=EMWS1.Reg2_ESTIMATEGRID(rename=(PARMS=Coefficient T=TValue _NAME_=Effect _LABEL_=EffectLabel));
11702  where _CHOSEN_ eq '' and _TYPE_ in('PARMS', 'T', 'P');
11703  var 'AffluenceGrade'n--'TotalSpend'n;
11704  by _STEP_;
11705  id _TYPE_;
11706  run;

NOTE: There were 30 observations read from the data set EMWS1.REG2_EMESTIMATE.
      WHERE (_CHOSEN_=' ') and _TYPE_ in ('P', 'PARMS', 'T');
NOTE: The data set EMWS1.REG2_ESTIMATEGRID has 380 observations and 6 variables.
NOTE: PROCEDURE TRANSPOSE used (Total process time):
      real time           0.01 seconds
      cpu time            0.01 seconds
      

11707  data EMWS1.Reg2_ESTIMATEGRID;
11708  set EMWS1.Reg2_ESTIMATEGRID;
11709  if EffectLabel eq '' then EffectLabel = Effect;
11710  label EffectLabel = "%sysfunc(sasmsg(sashelp.dmine, rpt_effectLabel_vlabel, NOQUOTE))" Effect = "%sysfunc(sasmsg(sashelp.dmine, rpt_effect_vlabel, NOQUOTE))" Abscoefficient = "%sysfunc(sasmsg(sashelp.dmine, rpt_abscoefficient_vlabel, NOQUOTE))"
11711     Coefficient = "%sysfunc(sasmsg(sashelp.dmine, rpt_coefficient_vlabel, NOQUOTE))" tvalue = "%sysfunc(sasmsg(sashelp.dmine, rpt_tvalue_vlabel,         NOQUOTE))" abstvalue = "%sysfunc(sasmsg(sashelp.dmine, rpt_absoluteTvalue_vlabel, NOQUOTE))"
11711! PValue =
11712     "%sysfunc(sasmsg(sashelp.dmine, rpt_pvalue_vlabel,         NOQUOTE))";
11713  AbsCoefficient = abs(Coefficient);
11714  AbsTValue = abs(TValue);
11715  where coefficient ne .;
11716  run;

NOTE: Variable PValue is uninitialized.
NOTE: There were 45 observations read from the data set EMWS1.REG2_ESTIMATEGRID.
      WHERE coefficient not = .;
NOTE: The data set EMWS1.REG2_ESTIMATEGRID has 45 observations and 8 variables.
NOTE: DATA statement used (Total process time):
      real time           0.03 seconds
      cpu time            0.03 seconds
      

