 
                                                                                               
 
 
Fit Statistics

Target=TargetBuy Target Label=' '

   Fit
Statistics    Statistics Label                     Train    Validation

 _DFT_        Total Degrees of Freedom            893.00          .   
 _DFE_        Degrees of Freedom for Error        541.00          .   
 _DFM_        Model Degrees of Freedom            352.00          .   
 _NW_         Number of Estimated Weights         352.00          .   
 _AIC_        Akaike's Information Criterion     1339.76          .   
 _SBC_        Schwarz's Bayesian Criterion       3027.45          .   
 _ASE_        Average Squared Error                 0.11         0.16 
 _MAX_        Maximum Absolute Error                0.98         1.00 
 _DIV_        Divisor for ASE                    1786.00      1788.00 
 _NOBS_       Sum of Frequencies                  893.00       894.00 
 _RASE_       Root Average Squared Error            0.34         0.39 
 _SSE_        Sum of Squared Errors               201.32       278.65 
 _SUMW_       Sum of Case Weights Times Freq     1786.00      1788.00 
 _FPE_        Final Prediction Error                0.26          .   
 _MSE_        Mean Squared Error                    0.19         0.16 
 _RFPE_       Root Final Prediction Error           0.51          .   
 _RMSE_       Root Mean Squared Error               0.43         0.39 
 _AVERR_      Average Error Function                0.36         0.50 
 _ERR_        Error Function                      635.76       898.28 
 _MISC_       Misclassification Rate                0.16         0.21 
 _WRONG_      Number of Wrong Classifications     144.00       189.00 
 
                                                                                               
 
 
Classification Table

Data Role=TRAIN Target Variable=TargetBuy Target Label=' '

                       Target        Outcome     Frequency       Total
Target    Outcome    Percentage    Percentage      Count      Percentage

  0          0         85.4881       95.0147        648         72.5644 
  1          0         14.5119       52.1327        110         12.3180 
  0          1         25.1852        4.9853         34          3.8074 
  1          1         74.8148       47.8673        101         11.3102 


Data Role=VALIDATE Target Variable=TargetBuy Target Label=' '

                       Target        Outcome     Frequency       Total
Target    Outcome    Percentage    Percentage      Count      Percentage

  0          0         81.9121       92.8258        634         70.9172 
  1          0         18.0879       66.3507        140         15.6600 
  0          1         40.8333        7.1742         49          5.4810 
  1          1         59.1667       33.6493         71          7.9418 
 
                                                                                               
 
 
Event Classification Table

Data Role=TRAIN Target=TargetBuy Target Label=' '

  False       True        False       True
Negative    Negative    Positive    Positive

   110         648         34          101  


Data Role=VALIDATE Target=TargetBuy Target Label=' '

  False       True        False       True
Negative    Negative    Positive    Positive

   140         634         49          71   
 
                                                                                               
 
 
Assessment Score Rankings

Data Role=TRAIN Target Variable=TargetBuy Target Label=' '

                                                                                    Mean
                            Cumulative       %      Cumulative     Number of     Posterior
Depth      Gain     Lift       Lift      Response   % Response   Observations   Probability

   5    285.603   3.85603     3.85603     91.1111     91.1111         45          0.90684  
  10    247.983   3.10363     3.47983     73.3333     82.2222         45          0.71463  
  15    215.838   2.50086     3.15838     59.0909     74.6269         44          0.56107  
  20    183.725   1.88099     2.83725     44.4444     67.0391         45          0.44627  
  25    164.514   1.88099     2.64514     44.4444     62.5000         45          0.37199  
  30    151.091   1.82755     2.51091     43.1818     59.3284         44          0.31813  
  35    135.274   1.41074     2.35274     33.3333     55.5911         45          0.26902  
  40    116.340   0.84645     2.16340     20.0000     51.1173         45          0.22942  
  45     98.978   0.57712     1.98978     13.6364     47.0149         44          0.19711  
  50     81.787   0.28215     1.81787      6.6667     42.9530         45          0.16762  
  55     67.741   0.28215     1.67741      6.6667     39.6341         45          0.13714  
  60     58.709   0.57712     1.58709     13.6364     37.5000         44          0.11236  
  65     50.058   0.47025     1.50058     11.1111     35.4561         45          0.08902  
  70     39.947   0.09405     1.39947      2.2222     33.0671         45          0.06871  
  75     31.389   0.09619     1.31389      2.2727     31.0448         44          0.05137  
  80     23.711   0.09405     1.23711      2.2222     29.2308         45          0.03644  
  85     16.943   0.09405     1.16943      2.2222     27.6316         45          0.02352  
  90     11.070   0.09619     1.11070      2.2727     26.2438         44          0.01267  
  95      5.183   0.00000     1.05183      0.0000     24.8528         45          0.00495  
 100      0.000   0.00000     1.00000      0.0000     23.6282         44          0.00151  


Data Role=VALIDATE Target Variable=TargetBuy Target Label=' '

                                                                                    Mean
                            Cumulative       %      Cumulative     Number of     Posterior
Depth      Gain     Lift       Lift      Response   % Response   Observations   Probability

   5    210.711   3.10711     3.10711     73.3333     73.3333         45          0.85834  
  10    163.633   2.16556     2.63633     51.1111     62.2222         45          0.67620  
  15    144.803   2.07141     2.44803     48.8889     57.7778         45          0.51985  
  20    117.766   1.34813     2.17766     31.8182     51.3966         44          0.41979  
  25    104.282   1.50648     2.04282     35.5556     48.2143         45          0.35585  
  30     85.860   0.94155     1.85860     22.2222     43.8662         45          0.30530  
  35     75.976   1.15554     1.75976     27.2727     41.5335         44          0.26692  
  40     66.875   1.03570     1.66875     24.4444     39.3855         45          0.23577  
  45     62.960   1.31817     1.62960     31.1111     38.4615         45          0.20531  
  50     54.502   0.77036     1.54502     18.1818     36.4653         44          0.16952  
  55     49.844   1.03570     1.49844     24.4444     35.3659         45          0.14229  
  60     41.232   0.47077     1.41232     11.1111     33.3333         45          0.11739  
  65     34.680   0.56493     1.34680     13.3333     31.7869         45          0.09146  
  70     29.275   0.57777     1.29275     13.6364     30.5112         44          0.06791  
  75     23.131   0.37662     1.23131      8.8889     29.0611         45          0.04843  
  80     17.168   0.28246     1.17168      6.6667     27.6536         45          0.03336  
  85     11.499   0.19259     1.11499      4.5455     26.3158         44          0.02268  
  90      7.898   0.47077     1.07898     11.1111     25.4658         45          0.01219  
  95      4.180   0.37662     1.04180      8.8889     24.5882         45          0.00542  
 100      0.000   0.19259     1.00000      4.5455     23.6018         44          0.00176  
 
                                                                                               
 
 
Assessment Score Distribution

Data Role=TRAIN Target Variable=TargetBuy Target Label=' '

 Posterior     Number                     Mean
Probability      of      Number of     Posterior
   Range       Events    Nonevents    Probability    Percentage

 0.95-1.00        9           0         0.96402         1.0078 
 0.90-0.95       11           3         0.93206         1.5677 
 0.85-0.90       16           0         0.87836         1.7917 
 0.80-0.85        9           2         0.82564         1.2318 
 0.75-0.80        6           1         0.77386         0.7839 
 0.70-0.75        7           4         0.72361         1.2318 
 0.65-0.70       12           6         0.67595         2.0157 
 0.60-0.65       11           3         0.62816         1.5677 
 0.55-0.60        9           2         0.56730         1.2318 
 0.50-0.55       11          13         0.53013         2.6876 
 0.45-0.50        7          12         0.47616         2.1277 
 0.40-0.45       12          14         0.42040         2.9115 
 0.35-0.40       18          24         0.37231         4.7032 
 0.30-0.35       16          24         0.32292         4.4793 
 0.25-0.30       20          30         0.27271         5.5991 
 0.20-0.25       12          52         0.22314         7.1669 
 0.15-0.20        6          70         0.17453         8.5106 
 0.10-0.15        9          76         0.12306         9.5185 
 0.05-0.10        7         108         0.07310        12.8779 
 0.00-0.05        3         238         0.01824        26.9877 


Data Role=VALIDATE Target Variable=TargetBuy Target Label=' '

 Posterior     Number                     Mean
Probability      of      Number of     Posterior
   Range       Events    Nonevents    Probability    Percentage

 0.95-1.00        1           0         0.95602         0.1119 
 0.90-0.95       10           1         0.91944         1.2304 
 0.85-0.90        7           5         0.87433         1.3423 
 0.80-0.85        9           5         0.82658         1.5660 
 0.75-0.80        7           2         0.77761         1.0067 
 0.70-0.75        8           9         0.72376         1.9016 
 0.65-0.70        2           7         0.67675         1.0067 
 0.60-0.65        9           5         0.62393         1.5660 
 0.55-0.60        9           6         0.57378         1.6779 
 0.50-0.55        9           9         0.52659         2.0134 
 0.45-0.50        8           9         0.47091         1.9016 
 0.40-0.45        8          25         0.42461         3.6913 
 0.35-0.40       14          19         0.37787         3.6913 
 0.30-0.35       14          34         0.32447         5.3691 
 0.25-0.30       15          49         0.27356         7.1588 
 0.20-0.25       23          51         0.22498         8.2774 
 0.15-0.20       14          56         0.17133         7.8300 
 0.10-0.15       12          72         0.12458         9.3960 
 0.05-0.10       14          85         0.07431        11.0738 
 0.00-0.05       18         234         0.01857        28.1879 
