*------------------------------------------------------------*
* Score Log
Date:                May 09, 2018
Time:                14:54:44
*------------------------------------------------------------*
NOTE: This SAS session is using a registry in WORK.  All changes will be lost at the end of this session.
11812  filename emflow "D:\Nida\Data mining\datamining\BOGO\Workspaces\EMWS1\Neural2\EMFLOWSCORE.sas";
11813  *------------------------------------------------------------*;
11814  * Neural2: Scoring DATA data;
11815  *------------------------------------------------------------*;
11816  data EMWS1.Neural2_TRAIN
11817  / view=EMWS1.Neural2_TRAIN
11818  ;
11819  set EMWS1.Impt2_TRAIN
11820  ;
11821  %inc emflow;
12820  run;

NOTE: DATA STEP view saved on file EMWS1.NEURAL2_TRAIN.
NOTE: A stored DATA STEP view cannot run under a different operating system.
NOTE: View EMWS1.IMPT2_TRAIN.VIEW used (Total process time):
      real time           0.10 seconds
      cpu time            0.10 seconds
      
NOTE: DATA statement used (Total process time):
      real time           0.12 seconds
      cpu time            0.12 seconds
      

12821  quit;
12822  filename emflow;
NOTE: Fileref EMFLOW has been deassigned.

12823  filename emflow "D:\Nida\Data mining\datamining\BOGO\Workspaces\EMWS1\Neural2\EMFLOWSCORE.sas";
12824  *------------------------------------------------------------*;
12825  * Neural2: Scoring VALIDATE data;
12826  *------------------------------------------------------------*;
12827  data EMWS1.Neural2_VALIDATE
12828  / view=EMWS1.Neural2_VALIDATE
12829  ;
12830  set EMWS1.Impt2_VALIDATE
12831  ;
12832  %inc emflow;
13831  run;

NOTE: DATA STEP view saved on file EMWS1.NEURAL2_VALIDATE.
NOTE: A stored DATA STEP view cannot run under a different operating system.
NOTE: View EMWS1.IMPT2_VALIDATE.VIEW used (Total process time):
      real time           0.07 seconds
      cpu time            0.07 seconds
      
NOTE: DATA statement used (Total process time):
      real time           0.07 seconds
      cpu time            0.07 seconds
      

13832  quit;
13833  filename emflow;
NOTE: Fileref EMFLOW has been deassigned.

13834  *------------------------------------------------------------*;
13835  * Neural2: Computing metadata for TRAIN data;
13836  *------------------------------------------------------------*;

NOTE: View EMWS1.NEURAL2_TRAIN.VIEW used (Total process time):
      real time           0.09 seconds
      cpu time            0.09 seconds
      
14189  data WORK.MODELTEMP_INFO;
14190  set EMWS1.Neural2_EMINFO;
14191  where DATA='Neural2' and KEY ^in('DECDATA', 'DECMETA', 'IMPORTANCE', 'MODEL');
14192  run;

NOTE: There were 0 observations read from the data set EMWS1.NEURAL2_EMINFO.
      WHERE (DATA='Neural2') and KEY not in ('DECDATA', 'DECMETA', 'IMPORTANCE', 'MODEL');
NOTE: The data set WORK.MODELTEMP_INFO has 0 observations and 3 variables.
NOTE: DATA statement used (Total process time):
      real time           0.01 seconds
      cpu time            0.01 seconds
      

14193  data EMWS1.Neural2_EMINFO;
14194  length TARGET KEY $32 DATA $43;
14195  input TARGET KEY DATA $;
14196  cards;

NOTE: The data set EMWS1.NEURAL2_EMINFO has 3 observations and 3 variables.
NOTE: DATA statement used (Total process time):
      real time           0.00 seconds
      cpu time            0.00 seconds
      

14200  run;
14201  data EMWS1.Neural2_EMINFO;
14202  set EMWS1.Neural2_EMINFO WORK.MODELTEMP_INFO;
14203  run;

NOTE: There were 3 observations read from the data set EMWS1.NEURAL2_EMINFO.
NOTE: There were 0 observations read from the data set WORK.MODELTEMP_INFO.
NOTE: The data set EMWS1.NEURAL2_EMINFO has 3 observations and 3 variables.
NOTE: DATA statement used (Total process time):
      real time           0.01 seconds
      cpu time            0.01 seconds
      

14204  proc sort data = EMWS1.Neural2_EMINFO NOTHREADS;
14205  by TARGET KEY;
14206  run;

NOTE: There were 3 observations read from the data set EMWS1.NEURAL2_EMINFO.
NOTE: The data set EMWS1.NEURAL2_EMINFO has 3 observations and 3 variables.
NOTE: PROCEDURE SORT used (Total process time):
      real time           0.01 seconds
      cpu time            0.01 seconds
      

14207  proc sort data = EMWS1.Ids2_EMINFO OUT=WORK.SORTEDEMINFO NOTHREADS;
14208  by TARGET KEY;
14209  run;

NOTE: There were 3 observations read from the data set EMWS1.IDS2_EMINFO.
NOTE: The data set WORK.SORTEDEMINFO has 3 observations and 3 variables.
NOTE: PROCEDURE SORT used (Total process time):
      real time           0.03 seconds
      cpu time            0.03 seconds
      

14210  proc sort data = EMWS1.Neural2_EMINFO OUT=WORK.TEMP_INFO NOTHREADS;
14211  by TARGET KEY;
14212  run;

NOTE: Input data set is already sorted; it has been copied to the output data set.
NOTE: There were 3 observations read from the data set EMWS1.NEURAL2_EMINFO.
NOTE: The data set WORK.TEMP_INFO has 3 observations and 3 variables.
NOTE: PROCEDURE SORT used (Total process time):
      real time           0.01 seconds
      cpu time            0.01 seconds
      

14213  data EMWS1.Neural2_EMINFO;
14214  merge WORK.SORTEDEMINFO WORK.TEMP_INFO;
14215  by TARGET KEY;
14216  run;

NOTE: There were 3 observations read from the data set WORK.SORTEDEMINFO.
NOTE: There were 3 observations read from the data set WORK.TEMP_INFO.
NOTE: The data set EMWS1.NEURAL2_EMINFO has 4 observations and 3 variables.
NOTE: DATA statement used (Total process time):
      real time           0.01 seconds
      cpu time            0.00 seconds
      

14217  proc datasets lib=work nolist;
14218  delete TEMP_INFO SORTEDEMINFO;
14219  run;

NOTE: Deleting WORK.TEMP_INFO (memtype=DATA).
NOTE: Deleting WORK.SORTEDEMINFO (memtype=DATA).
14220  quit;

NOTE: PROCEDURE DATASETS used (Total process time):
      real time           0.03 seconds
      cpu time            0.03 seconds
      

NOTE: View EMWS1.NEURAL2_TRAIN.VIEW used (Total process time):
      real time           0.10 seconds
      cpu time            0.10 seconds
      
NOTE: View EMWS1.NEURAL2_VALIDATE.VIEW used (Total process time):
      real time           0.07 seconds
      cpu time            0.07 seconds
      
