 
                                                                                                                                                                                                                                                                
 
 
Variable Summary

            Measurement    Frequency
Role           Level         Count

INPUT        BINARY            4    
INPUT        INTERVAL          9    
INPUT        NOMINAL           5    
REJECTED     INTERVAL          4    
REJECTED     NOMINAL           5    
TARGET       BINARY            1    
 
                                                                                                                                                                                                                                                                
 
 
Model Events

                                     Number
                      Measurement      of
 Target      Event       Level       Levels      Order       Label

TargetBuy      1        BINARY          2      Descending         
 
                                                                                                                                                                                                                                                                
 
 
Predicted and decision variables

Type           Variable              Label

TARGET       TargetBuy                             
PREDICTED    P_TargetBuy1    Predicted: TargetBuy=1
RESIDUAL     R_TargetBuy1    Residual: TargetBuy=1 
PREDICTED    P_TargetBuy0    Predicted: TargetBuy=0
RESIDUAL     R_TargetBuy0    Residual: TargetBuy=0 
FROM         F_TargetBuy     From: TargetBuy       
INTO         I_TargetBuy     Into: TargetBuy       
 
                                                                                                                                                                                                                                                                
 
 

The NEURAL Procedure

Preliminary       Starting         Objective         Number
 Training          Random           Function           of        Terminating
    Run             Seed             Value         Iterations     Criteria

        1               12345    0.387459825556           10                
        2          2027069554    0.404994040557           10                
        3          1906361467    0.398903758682           10                
        4           124667214    0.417524699838           10                
        5          1558354553    0.402443148292           10                
 
                                                                                                                                                                                                                                                                
 
 

The NEURAL Procedure

                         Optimization Start
                         Parameter Estimates
                                                            Gradient
                                                           Objective
  N Parameter                               Estimate        Function

  1 AffluenceGrade_H11                      0.243339        0.001794
  2 CleanserProducts_H11                   -0.056614       -0.000303
  3 DayCareProducts_H11                     0.039002       -0.002151
  4 LotionProducts_H11                     -0.003008       -0.000985
  5 NightRepairProducts_H11                 0.204306       -0.001493
  6 REP_Age_H11                             0.108121        0.000356
  7 REP_LoyaltyTime_H11                    -0.263958        0.003419
  8 TimeSinceLastPurchase_H11              -0.054920        0.002489
  9 TotalSpend_H11                         -0.119081        0.002768
 10 AffluenceGrade_H12                     -0.017047       -0.002078
 11 CleanserProducts_H12                   -0.257763       -0.000126
 12 DayCareProducts_H12                     0.110018        0.000440
 13 LotionProducts_H12                     -0.117111    -0.000007145
 14 NightRepairProducts_H12                 0.298554       -0.000513
 15 REP_Age_H12                            -0.015798       -0.001529
 16 REP_LoyaltyTime_H12                     0.172365       -0.000731
 17 TimeSinceLastPurchase_H12               0.113518        0.000677
 18 TotalSpend_H12                          0.028616       -0.000612
 19 AffluenceGrade_H13                      0.052204       -0.007431
 20 CleanserProducts_H13                    0.328521       -0.003366
 21 DayCareProducts_H13                     0.282060        0.001155
 22 LotionProducts_H13                     -0.199329       -0.002666
 23 NightRepairProducts_H13                -0.416124        0.000268
 24 REP_Age_H13                             0.565208       -0.009513
 25 REP_LoyaltyTime_H13                     0.253937       -0.003565
 26 TimeSinceLastPurchase_H13              -0.039046        0.003424
 27 TotalSpend_H13                          0.029314       -0.002560
 28 AffluenceGrade_H14                     -0.463785       -0.009469
 29 CleanserProducts_H14                   -0.193308       -0.004346
 30 DayCareProducts_H14                    -0.385022        0.004647
 31 LotionProducts_H14                      0.335643        0.004448
 32 NightRepairProducts_H14                -0.106398        0.004346
 33 REP_Age_H14                             0.307552       -0.015701
 34 REP_LoyaltyTime_H14                    -0.177798       -0.007143
 35 TimeSinceLastPurchase_H14              -0.175333       -0.000730
 36 TotalSpend_H14                         -0.935819       -0.015186
 37 AffluenceGrade_H15                     -0.253093       -0.001961
 38 CleanserProducts_H15                   -0.457920       -0.007372
 39 DayCareProducts_H15                     0.368824        0.000932
 40 LotionProducts_H15                      0.239438        0.002775
 41 NightRepairProducts_H15                -0.328744       -0.000796
 42 REP_Age_H15                            -0.003543       -0.004887
 43 REP_LoyaltyTime_H15                    -0.339599       -0.000467
 44 TimeSinceLastPurchase_H15               0.089848       -0.003381
 45 TotalSpend_H15                          0.525282       -0.005417
 46 AffluenceGrade_H16                      0.111851        0.009278
 47 CleanserProducts_H16                   -0.014575        0.000573
 48 DayCareProducts_H16                     0.451624       -0.003384
 49 LotionProducts_H16                      0.583272       -0.000140
 50 NightRepairProducts_H16                -0.484765       -0.001953
 51 REP_Age_H16                            -0.147412        0.006959
 52 REP_LoyaltyTime_H16                     0.101025        0.000896
 53 TimeSinceLastPurchase_H16              -0.494349       -0.002084
 54 TotalSpend_H16                         -0.785100        0.007197
 55 AffluenceGrade_H17                      0.129680       -0.007910
 56 CleanserProducts_H17                    0.171822        0.001084
 57 DayCareProducts_H17                    -0.153314        0.000490
 58 LotionProducts_H17                     -0.326590        0.001826
 59 NightRepairProducts_H17                -0.024818        0.000921
 60 REP_Age_H17                            -0.096024       -0.004515
 61 REP_LoyaltyTime_H17                     0.031463       -0.003474
 62 TimeSinceLastPurchase_H17               0.073590        0.001051
 63 TotalSpend_H17                          0.087735       -0.001862
 64 AffluenceGrade_H18                     -0.126003       -0.007430
 65 CleanserProducts_H18                   -0.159281       -0.000926
 66 DayCareProducts_H18                    -0.101040        0.000695
 67 LotionProducts_H18                     -0.454962        0.001045
 68 NightRepairProducts_H18                -0.272318        0.005611
 69 REP_Age_H18                             1.057901       -0.021539
 70 REP_LoyaltyTime_H18                    -0.110513       -0.005275
 71 TimeSinceLastPurchase_H18               0.069771       -0.002961
 72 TotalSpend_H18                          0.226146       -0.005345
 73 AffluenceGrade_H19                     -0.406881       -0.003329
 74 CleanserProducts_H19                    0.184515       -0.000376
 75 DayCareProducts_H19                     0.071380        0.004439
 76 LotionProducts_H19                      0.229783        0.000842
 77 NightRepairProducts_H19                -0.325794       -0.001763
 78 REP_Age_H19                            -0.364331       -0.002816
 79 REP_LoyaltyTime_H19                    -0.194235       -0.006007
 80 TimeSinceLastPurchase_H19              -0.126655       -0.006095
 81 TotalSpend_H19                         -0.126826       -0.004283
 82 CampaignViewedEmail0_H11               -0.198943       -0.002639
 83 MobileApplications0_H11                -0.104842        0.002544
 84 PreviousCampaign0_H11                   0.070114        0.003271
 85 CampaignViewedEmail0_H12               -0.067974        0.000722
 86 MobileApplications0_H12                -0.262487       -0.000517
 87 PreviousCampaign0_H12                  -0.088546       -0.001950
 88 CampaignViewedEmail0_H13               -0.384015        0.000126
 89 MobileApplications0_H13                 0.005871       -0.001002
 90 PreviousCampaign0_H13                   0.396379       -0.003079
 91 CampaignViewedEmail0_H14               -0.087999        0.003130
 92 MobileApplications0_H14                 0.067770        0.004704
 93 PreviousCampaign0_H14                   0.087613       -0.004192
 94 CampaignViewedEmail0_H15                0.028675        0.008455
 95 MobileApplications0_H15                -0.470193       -0.003182
 96 PreviousCampaign0_H15                   0.566242       -0.006846
 97 CampaignViewedEmail0_H16                0.155123       -0.003580
 98 MobileApplications0_H16                -0.099916        0.001067
 99 PreviousCampaign0_H16                   0.450560        0.004758
100 CampaignViewedEmail0_H17                0.497647        0.001356
101 MobileApplications0_H17                 0.122749       -0.002018
102 PreviousCampaign0_H17                  -0.060922       -0.002565
103 CampaignViewedEmail0_H18                0.134554        0.006664
104 MobileApplications0_H18                 0.503498        0.006743
105 PreviousCampaign0_H18                  -0.070309       -0.006884
106 CampaignViewedEmail0_H19                0.391839        0.004224
107 MobileApplications0_H19                 0.137346       -0.000960
108 PreviousCampaign0_H19                   0.110514       -0.004870
109 REP_AdvertisementZonBorder_H11         -0.181602       -0.000455
110 REP_AdvertisementZonCentralZ1_H1        0.075830        0.000433
111 REP_AdvertisementZonECentral_H11       -0.355798       -0.000473
112 REP_AdvertisementZonNCentral_H11       -0.310836       -0.000533
113 REP_AdvertisementZonNEast_H11          -0.221618       -0.000512
114 REP_AdvertisementZonNWest_H11          -0.102992       -0.001277
115 REP_AdvertisementZonNEZ1_H11           -0.172814       -0.000580
116 REP_AdvertisementZonNEZ2_H11            0.111034       -0.000635
117 REP_AdvertisementZonNEZ3_H11            0.112868       -0.000772
118 REP_AdvertisementZonSCentral_H11        0.131241       -0.000868
119 REP_AdvertisementZonSEast_H11           0.075052       -0.001003
120 REP_AdvertisementZonSWest_H11           0.028432       -0.000240
121 REP_AdvertisementZonU_H11              -0.049892       -0.000505
122 REP_ClusterGroupA_H11                   0.237945       -0.000209
123 REP_ClusterGroupB_H11                   0.284559       -0.001969
124 REP_ClusterGroupC_H11                  -0.046481     0.000012176
125 REP_ClusterGroupD_H11                   0.135401    -0.000046294
126 REP_ClusterGroupE_H11                  -0.043887        0.000968
127 REP_ClusterGroupF_H11                  -0.034895       -0.000432
128 REP_GenderF_H11                        -0.122527        0.000247
129 REP_RegionCentral_H11                  -0.138973        0.001315
130 REP_RegionNorth_H11                    -0.115966       -0.000871
131 REP_RegionNorthEast_H11                -0.120552     0.000020077
132 REP_RegionSouthEast_H11                -0.143093       -0.000379
133 REP_RegionSouthWest_H11                -0.131616        0.000264
134 REP_AdvertisementZonBorder_H12         -0.239312     0.000004627
135 _DUP                                    0.031886        0.000127
136 REP_AdvertisementZonECentral_H12        0.041157        0.000250
137 REP_AdvertisementZonNCentral_H12        0.023473     0.000096441
138 REP_AdvertisementZonNEast_H12           0.048120        0.000152
139 REP_AdvertisementZonNWest_H12           0.171538     0.000068870
140 REP_AdvertisementZonNEZ1_H12            0.215207     0.000072729
141 REP_AdvertisementZonNEZ2_H12            0.138337     0.000089843
142 REP_AdvertisementZonNEZ3_H12           -0.016803        0.000141
143 REP_AdvertisementZonSCentral_H12       -0.069673        0.000403
144 REP_AdvertisementZonSEast_H12           0.160757        0.000329
145 REP_AdvertisementZonSWest_H12          -0.008019       -0.000197
146 REP_AdvertisementZonU_H12              -0.010604     0.000036200
147 REP_ClusterGroupA_H12                   0.079841       -0.000208
148 REP_ClusterGroupB_H12                  -0.071278       -0.000323
149 REP_ClusterGroupC_H12                  -0.201084     0.000085939
150 REP_ClusterGroupD_H12                  -0.207698        0.000243
151 REP_ClusterGroupE_H12                  -0.272448       -0.000202
152 REP_ClusterGroupF_H12                  -0.470221       -0.000219
153 REP_GenderF_H12                        -0.368633        0.001141
154 REP_RegionCentral_H12                   0.097904        0.000380
155 REP_RegionNorth_H12                    -0.149065        0.000186
156 REP_RegionNorthEast_H12                 0.094161    -0.000008555
157 REP_RegionSouthEast_H12                 0.090923        0.000473
158 REP_RegionSouthWest_H12                 0.233249       -0.000233
159 REP_AdvertisementZonBorder_H13         -0.281191       -0.000795
160 _DUP1                                  -0.162275       -0.000601
161 REP_AdvertisementZonECentral_H13       -0.181574        0.002323
162 REP_AdvertisementZonNCentral_H13       -0.126721       -0.000853
163 REP_AdvertisementZonNEast_H13          -0.491323       -0.000921
164 REP_AdvertisementZonNWest_H13           0.043647       -0.001697
165 REP_AdvertisementZonNEZ1_H13            0.327917       -0.000863
166 REP_AdvertisementZonNEZ2_H13           -0.110314       -0.000475
167 REP_AdvertisementZonNEZ3_H13            0.154427       -0.000902
168 REP_AdvertisementZonSCentral_H13       -0.138457        0.002433
169 REP_AdvertisementZonSEast_H13          -0.019907       -0.000150
170 REP_AdvertisementZonSWest_H13          -0.427205       -0.000650
171 REP_AdvertisementZonU_H13              -0.221969       -0.000865
172 REP_ClusterGroupA_H13                   0.040158       -0.000539
173 REP_ClusterGroupB_H13                  -0.138340        0.000944
174 REP_ClusterGroupC_H13                   0.174236        0.000160
175 REP_ClusterGroupD_H13                  -0.147483        0.002263
176 REP_ClusterGroupE_H13                  -0.125045        0.001545
177 REP_ClusterGroupF_H13                  -0.273194        0.000319
178 REP_GenderF_H13                         0.422782        0.002079
179 REP_RegionCentral_H13                  -0.047021        0.003538
180 REP_RegionNorth_H13                     0.001223       -0.001525
181 REP_RegionNorthEast_H13                 0.273886       -0.000139
182 REP_RegionSouthEast_H13                 0.192531        0.003603
183 REP_RegionSouthWest_H13                 0.013675        0.000215
184 REP_AdvertisementZonBorder_H14          0.198968        0.001100
185 _DUP2                                  -0.069648        0.000617
186 REP_AdvertisementZonECentral_H14        0.101531        0.006995
187 REP_AdvertisementZonNCentral_H14        0.007075        0.000972
188 REP_AdvertisementZonNEast_H14           0.146097        0.000761
189 REP_AdvertisementZonNWest_H14           0.151976        0.003747
190 REP_AdvertisementZonNEZ1_H14            0.063490        0.002339
191 REP_AdvertisementZonNEZ2_H14           -0.133966        0.001555
192 REP_AdvertisementZonNEZ3_H14            0.450748       -0.000268
193 REP_AdvertisementZonSCentral_H14       -0.653370        0.006454
194 REP_AdvertisementZonSEast_H14           0.228244        0.001642
195 REP_AdvertisementZonSWest_H14          -0.235475        0.000379
196 REP_AdvertisementZonU_H14              -0.076990        0.002469
197 REP_ClusterGroupA_H14                   0.197192       -0.002671
198 REP_ClusterGroupB_H14                  -0.163996        0.000144
199 REP_ClusterGroupC_H14                   0.217193        0.000291
200 REP_ClusterGroupD_H14                   0.097881    -0.000039283
201 REP_ClusterGroupE_H14                  -0.211119        0.001273
202 REP_ClusterGroupF_H14                   0.081074       -0.000424
203 REP_GenderF_H14                        -0.464807        0.012499
204 REP_RegionCentral_H14                  -0.278943        0.001205
205 REP_RegionNorth_H14                     0.223243       -0.001141
206 REP_RegionNorthEast_H14                 0.198186       -0.000388
207 REP_RegionSouthEast_H14                 0.300189        0.004712
208 REP_RegionSouthWest_H14                -0.017872       -0.002090
209 REP_AdvertisementZonBorder_H15          0.198216        0.000927
210 _DUP3                                  -0.415064        0.002003
211 REP_AdvertisementZonECentral_H15       -0.003694        0.001244
212 REP_AdvertisementZonNCentral_H15        0.342521        0.000357
213 REP_AdvertisementZonNEast_H15          -0.041238        0.002576
214 REP_AdvertisementZonNWest_H15           0.148724       -0.000872
215 REP_AdvertisementZonNEZ1_H15           -0.305981        0.001859
216 REP_AdvertisementZonNEZ2_H15            0.052043        0.000888
217 REP_AdvertisementZonNEZ3_H15            0.038628        0.000362
218 REP_AdvertisementZonSCentral_H15       -0.193248        0.003533
219 REP_AdvertisementZonSEast_H15          -0.529927        0.000595
220 REP_AdvertisementZonSWest_H15          -0.413679        0.001774
221 REP_AdvertisementZonU_H15              -0.099355        0.000759
222 REP_ClusterGroupA_H15                  -0.562155        0.000701
223 REP_ClusterGroupB_H15                  -0.057067        0.000971
224 REP_ClusterGroupC_H15                  -0.212857       -0.002910
225 REP_ClusterGroupD_H15                  -0.289370        0.001789
226 REP_ClusterGroupE_H15                   0.246761       -0.000778
227 REP_ClusterGroupF_H15                  -0.200507        0.001836
228 REP_GenderF_H15                        -1.027391        0.003140
229 REP_RegionCentral_H15                  -0.076643        0.000458
230 REP_RegionNorth_H15                     0.200975       -0.001811
231 REP_RegionNorthEast_H15                 0.233810       -0.000203
232 REP_RegionSouthEast_H15                -0.312361       -0.000479
233 REP_RegionSouthWest_H15                -0.114068        0.001015
234 REP_AdvertisementZonBorder_H16          0.097440       -0.000784
235 _DUP4                                  -0.126460       -0.000623
236 REP_AdvertisementZonECentral_H16       -0.275436       -0.002823
237 REP_AdvertisementZonNCentral_H16       -0.154109       -0.000985
238 REP_AdvertisementZonNEast_H16          -0.071253       -0.000864
239 REP_AdvertisementZonNWest_H16           0.305601       -0.000980
240 REP_AdvertisementZonNEZ1_H16            0.044250       -0.001811
241 REP_AdvertisementZonNEZ2_H16            0.233880       -0.001312
242 REP_AdvertisementZonNEZ3_H16           -0.142122       -0.000955
243 REP_AdvertisementZonSCentral_H16       -0.188308       -0.000883
244 REP_AdvertisementZonSEast_H16          -0.004681        0.000195
245 REP_AdvertisementZonSWest_H16          -0.208605    -0.000082067
246 REP_AdvertisementZonU_H16               0.159084       -0.000779
247 REP_ClusterGroupA_H16                  -0.040493        0.000730
248 REP_ClusterGroupB_H16                  -0.458398        0.001433
249 REP_ClusterGroupC_H16                  -0.325342       -0.000401
250 REP_ClusterGroupD_H16                   0.033066       -0.000839
251 REP_ClusterGroupE_H16                  -0.033163       -0.000898
252 REP_ClusterGroupF_H16                  -0.145542       -0.000393
253 REP_GenderF_H16                        -0.007111       -0.003471
254 REP_RegionCentral_H16                  -0.071454        0.001290
255 REP_RegionNorth_H16                     0.064470    -0.000019236
256 REP_RegionNorthEast_H16                -0.020048       -0.001127
257 REP_RegionSouthEast_H16                 0.266063       -0.000848
258 REP_RegionSouthWest_H16                 0.181334        0.000697
259 REP_AdvertisementZonBorder_H17          0.063549       -0.000364
260 _DUP5                                  -0.117499       -0.000282
261 REP_AdvertisementZonECentral_H17        0.003445        0.002357
262 REP_AdvertisementZonNCentral_H17       -0.084703       -0.000216
263 REP_AdvertisementZonNEast_H17          -0.077319       -0.000393
264 REP_AdvertisementZonNWest_H17          -0.215825       -0.000382
265 REP_AdvertisementZonNEZ1_H17            0.183490       -0.000310
266 REP_AdvertisementZonNEZ2_H17            0.060907     0.000088982
267 REP_AdvertisementZonNEZ3_H17           -0.079847       -0.000710
268 REP_AdvertisementZonSCentral_H17        0.427018        0.000730
269 REP_AdvertisementZonSEast_H17           0.199781       -0.000829
270 REP_AdvertisementZonSWest_H17          -0.083112       -0.000104
271 REP_AdvertisementZonU_H17               0.115055       -0.000226
272 REP_ClusterGroupA_H17                  -0.125104        0.000150
273 REP_ClusterGroupB_H17                   0.002431        0.001114
274 REP_ClusterGroupC_H17                  -0.086593        0.000862
275 REP_ClusterGroupD_H17                  -0.103210    -0.000007408
276 REP_ClusterGroupE_H17                   0.143390       -0.000848
277 REP_ClusterGroupF_H17                   0.074746       -0.000424
278 REP_GenderF_H17                         0.087292        0.005516
279 REP_RegionCentral_H17                  -0.060972        0.001063
280 REP_RegionNorth_H17                    -0.128240       -0.000857
281 REP_RegionNorthEast_H17                -0.016927     0.000044423
282 REP_RegionSouthEast_H17                -0.487905        0.001955
283 REP_RegionSouthWest_H17                -0.066339        0.000122
284 REP_AdvertisementZonBorder_H18          0.125451        0.000545
285 _DUP6                                  -0.236392        0.001613
286 REP_AdvertisementZonECentral_H18        0.236529        0.005549
287 REP_AdvertisementZonNCentral_H18        0.040956        0.000156
288 REP_AdvertisementZonNEast_H18           0.216993        0.001136
289 REP_AdvertisementZonNWest_H18           0.119552        0.002485
290 REP_AdvertisementZonNEZ1_H18            0.249049        0.000508
291 REP_AdvertisementZonNEZ2_H18           -0.014012        0.001667
292 REP_AdvertisementZonNEZ3_H18           -0.261410        0.000956
293 REP_AdvertisementZonSCentral_H18        0.256046        0.004833
294 REP_AdvertisementZonSEast_H18           0.055387        0.001509
295 REP_AdvertisementZonSWest_H18           0.005126        0.000721
296 REP_AdvertisementZonU_H18              -0.082270        0.000950
297 REP_ClusterGroupA_H18                   0.583318       -0.001392
298 REP_ClusterGroupB_H18                  -0.142674       -0.000731
299 REP_ClusterGroupC_H18                  -0.287665        0.002988
300 REP_ClusterGroupD_H18                   0.524044       -0.002114
301 REP_ClusterGroupE_H18                   0.095066        0.004117
302 REP_ClusterGroupF_H18                  -0.230744        0.001129
303 REP_GenderF_H18                         0.127970        0.014002
304 REP_RegionCentral_H18                   0.423177        0.002102
305 REP_RegionNorth_H18                     0.156431        0.001261
306 REP_RegionNorthEast_H18                -0.001567       -0.000597
307 REP_RegionSouthEast_H18                 0.588414        0.004925
308 REP_RegionSouthWest_H18                -0.376168       -0.000229
309 REP_AdvertisementZonBorder_H19         -0.004337        0.001158
310 _DUP7                                  -0.098984       -0.000219
311 REP_AdvertisementZonECentral_H19       -0.065303       -0.001398
312 REP_AdvertisementZonNCentral_H19       -0.033375        0.001159
313 REP_AdvertisementZonNEast_H19           0.021563        0.001165
314 REP_AdvertisementZonNWest_H19          -0.029931        0.001888
315 REP_AdvertisementZonNEZ1_H19           -0.088148        0.001652
316 REP_AdvertisementZonNEZ2_H19            0.170317        0.000930
317 REP_AdvertisementZonNEZ3_H19           -0.370308        0.001500
318 REP_AdvertisementZonSCentral_H19        0.153395        0.000899
319 REP_AdvertisementZonSEast_H19           0.018789        0.001772
320 REP_AdvertisementZonSWest_H19           0.148898        0.001219
321 REP_AdvertisementZonU_H19               0.010520        0.001208
322 REP_ClusterGroupA_H19                   0.082009       -0.000479
323 REP_ClusterGroupB_H19                  -0.019186       -0.000217
324 REP_ClusterGroupC_H19                  -0.086880        0.000173
325 REP_ClusterGroupD_H19                   0.293945       -0.001228
326 REP_ClusterGroupE_H19                   0.312047     0.000096669
327 REP_ClusterGroupF_H19                  -0.099591        0.000210
328 REP_GenderF_H19                        -0.244909       -0.002834
329 REP_RegionCentral_H19                   0.104422       -0.003107
330 REP_RegionNorth_H19                    -0.511029        0.000854
331 REP_RegionNorthEast_H19                 0.176952     0.000040664
332 REP_RegionSouthEast_H19                 0.038563       -0.002079
333 REP_RegionSouthWest_H19                -0.148134     0.000010883
334 BIAS_H11                               -1.162477        0.000878
335 BIAS_H12                               -0.393919        0.000596
336 BIAS_H13                                0.793099        0.003890
337 BIAS_H14                               -0.773430        0.008374
338 BIAS_H15                               -1.133623       -0.005821
339 BIAS_H16                                0.628782        0.001319
340 BIAS_H17                               -0.976150        0.002183
341 BIAS_H18                                1.350341        0.006061
342 BIAS_H19                                1.562580       -0.004509
343 H11_TargetBuy1                          0.526357       -0.000310
344 H12_TargetBuy1                         -0.175916        0.001530
345 H13_TargetBuy1                         -0.672731        0.012019
346 H14_TargetBuy1                         -1.571097       -0.004355
347 H15_TargetBuy1                         -2.018395        0.003762
348 H16_TargetBuy1                          0.626289       -0.006725
349 H17_TargetBuy1                         -0.604460        0.002722
350 H18_TargetBuy1                         -1.565497        0.009131
351 H19_TargetBuy1                         -0.729799       -0.003299
352 BIAS_TargetBuy1                        -1.758104       -0.000542

Value of Objective Function = 0.3874598256

 
                                                                                                                                                                                                                                                                
 
 

The NEURAL Procedure

Dual Quasi-Newton Optimization


Minimum Iterations                                0
Maximum Iterations                               50
Maximum Function Calls                   2147483647
Maximum CPU Time                              14400
ABSGCONV Gradient Criterion                 0.00001
GCONV Gradient Criterion                       1E-8
ABSFCONV Function Criterion                       0
FCONV Function Criterion                     0.0001
FCONV2 Function Criterion                         0
FSIZE Parameter                                   0
ABSXCONV Parameter Change Criterion               0
XCONV Parameter Change Criterion                  0
XSIZE Parameter                                   0
ABSCONV Function Criterion             0.0017122854
Line Search Method                                2
Starting Alpha for Line Search                    1
Line Search Precision LSPRECISION               0.4
DAMPSTEP Parameter for Line Search                .
Singularity Tolerance (SINGULAR)               1E-8

Dual Quasi-Newton Optimization

Dual Broyden - Fletcher - Goldfarb - Shanno Update (DBFGS)

Parameter Estimates             352

                                             Optimization Start

Active Constraints                                  0  Objective Function                       0.3874598256
Max Abs Gradient Element                 0.0215387956                                                       


                                                                 Objective     Max Abs                Slope of
                     Function         Active        Objective     Function    Gradient       Step       Search
Iter     Restarts       Calls    Constraints         Function       Change     Element       Size    Direction

   1            0           5              0          0.38122      0.00624      0.0152     0.0327       -0.402
   2            0           7              0          0.37762      0.00360      0.0164      1.000      -0.0082
   3            0          11              0          0.36637       0.0113      0.0130      2.837      -0.0082
   4            0          15              0          0.35597       0.0104      0.0166      2.665      -0.0079
   5            0          19              0          0.34645      0.00952      0.0114      2.377      -0.0079
   6            0          21              0          0.33743      0.00901      0.0164      3.356      -0.0071
   7            0          23              0          0.32997      0.00746      0.0157      2.211      -0.0102
   8            0          25              0          0.31944       0.0105     0.00927      1.942      -0.0096
   9            0          27              0          0.30898       0.0105      0.0201      2.696      -0.0098
  10            0          29              0          0.29699       0.0120      0.0133      1.825      -0.0143
  11            0          31              0          0.28879      0.00821      0.0194      3.920      -0.0076
  12            0          33              0          0.27832       0.0105     0.00648      1.456      -0.0141
  13            0          35              0          0.26675       0.0116      0.0126      3.576      -0.0073
  14            0          37              0          0.25984      0.00691      0.0167      3.524      -0.0082
  15            0          39              0          0.24869       0.0112     0.00738      1.176      -0.0147
  16            0          41              0          0.24164      0.00705      0.0222      3.249      -0.0086
  17            0          43              0          0.23175      0.00989     0.00605      1.438      -0.0123
  18            0          45              0          0.22313      0.00862      0.0166      3.811      -0.0065
  19            0          47              0          0.21475      0.00838      0.0143      2.362      -0.0091
  20            0          49              0          0.20492      0.00983     0.00984      3.026      -0.0069
  21            0          51              0          0.19416       0.0108      0.0118      3.091      -0.0079
  22            0          54              0          0.18706      0.00710     0.00960      1.602      -0.0090
  23            0          56              0          0.18058      0.00648      0.0127      2.907      -0.0061
  24            0          58              0          0.17226      0.00832     0.00721      1.712      -0.0095
  25            0          60              0          0.16699      0.00528      0.0193      2.813      -0.0074
  26            0          62              0          0.15899      0.00800     0.00442      1.156      -0.0114
  27            0          64              0          0.15362      0.00537      0.0107      3.559      -0.0056
  28            0          66              0          0.14776      0.00586     0.00449      1.623      -0.0083
  29            0          68              0          0.14544      0.00233      0.0118      5.096      -0.0029
  30            0          70              0          0.14154      0.00389     0.00585      0.773      -0.0075
  31            0          73              0          0.13887      0.00268     0.00506      1.838      -0.0029
  32            0          75              0          0.13520      0.00366     0.00423      3.809      -0.0018
  33            0          78              0          0.13284      0.00236     0.00485      1.658      -0.0028
  34            0          80              0          0.13085      0.00199     0.00377      2.344      -0.0025
  35            0          82              0          0.12778      0.00307     0.00539      1.983      -0.0025
  36            0          85              0          0.12518      0.00260     0.00552      0.962      -0.0039
  37            0          87              0          0.12353      0.00165     0.00465      2.494      -0.0026
  38            0          89              0          0.12178      0.00176     0.00239      2.104      -0.0020
  39            0          92              0          0.12061      0.00117     0.00370      2.601      -0.0009
  40            0          94              0          0.11911      0.00149     0.00402      3.231      -0.0009
  41            0          96              0          0.11768      0.00144     0.00350      3.795      -0.0010
  42            0          98              0          0.11651      0.00117     0.00278      4.031      -0.0009
  43            0         100              0          0.11594     0.000568     0.00211      3.642      -0.0008
  44            0         102              0          0.11515     0.000793     0.00134      1.293      -0.0011
  45            0         104              0          0.11479     0.000357     0.00330      5.066      -0.0004
  46            0         108              0          0.11393     0.000854     0.00137      1.446      -0.0012
  47            0         110              0          0.11299     0.000944     0.00229      5.035      -0.0004
  48            0         113              0          0.11257     0.000426     0.00159      2.969      -0.0003
  49            0         115              0          0.11187     0.000694     0.00228      2.568      -0.0004
  50            0         118              0          0.11145     0.000423     0.00264      1.474      -0.0005

                                            Optimization Results

Iterations                                         50  Function Calls                                    120
Gradient Calls                                     56  Active Constraints                                  0
Objective Function                       0.1114485492  Max Abs Gradient Element                 0.0026360956
Slope of Search Direction                -0.000496148                                                       

QUANEW needs more than 50 iterations or 2147483647 function calls.                                

WARNING: QUANEW Optimization cannot be completed.

 
                                                                                                                                                                                                                                                                
 
 

The NEURAL Procedure

                        Optimization Results
                         Parameter Estimates
                                                            Gradient
                                                           Objective
  N Parameter                               Estimate        Function

  1 AffluenceGrade_H11                     -0.348086        0.000228
  2 CleanserProducts_H11                    1.213130       -0.001810
  3 DayCareProducts_H11                     0.098176       -0.000453
  4 LotionProducts_H11                      0.754447       -0.000898
  5 NightRepairProducts_H11                 2.067295       -0.000381
  6 REP_Age_H11                             2.121145       -0.000818
  7 REP_LoyaltyTime_H11                    -3.692091        0.001546
  8 TimeSinceLastPurchase_H11               0.176244        0.001268
  9 TotalSpend_H11                         -0.595382        0.001078
 10 AffluenceGrade_H12                     -0.046617        0.000751
 11 CleanserProducts_H12                   -1.019197        0.000679
 12 DayCareProducts_H12                     2.378734        0.000407
 13 LotionProducts_H12                      0.613039        0.000423
 14 NightRepairProducts_H12                 2.814849     0.000086754
 15 REP_Age_H12                             0.860651        0.000905
 16 REP_LoyaltyTime_H12                    -2.393133       -0.000140
 17 TimeSinceLastPurchase_H12               1.542652       -0.000596
 18 TotalSpend_H12                         -0.924987        0.000196
 19 AffluenceGrade_H13                      0.797308       -0.000533
 20 CleanserProducts_H13                    3.976063        0.000417
 21 DayCareProducts_H13                     2.901646     0.000089336
 22 LotionProducts_H13                      0.279752        0.000101
 23 NightRepairProducts_H13                -0.430939       -0.000960
 24 REP_Age_H13                             6.255893       -0.000661
 25 REP_LoyaltyTime_H13                     3.073709       -0.000873
 26 TimeSinceLastPurchase_H13              -4.140604       -0.000354
 27 TotalSpend_H13                         -0.163895       -0.000222
 28 AffluenceGrade_H14                     -1.933463       -0.001486
 29 CleanserProducts_H14                   -0.860217     0.000040884
 30 DayCareProducts_H14                    -2.111733       -0.000431
 31 LotionProducts_H14                      2.843400       -0.000785
 32 NightRepairProducts_H14                -1.593127       -0.000442
 33 REP_Age_H14                             1.778694       -0.000861
 34 REP_LoyaltyTime_H14                    -1.548874        0.000922
 35 TimeSinceLastPurchase_H14               0.786523        0.000370
 36 TotalSpend_H14                         -2.725217    -0.000003112
 37 AffluenceGrade_H15                     -2.472014        0.000706
 38 CleanserProducts_H15                   -1.948523        0.000757
 39 DayCareProducts_H15                     1.616689        0.000161
 40 LotionProducts_H15                      1.373675        0.000795
 41 NightRepairProducts_H15                -0.868752       -0.000746
 42 REP_Age_H15                             0.812859    -0.000055892
 43 REP_LoyaltyTime_H15                    -2.692212        0.000139
 44 TimeSinceLastPurchase_H15               2.416427       -0.000676
 45 TotalSpend_H15                          2.562207        0.000630
 46 AffluenceGrade_H16                     -0.525577        0.000253
 47 CleanserProducts_H16                    1.035496        0.000169
 48 DayCareProducts_H16                     3.298314        0.000252
 49 LotionProducts_H16                      2.936241       -0.000218
 50 NightRepairProducts_H16                -4.075918       -0.001306
 51 REP_Age_H16                             0.019545        0.000613
 52 REP_LoyaltyTime_H16                     1.300851        0.000109
 53 TimeSinceLastPurchase_H16              -0.619060        0.000490
 54 TotalSpend_H16                         -5.852215     0.000068358
 55 AffluenceGrade_H17                      2.535885        0.000148
 56 CleanserProducts_H17                    1.488287        0.000399
 57 DayCareProducts_H17                    -1.625897       -0.000208
 58 LotionProducts_H17                     -2.524787        0.000249
 59 NightRepairProducts_H17                -1.313699        0.000487
 60 REP_Age_H17                            -2.945176        0.000309
 61 REP_LoyaltyTime_H17                     1.712128       -0.000909
 62 TimeSinceLastPurchase_H17              -1.782672       -0.001021
 63 TotalSpend_H17                         -1.110132    -0.000075261
 64 AffluenceGrade_H18                     -2.520064       -0.000677
 65 CleanserProducts_H18                   -0.218624        0.001154
 66 DayCareProducts_H18                     0.792761        0.000620
 67 LotionProducts_H18                     -1.662153        0.001002
 68 NightRepairProducts_H18                -2.272600        0.000618
 69 REP_Age_H18                             5.138591       -0.001108
 70 REP_LoyaltyTime_H18                    -0.383766       -0.000840
 71 TimeSinceLastPurchase_H18               0.972506       -0.000381
 72 TotalSpend_H18                          0.411224       -0.000794
 73 AffluenceGrade_H19                     -0.764939        0.001078
 74 CleanserProducts_H19                    0.437414       -0.000614
 75 DayCareProducts_H19                    -0.753811        0.000383
 76 LotionProducts_H19                      0.066928        0.000389
 77 NightRepairProducts_H19                -1.828043       -0.000571
 78 REP_Age_H19                            -1.078305    -0.000082442
 79 REP_LoyaltyTime_H19                    -1.207822     0.000096409
 80 TimeSinceLastPurchase_H19              -0.020209     0.000071879
 81 TotalSpend_H19                         -0.838415       -0.000909
 82 CampaignViewedEmail0_H11               -0.513496        0.000573
 83 MobileApplications0_H11                -1.519058       -0.000531
 84 PreviousCampaign0_H11                  -1.022441        0.000508
 85 CampaignViewedEmail0_H12               -1.443869       -0.000342
 86 MobileApplications0_H12                -1.961416     0.000018323
 87 PreviousCampaign0_H12                   0.497074        0.000583
 88 CampaignViewedEmail0_H13               -0.264239        0.000924
 89 MobileApplications0_H13                 2.909120        0.000216
 90 PreviousCampaign0_H13                   1.830142       -0.000513
 91 CampaignViewedEmail0_H14               -1.387721       -0.000717
 92 MobileApplications0_H14                -0.072910       -0.001226
 93 PreviousCampaign0_H14                  -0.756459       -0.000377
 94 CampaignViewedEmail0_H15                0.463637       -0.000151
 95 MobileApplications0_H15                -1.548513        0.000551
 96 PreviousCampaign0_H15                   2.603972        0.000415
 97 CampaignViewedEmail0_H16                3.623900    -0.000005712
 98 MobileApplications0_H16                 0.062635        0.000648
 99 PreviousCampaign0_H16                   1.965407       -0.000606
100 CampaignViewedEmail0_H17                3.572531        0.001122
101 MobileApplications0_H17                -1.087637        0.000545
102 PreviousCampaign0_H17                  -1.759639        0.000291
103 CampaignViewedEmail0_H18                0.009708       -0.000550
104 MobileApplications0_H18                 0.600946        0.001138
105 PreviousCampaign0_H18                  -0.174745       -0.000429
106 CampaignViewedEmail0_H19                1.589583        0.000434
107 MobileApplications0_H19                 1.252536       -0.000627
108 PreviousCampaign0_H19                   2.389235       -0.000149
109 REP_AdvertisementZonBorder_H11         -0.515801     0.000036524
110 REP_AdvertisementZonCentralZ1_H1        0.107318     0.000033351
111 REP_AdvertisementZonECentral_H11       -2.970472       -0.001253
112 REP_AdvertisementZonNCentral_H11       -0.431029     0.000036530
113 REP_AdvertisementZonNEast_H11          -1.251977        0.000103
114 REP_AdvertisementZonNWest_H11           0.994414        0.000191
115 REP_AdvertisementZonNEZ1_H11           -0.987831     0.000018252
116 REP_AdvertisementZonNEZ2_H11            0.204506     0.000043808
117 REP_AdvertisementZonNEZ3_H11           -0.438282    -0.000095865
118 REP_AdvertisementZonSCentral_H11       -0.047799       -0.000454
119 REP_AdvertisementZonSEast_H11           2.015034        0.000276
120 REP_AdvertisementZonSWest_H11          -0.537250        0.000437
121 REP_AdvertisementZonU_H11              -0.098262     0.000034935
122 REP_ClusterGroupA_H11                   1.580448        0.000192
123 REP_ClusterGroupB_H11                   4.168655       -0.001115
124 REP_ClusterGroupC_H11                  -0.295587       -0.000365
125 REP_ClusterGroupD_H11                   2.614885        0.000208
126 REP_ClusterGroupE_H11                  -2.732972        0.000320
127 REP_ClusterGroupF_H11                  -0.092546       -0.000344
128 REP_GenderF_H11                        -3.226391       -0.002164
129 REP_RegionCentral_H11                  -0.305373       -0.000528
130 REP_RegionNorth_H11                    -0.516381     0.000090401
131 REP_RegionNorthEast_H11                -1.092610    -0.000009366
132 REP_RegionSouthEast_H11                -0.751756       -0.001049
133 REP_RegionSouthWest_H11                -0.648927        0.000402
134 REP_AdvertisementZonBorder_H12          0.382558     0.000018720
135 _DUP                                   -0.788748        0.000115
136 REP_AdvertisementZonECentral_H12        1.474763        0.000284
137 REP_AdvertisementZonNCentral_H12        1.000579    -0.000028661
138 REP_AdvertisementZonNEast_H12           0.823418        0.000229
139 REP_AdvertisementZonNWest_H12           2.925208        0.000491
140 REP_AdvertisementZonNEZ1_H12            1.289184    -0.000005795
141 REP_AdvertisementZonNEZ2_H12           -0.313582     0.000018894
142 REP_AdvertisementZonNEZ3_H12           -0.934079     0.000062629
143 REP_AdvertisementZonSCentral_H12       -0.350414     0.000027007
144 REP_AdvertisementZonSEast_H12          -1.002765       -0.000319
145 REP_AdvertisementZonSWest_H12           1.071644     0.000052059
146 REP_AdvertisementZonU_H12               0.013115     0.000016522
147 REP_ClusterGroupA_H12                  -2.043722     0.000092941
148 REP_ClusterGroupB_H12                   2.961642        0.000761
149 REP_ClusterGroupC_H12                   0.953620        0.000153
150 REP_ClusterGroupD_H12                  -1.452026       -0.000250
151 REP_ClusterGroupE_H12                   1.015464    -0.000031000
152 REP_ClusterGroupF_H12                  -2.185705        0.000321
153 REP_GenderF_H12                        -4.528075        0.001680
154 REP_RegionCentral_H12                  -1.431444     0.000040625
155 REP_RegionNorth_H12                     1.518002        0.000729
156 REP_RegionNorthEast_H12                 0.393463    -0.000022477
157 REP_RegionSouthEast_H12                -0.123165    -0.000069793
158 REP_RegionSouthWest_H12                 1.289193     0.000035538
159 REP_AdvertisementZonBorder_H13          0.764895       -0.000133
160 _DUP1                                  -2.466043     0.000078805
161 REP_AdvertisementZonECentral_H13       -1.161825        0.000535
162 REP_AdvertisementZonNCentral_H13        0.515712    5.9183964E-8
163 REP_AdvertisementZonNEast_H13           0.821873       -0.000129
164 REP_AdvertisementZonNWest_H13          -0.200163        0.000238
165 REP_AdvertisementZonNEZ1_H13            0.634048    5.5965245E-8
166 REP_AdvertisementZonNEZ2_H13           -0.782911    -0.000002013
167 REP_AdvertisementZonNEZ3_H13            0.581024       -0.000124
168 REP_AdvertisementZonSCentral_H13       -1.407952     0.000088136
169 REP_AdvertisementZonSEast_H13           1.338130    -0.000035171
170 REP_AdvertisementZonSWest_H13          -1.712857     0.000095521
171 REP_AdvertisementZonU_H13              -0.586115     0.000008441
172 REP_ClusterGroupA_H13                  -1.703483        0.000101
173 REP_ClusterGroupB_H13                  -1.825446       -0.000171
174 REP_ClusterGroupC_H13                   4.355201        0.000308
175 REP_ClusterGroupD_H13                  -3.672234        0.000358
176 REP_ClusterGroupE_H13                   2.759505       -0.000189
177 REP_ClusterGroupF_H13                  -1.829681        0.000200
178 REP_GenderF_H13                         6.369463        0.000143
179 REP_RegionCentral_H13                  -1.697883        0.000158
180 REP_RegionNorth_H13                     2.471899    -0.000024142
181 REP_RegionNorthEast_H13                 1.928199       -0.000143
182 REP_RegionSouthEast_H13                 1.239736        0.000491
183 REP_RegionSouthWest_H13                -0.907832     0.000087080
184 REP_AdvertisementZonBorder_H14          0.370351    -0.000052039
185 _DUP2                                   2.324445       -0.000113
186 REP_AdvertisementZonECentral_H14       -0.707044        0.000476
187 REP_AdvertisementZonNCentral_H14        1.696524    -0.000065606
188 REP_AdvertisementZonNEast_H14           0.807241       -0.000382
189 REP_AdvertisementZonNWest_H14          -1.367067        0.000622
190 REP_AdvertisementZonNEZ1_H14           -1.648351       -0.000128
191 REP_AdvertisementZonNEZ2_H14            0.236205    -0.000052702
192 REP_AdvertisementZonNEZ3_H14            1.926692       -0.000115
193 REP_AdvertisementZonSCentral_H14       -8.011148     0.000045516
194 REP_AdvertisementZonSEast_H14           0.937955       -0.000195
195 REP_AdvertisementZonSWest_H14           0.302535       -0.000101
196 REP_AdvertisementZonU_H14              -0.990011    -0.000048035
197 REP_ClusterGroupA_H14                   4.887127        0.000276
198 REP_ClusterGroupB_H14                  -2.466057        0.000178
199 REP_ClusterGroupC_H14                   3.094802        0.000578
200 REP_ClusterGroupD_H14                   3.796325       -0.000309
201 REP_ClusterGroupE_H14                  -6.044634     0.000047927
202 REP_ClusterGroupF_H14                   0.947749    -0.000059302
203 REP_GenderF_H14                        -2.560563        0.000362
204 REP_RegionCentral_H14                  -2.274875     0.000069696
205 REP_RegionNorth_H14                     1.997831        0.000277
206 REP_RegionNorthEast_H14                 0.184442    -0.000081130
207 REP_RegionSouthEast_H14                 1.236107        0.000380
208 REP_RegionSouthWest_H14                 1.433158    -0.000052962
209 REP_AdvertisementZonBorder_H15          0.714700    -0.000069645
210 _DUP3                                  -2.055945       -0.000436
211 REP_AdvertisementZonECentral_H15       -1.450701    -0.000063962
212 REP_AdvertisementZonNCentral_H15        2.093839    -0.000083244
213 REP_AdvertisementZonNEast_H15          -4.236988    -0.000069414
214 REP_AdvertisementZonNWest_H15           4.652119        0.000568
215 REP_AdvertisementZonNEZ1_H15           -1.773331    -0.000058084
216 REP_AdvertisementZonNEZ2_H15            0.087295    -0.000069436
217 REP_AdvertisementZonNEZ3_H15            0.492548       -0.000238
218 REP_AdvertisementZonSCentral_H15       -2.072906    -0.000080974
219 REP_AdvertisementZonSEast_H15          -0.507208       -0.000538
220 REP_AdvertisementZonSWest_H15          -1.032694    -0.000098860
221 REP_AdvertisementZonU_H15              -0.322603    -0.000063334
222 REP_ClusterGroupA_H15                  -1.909740    -0.000010114
223 REP_ClusterGroupB_H15                  -0.127131        0.000306
224 REP_ClusterGroupC_H15                  -0.504741    -0.000006522
225 REP_ClusterGroupD_H15                  -2.857700        0.000158
226 REP_ClusterGroupE_H15                   3.003758       -0.000199
227 REP_ClusterGroupF_H15                  -1.088639       -0.000479
228 REP_GenderF_H15                        -5.442222        0.001023
229 REP_RegionCentral_H15                  -1.013262       -0.000328
230 REP_RegionNorth_H15                     1.592023        0.000463
231 REP_RegionNorthEast_H15                -0.052323     0.000005002
232 REP_RegionSouthEast_H15                -1.310283       -0.000469
233 REP_RegionSouthWest_H15                -0.509835    -0.000035526
234 REP_AdvertisementZonBorder_H16          0.259827       -0.000248
235 _DUP4                                   1.248018       -0.000541
236 REP_AdvertisementZonECentral_H16        2.748058       -0.000244
237 REP_AdvertisementZonNCentral_H16        0.313894       -0.000248
238 REP_AdvertisementZonNEast_H16           0.823003       -0.000243
239 REP_AdvertisementZonNWest_H16          -0.153024       -0.000285
240 REP_AdvertisementZonNEZ1_H16            1.597591       -0.000378
241 REP_AdvertisementZonNEZ2_H16            1.196811       -0.000242
242 REP_AdvertisementZonNEZ3_H16            0.680384       -0.000335
243 REP_AdvertisementZonSCentral_H16       -0.182653        0.000299
244 REP_AdvertisementZonSEast_H16          -0.132647       -0.000296
245 REP_AdvertisementZonSWest_H16          -0.105505       -0.000251
246 REP_AdvertisementZonU_H16               0.000360       -0.000255
247 REP_ClusterGroupA_H16                  -0.431618       -0.000123
248 REP_ClusterGroupB_H16                  -3.002784        0.000784
249 REP_ClusterGroupC_H16                  -0.126224        0.000105
250 REP_ClusterGroupD_H16                   2.661290       -0.000252
251 REP_ClusterGroupE_H16                   1.730633       -0.000387
252 REP_ClusterGroupF_H16                  -0.364425     0.000070479
253 REP_GenderF_H16                         1.019380        0.000261
254 REP_RegionCentral_H16                   0.412168        0.000509
255 REP_RegionNorth_H16                     0.465840       -0.000114
256 REP_RegionNorthEast_H16                 1.801843       -0.000118
257 REP_RegionSouthEast_H16                 2.812569    -0.000037794
258 REP_RegionSouthWest_H16                 0.443158     0.000003607
259 REP_AdvertisementZonBorder_H17          1.261549    -0.000023183
260 _DUP5                                   0.499888        0.000457
261 REP_AdvertisementZonECentral_H17       -1.869264        0.000345
262 REP_AdvertisementZonNCentral_H17        1.289759    -0.000068485
263 REP_AdvertisementZonNEast_H17           0.831112    -0.000010296
264 REP_AdvertisementZonNWest_H17           1.097830        0.000145
265 REP_AdvertisementZonNEZ1_H17            1.584885     0.000049105
266 REP_AdvertisementZonNEZ2_H17           -1.494961    -0.000055173
267 REP_AdvertisementZonNEZ3_H17            1.299345    -0.000079865
268 REP_AdvertisementZonSCentral_H17        4.616429    -0.000071813
269 REP_AdvertisementZonSEast_H17           2.310471       -0.000352
270 REP_AdvertisementZonSWest_H17          -0.694230        0.000213
271 REP_AdvertisementZonU_H17               1.106610    -0.000030124
272 REP_ClusterGroupA_H17                  -0.568829        0.000136
273 REP_ClusterGroupB_H17                  -0.945400        0.000170
274 REP_ClusterGroupC_H17                  -2.112801        0.000153
275 REP_ClusterGroupD_H17                  -2.443486        0.000150
276 REP_ClusterGroupE_H17                   3.749875    -0.000045144
277 REP_ClusterGroupF_H17                   0.220019        0.000455
278 REP_GenderF_H17                        -1.684471        0.001098
279 REP_RegionCentral_H17                   2.254304        0.000416
280 REP_RegionNorth_H17                     0.565197        0.000131
281 REP_RegionNorthEast_H17                -1.881241     0.000046977
282 REP_RegionSouthEast_H17                -2.199622     0.000046425
283 REP_RegionSouthWest_H17                -1.669013        0.000243
284 REP_AdvertisementZonBorder_H18          2.102075       -0.000161
285 _DUP6                                  -1.744791        0.000118
286 REP_AdvertisementZonECentral_H18        1.409388        0.000639
287 REP_AdvertisementZonNCentral_H18        3.097472     0.000009383
288 REP_AdvertisementZonNEast_H18           0.339250     0.000005822
289 REP_AdvertisementZonNWest_H18          -0.437224        0.000269
290 REP_AdvertisementZonNEZ1_H18            1.979593     0.000013531
291 REP_AdvertisementZonNEZ2_H18           -1.980996     0.000013736
292 REP_AdvertisementZonNEZ3_H18           -1.269316    -0.000097232
293 REP_AdvertisementZonSCentral_H18       -0.241438    -0.000043695
294 REP_AdvertisementZonSEast_H18           0.211651        0.000107
295 REP_AdvertisementZonSWest_H18           0.201147     0.000011103
296 REP_AdvertisementZonU_H18               0.164079    -0.000017115
297 REP_ClusterGroupA_H18                   4.521602       -0.000265
298 REP_ClusterGroupB_H18                   0.499574        0.000287
299 REP_ClusterGroupC_H18                  -3.837694        0.000721
300 REP_ClusterGroupD_H18                   5.598268     0.000003995
301 REP_ClusterGroupE_H18                  -0.380664     0.000072778
302 REP_ClusterGroupF_H18                  -2.301204    -0.000054274
303 REP_GenderF_H18                        -0.990487       -0.000373
304 REP_RegionCentral_H18                   1.994619     0.000061576
305 REP_RegionNorth_H18                    -1.020904        0.000169
306 REP_RegionNorthEast_H18                 2.003707       -0.000142
307 REP_RegionSouthEast_H18                 1.926908        0.000750
308 REP_RegionSouthWest_H18                -0.426496     0.000028218
309 REP_AdvertisementZonBorder_H19         -0.109419    -0.000046191
310 _DUP7                                   0.977134       -0.000305
311 REP_AdvertisementZonECentral_H19        5.929410    -0.000046257
312 REP_AdvertisementZonNCentral_H19       -2.030315    -0.000045899
313 REP_AdvertisementZonNEast_H19          -1.057338       -0.000122
314 REP_AdvertisementZonNWest_H19          -2.646178        0.000327
315 REP_AdvertisementZonNEZ1_H19           -0.043739       -0.000114
316 REP_AdvertisementZonNEZ2_H19            0.805557    -0.000046091
317 REP_AdvertisementZonNEZ3_H19           -1.003435       -0.000429
318 REP_AdvertisementZonSCentral_H19       -0.004284       -0.000275
319 REP_AdvertisementZonSEast_H19          -3.407739        0.000128
320 REP_AdvertisementZonSWest_H19           0.107238     0.000067495
321 REP_AdvertisementZonU_H19               0.432768    -0.000045929
322 REP_ClusterGroupA_H19                  -0.214518     0.000001534
323 REP_ClusterGroupB_H19                   0.461892    -0.000010173
324 REP_ClusterGroupC_H19                  -1.519554     0.000064814
325 REP_ClusterGroupD_H19                   1.842188     0.000051553
326 REP_ClusterGroupE_H19                  -0.036692    -0.000099350
327 REP_ClusterGroupF_H19                   0.985705       -0.000290
328 REP_GenderF_H19                         1.300014        0.000872
329 REP_RegionCentral_H19                  -0.222113       -0.000441
330 REP_RegionNorth_H19                    -4.478741    -0.000086408
331 REP_RegionNorthEast_H19                 1.112081    -0.000068353
332 REP_RegionSouthEast_H19                 2.575904        0.000174
333 REP_RegionSouthWest_H19                -0.612043        0.000113
334 BIAS_H11                               -4.011599       -0.001103
335 BIAS_H12                               -1.735448        0.000698
336 BIAS_H13                                3.039698        0.000619
337 BIAS_H14                               -3.369126        0.000614
338 BIAS_H15                               -2.479802       -0.000328
339 BIAS_H16                                2.145175        0.000202
340 BIAS_H17                               -2.945667        0.000841
341 BIAS_H18                                8.050300        0.000685
342 BIAS_H19                                5.158815       -0.000309
343 H11_TargetBuy1                          5.517178        0.002636
344 H12_TargetBuy1                         -4.184449        0.001006
345 H13_TargetBuy1                         -5.083434       -0.001075
346 H14_TargetBuy1                         -7.349536        0.001554
347 H15_TargetBuy1                         -6.695280        0.001387
348 H16_TargetBuy1                          5.084479       -0.000358
349 H17_TargetBuy1                         -3.991584        0.001460
350 H18_TargetBuy1                         -6.922256       -0.001526
351 H19_TargetBuy1                         -6.557747       -0.002307
352 BIAS_TargetBuy1                        -3.104452       -0.001812

Value of Objective Function = 0.1114485492

