*------------------------------------------------------------*
* Score Log
Date:                May 09, 2018
Time:                11:40:54
*------------------------------------------------------------*
11952  *------------------------------------------------------------*;
11953  * Plot2: Scoring DATA data;
11954  *------------------------------------------------------------*;
11955  data EMWS1.Plot2_TRAIN
11956  / view=EMWS1.Plot2_TRAIN
11957  ;
11958  set EMWS1.Clus_TRAIN
11959  ;
11960  run;

NOTE: DATA STEP view saved on file EMWS1.PLOT2_TRAIN.
NOTE: A stored DATA STEP view cannot run under a different operating system.
NOTE: View EMWS1.CLUS_TRAIN.VIEW used (Total process time):
      real time           0.25 seconds
      cpu time            0.25 seconds
      
NOTE: DATA statement used (Total process time):
      real time           0.26 seconds
      cpu time            0.26 seconds
      

11961  quit;

11962  *------------------------------------------------------------*;
11963  * Plot2: Computing metadata for TRAIN data;
11964  *------------------------------------------------------------*;

NOTE: View EMWS1.PLOT2_TRAIN.VIEW used (Total process time):
      real time           0.26 seconds
      cpu time            0.26 seconds
      
NOTE: View EMWS1.PLOT2_TRAIN.VIEW used (Total process time):
      real time           0.26 seconds
      cpu time            0.26 seconds
      
