 
                                                                                               
 
 
Fit Statistics

Target=TargetBuy Target Label=Organics Purchase Indicator

   Fit
Statistics    Statistics Label                     Train    Validation

 _AIC_        Akaike's Information Criterion     9691.26          .   
 _ASE_        Average Squared Error                 0.14         0.14 
 _AVERR_      Average Error Function                0.44         0.43 
 _DFE_        Degrees of Freedom for Error      11104.00          .   
 _DFM_        Model Degrees of Freedom              8.00          .   
 _DFT_        Total Degrees of Freedom          11112.00          .   
 _DIV_        Divisor for ASE                   22224.00     22222.00 
 _ERR_        Error Function                     9675.26      9605.81 
 _FPE_        Final Prediction Error                0.14          .   
 _MAX_        Maximum Absolute Error                0.99         0.99 
 _MSE_        Mean Square Error                     0.14         0.14 
 _NOBS_       Sum of Frequencies                11112.00     11111.00 
 _NW_         Number of Estimate Weights            8.00          .   
 _RASE_       Root Average Sum of Squares           0.37         0.37 
 _RFPE_       Root Final Prediction Error           0.37          .   
 _RMSE_       Root Mean Squared Error               0.37         0.37 
 _SBC_        Schwarz's Bayesian Criterion       9749.78          .   
 _SSE_        Sum of Squared Errors              3079.95      3047.89 
 _SUMW_       Sum of Case Weights Times Freq    22224.00     22222.00 
 _MISC_       Misclassification Rate                0.19         0.19 
 _PROF_       Total Profit for TargetBuy        37169.00     37228.00 
 _APROF_      Average Profit for TargetBuy          3.34         3.35 
 
                                                                                               
 
 
Classification Table

Data Role=TRAIN Target Variable=TargetBuy Target Label=Organics Purchase Indicator

                       Target        Outcome     Frequency       Total
Target    Outcome    Percentage    Percentage      Count      Percentage

  0          0         82.7525       94.5927        7907        71.1573 
  1          0         17.2475       59.8620        1648        14.8308 
  0          1         29.0302        5.4073         452         4.0677 
  1          1         70.9698       40.1380        1105         9.9442 


Data Role=VALIDATE Target Variable=TargetBuy Target Label=Organics Purchase Indicator

                       Target        Outcome     Frequency       Total
Target    Outcome    Percentage    Percentage      Count      Percentage

  0          0         82.7403       94.8558        7929        71.3617 
  1          0         17.2597       60.1017        1654        14.8861 
  0          1         28.1414        5.1442         430         3.8700 
  1          1         71.8586       39.8983        1098         9.8821 
 
                                                                                               
 
 
Decision Table

Data Role=TRAIN Target Variable=TargetBuy Target Label=Organics Purchase Indicator

                       Target        Outcome     Frequency       Total
Target    Outcome    Percentage    Percentage      Count      Percentage

  0          0         97.1522       10.6113         887         7.9824 
  1          0          2.8478        0.9444          26         0.2340 
  0          1         73.2621       89.3887        7472        67.2426 
  1          1         26.7379       99.0556        2727        24.5410 


Data Role=VALIDATE Target Variable=TargetBuy Target Label=Organics Purchase Indicator

                       Target        Outcome     Frequency       Total
Target    Outcome    Percentage    Percentage      Count      Percentage

  0          0         97.6821       10.5874         885         7.9651 
  1          0          2.3179        0.7631          21         0.1890 
  0          1         73.2386       89.4126        7474        67.2667 
  1          1         26.7614       99.2369        2731        24.5792 
 
                                                                                               
 
 
Event Classification Table

Data Role=TRAIN Target=TargetBuy Target Label=Organics Purchase Indicator

  False       True        False       True
Negative    Negative    Positive    Positive

  1648        7907         452        1105  


Data Role=VALIDATE Target=TargetBuy Target Label=Organics Purchase Indicator

  False       True        False       True
Negative    Negative    Positive    Positive

  1654        7929         430        1098  
 
                                                                                               
 
 
Assessment Score Rankings

Data Role=TRAIN Target Variable=TargetBuy Target Label=Organics Purchase Indicator

                                                                                    Mean
                            Cumulative       %      Cumulative     Number of     Posterior
Depth      Gain     Lift       Lift      Response   % Response   Observations   Probability

   5    244.104   3.44104     3.44104     85.2518     85.2518         556         0.81655  
  10    207.262   2.70419     3.07262     66.9964     76.1241         556         0.63558  
  15    179.500   2.23877     2.79500     55.4655     69.2462         555         0.53016  
  20    150.724   1.64447     2.50724     40.7417     62.1168         556         0.45051  
  25    129.350   1.43739     2.29350     35.6113     56.8215         555         0.38836  
  30    111.320   1.21235     2.11320     30.0360     52.3545         556         0.33651  
  35     97.026   1.11313     1.97026     27.5779     48.8132         556         0.29058  
  40     83.130   0.85731     1.83130     21.2398     45.3704         555         0.25101  
  45     71.595   0.79379     1.71595     19.6663     42.5127         556         0.21947  
  50     62.964   0.85193     1.62964     21.1065     40.3744         555         0.19198  
  55     54.301   0.67732     1.54301     16.7806     38.2281         556         0.16620  
  60     46.731   0.63521     1.46731     15.7374     36.3527         556         0.14360  
  65     39.704   0.55272     1.39704     13.6937     34.6117         555         0.12266  
  70     32.521   0.39202     1.32521      9.7122     32.8320         556         0.10417  
  75     26.198   0.37575     1.26198      9.3093     31.2655         555         0.08752  
  80     20.121   0.29038     1.20121      7.1942     29.7600         556         0.07278  
  85     14.518   0.24925     1.14518      6.1751     28.3718         556         0.05744  
  90      9.616   0.26182     1.09616      6.4865     27.1573         555         0.04369  
  95      4.798   0.18149     1.04798      4.4964     25.9638         556         0.03012  
 100      0.000   0.08727     1.00000      2.1622     24.7750         555         0.01548  


Data Role=VALIDATE Target Variable=TargetBuy Target Label=Organics Purchase Indicator

                                                                                    Mean
                            Cumulative       %      Cumulative     Number of     Posterior
Depth      Gain     Lift       Lift      Response   % Response   Observations   Probability

   5    243.472   3.43472     3.43472     85.0719     85.0719         556         0.81683  
  10    208.020   2.72568     3.08020     67.5103     76.2911         556         0.62818  
  15    183.648   2.34815     2.83648     58.1596     70.2545         555         0.52394  
  20    161.534   1.95232     2.61534     48.3556     64.7773         556         0.44524  
  25    134.780   1.27618     2.34780     31.6088     58.1508         555         0.38526  
  30    114.611   1.13841     2.14611     28.1963     53.1554         556         0.33703  
  35     98.583   1.02302     1.98583     25.3383     49.1856         555         0.29273  
  40     84.804   0.88426     1.84804     21.9015     45.7728         556         0.25423  
  45     72.640   0.75220     1.72640     18.6306     42.7600         555         0.22188  
  50     62.703   0.73342     1.62703     18.1655     40.2988         556         0.19190  
  55     54.192   0.69140     1.54192     17.1249     38.1907         556         0.16661  
  60     46.309   0.59496     1.46309     14.7362     36.2382         555         0.14504  
  65     38.773   0.48410     1.38773     11.9904     34.3717         556         0.12434  
  70     32.159   0.46073     1.32159     11.4114     32.7334         555         0.10509  
  75     25.861   0.37760     1.25861      9.3525     31.1735         556         0.08714  
  80     20.007   0.32099     1.20007      7.9505     29.7235         555         0.07142  
  85     14.617   0.28447     1.14617      7.0459     28.3886         556         0.05756  
  90      9.697   0.25970     1.09697      6.4324     27.1700         555         0.04382  
  95      4.952   0.19606     1.04952      4.8561     25.9947         556         0.03039  
 100      0.000   0.05820     1.00000      1.4414     24.7682         555         0.01604  
 
                                                                                               
 
 
Assessment Score Distribution

Data Role=TRAIN Target Variable=TargetBuy Target Label=Organics Purchase Indicator

 Posterior     Number                     Mean
Probability      of      Number of     Posterior
   Range       Events    Nonevents    Probability    Percentage

 0.95-1.00        41           0        0.97268         0.3690 
 0.90-0.95        59           2        0.92624         0.5490 
 0.85-0.90        61           5        0.87438         0.5940 
 0.80-0.85        97          12        0.82447         0.9809 
 0.75-0.80       127          22        0.77502         1.3409 
 0.70-0.75        89          42        0.72724         1.1789 
 0.65-0.70       144          52        0.67381         1.7639 
 0.60-0.65       166          80        0.62660         2.2138 
 0.55-0.60       164         122        0.57392         2.5738 
 0.50-0.55       157         115        0.52356         2.4478 
 0.45-0.50       171         216        0.47481         3.4827 
 0.40-0.45       163         259        0.42473         3.7977 
 0.35-0.40       172         345        0.37626         4.6526 
 0.30-0.35       191         420        0.32534         5.4986 
 0.25-0.30       161         531        0.27357         6.2275 
 0.20-0.25       175         702        0.22478         7.8924 
 0.15-0.20       219         933        0.17536        10.3672 
 0.10-0.15       178        1236        0.12417        12.7250 
 0.05-0.10       146        1689        0.07440        16.5137 
 0.00-0.05        72        1576        0.02954        14.8308 


Data Role=VALIDATE Target Variable=TargetBuy Target Label=Organics Purchase Indicator

 Posterior     Number                     Mean
Probability      of      Number of     Posterior
   Range       Events    Nonevents    Probability    Percentage

 0.95-1.00        48           0        0.97178         0.4320 
 0.90-0.95        58           0        0.92471         0.5220 
 0.85-0.90        68           9        0.87396         0.6930 
 0.80-0.85       101          11        0.82259         1.0080 
 0.75-0.80        85          23        0.77398         0.9720 
 0.70-0.75       108          38        0.72584         1.3140 
 0.65-0.70       133          47        0.67440         1.6200 
 0.60-0.65       154          65        0.62472         1.9710 
 0.55-0.60       174         109        0.57465         2.5470 
 0.50-0.55       169         128        0.52482         2.6730 
 0.45-0.50       190         182        0.47492         3.3480 
 0.40-0.45       183         244        0.42445         3.8430 
 0.35-0.40       175         369        0.37641         4.8960 
 0.30-0.35       177         474        0.32573         5.8591 
 0.25-0.30       165         552        0.27354         6.4531 
 0.20-0.25       164         683        0.22501         7.6231 
 0.15-0.20       206         966        0.17421        10.5481 
 0.10-0.15       172        1221        0.12435        12.5371 
 0.05-0.10       154        1665        0.07354        16.3712 
 0.00-0.05        68        1573        0.02977        14.7691 
